Customizing shell for Lassen.

The following have been reloaded with a version change:
  1) base-gcc/8.3.1 => base-gcc/11.2.1


Lmod is automatically replacing "clang/ibm-16.0.6-cuda-11.2.0-gcc-8.3.1" with
"gcc/10.2.1".


Due to MODULEPATH changes, the following have been reloaded:
  1) spectrum-mpi/rolling-release

Activating 'timing.pilot' environment for '/p/gpfs1/mtcampbe/CEESD/AutomatedTesting/RepoMonitoring/pilot-timing/emirge/miniforge3/bin/conda'.
/p/gpfs1/mtcampbe/CEESD/AutomatedTesting/RepoMonitoring/pilot-timing/y3-prediction-scaling-run/scalability_test
/p/gpfs1/mtcampbe/CEESD/AutomatedTesting/RepoMonitoring/pilot-timing/y3-prediction-scaling-run/scalability_test
Driver directory: /p/gpfs1/mtcampbe/CEESD/AutomatedTesting/RepoMonitoring/pilot-timing/y3-prediction-scaling-run
Fri Jun 13 15:32:57 PDT 2025
Running parallel timing tests...
* Running prediction-scalability test in scalability_test.
** Running prediction-scalability_np32 on 32 ranks.
++ runoptions='-n 32'
++ [[ ! -z '' ]]
++ jsrun -g 1 -a 1 -n 32 bash /p/gpfs1/mtcampbe/CEESD/AutomatedTesting/RepoMonitoring/pilot-timing/y3-prediction-scaling-run/emirge/mirgecom/scripts/lassen-parallel-spawner.sh python -u -O -m mpi4py driver.py -c prediction-scalability_np32 -g /p/gpfs1/mtcampbe/CEESD/AutomatedTesting/RepoMonitoring/pilot-timing/y3-prediction-scaling-run/scalability_test/log_data -i run_params_np32.yaml --log --lazy
Custom casename 'prediction-scalability_np32'
Custom casename 'prediction-scalability_np32'
Custom casename 'prediction-scalability_np32'
Custom casename 'prediction-scalability_np32'
Custom casename 'prediction-scalability_np32'
Custom casename 'prediction-scalability_np32'
Custom casename 'prediction-scalability_np32'
Custom casename 'prediction-scalability_np32'
Custom casename 'prediction-scalability_np32'
Custom casename 'prediction-scalability_np32'
Custom casename 'prediction-scalability_np32'
Custom casename 'prediction-scalability_np32'
Custom casename 'prediction-scalability_np32'
Custom casename 'prediction-scalability_np32'
Custom casename 'prediction-scalability_np32'
Custom casename 'prediction-scalability_np32'
Custom casename 'prediction-scalability_np32'
Custom casename 'prediction-scalability_np32'
Custom casename 'prediction-scalability_np32'
Custom casename 'prediction-scalability_np32'
Custom casename 'prediction-scalability_np32'
Custom casename 'prediction-scalability_np32'
Custom casename 'prediction-scalability_np32'
Custom casename 'prediction-scalability_np32'
Custom casename 'prediction-scalability_np32'
Custom casename 'prediction-scalability_np32'
Custom casename 'prediction-scalability_np32'
Custom casename 'prediction-scalability_np32'
Custom casename 'prediction-scalability_np32'
Custom casename 'prediction-scalability_np32'
Custom casename 'prediction-scalability_np32'
Custom casename 'prediction-scalability_np32'
2025-06-13 15:33:06,119 - INFO - grudge.array_context - get_reasonable_array_context_class: MPIFusionContractorArrayContext lazy=True distributed=True device-parallel=True
Using user input from file: run_params_np32.yaml
Running driver.py

Using user input from file: run_params_np32.yaml
Running driver.py

Using user input from file: run_params_np32.yaml
Running driver.py

Using user input from file: run_params_np32.yaml
Running driver.py

2025-06-13 15:33:06,119 - INFO - grudge.array_context - get_reasonable_array_context_class: MPIFusionContractorArrayContext lazy=True distributed=True device-parallel=True
2025-06-13 15:33:06,119 - INFO - grudge.array_context - get_reasonable_array_context_class: MPIFusionContractorArrayContext lazy=True distributed=True device-parallel=True
2025-06-13 15:33:06,119 - INFO - grudge.array_context - get_reasonable_array_context_class: MPIFusionContractorArrayContext lazy=True distributed=True device-parallel=True
2025-06-13 15:33:06,119 - INFO - grudge.array_context - get_reasonable_array_context_class: MPIFusionContractorArrayContext lazy=True distributed=True device-parallel=True
Using user input from file: run_params_np32.yaml
Running driver.py

Using user input from file: run_params_np32.yaml
Running driver.py

Using user input from file: run_params_np32.yaml
Running driver.py

Using user input from file: run_params_np32.yaml
Running driver.py

Using user input from file: run_params_np32.yaml
Running driver.py

Using user input from file: run_params_np32.yaml
Running driver.py

2025-06-13 15:33:06,119 - INFO - grudge.array_context - get_reasonable_array_context_class: MPIFusionContractorArrayContext lazy=True distributed=True device-parallel=True
2025-06-13 15:33:06,119 - INFO - grudge.array_context - get_reasonable_array_context_class: MPIFusionContractorArrayContext lazy=True distributed=True device-parallel=True
2025-06-13 15:33:06,119 - INFO - grudge.array_context - get_reasonable_array_context_class: MPIFusionContractorArrayContext lazy=True distributed=True device-parallel=True
2025-06-13 15:33:06,120 - INFO - grudge.array_context - get_reasonable_array_context_class: MPIFusionContractorArrayContext lazy=True distributed=True device-parallel=True
2025-06-13 15:33:06,119 - INFO - grudge.array_context - get_reasonable_array_context_class: MPIFusionContractorArrayContext lazy=True distributed=True device-parallel=True
2025-06-13 15:33:06,119 - INFO - grudge.array_context - get_reasonable_array_context_class: MPIFusionContractorArrayContext lazy=True distributed=True device-parallel=True
2025-06-13 15:33:06,120 - INFO - grudge.array_context - get_reasonable_array_context_class: MPIFusionContractorArrayContext lazy=True distributed=True device-parallel=True
2025-06-13 15:33:06,119 - INFO - grudge.array_context - get_reasonable_array_context_class: MPIFusionContractorArrayContext lazy=True distributed=True device-parallel=True
2025-06-13 15:33:06,119 - INFO - grudge.array_context - get_reasonable_array_context_class: MPIFusionContractorArrayContext lazy=True distributed=True device-parallel=True
Using user input from file: run_params_np32.yaml
Running driver.py

2025-06-13 15:33:06,119 - INFO - grudge.array_context - get_reasonable_array_context_class: MPIFusionContractorArrayContext lazy=True distributed=True device-parallel=True
Using user input from file: run_params_np32.yaml
Running driver.py

Using user input from file: run_params_np32.yaml
Running driver.py

2025-06-13 15:33:06,120 - INFO - grudge.array_context - get_reasonable_array_context_class: MPIFusionContractorArrayContext lazy=True distributed=True device-parallel=True
Using user input from file: run_params_np32.yaml
Running driver.py

2025-06-13 15:33:06,119 - INFO - grudge.array_context - get_reasonable_array_context_class: MPIFusionContractorArrayContext lazy=True distributed=True device-parallel=True
Using user input from file: run_params_np32.yaml
Running driver.py

2025-06-13 15:33:06,119 - INFO - grudge.array_context - get_reasonable_array_context_class: MPIFusionContractorArrayContext lazy=True distributed=True device-parallel=True
2025-06-13 15:33:06,119 - INFO - grudge.array_context - get_reasonable_array_context_class: MPIFusionContractorArrayContext lazy=True distributed=True device-parallel=True
Using user input from file: run_params_np32.yaml
Running driver.py

2025-06-13 15:33:06,119 - INFO - grudge.array_context - get_reasonable_array_context_class: MPIFusionContractorArrayContext lazy=True distributed=True device-parallel=True
2025-06-13 15:33:06,119 - INFO - grudge.array_context - get_reasonable_array_context_class: MPIFusionContractorArrayContext lazy=True distributed=True device-parallel=True
Using user input from file: run_params_np32.yaml
Running driver.py

Using user input from file: run_params_np32.yaml
Running driver.py

Using user input from file: run_params_np32.yaml
Running driver.py

Using user input from file: run_params_np32.yaml
Running driver.py

2025-06-13 15:33:06,119 - INFO - grudge.array_context - get_reasonable_array_context_class: MPIFusionContractorArrayContext lazy=True distributed=True device-parallel=True
Using user input from file: run_params_np32.yaml
Running driver.py

2025-06-13 15:33:06,119 - INFO - grudge.array_context - get_reasonable_array_context_class: MPIFusionContractorArrayContext lazy=True distributed=True device-parallel=True
Using user input from file: run_params_np32.yaml
Running driver.py

Using user input from file: run_params_np32.yaml
Running driver.py

Using user input from file: run_params_np32.yaml
Running driver.py

2025-06-13 15:33:06,119 - INFO - grudge.array_context - get_reasonable_array_context_class: MPIFusionContractorArrayContext lazy=True distributed=True device-parallel=True
2025-06-13 15:33:06,119 - INFO - grudge.array_context - get_reasonable_array_context_class: MPIFusionContractorArrayContext lazy=True distributed=True device-parallel=True
Using user input from file: run_params_np32.yaml
Running driver.py

Using user input from file: run_params_np32.yaml
Running driver.py

2025-06-13 15:33:06,119 - INFO - grudge.array_context - get_reasonable_array_context_class: MPIFusionContractorArrayContext lazy=True distributed=True device-parallel=True
Using user input from file: run_params_np32.yaml
Running driver.py

2025-06-13 15:33:06,119 - INFO - grudge.array_context - get_reasonable_array_context_class: MPIFusionContractorArrayContext lazy=True distributed=True device-parallel=True
Using user input from file: run_params_np32.yaml
Running driver.py

Using user input from file: run_params_np32.yaml
Running driver.py

Using user input from file: run_params_np32.yaml
Running driver.py

Using user input from file: run_params_np32.yaml
Running driver.py

2025-06-13 15:33:06,119 - INFO - grudge.array_context - get_reasonable_array_context_class: MPIFusionContractorArrayContext lazy=True distributed=True device-parallel=True
2025-06-13 15:33:06,119 - INFO - grudge.array_context - get_reasonable_array_context_class: MPIFusionContractorArrayContext lazy=True distributed=True device-parallel=True
2025-06-13 15:33:06,119 - INFO - grudge.array_context - get_reasonable_array_context_class: MPIFusionContractorArrayContext lazy=True distributed=True device-parallel=True
2025-06-13 15:33:06,119 - INFO - grudge.array_context - get_reasonable_array_context_class: MPIFusionContractorArrayContext lazy=True distributed=True device-parallel=True
Using user input from file: run_params_np32.yaml
Running driver.py

2025-06-13 15:33:06,119 - INFO - grudge.array_context - get_reasonable_array_context_class: MPIFusionContractorArrayContext lazy=True distributed=True device-parallel=True
2025-06-13 15:33:06,225 - WARNING - py.warnings - /p/gpfs1/mtcampbe/CEESD/AutomatedTesting/RepoMonitoring/pilot-timing/y3-prediction-scaling-run/y3prediction/wall.py:37: UserWarning: <class 'y3prediction.wall.WallVars'> does not have __array_ufunc__ set. This will cause numpy to attempt broadcasting, in a way that is likely undesired. To avoid this, set __array_ufunc__ = None in <class 'y3prediction.wall.WallVars'>.
  @with_container_arithmetic(bcast_obj_array=False,

2025-06-13 15:33:06,225 - WARNING - py.warnings - /p/gpfs1/mtcampbe/CEESD/AutomatedTesting/RepoMonitoring/pilot-timing/y3-prediction-scaling-run/y3prediction/wall.py:37: UserWarning: <class 'y3prediction.wall.WallVars'> does not have __array_ufunc__ set. This will cause numpy to attempt broadcasting, in a way that is likely undesired. To avoid this, set __array_ufunc__ = None in <class 'y3prediction.wall.WallVars'>.
  @with_container_arithmetic(bcast_obj_array=False,

2025-06-13 15:33:06,225 - WARNING - py.warnings - /p/gpfs1/mtcampbe/CEESD/AutomatedTesting/RepoMonitoring/pilot-timing/y3-prediction-scaling-run/y3prediction/wall.py:37: UserWarning: <class 'y3prediction.wall.WallVars'> does not have __array_ufunc__ set. This will cause numpy to attempt broadcasting, in a way that is likely undesired. To avoid this, set __array_ufunc__ = None in <class 'y3prediction.wall.WallVars'>.
  @with_container_arithmetic(bcast_obj_array=False,

2025-06-13 15:33:06,225 - WARNING - py.warnings - /p/gpfs1/mtcampbe/CEESD/AutomatedTesting/RepoMonitoring/pilot-timing/y3-prediction-scaling-run/y3prediction/wall.py:37: UserWarning: <class 'y3prediction.wall.WallVars'> does not have __array_ufunc__ set. This will cause numpy to attempt broadcasting, in a way that is likely undesired. To avoid this, set __array_ufunc__ = None in <class 'y3prediction.wall.WallVars'>.
  @with_container_arithmetic(bcast_obj_array=False,

2025-06-13 15:33:06,225 - WARNING - py.warnings - /p/gpfs1/mtcampbe/CEESD/AutomatedTesting/RepoMonitoring/pilot-timing/y3-prediction-scaling-run/y3prediction/wall.py:37: UserWarning: <class 'y3prediction.wall.WallVars'> does not have __array_ufunc__ set. This will cause numpy to attempt broadcasting, in a way that is likely undesired. To avoid this, set __array_ufunc__ = None in <class 'y3prediction.wall.WallVars'>.
  @with_container_arithmetic(bcast_obj_array=False,

2025-06-13 15:33:06,225 - WARNING - py.warnings - /p/gpfs1/mtcampbe/CEESD/AutomatedTesting/RepoMonitoring/pilot-timing/y3-prediction-scaling-run/y3prediction/wall.py:37: UserWarning: <class 'y3prediction.wall.WallVars'> does not have __array_ufunc__ set. This will cause numpy to attempt broadcasting, in a way that is likely undesired. To avoid this, set __array_ufunc__ = None in <class 'y3prediction.wall.WallVars'>.
  @with_container_arithmetic(bcast_obj_array=False,

2025-06-13 15:33:06,225 - WARNING - py.warnings - /p/gpfs1/mtcampbe/CEESD/AutomatedTesting/RepoMonitoring/pilot-timing/y3-prediction-scaling-run/y3prediction/wall.py:37: UserWarning: <class 'y3prediction.wall.WallVars'> does not have __array_ufunc__ set. This will cause numpy to attempt broadcasting, in a way that is likely undesired. To avoid this, set __array_ufunc__ = None in <class 'y3prediction.wall.WallVars'>.
  @with_container_arithmetic(bcast_obj_array=False,

2025-06-13 15:33:06,225 - WARNING - py.warnings - /p/gpfs1/mtcampbe/CEESD/AutomatedTesting/RepoMonitoring/pilot-timing/y3-prediction-scaling-run/y3prediction/wall.py:37: UserWarning: <class 'y3prediction.wall.WallVars'> does not have __array_ufunc__ set. This will cause numpy to attempt broadcasting, in a way that is likely undesired. To avoid this, set __array_ufunc__ = None in <class 'y3prediction.wall.WallVars'>.
  @with_container_arithmetic(bcast_obj_array=False,

2025-06-13 15:33:06,225 - WARNING - py.warnings - /p/gpfs1/mtcampbe/CEESD/AutomatedTesting/RepoMonitoring/pilot-timing/y3-prediction-scaling-run/y3prediction/wall.py:37: UserWarning: <class 'y3prediction.wall.WallVars'> does not have __array_ufunc__ set. This will cause numpy to attempt broadcasting, in a way that is likely undesired. To avoid this, set __array_ufunc__ = None in <class 'y3prediction.wall.WallVars'>.
  @with_container_arithmetic(bcast_obj_array=False,

2025-06-13 15:33:06,225 - WARNING - py.warnings - /p/gpfs1/mtcampbe/CEESD/AutomatedTesting/RepoMonitoring/pilot-timing/y3-prediction-scaling-run/y3prediction/wall.py:37: UserWarning: <class 'y3prediction.wall.WallVars'> does not have __array_ufunc__ set. This will cause numpy to attempt broadcasting, in a way that is likely undesired. To avoid this, set __array_ufunc__ = None in <class 'y3prediction.wall.WallVars'>.
  @with_container_arithmetic(bcast_obj_array=False,

2025-06-13 15:33:06,225 - WARNING - py.warnings - /p/gpfs1/mtcampbe/CEESD/AutomatedTesting/RepoMonitoring/pilot-timing/y3-prediction-scaling-run/y3prediction/wall.py:37: UserWarning: <class 'y3prediction.wall.WallVars'> does not have __array_ufunc__ set. This will cause numpy to attempt broadcasting, in a way that is likely undesired. To avoid this, set __array_ufunc__ = None in <class 'y3prediction.wall.WallVars'>.
  @with_container_arithmetic(bcast_obj_array=False,

2025-06-13 15:33:06,225 - WARNING - py.warnings - /p/gpfs1/mtcampbe/CEESD/AutomatedTesting/RepoMonitoring/pilot-timing/y3-prediction-scaling-run/y3prediction/wall.py:37: UserWarning: <class 'y3prediction.wall.WallVars'> does not have __array_ufunc__ set. This will cause numpy to attempt broadcasting, in a way that is likely undesired. To avoid this, set __array_ufunc__ = None in <class 'y3prediction.wall.WallVars'>.
  @with_container_arithmetic(bcast_obj_array=False,

2025-06-13 15:33:06,225 - WARNING - py.warnings - /p/gpfs1/mtcampbe/CEESD/AutomatedTesting/RepoMonitoring/pilot-timing/y3-prediction-scaling-run/y3prediction/wall.py:37: UserWarning: <class 'y3prediction.wall.WallVars'> does not have __array_ufunc__ set. This will cause numpy to attempt broadcasting, in a way that is likely undesired. To avoid this, set __array_ufunc__ = None in <class 'y3prediction.wall.WallVars'>.
  @with_container_arithmetic(bcast_obj_array=False,

2025-06-13 15:33:06,225 - WARNING - py.warnings - /p/gpfs1/mtcampbe/CEESD/AutomatedTesting/RepoMonitoring/pilot-timing/y3-prediction-scaling-run/y3prediction/wall.py:37: UserWarning: <class 'y3prediction.wall.WallVars'> does not have __array_ufunc__ set. This will cause numpy to attempt broadcasting, in a way that is likely undesired. To avoid this, set __array_ufunc__ = None in <class 'y3prediction.wall.WallVars'>.
  @with_container_arithmetic(bcast_obj_array=False,

2025-06-13 15:33:06,225 - WARNING - py.warnings - /p/gpfs1/mtcampbe/CEESD/AutomatedTesting/RepoMonitoring/pilot-timing/y3-prediction-scaling-run/y3prediction/wall.py:37: UserWarning: <class 'y3prediction.wall.WallVars'> does not have __array_ufunc__ set. This will cause numpy to attempt broadcasting, in a way that is likely undesired. To avoid this, set __array_ufunc__ = None in <class 'y3prediction.wall.WallVars'>.
  @with_container_arithmetic(bcast_obj_array=False,

2025-06-13 15:33:06,226 - WARNING - py.warnings - /p/gpfs1/mtcampbe/CEESD/AutomatedTesting/RepoMonitoring/pilot-timing/y3-prediction-scaling-run/y3prediction/wall.py:37: UserWarning: <class 'y3prediction.wall.WallVars'> does not have __array_ufunc__ set. This will cause numpy to attempt broadcasting, in a way that is likely undesired. To avoid this, set __array_ufunc__ = None in <class 'y3prediction.wall.WallVars'>.
  @with_container_arithmetic(bcast_obj_array=False,

2025-06-13 15:33:06,225 - WARNING - py.warnings - /p/gpfs1/mtcampbe/CEESD/AutomatedTesting/RepoMonitoring/pilot-timing/y3-prediction-scaling-run/y3prediction/wall.py:37: UserWarning: <class 'y3prediction.wall.WallVars'> does not have __array_ufunc__ set. This will cause numpy to attempt broadcasting, in a way that is likely undesired. To avoid this, set __array_ufunc__ = None in <class 'y3prediction.wall.WallVars'>.
  @with_container_arithmetic(bcast_obj_array=False,

2025-06-13 15:33:06,225 - WARNING - py.warnings - /p/gpfs1/mtcampbe/CEESD/AutomatedTesting/RepoMonitoring/pilot-timing/y3-prediction-scaling-run/y3prediction/wall.py:37: UserWarning: <class 'y3prediction.wall.WallVars'> does not have __array_ufunc__ set. This will cause numpy to attempt broadcasting, in a way that is likely undesired. To avoid this, set __array_ufunc__ = None in <class 'y3prediction.wall.WallVars'>.
  @with_container_arithmetic(bcast_obj_array=False,

2025-06-13 15:33:06,226 - WARNING - py.warnings - /p/gpfs1/mtcampbe/CEESD/AutomatedTesting/RepoMonitoring/pilot-timing/y3-prediction-scaling-run/y3prediction/wall.py:37: UserWarning: <class 'y3prediction.wall.WallVars'> does not have __array_ufunc__ set. This will cause numpy to attempt broadcasting, in a way that is likely undesired. To avoid this, set __array_ufunc__ = None in <class 'y3prediction.wall.WallVars'>.
  @with_container_arithmetic(bcast_obj_array=False,

2025-06-13 15:33:06,225 - WARNING - py.warnings - /p/gpfs1/mtcampbe/CEESD/AutomatedTesting/RepoMonitoring/pilot-timing/y3-prediction-scaling-run/y3prediction/wall.py:37: UserWarning: <class 'y3prediction.wall.WallVars'> does not have __array_ufunc__ set. This will cause numpy to attempt broadcasting, in a way that is likely undesired. To avoid this, set __array_ufunc__ = None in <class 'y3prediction.wall.WallVars'>.
  @with_container_arithmetic(bcast_obj_array=False,

2025-06-13 15:33:06,225 - WARNING - py.warnings - /p/gpfs1/mtcampbe/CEESD/AutomatedTesting/RepoMonitoring/pilot-timing/y3-prediction-scaling-run/y3prediction/wall.py:37: UserWarning: <class 'y3prediction.wall.WallVars'> does not have __array_ufunc__ set. This will cause numpy to attempt broadcasting, in a way that is likely undesired. To avoid this, set __array_ufunc__ = None in <class 'y3prediction.wall.WallVars'>.
  @with_container_arithmetic(bcast_obj_array=False,

2025-06-13 15:33:06,226 - WARNING - py.warnings - /p/gpfs1/mtcampbe/CEESD/AutomatedTesting/RepoMonitoring/pilot-timing/y3-prediction-scaling-run/y3prediction/wall.py:37: UserWarning: <class 'y3prediction.wall.WallVars'> does not have __array_ufunc__ set. This will cause numpy to attempt broadcasting, in a way that is likely undesired. To avoid this, set __array_ufunc__ = None in <class 'y3prediction.wall.WallVars'>.
  @with_container_arithmetic(bcast_obj_array=False,

2025-06-13 15:33:06,225 - WARNING - py.warnings - /p/gpfs1/mtcampbe/CEESD/AutomatedTesting/RepoMonitoring/pilot-timing/y3-prediction-scaling-run/y3prediction/wall.py:37: UserWarning: <class 'y3prediction.wall.WallVars'> does not have __array_ufunc__ set. This will cause numpy to attempt broadcasting, in a way that is likely undesired. To avoid this, set __array_ufunc__ = None in <class 'y3prediction.wall.WallVars'>.
  @with_container_arithmetic(bcast_obj_array=False,

2025-06-13 15:33:06,226 - WARNING - py.warnings - /p/gpfs1/mtcampbe/CEESD/AutomatedTesting/RepoMonitoring/pilot-timing/y3-prediction-scaling-run/y3prediction/wall.py:37: UserWarning: <class 'y3prediction.wall.WallVars'> does not have __array_ufunc__ set. This will cause numpy to attempt broadcasting, in a way that is likely undesired. To avoid this, set __array_ufunc__ = None in <class 'y3prediction.wall.WallVars'>.
  @with_container_arithmetic(bcast_obj_array=False,

2025-06-13 15:33:06,225 - WARNING - py.warnings - /p/gpfs1/mtcampbe/CEESD/AutomatedTesting/RepoMonitoring/pilot-timing/y3-prediction-scaling-run/y3prediction/wall.py:37: UserWarning: <class 'y3prediction.wall.WallVars'> does not have __array_ufunc__ set. This will cause numpy to attempt broadcasting, in a way that is likely undesired. To avoid this, set __array_ufunc__ = None in <class 'y3prediction.wall.WallVars'>.
  @with_container_arithmetic(bcast_obj_array=False,

2025-06-13 15:33:06,225 - WARNING - py.warnings - /p/gpfs1/mtcampbe/CEESD/AutomatedTesting/RepoMonitoring/pilot-timing/y3-prediction-scaling-run/y3prediction/wall.py:37: UserWarning: <class 'y3prediction.wall.WallVars'> does not have __array_ufunc__ set. This will cause numpy to attempt broadcasting, in a way that is likely undesired. To avoid this, set __array_ufunc__ = None in <class 'y3prediction.wall.WallVars'>.
  @with_container_arithmetic(bcast_obj_array=False,

2025-06-13 15:33:06,225 - WARNING - py.warnings - /p/gpfs1/mtcampbe/CEESD/AutomatedTesting/RepoMonitoring/pilot-timing/y3-prediction-scaling-run/y3prediction/wall.py:37: UserWarning: <class 'y3prediction.wall.WallVars'> does not have __array_ufunc__ set. This will cause numpy to attempt broadcasting, in a way that is likely undesired. To avoid this, set __array_ufunc__ = None in <class 'y3prediction.wall.WallVars'>.
  @with_container_arithmetic(bcast_obj_array=False,

2025-06-13 15:33:06,225 - WARNING - py.warnings - /p/gpfs1/mtcampbe/CEESD/AutomatedTesting/RepoMonitoring/pilot-timing/y3-prediction-scaling-run/y3prediction/wall.py:37: UserWarning: <class 'y3prediction.wall.WallVars'> does not have __array_ufunc__ set. This will cause numpy to attempt broadcasting, in a way that is likely undesired. To avoid this, set __array_ufunc__ = None in <class 'y3prediction.wall.WallVars'>.
  @with_container_arithmetic(bcast_obj_array=False,

2025-06-13 15:33:06,235 - WARNING - py.warnings - /p/gpfs1/mtcampbe/CEESD/AutomatedTesting/RepoMonitoring/pilot-timing/y3-prediction-scaling-run/y3prediction/wall.py:37: UserWarning: <class 'y3prediction.wall.WallVars'> does not have __array_ufunc__ set. This will cause numpy to attempt broadcasting, in a way that is likely undesired. To avoid this, set __array_ufunc__ = None in <class 'y3prediction.wall.WallVars'>.
  @with_container_arithmetic(bcast_obj_array=False,

2025-06-13 15:33:06,235 - WARNING - py.warnings - /p/gpfs1/mtcampbe/CEESD/AutomatedTesting/RepoMonitoring/pilot-timing/y3-prediction-scaling-run/y3prediction/wall.py:37: UserWarning: <class 'y3prediction.wall.WallVars'> does not have __array_ufunc__ set. This will cause numpy to attempt broadcasting, in a way that is likely undesired. To avoid this, set __array_ufunc__ = None in <class 'y3prediction.wall.WallVars'>.
  @with_container_arithmetic(bcast_obj_array=False,

2025-06-13 15:33:06,235 - WARNING - py.warnings - /p/gpfs1/mtcampbe/CEESD/AutomatedTesting/RepoMonitoring/pilot-timing/y3-prediction-scaling-run/y3prediction/wall.py:37: UserWarning: <class 'y3prediction.wall.WallVars'> does not have __array_ufunc__ set. This will cause numpy to attempt broadcasting, in a way that is likely undesired. To avoid this, set __array_ufunc__ = None in <class 'y3prediction.wall.WallVars'>.
  @with_container_arithmetic(bcast_obj_array=False,

2025-06-13 15:33:06,235 - WARNING - py.warnings - /p/gpfs1/mtcampbe/CEESD/AutomatedTesting/RepoMonitoring/pilot-timing/y3-prediction-scaling-run/y3prediction/wall.py:37: UserWarning: <class 'y3prediction.wall.WallVars'> does not have __array_ufunc__ set. This will cause numpy to attempt broadcasting, in a way that is likely undesired. To avoid this, set __array_ufunc__ = None in <class 'y3prediction.wall.WallVars'>.
  @with_container_arithmetic(bcast_obj_array=False,

2025-06-13 15:33:06,243 - WARNING - py.warnings - /p/gpfs1/mtcampbe/CEESD/AutomatedTesting/RepoMonitoring/pilot-timing/y3-prediction-scaling-run/y3prediction/prediction.py:154: UserWarning: <class 'y3prediction.prediction.StepperState'> does not have __array_ufunc__ set. This will cause numpy to attempt broadcasting, in a way that is likely undesired. To avoid this, set __array_ufunc__ = None in <class 'y3prediction.prediction.StepperState'>.
  @with_container_arithmetic(bcast_obj_array=False,

2025-06-13 15:33:06,243 - WARNING - py.warnings - /p/gpfs1/mtcampbe/CEESD/AutomatedTesting/RepoMonitoring/pilot-timing/y3-prediction-scaling-run/y3prediction/prediction.py:154: UserWarning: <class 'y3prediction.prediction.StepperState'> does not have __array_ufunc__ set. This will cause numpy to attempt broadcasting, in a way that is likely undesired. To avoid this, set __array_ufunc__ = None in <class 'y3prediction.prediction.StepperState'>.
  @with_container_arithmetic(bcast_obj_array=False,

2025-06-13 15:33:06,243 - WARNING - py.warnings - /p/gpfs1/mtcampbe/CEESD/AutomatedTesting/RepoMonitoring/pilot-timing/y3-prediction-scaling-run/y3prediction/prediction.py:154: UserWarning: <class 'y3prediction.prediction.StepperState'> does not have __array_ufunc__ set. This will cause numpy to attempt broadcasting, in a way that is likely undesired. To avoid this, set __array_ufunc__ = None in <class 'y3prediction.prediction.StepperState'>.
  @with_container_arithmetic(bcast_obj_array=False,

2025-06-13 15:33:06,243 - WARNING - py.warnings - /p/gpfs1/mtcampbe/CEESD/AutomatedTesting/RepoMonitoring/pilot-timing/y3-prediction-scaling-run/y3prediction/prediction.py:154: UserWarning: <class 'y3prediction.prediction.StepperState'> does not have __array_ufunc__ set. This will cause numpy to attempt broadcasting, in a way that is likely undesired. To avoid this, set __array_ufunc__ = None in <class 'y3prediction.prediction.StepperState'>.
  @with_container_arithmetic(bcast_obj_array=False,

2025-06-13 15:33:06,243 - WARNING - py.warnings - /p/gpfs1/mtcampbe/CEESD/AutomatedTesting/RepoMonitoring/pilot-timing/y3-prediction-scaling-run/y3prediction/prediction.py:154: UserWarning: <class 'y3prediction.prediction.StepperState'> does not have __array_ufunc__ set. This will cause numpy to attempt broadcasting, in a way that is likely undesired. To avoid this, set __array_ufunc__ = None in <class 'y3prediction.prediction.StepperState'>.
  @with_container_arithmetic(bcast_obj_array=False,

2025-06-13 15:33:06,243 - WARNING - py.warnings - /p/gpfs1/mtcampbe/CEESD/AutomatedTesting/RepoMonitoring/pilot-timing/y3-prediction-scaling-run/y3prediction/prediction.py:154: UserWarning: <class 'y3prediction.prediction.StepperState'> does not have __array_ufunc__ set. This will cause numpy to attempt broadcasting, in a way that is likely undesired. To avoid this, set __array_ufunc__ = None in <class 'y3prediction.prediction.StepperState'>.
  @with_container_arithmetic(bcast_obj_array=False,

2025-06-13 15:33:06,243 - WARNING - py.warnings - /p/gpfs1/mtcampbe/CEESD/AutomatedTesting/RepoMonitoring/pilot-timing/y3-prediction-scaling-run/y3prediction/prediction.py:154: UserWarning: <class 'y3prediction.prediction.StepperState'> does not have __array_ufunc__ set. This will cause numpy to attempt broadcasting, in a way that is likely undesired. To avoid this, set __array_ufunc__ = None in <class 'y3prediction.prediction.StepperState'>.
  @with_container_arithmetic(bcast_obj_array=False,

2025-06-13 15:33:06,243 - WARNING - py.warnings - /p/gpfs1/mtcampbe/CEESD/AutomatedTesting/RepoMonitoring/pilot-timing/y3-prediction-scaling-run/y3prediction/prediction.py:154: UserWarning: <class 'y3prediction.prediction.StepperState'> does not have __array_ufunc__ set. This will cause numpy to attempt broadcasting, in a way that is likely undesired. To avoid this, set __array_ufunc__ = None in <class 'y3prediction.prediction.StepperState'>.
  @with_container_arithmetic(bcast_obj_array=False,

2025-06-13 15:33:06,243 - WARNING - py.warnings - /p/gpfs1/mtcampbe/CEESD/AutomatedTesting/RepoMonitoring/pilot-timing/y3-prediction-scaling-run/y3prediction/prediction.py:154: UserWarning: <class 'y3prediction.prediction.StepperState'> does not have __array_ufunc__ set. This will cause numpy to attempt broadcasting, in a way that is likely undesired. To avoid this, set __array_ufunc__ = None in <class 'y3prediction.prediction.StepperState'>.
  @with_container_arithmetic(bcast_obj_array=False,

2025-06-13 15:33:06,243 - WARNING - py.warnings - /p/gpfs1/mtcampbe/CEESD/AutomatedTesting/RepoMonitoring/pilot-timing/y3-prediction-scaling-run/y3prediction/prediction.py:154: UserWarning: <class 'y3prediction.prediction.StepperState'> does not have __array_ufunc__ set. This will cause numpy to attempt broadcasting, in a way that is likely undesired. To avoid this, set __array_ufunc__ = None in <class 'y3prediction.prediction.StepperState'>.
  @with_container_arithmetic(bcast_obj_array=False,

2025-06-13 15:33:06,243 - WARNING - py.warnings - /p/gpfs1/mtcampbe/CEESD/AutomatedTesting/RepoMonitoring/pilot-timing/y3-prediction-scaling-run/y3prediction/prediction.py:154: UserWarning: <class 'y3prediction.prediction.StepperState'> does not have __array_ufunc__ set. This will cause numpy to attempt broadcasting, in a way that is likely undesired. To avoid this, set __array_ufunc__ = None in <class 'y3prediction.prediction.StepperState'>.
  @with_container_arithmetic(bcast_obj_array=False,

2025-06-13 15:33:06,243 - WARNING - py.warnings - /p/gpfs1/mtcampbe/CEESD/AutomatedTesting/RepoMonitoring/pilot-timing/y3-prediction-scaling-run/y3prediction/prediction.py:154: UserWarning: <class 'y3prediction.prediction.StepperState'> does not have __array_ufunc__ set. This will cause numpy to attempt broadcasting, in a way that is likely undesired. To avoid this, set __array_ufunc__ = None in <class 'y3prediction.prediction.StepperState'>.
  @with_container_arithmetic(bcast_obj_array=False,

2025-06-13 15:33:06,243 - WARNING - py.warnings - /p/gpfs1/mtcampbe/CEESD/AutomatedTesting/RepoMonitoring/pilot-timing/y3-prediction-scaling-run/y3prediction/prediction.py:154: UserWarning: <class 'y3prediction.prediction.StepperState'> does not have __array_ufunc__ set. This will cause numpy to attempt broadcasting, in a way that is likely undesired. To avoid this, set __array_ufunc__ = None in <class 'y3prediction.prediction.StepperState'>.
  @with_container_arithmetic(bcast_obj_array=False,

2025-06-13 15:33:06,243 - WARNING - py.warnings - /p/gpfs1/mtcampbe/CEESD/AutomatedTesting/RepoMonitoring/pilot-timing/y3-prediction-scaling-run/y3prediction/prediction.py:154: UserWarning: <class 'y3prediction.prediction.StepperState'> does not have __array_ufunc__ set. This will cause numpy to attempt broadcasting, in a way that is likely undesired. To avoid this, set __array_ufunc__ = None in <class 'y3prediction.prediction.StepperState'>.
  @with_container_arithmetic(bcast_obj_array=False,

2025-06-13 15:33:06,243 - WARNING - py.warnings - /p/gpfs1/mtcampbe/CEESD/AutomatedTesting/RepoMonitoring/pilot-timing/y3-prediction-scaling-run/y3prediction/prediction.py:154: UserWarning: <class 'y3prediction.prediction.StepperState'> does not have __array_ufunc__ set. This will cause numpy to attempt broadcasting, in a way that is likely undesired. To avoid this, set __array_ufunc__ = None in <class 'y3prediction.prediction.StepperState'>.
  @with_container_arithmetic(bcast_obj_array=False,

2025-06-13 15:33:06,243 - WARNING - py.warnings - /p/gpfs1/mtcampbe/CEESD/AutomatedTesting/RepoMonitoring/pilot-timing/y3-prediction-scaling-run/y3prediction/prediction.py:154: UserWarning: <class 'y3prediction.prediction.StepperState'> does not have __array_ufunc__ set. This will cause numpy to attempt broadcasting, in a way that is likely undesired. To avoid this, set __array_ufunc__ = None in <class 'y3prediction.prediction.StepperState'>.
  @with_container_arithmetic(bcast_obj_array=False,

2025-06-13 15:33:06,243 - WARNING - py.warnings - /p/gpfs1/mtcampbe/CEESD/AutomatedTesting/RepoMonitoring/pilot-timing/y3-prediction-scaling-run/y3prediction/prediction.py:154: UserWarning: <class 'y3prediction.prediction.StepperState'> does not have __array_ufunc__ set. This will cause numpy to attempt broadcasting, in a way that is likely undesired. To avoid this, set __array_ufunc__ = None in <class 'y3prediction.prediction.StepperState'>.
  @with_container_arithmetic(bcast_obj_array=False,

2025-06-13 15:33:06,243 - WARNING - py.warnings - /p/gpfs1/mtcampbe/CEESD/AutomatedTesting/RepoMonitoring/pilot-timing/y3-prediction-scaling-run/y3prediction/prediction.py:154: UserWarning: <class 'y3prediction.prediction.StepperState'> does not have __array_ufunc__ set. This will cause numpy to attempt broadcasting, in a way that is likely undesired. To avoid this, set __array_ufunc__ = None in <class 'y3prediction.prediction.StepperState'>.
  @with_container_arithmetic(bcast_obj_array=False,

2025-06-13 15:33:06,243 - WARNING - py.warnings - /p/gpfs1/mtcampbe/CEESD/AutomatedTesting/RepoMonitoring/pilot-timing/y3-prediction-scaling-run/y3prediction/prediction.py:154: UserWarning: <class 'y3prediction.prediction.StepperState'> does not have __array_ufunc__ set. This will cause numpy to attempt broadcasting, in a way that is likely undesired. To avoid this, set __array_ufunc__ = None in <class 'y3prediction.prediction.StepperState'>.
  @with_container_arithmetic(bcast_obj_array=False,

2025-06-13 15:33:06,243 - WARNING - py.warnings - /p/gpfs1/mtcampbe/CEESD/AutomatedTesting/RepoMonitoring/pilot-timing/y3-prediction-scaling-run/y3prediction/prediction.py:154: UserWarning: <class 'y3prediction.prediction.StepperState'> does not have __array_ufunc__ set. This will cause numpy to attempt broadcasting, in a way that is likely undesired. To avoid this, set __array_ufunc__ = None in <class 'y3prediction.prediction.StepperState'>.
  @with_container_arithmetic(bcast_obj_array=False,

2025-06-13 15:33:06,243 - WARNING - py.warnings - /p/gpfs1/mtcampbe/CEESD/AutomatedTesting/RepoMonitoring/pilot-timing/y3-prediction-scaling-run/y3prediction/prediction.py:154: UserWarning: <class 'y3prediction.prediction.StepperState'> does not have __array_ufunc__ set. This will cause numpy to attempt broadcasting, in a way that is likely undesired. To avoid this, set __array_ufunc__ = None in <class 'y3prediction.prediction.StepperState'>.
  @with_container_arithmetic(bcast_obj_array=False,

2025-06-13 15:33:06,243 - WARNING - py.warnings - /p/gpfs1/mtcampbe/CEESD/AutomatedTesting/RepoMonitoring/pilot-timing/y3-prediction-scaling-run/y3prediction/prediction.py:154: UserWarning: <class 'y3prediction.prediction.StepperState'> does not have __array_ufunc__ set. This will cause numpy to attempt broadcasting, in a way that is likely undesired. To avoid this, set __array_ufunc__ = None in <class 'y3prediction.prediction.StepperState'>.
  @with_container_arithmetic(bcast_obj_array=False,

2025-06-13 15:33:06,243 - WARNING - py.warnings - /p/gpfs1/mtcampbe/CEESD/AutomatedTesting/RepoMonitoring/pilot-timing/y3-prediction-scaling-run/y3prediction/prediction.py:154: UserWarning: <class 'y3prediction.prediction.StepperState'> does not have __array_ufunc__ set. This will cause numpy to attempt broadcasting, in a way that is likely undesired. To avoid this, set __array_ufunc__ = None in <class 'y3prediction.prediction.StepperState'>.
  @with_container_arithmetic(bcast_obj_array=False,

2025-06-13 15:33:06,243 - WARNING - py.warnings - /p/gpfs1/mtcampbe/CEESD/AutomatedTesting/RepoMonitoring/pilot-timing/y3-prediction-scaling-run/y3prediction/prediction.py:154: UserWarning: <class 'y3prediction.prediction.StepperState'> does not have __array_ufunc__ set. This will cause numpy to attempt broadcasting, in a way that is likely undesired. To avoid this, set __array_ufunc__ = None in <class 'y3prediction.prediction.StepperState'>.
  @with_container_arithmetic(bcast_obj_array=False,

2025-06-13 15:33:06,243 - WARNING - py.warnings - /p/gpfs1/mtcampbe/CEESD/AutomatedTesting/RepoMonitoring/pilot-timing/y3-prediction-scaling-run/y3prediction/prediction.py:154: UserWarning: <class 'y3prediction.prediction.StepperState'> does not have __array_ufunc__ set. This will cause numpy to attempt broadcasting, in a way that is likely undesired. To avoid this, set __array_ufunc__ = None in <class 'y3prediction.prediction.StepperState'>.
  @with_container_arithmetic(bcast_obj_array=False,

2025-06-13 15:33:06,243 - WARNING - py.warnings - /p/gpfs1/mtcampbe/CEESD/AutomatedTesting/RepoMonitoring/pilot-timing/y3-prediction-scaling-run/y3prediction/prediction.py:154: UserWarning: <class 'y3prediction.prediction.StepperState'> does not have __array_ufunc__ set. This will cause numpy to attempt broadcasting, in a way that is likely undesired. To avoid this, set __array_ufunc__ = None in <class 'y3prediction.prediction.StepperState'>.
  @with_container_arithmetic(bcast_obj_array=False,

2025-06-13 15:33:06,243 - WARNING - py.warnings - /p/gpfs1/mtcampbe/CEESD/AutomatedTesting/RepoMonitoring/pilot-timing/y3-prediction-scaling-run/y3prediction/prediction.py:154: UserWarning: <class 'y3prediction.prediction.StepperState'> does not have __array_ufunc__ set. This will cause numpy to attempt broadcasting, in a way that is likely undesired. To avoid this, set __array_ufunc__ = None in <class 'y3prediction.prediction.StepperState'>.
  @with_container_arithmetic(bcast_obj_array=False,

2025-06-13 15:33:06,243 - WARNING - py.warnings - /p/gpfs1/mtcampbe/CEESD/AutomatedTesting/RepoMonitoring/pilot-timing/y3-prediction-scaling-run/y3prediction/prediction.py:154: UserWarning: <class 'y3prediction.prediction.StepperState'> does not have __array_ufunc__ set. This will cause numpy to attempt broadcasting, in a way that is likely undesired. To avoid this, set __array_ufunc__ = None in <class 'y3prediction.prediction.StepperState'>.
  @with_container_arithmetic(bcast_obj_array=False,

2025-06-13 15:33:06,254 - WARNING - py.warnings - /p/gpfs1/mtcampbe/CEESD/AutomatedTesting/RepoMonitoring/pilot-timing/y3-prediction-scaling-run/y3prediction/prediction.py:154: UserWarning: <class 'y3prediction.prediction.StepperState'> does not have __array_ufunc__ set. This will cause numpy to attempt broadcasting, in a way that is likely undesired. To avoid this, set __array_ufunc__ = None in <class 'y3prediction.prediction.StepperState'>.
  @with_container_arithmetic(bcast_obj_array=False,

2025-06-13 15:33:06,254 - WARNING - py.warnings - /p/gpfs1/mtcampbe/CEESD/AutomatedTesting/RepoMonitoring/pilot-timing/y3-prediction-scaling-run/y3prediction/prediction.py:154: UserWarning: <class 'y3prediction.prediction.StepperState'> does not have __array_ufunc__ set. This will cause numpy to attempt broadcasting, in a way that is likely undesired. To avoid this, set __array_ufunc__ = None in <class 'y3prediction.prediction.StepperState'>.
  @with_container_arithmetic(bcast_obj_array=False,

2025-06-13 15:33:06,254 - WARNING - py.warnings - /p/gpfs1/mtcampbe/CEESD/AutomatedTesting/RepoMonitoring/pilot-timing/y3-prediction-scaling-run/y3prediction/prediction.py:154: UserWarning: <class 'y3prediction.prediction.StepperState'> does not have __array_ufunc__ set. This will cause numpy to attempt broadcasting, in a way that is likely undesired. To avoid this, set __array_ufunc__ = None in <class 'y3prediction.prediction.StepperState'>.
  @with_container_arithmetic(bcast_obj_array=False,

2025-06-13 15:33:06,254 - WARNING - py.warnings - /p/gpfs1/mtcampbe/CEESD/AutomatedTesting/RepoMonitoring/pilot-timing/y3-prediction-scaling-run/y3prediction/prediction.py:154: UserWarning: <class 'y3prediction.prediction.StepperState'> does not have __array_ufunc__ set. This will cause numpy to attempt broadcasting, in a way that is likely undesired. To avoid this, set __array_ufunc__ = None in <class 'y3prediction.prediction.StepperState'>.
  @with_container_arithmetic(bcast_obj_array=False,

2025-06-13 15:33:06,256 - WARNING - py.warnings - /p/gpfs1/mtcampbe/CEESD/AutomatedTesting/RepoMonitoring/pilot-timing/y3-prediction-scaling-run/y3prediction/prediction.py:183: UserWarning: <class 'y3prediction.prediction.WallStepperState'> does not have __array_ufunc__ set. This will cause numpy to attempt broadcasting, in a way that is likely undesired. To avoid this, set __array_ufunc__ = None in <class 'y3prediction.prediction.WallStepperState'>.
  @with_container_arithmetic(bcast_obj_array=False,

2025-06-13 15:33:06,256 - WARNING - py.warnings - /p/gpfs1/mtcampbe/CEESD/AutomatedTesting/RepoMonitoring/pilot-timing/y3-prediction-scaling-run/y3prediction/prediction.py:183: UserWarning: <class 'y3prediction.prediction.WallStepperState'> does not have __array_ufunc__ set. This will cause numpy to attempt broadcasting, in a way that is likely undesired. To avoid this, set __array_ufunc__ = None in <class 'y3prediction.prediction.WallStepperState'>.
  @with_container_arithmetic(bcast_obj_array=False,

2025-06-13 15:33:06,256 - WARNING - py.warnings - /p/gpfs1/mtcampbe/CEESD/AutomatedTesting/RepoMonitoring/pilot-timing/y3-prediction-scaling-run/y3prediction/prediction.py:183: UserWarning: <class 'y3prediction.prediction.WallStepperState'> does not have __array_ufunc__ set. This will cause numpy to attempt broadcasting, in a way that is likely undesired. To avoid this, set __array_ufunc__ = None in <class 'y3prediction.prediction.WallStepperState'>.
  @with_container_arithmetic(bcast_obj_array=False,

2025-06-13 15:33:06,256 - WARNING - py.warnings - /p/gpfs1/mtcampbe/CEESD/AutomatedTesting/RepoMonitoring/pilot-timing/y3-prediction-scaling-run/y3prediction/prediction.py:183: UserWarning: <class 'y3prediction.prediction.WallStepperState'> does not have __array_ufunc__ set. This will cause numpy to attempt broadcasting, in a way that is likely undesired. To avoid this, set __array_ufunc__ = None in <class 'y3prediction.prediction.WallStepperState'>.
  @with_container_arithmetic(bcast_obj_array=False,

2025-06-13 15:33:06,256 - WARNING - py.warnings - /p/gpfs1/mtcampbe/CEESD/AutomatedTesting/RepoMonitoring/pilot-timing/y3-prediction-scaling-run/y3prediction/prediction.py:183: UserWarning: <class 'y3prediction.prediction.WallStepperState'> does not have __array_ufunc__ set. This will cause numpy to attempt broadcasting, in a way that is likely undesired. To avoid this, set __array_ufunc__ = None in <class 'y3prediction.prediction.WallStepperState'>.
  @with_container_arithmetic(bcast_obj_array=False,

2025-06-13 15:33:06,256 - WARNING - py.warnings - /p/gpfs1/mtcampbe/CEESD/AutomatedTesting/RepoMonitoring/pilot-timing/y3-prediction-scaling-run/y3prediction/prediction.py:183: UserWarning: <class 'y3prediction.prediction.WallStepperState'> does not have __array_ufunc__ set. This will cause numpy to attempt broadcasting, in a way that is likely undesired. To avoid this, set __array_ufunc__ = None in <class 'y3prediction.prediction.WallStepperState'>.
  @with_container_arithmetic(bcast_obj_array=False,

2025-06-13 15:33:06,257 - WARNING - py.warnings - /p/gpfs1/mtcampbe/CEESD/AutomatedTesting/RepoMonitoring/pilot-timing/y3-prediction-scaling-run/y3prediction/prediction.py:183: UserWarning: <class 'y3prediction.prediction.WallStepperState'> does not have __array_ufunc__ set. This will cause numpy to attempt broadcasting, in a way that is likely undesired. To avoid this, set __array_ufunc__ = None in <class 'y3prediction.prediction.WallStepperState'>.
  @with_container_arithmetic(bcast_obj_array=False,

2025-06-13 15:33:06,256 - WARNING - py.warnings - /p/gpfs1/mtcampbe/CEESD/AutomatedTesting/RepoMonitoring/pilot-timing/y3-prediction-scaling-run/y3prediction/prediction.py:183: UserWarning: <class 'y3prediction.prediction.WallStepperState'> does not have __array_ufunc__ set. This will cause numpy to attempt broadcasting, in a way that is likely undesired. To avoid this, set __array_ufunc__ = None in <class 'y3prediction.prediction.WallStepperState'>.
  @with_container_arithmetic(bcast_obj_array=False,

2025-06-13 15:33:06,256 - WARNING - py.warnings - /p/gpfs1/mtcampbe/CEESD/AutomatedTesting/RepoMonitoring/pilot-timing/y3-prediction-scaling-run/y3prediction/prediction.py:183: UserWarning: <class 'y3prediction.prediction.WallStepperState'> does not have __array_ufunc__ set. This will cause numpy to attempt broadcasting, in a way that is likely undesired. To avoid this, set __array_ufunc__ = None in <class 'y3prediction.prediction.WallStepperState'>.
  @with_container_arithmetic(bcast_obj_array=False,

2025-06-13 15:33:06,257 - WARNING - py.warnings - /p/gpfs1/mtcampbe/CEESD/AutomatedTesting/RepoMonitoring/pilot-timing/y3-prediction-scaling-run/y3prediction/prediction.py:183: UserWarning: <class 'y3prediction.prediction.WallStepperState'> does not have __array_ufunc__ set. This will cause numpy to attempt broadcasting, in a way that is likely undesired. To avoid this, set __array_ufunc__ = None in <class 'y3prediction.prediction.WallStepperState'>.
  @with_container_arithmetic(bcast_obj_array=False,

2025-06-13 15:33:06,256 - WARNING - py.warnings - /p/gpfs1/mtcampbe/CEESD/AutomatedTesting/RepoMonitoring/pilot-timing/y3-prediction-scaling-run/y3prediction/prediction.py:183: UserWarning: <class 'y3prediction.prediction.WallStepperState'> does not have __array_ufunc__ set. This will cause numpy to attempt broadcasting, in a way that is likely undesired. To avoid this, set __array_ufunc__ = None in <class 'y3prediction.prediction.WallStepperState'>.
  @with_container_arithmetic(bcast_obj_array=False,

2025-06-13 15:33:06,256 - WARNING - py.warnings - /p/gpfs1/mtcampbe/CEESD/AutomatedTesting/RepoMonitoring/pilot-timing/y3-prediction-scaling-run/y3prediction/prediction.py:183: UserWarning: <class 'y3prediction.prediction.WallStepperState'> does not have __array_ufunc__ set. This will cause numpy to attempt broadcasting, in a way that is likely undesired. To avoid this, set __array_ufunc__ = None in <class 'y3prediction.prediction.WallStepperState'>.
  @with_container_arithmetic(bcast_obj_array=False,

2025-06-13 15:33:06,257 - WARNING - py.warnings - /p/gpfs1/mtcampbe/CEESD/AutomatedTesting/RepoMonitoring/pilot-timing/y3-prediction-scaling-run/y3prediction/prediction.py:183: UserWarning: <class 'y3prediction.prediction.WallStepperState'> does not have __array_ufunc__ set. This will cause numpy to attempt broadcasting, in a way that is likely undesired. To avoid this, set __array_ufunc__ = None in <class 'y3prediction.prediction.WallStepperState'>.
  @with_container_arithmetic(bcast_obj_array=False,

2025-06-13 15:33:06,256 - WARNING - py.warnings - /p/gpfs1/mtcampbe/CEESD/AutomatedTesting/RepoMonitoring/pilot-timing/y3-prediction-scaling-run/y3prediction/prediction.py:183: UserWarning: <class 'y3prediction.prediction.WallStepperState'> does not have __array_ufunc__ set. This will cause numpy to attempt broadcasting, in a way that is likely undesired. To avoid this, set __array_ufunc__ = None in <class 'y3prediction.prediction.WallStepperState'>.
  @with_container_arithmetic(bcast_obj_array=False,

2025-06-13 15:33:06,256 - WARNING - py.warnings - /p/gpfs1/mtcampbe/CEESD/AutomatedTesting/RepoMonitoring/pilot-timing/y3-prediction-scaling-run/y3prediction/prediction.py:183: UserWarning: <class 'y3prediction.prediction.WallStepperState'> does not have __array_ufunc__ set. This will cause numpy to attempt broadcasting, in a way that is likely undesired. To avoid this, set __array_ufunc__ = None in <class 'y3prediction.prediction.WallStepperState'>.
  @with_container_arithmetic(bcast_obj_array=False,

2025-06-13 15:33:06,257 - WARNING - py.warnings - /p/gpfs1/mtcampbe/CEESD/AutomatedTesting/RepoMonitoring/pilot-timing/y3-prediction-scaling-run/y3prediction/prediction.py:183: UserWarning: <class 'y3prediction.prediction.WallStepperState'> does not have __array_ufunc__ set. This will cause numpy to attempt broadcasting, in a way that is likely undesired. To avoid this, set __array_ufunc__ = None in <class 'y3prediction.prediction.WallStepperState'>.
  @with_container_arithmetic(bcast_obj_array=False,

2025-06-13 15:33:06,256 - WARNING - py.warnings - /p/gpfs1/mtcampbe/CEESD/AutomatedTesting/RepoMonitoring/pilot-timing/y3-prediction-scaling-run/y3prediction/prediction.py:183: UserWarning: <class 'y3prediction.prediction.WallStepperState'> does not have __array_ufunc__ set. This will cause numpy to attempt broadcasting, in a way that is likely undesired. To avoid this, set __array_ufunc__ = None in <class 'y3prediction.prediction.WallStepperState'>.
  @with_container_arithmetic(bcast_obj_array=False,

2025-06-13 15:33:06,257 - WARNING - py.warnings - /p/gpfs1/mtcampbe/CEESD/AutomatedTesting/RepoMonitoring/pilot-timing/y3-prediction-scaling-run/y3prediction/prediction.py:183: UserWarning: <class 'y3prediction.prediction.WallStepperState'> does not have __array_ufunc__ set. This will cause numpy to attempt broadcasting, in a way that is likely undesired. To avoid this, set __array_ufunc__ = None in <class 'y3prediction.prediction.WallStepperState'>.
  @with_container_arithmetic(bcast_obj_array=False,

2025-06-13 15:33:06,256 - WARNING - py.warnings - /p/gpfs1/mtcampbe/CEESD/AutomatedTesting/RepoMonitoring/pilot-timing/y3-prediction-scaling-run/y3prediction/prediction.py:183: UserWarning: <class 'y3prediction.prediction.WallStepperState'> does not have __array_ufunc__ set. This will cause numpy to attempt broadcasting, in a way that is likely undesired. To avoid this, set __array_ufunc__ = None in <class 'y3prediction.prediction.WallStepperState'>.
  @with_container_arithmetic(bcast_obj_array=False,

2025-06-13 15:33:06,256 - WARNING - py.warnings - /p/gpfs1/mtcampbe/CEESD/AutomatedTesting/RepoMonitoring/pilot-timing/y3-prediction-scaling-run/y3prediction/prediction.py:183: UserWarning: <class 'y3prediction.prediction.WallStepperState'> does not have __array_ufunc__ set. This will cause numpy to attempt broadcasting, in a way that is likely undesired. To avoid this, set __array_ufunc__ = None in <class 'y3prediction.prediction.WallStepperState'>.
  @with_container_arithmetic(bcast_obj_array=False,

2025-06-13 15:33:06,257 - WARNING - py.warnings - /p/gpfs1/mtcampbe/CEESD/AutomatedTesting/RepoMonitoring/pilot-timing/y3-prediction-scaling-run/y3prediction/prediction.py:183: UserWarning: <class 'y3prediction.prediction.WallStepperState'> does not have __array_ufunc__ set. This will cause numpy to attempt broadcasting, in a way that is likely undesired. To avoid this, set __array_ufunc__ = None in <class 'y3prediction.prediction.WallStepperState'>.
  @with_container_arithmetic(bcast_obj_array=False,

2025-06-13 15:33:06,257 - WARNING - py.warnings - /p/gpfs1/mtcampbe/CEESD/AutomatedTesting/RepoMonitoring/pilot-timing/y3-prediction-scaling-run/y3prediction/prediction.py:183: UserWarning: <class 'y3prediction.prediction.WallStepperState'> does not have __array_ufunc__ set. This will cause numpy to attempt broadcasting, in a way that is likely undesired. To avoid this, set __array_ufunc__ = None in <class 'y3prediction.prediction.WallStepperState'>.
  @with_container_arithmetic(bcast_obj_array=False,

2025-06-13 15:33:06,257 - WARNING - py.warnings - /p/gpfs1/mtcampbe/CEESD/AutomatedTesting/RepoMonitoring/pilot-timing/y3-prediction-scaling-run/y3prediction/prediction.py:183: UserWarning: <class 'y3prediction.prediction.WallStepperState'> does not have __array_ufunc__ set. This will cause numpy to attempt broadcasting, in a way that is likely undesired. To avoid this, set __array_ufunc__ = None in <class 'y3prediction.prediction.WallStepperState'>.
  @with_container_arithmetic(bcast_obj_array=False,

2025-06-13 15:33:06,256 - WARNING - py.warnings - /p/gpfs1/mtcampbe/CEESD/AutomatedTesting/RepoMonitoring/pilot-timing/y3-prediction-scaling-run/y3prediction/prediction.py:183: UserWarning: <class 'y3prediction.prediction.WallStepperState'> does not have __array_ufunc__ set. This will cause numpy to attempt broadcasting, in a way that is likely undesired. To avoid this, set __array_ufunc__ = None in <class 'y3prediction.prediction.WallStepperState'>.
  @with_container_arithmetic(bcast_obj_array=False,

2025-06-13 15:33:06,257 - WARNING - py.warnings - /p/gpfs1/mtcampbe/CEESD/AutomatedTesting/RepoMonitoring/pilot-timing/y3-prediction-scaling-run/y3prediction/prediction.py:183: UserWarning: <class 'y3prediction.prediction.WallStepperState'> does not have __array_ufunc__ set. This will cause numpy to attempt broadcasting, in a way that is likely undesired. To avoid this, set __array_ufunc__ = None in <class 'y3prediction.prediction.WallStepperState'>.
  @with_container_arithmetic(bcast_obj_array=False,

2025-06-13 15:33:06,257 - WARNING - py.warnings - /p/gpfs1/mtcampbe/CEESD/AutomatedTesting/RepoMonitoring/pilot-timing/y3-prediction-scaling-run/y3prediction/prediction.py:183: UserWarning: <class 'y3prediction.prediction.WallStepperState'> does not have __array_ufunc__ set. This will cause numpy to attempt broadcasting, in a way that is likely undesired. To avoid this, set __array_ufunc__ = None in <class 'y3prediction.prediction.WallStepperState'>.
  @with_container_arithmetic(bcast_obj_array=False,

2025-06-13 15:33:06,257 - WARNING - py.warnings - /p/gpfs1/mtcampbe/CEESD/AutomatedTesting/RepoMonitoring/pilot-timing/y3-prediction-scaling-run/y3prediction/prediction.py:183: UserWarning: <class 'y3prediction.prediction.WallStepperState'> does not have __array_ufunc__ set. This will cause numpy to attempt broadcasting, in a way that is likely undesired. To avoid this, set __array_ufunc__ = None in <class 'y3prediction.prediction.WallStepperState'>.
  @with_container_arithmetic(bcast_obj_array=False,

2025-06-13 15:33:06,257 - WARNING - py.warnings - /p/gpfs1/mtcampbe/CEESD/AutomatedTesting/RepoMonitoring/pilot-timing/y3-prediction-scaling-run/y3prediction/prediction.py:183: UserWarning: <class 'y3prediction.prediction.WallStepperState'> does not have __array_ufunc__ set. This will cause numpy to attempt broadcasting, in a way that is likely undesired. To avoid this, set __array_ufunc__ = None in <class 'y3prediction.prediction.WallStepperState'>.
  @with_container_arithmetic(bcast_obj_array=False,

2025-06-13 15:33:06,267 - WARNING - py.warnings - /p/gpfs1/mtcampbe/CEESD/AutomatedTesting/RepoMonitoring/pilot-timing/y3-prediction-scaling-run/y3prediction/prediction.py:183: UserWarning: <class 'y3prediction.prediction.WallStepperState'> does not have __array_ufunc__ set. This will cause numpy to attempt broadcasting, in a way that is likely undesired. To avoid this, set __array_ufunc__ = None in <class 'y3prediction.prediction.WallStepperState'>.
  @with_container_arithmetic(bcast_obj_array=False,

2025-06-13 15:33:06,267 - WARNING - py.warnings - /p/gpfs1/mtcampbe/CEESD/AutomatedTesting/RepoMonitoring/pilot-timing/y3-prediction-scaling-run/y3prediction/prediction.py:183: UserWarning: <class 'y3prediction.prediction.WallStepperState'> does not have __array_ufunc__ set. This will cause numpy to attempt broadcasting, in a way that is likely undesired. To avoid this, set __array_ufunc__ = None in <class 'y3prediction.prediction.WallStepperState'>.
  @with_container_arithmetic(bcast_obj_array=False,

2025-06-13 15:33:06,267 - WARNING - py.warnings - /p/gpfs1/mtcampbe/CEESD/AutomatedTesting/RepoMonitoring/pilot-timing/y3-prediction-scaling-run/y3prediction/prediction.py:183: UserWarning: <class 'y3prediction.prediction.WallStepperState'> does not have __array_ufunc__ set. This will cause numpy to attempt broadcasting, in a way that is likely undesired. To avoid this, set __array_ufunc__ = None in <class 'y3prediction.prediction.WallStepperState'>.
  @with_container_arithmetic(bcast_obj_array=False,

2025-06-13 15:33:06,267 - WARNING - py.warnings - /p/gpfs1/mtcampbe/CEESD/AutomatedTesting/RepoMonitoring/pilot-timing/y3-prediction-scaling-run/y3prediction/prediction.py:183: UserWarning: <class 'y3prediction.prediction.WallStepperState'> does not have __array_ufunc__ set. This will cause numpy to attempt broadcasting, in a way that is likely undesired. To avoid this, set __array_ufunc__ = None in <class 'y3prediction.prediction.WallStepperState'>.
  @with_container_arithmetic(bcast_obj_array=False,

2025-06-13 15:33:07,110 - INFO - mirgecom.mpi - Using mpi4py version 4.0.3 with pkl5 scatter support.
2025-06-13 15:33:07,110 - INFO - mirgecom.mpi - mpi4py is using 'Open MPI v10.3.1.03rtm0, package: IBM Spectrum MPI, ident: IBM Spectrum MPI, repo rev: IBM_SPECTRUM_MPI_10.03.01.02_2020.08.03_XAA0, Unreleased developer copy' with MPI v3.1.
2025-06-13 15:34:06,516 - INFO - mirgecom.logging_quantities - emirge's version.sh: completed (59.01s wall 0.00x CPU)
2025-06-13 15:34:06,518 - INFO - mirgecom.logging_quantities - emirge's version.sh: completed (59.02s wall 0.00x CPU)
2025-06-13 15:34:06,520 - INFO - mirgecom.logging_quantities - emirge's version.sh: completed (59.01s wall 0.00x CPU)
2025-06-13 15:34:06,520 - INFO - mirgecom.logging_quantities - emirge's version.sh: completed (59.02s wall 0.00x CPU)
2025-06-13 15:34:06,521 - INFO - mirgecom.logging_quantities - emirge's version.sh: completed (59.02s wall 0.00x CPU)
2025-06-13 15:34:06,525 - INFO - mirgecom.logging_quantities - emirge's version.sh: completed (59.02s wall 0.00x CPU)
2025-06-13 15:34:06,526 - INFO - mirgecom.logging_quantities - emirge's version.sh: completed (59.04s wall 0.00x CPU)
2025-06-13 15:34:06,527 - INFO - mirgecom.logging_quantities - emirge's version.sh: completed (59.02s wall 0.00x CPU)
2025-06-13 15:34:06,543 - INFO - mirgecom.logging_quantities - emirge's version.sh: completed (59.05s wall 0.00x CPU)
2025-06-13 15:34:06,543 - INFO - mirgecom.logging_quantities - emirge's version.sh: completed (59.05s wall 0.00x CPU)
2025-06-13 15:34:06,554 - INFO - mirgecom.logging_quantities - emirge's version.sh: completed (59.06s wall 0.00x CPU)
2025-06-13 15:34:06,555 - INFO - mirgecom.logging_quantities - emirge's version.sh: completed (59.06s wall 0.00x CPU)
2025-06-13 15:34:06,558 - INFO - mirgecom.logging_quantities - emirge's version.sh: completed (59.05s wall 0.00x CPU)
2025-06-13 15:34:06,558 - INFO - mirgecom.logging_quantities - emirge's version.sh: completed (59.05s wall 0.00x CPU)
2025-06-13 15:34:06,559 - INFO - mirgecom.logging_quantities - emirge's version.sh: completed (59.05s wall 0.00x CPU)
2025-06-13 15:34:06,560 - INFO - mirgecom.logging_quantities - emirge's version.sh: completed (59.05s wall 0.00x CPU)
2025-06-13 15:34:06,562 - INFO - mirgecom.logging_quantities - emirge's version.sh: completed (59.06s wall 0.00x CPU)
2025-06-13 15:34:06,564 - INFO - mirgecom.logging_quantities - emirge's version.sh: completed (59.06s wall 0.00x CPU)
2025-06-13 15:34:06,564 - INFO - mirgecom.logging_quantities - emirge's version.sh: completed (59.06s wall 0.00x CPU)
2025-06-13 15:34:06,567 - INFO - mirgecom.logging_quantities - emirge's version.sh: completed (59.05s wall 0.00x CPU)
2025-06-13 15:34:06,631 - INFO - mirgecom.logging_quantities - emirge's version.sh: completed (59.12s wall 0.00x CPU)
2025-06-13 15:34:06,633 - INFO - mirgecom.logging_quantities - emirge's version.sh: completed (59.13s wall 0.00x CPU)
2025-06-13 15:34:06,645 - INFO - mirgecom.logging_quantities - emirge's version.sh: completed (59.14s wall 0.00x CPU)
2025-06-13 15:34:06,646 - INFO - mirgecom.logging_quantities - emirge's version.sh: completed (59.14s wall 0.00x CPU)
2025-06-13 15:34:06,803 - INFO - mirgecom.logging_quantities - emirge's version.sh: completed (59.29s wall 0.00x CPU)
2025-06-13 15:34:06,815 - INFO - mirgecom.logging_quantities - emirge's version.sh: completed (59.31s wall 0.00x CPU)
2025-06-13 15:34:06,830 - INFO - mirgecom.logging_quantities - emirge's version.sh: completed (59.32s wall 0.00x CPU)
2025-06-13 15:34:06,834 - INFO - mirgecom.logging_quantities - emirge's version.sh: completed (59.32s wall 0.00x CPU)
2025-06-13 15:34:06,836 - INFO - mirgecom.logging_quantities - emirge's version.sh: completed (59.32s wall 0.00x CPU)
2025-06-13 15:34:06,838 - INFO - mirgecom.logging_quantities - emirge's version.sh: completed (59.33s wall 0.00x CPU)
2025-06-13 15:34:06,840 - INFO - mirgecom.logging_quantities - emirge's version.sh: completed (59.33s wall 0.00x CPU)
2025-06-13 15:34:06,857 - INFO - mirgecom.logging_quantities - emirge's version.sh: completed (59.35s wall 0.00x CPU)
2025-06-13 15:34:07,316 - INFO - mirgecom.simutil - Using SVM-based memory pool on <pyopencl.Device 'Tesla V100-SXM2-16GB' on 'Portable Computing Language' at 0x1040d42e0>.
2025-06-13 15:34:07,325 - INFO - mirgecom.simutil - Using SVM-based memory pool on <pyopencl.Device 'Tesla V100-SXM2-16GB' on 'Portable Computing Language' at 0x1039245f0>.
2025-06-13 15:34:07,344 - INFO - mirgecom.simutil - Using SVM-based memory pool on <pyopencl.Device 'Tesla V100-SXM2-16GB' on 'Portable Computing Language' at 0x1040df560>.
2025-06-13 15:34:07,344 - INFO - mirgecom.simutil - Using SVM-based memory pool on <pyopencl.Device 'Tesla V100-SXM2-16GB' on 'Portable Computing Language' at 0x10396dfa0>.
2025-06-13 15:34:07,346 - INFO - mirgecom.simutil - Using SVM-based memory pool on <pyopencl.Device 'Tesla V100-SXM2-16GB' on 'Portable Computing Language' at 0x1040d5120>.
2025-06-13 15:34:07,367 - INFO - mirgecom.simutil - Using SVM-based memory pool on <pyopencl.Device 'Tesla V100-SXM2-16GB' on 'Portable Computing Language' at 0x10392de20>.
2025-06-13 15:34:07,371 - INFO - mirgecom.simutil - Using SVM-based memory pool on <pyopencl.Device 'Tesla V100-SXM2-16GB' on 'Portable Computing Language' at 0x10405f4d0>.
2025-06-13 15:34:07,389 - INFO - mirgecom.simutil - Using SVM-based memory pool on <pyopencl.Device 'Tesla V100-SXM2-16GB' on 'Portable Computing Language' at 0x10409e350>.
2025-06-13 15:34:07,394 - INFO - mirgecom.simutil - Using SVM-based memory pool on <pyopencl.Device 'Tesla V100-SXM2-16GB' on 'Portable Computing Language' at 0x10415e350>.
2025-06-13 15:34:07,397 - INFO - mirgecom.simutil - Using SVM-based memory pool on <pyopencl.Device 'Tesla V100-SXM2-16GB' on 'Portable Computing Language' at 0x10392ab40>.
2025-06-13 15:34:07,401 - INFO - mirgecom.simutil - Using SVM-based memory pool on <pyopencl.Device 'Tesla V100-SXM2-16GB' on 'Portable Computing Language' at 0x1040555d0>.
2025-06-13 15:34:07,408 - INFO - mirgecom.simutil - Using SVM-based memory pool on <pyopencl.Device 'Tesla V100-SXM2-16GB' on 'Portable Computing Language' at 0x1036eb750>.
2025-06-13 15:34:07,412 - INFO - mirgecom.simutil - Using SVM-based memory pool on <pyopencl.Device 'Tesla V100-SXM2-16GB' on 'Portable Computing Language' at 0x104054ec0>.
2025-06-13 15:34:07,416 - INFO - mirgecom.simutil - Using SVM-based memory pool on <pyopencl.Device 'Tesla V100-SXM2-16GB' on 'Portable Computing Language' at 0x1040df300>.
2025-06-13 15:34:07,420 - INFO - mirgecom.simutil - Using SVM-based memory pool on <pyopencl.Device 'Tesla V100-SXM2-16GB' on 'Portable Computing Language' at 0x10392ab40>.
2025-06-13 15:34:07,427 - INFO - mirgecom.simutil - Using SVM-based memory pool on <pyopencl.Device 'Tesla V100-SXM2-16GB' on 'Portable Computing Language' at 0x10346f4e0>.
2025-06-13 15:34:07,430 - INFO - mirgecom.simutil - Using SVM-based memory pool on <pyopencl.Device 'Tesla V100-SXM2-16GB' on 'Portable Computing Language' at 0x104055650>.
2025-06-13 15:34:07,434 - INFO - mirgecom.simutil - Using SVM-based memory pool on <pyopencl.Device 'Tesla V100-SXM2-16GB' on 'Portable Computing Language' at 0x1040553c0>.
2025-06-13 15:34:07,436 - INFO - mirgecom.simutil - Using SVM-based memory pool on <pyopencl.Device 'Tesla V100-SXM2-16GB' on 'Portable Computing Language' at 0x1039245f0>.
2025-06-13 15:34:07,444 - INFO - mirgecom.simutil - Using SVM-based memory pool on <pyopencl.Device 'Tesla V100-SXM2-16GB' on 'Portable Computing Language' at 0x1040555e0>.
2025-06-13 15:34:07,470 - INFO - mirgecom.simutil - Using SVM-based memory pool on <pyopencl.Device 'Tesla V100-SXM2-16GB' on 'Portable Computing Language' at 0x1039a45f0>.
2025-06-13 15:34:07,517 - INFO - mirgecom.simutil - Using SVM-based memory pool on <pyopencl.Device 'Tesla V100-SXM2-16GB' on 'Portable Computing Language' at 0x10392d4a0>.
2025-06-13 15:34:07,521 - INFO - mirgecom.simutil - Using SVM-based memory pool on <pyopencl.Device 'Tesla V100-SXM2-16GB' on 'Portable Computing Language' at 0x1039edfa0>.
2025-06-13 15:34:07,541 - INFO - mirgecom.simutil - Using SVM-based memory pool on <pyopencl.Device 'Tesla V100-SXM2-16GB' on 'Portable Computing Language' at 0x10392ab40>.
2025-06-13 15:34:07,563 - INFO - mirgecom.simutil - Using SVM-based memory pool on <pyopencl.Device 'Tesla V100-SXM2-16GB' on 'Portable Computing Language' at 0x10392f5d0>.
2025-06-13 15:34:07,576 - INFO - mirgecom.simutil - Using SVM-based memory pool on <pyopencl.Device 'Tesla V100-SXM2-16GB' on 'Portable Computing Language' at 0x10392ab40>.
2025-06-13 15:34:07,579 - INFO - mirgecom.simutil - Using SVM-based memory pool on <pyopencl.Device 'Tesla V100-SXM2-16GB' on 'Portable Computing Language' at 0x104055040>.
2025-06-13 15:34:07,579 - INFO - mirgecom.simutil - Using SVM-based memory pool on <pyopencl.Device 'Tesla V100-SXM2-16GB' on 'Portable Computing Language' at 0x1040553c0>.
2025-06-13 15:34:07,582 - INFO - mirgecom.simutil - Using SVM-based memory pool on <pyopencl.Device 'Tesla V100-SXM2-16GB' on 'Portable Computing Language' at 0x1033ee350>.
2025-06-13 15:34:07,604 - INFO - mirgecom.simutil - Using SVM-based memory pool on <pyopencl.Device 'Tesla V100-SXM2-16GB' on 'Portable Computing Language' at 0x1039af570>.
2025-06-13 15:34:07,623 - INFO - mirgecom.simutil - Using SVM-based memory pool on <pyopencl.Device 'Tesla V100-SXM2-16GB' on 'Portable Computing Language' at 0x10409f4b0>.
2025-06-13 15:34:07,633 - INFO - mirgecom.simutil - Using SVM-based memory pool on <pyopencl.Device 'Tesla V100-SXM2-16GB' on 'Portable Computing Language' at 0x10409e350>.
2025-06-13 15:34:07,691 - INFO - mirgecom.array_context - Rank 0 disk cache config: loopy: True (/p/gpfs1/mtcampbe/CEESD/AutomatedTesting/RepoMonitoring/pilot-timing/timing-run-caches/xdg-cache/rank0); pyopencl: True (/p/gpfs1/mtcampbe/CEESD/AutomatedTesting/RepoMonitoring/pilot-timing/timing-run-caches/xdg-cache/rank0); pocl: True (/p/gpfs1/mtcampbe/CEESD/AutomatedTesting/RepoMonitoring/pilot-timing/timing-run-caches/xdg-cache/rank0); cuda: True (/p/gpfs1/mtcampbe/CEESD/AutomatedTesting/RepoMonitoring/pilot-timing/timing-run-caches/cuda-cache/rank0);

2025-06-13 15:34:07,691 - INFO - mirgecom.array_context - Rank 9 disk cache config: loopy: True (/p/gpfs1/mtcampbe/CEESD/AutomatedTesting/RepoMonitoring/pilot-timing/timing-run-caches/xdg-cache/rank9); pyopencl: True (/p/gpfs1/mtcampbe/CEESD/AutomatedTesting/RepoMonitoring/pilot-timing/timing-run-caches/xdg-cache/rank9); pocl: True (/p/gpfs1/mtcampbe/CEESD/AutomatedTesting/RepoMonitoring/pilot-timing/timing-run-caches/xdg-cache/rank9); cuda: True (/p/gpfs1/mtcampbe/CEESD/AutomatedTesting/RepoMonitoring/pilot-timing/timing-run-caches/cuda-cache/rank9);

2025-06-13 15:34:07,691 - INFO - mirgecom.array_context - Rank 3 disk cache config: loopy: True (/p/gpfs1/mtcampbe/CEESD/AutomatedTesting/RepoMonitoring/pilot-timing/timing-run-caches/xdg-cache/rank3); pyopencl: True (/p/gpfs1/mtcampbe/CEESD/AutomatedTesting/RepoMonitoring/pilot-timing/timing-run-caches/xdg-cache/rank3); pocl: True (/p/gpfs1/mtcampbe/CEESD/AutomatedTesting/RepoMonitoring/pilot-timing/timing-run-caches/xdg-cache/rank3); cuda: True (/p/gpfs1/mtcampbe/CEESD/AutomatedTesting/RepoMonitoring/pilot-timing/timing-run-caches/cuda-cache/rank3);

2025-06-13 15:34:07,691 - INFO - mirgecom.array_context - Rank 1 disk cache config: loopy: True (/p/gpfs1/mtcampbe/CEESD/AutomatedTesting/RepoMonitoring/pilot-timing/timing-run-caches/xdg-cache/rank1); pyopencl: True (/p/gpfs1/mtcampbe/CEESD/AutomatedTesting/RepoMonitoring/pilot-timing/timing-run-caches/xdg-cache/rank1); pocl: True (/p/gpfs1/mtcampbe/CEESD/AutomatedTesting/RepoMonitoring/pilot-timing/timing-run-caches/xdg-cache/rank1); cuda: True (/p/gpfs1/mtcampbe/CEESD/AutomatedTesting/RepoMonitoring/pilot-timing/timing-run-caches/cuda-cache/rank1);

2025-06-13 15:34:07,691 - INFO - mirgecom.array_context - Rank 2 disk cache config: loopy: True (/p/gpfs1/mtcampbe/CEESD/AutomatedTesting/RepoMonitoring/pilot-timing/timing-run-caches/xdg-cache/rank2); pyopencl: True (/p/gpfs1/mtcampbe/CEESD/AutomatedTesting/RepoMonitoring/pilot-timing/timing-run-caches/xdg-cache/rank2); pocl: True (/p/gpfs1/mtcampbe/CEESD/AutomatedTesting/RepoMonitoring/pilot-timing/timing-run-caches/xdg-cache/rank2); cuda: True (/p/gpfs1/mtcampbe/CEESD/AutomatedTesting/RepoMonitoring/pilot-timing/timing-run-caches/cuda-cache/rank2);

2025-06-13 15:34:07,691 - INFO - mirgecom.array_context - Rank 19 disk cache config: loopy: True (/p/gpfs1/mtcampbe/CEESD/AutomatedTesting/RepoMonitoring/pilot-timing/timing-run-caches/xdg-cache/rank19); pyopencl: True (/p/gpfs1/mtcampbe/CEESD/AutomatedTesting/RepoMonitoring/pilot-timing/timing-run-caches/xdg-cache/rank19); pocl: True (/p/gpfs1/mtcampbe/CEESD/AutomatedTesting/RepoMonitoring/pilot-timing/timing-run-caches/xdg-cache/rank19); cuda: True (/p/gpfs1/mtcampbe/CEESD/AutomatedTesting/RepoMonitoring/pilot-timing/timing-run-caches/cuda-cache/rank19);

2025-06-13 15:34:07,691 - INFO - mirgecom.array_context - Rank 8 disk cache config: loopy: True (/p/gpfs1/mtcampbe/CEESD/AutomatedTesting/RepoMonitoring/pilot-timing/timing-run-caches/xdg-cache/rank8); pyopencl: True (/p/gpfs1/mtcampbe/CEESD/AutomatedTesting/RepoMonitoring/pilot-timing/timing-run-caches/xdg-cache/rank8); pocl: True (/p/gpfs1/mtcampbe/CEESD/AutomatedTesting/RepoMonitoring/pilot-timing/timing-run-caches/xdg-cache/rank8); cuda: True (/p/gpfs1/mtcampbe/CEESD/AutomatedTesting/RepoMonitoring/pilot-timing/timing-run-caches/cuda-cache/rank8);

2025-06-13 15:34:07,691 - INFO - mirgecom.array_context - Rank 17 disk cache config: loopy: True (/p/gpfs1/mtcampbe/CEESD/AutomatedTesting/RepoMonitoring/pilot-timing/timing-run-caches/xdg-cache/rank17); pyopencl: True (/p/gpfs1/mtcampbe/CEESD/AutomatedTesting/RepoMonitoring/pilot-timing/timing-run-caches/xdg-cache/rank17); pocl: True (/p/gpfs1/mtcampbe/CEESD/AutomatedTesting/RepoMonitoring/pilot-timing/timing-run-caches/xdg-cache/rank17); cuda: True (/p/gpfs1/mtcampbe/CEESD/AutomatedTesting/RepoMonitoring/pilot-timing/timing-run-caches/cuda-cache/rank17);

Setting force_eval = False for pre-compiled time integration
Shock capturing parameters: alpha 0.01, s0 -6.408239965311849, kappa 0.5
Smoothing characteristic length for use in artificial viscosity
smoothing_alpha 1e-12
Artificial viscosity smoothness_alpha=1e-12
Artificial viscosity smoothness_tau=1e-12
Artificial viscosity using modified transport properties
	 mu, beta, kappa
Shock capturing parameters:
	av_mu 0.1
	av_beta 6.0
	av_kappa 1.0
	av_prantdl 0.9
stagnation temperature 2076.43

#### Simluation control data: ####
	nrestart = 1000
	nhealth = -1
	nstatus = -1
	Constant dt mode, current_dt = 1e-13
	t_final = 2e-11
	order = 4
	dimension = 3
	Time integration compiled_lsrk54
   Boundary Conditions:
	Checking for outflow boundary in mesh.
	Checking for inflow boundary in mesh.
	Checking for flow boundary in mesh.
	Checking for injection boundary in mesh.
	Checking for upstream_injection boundary in mesh.
	Checking for isothermal_wall boundary in mesh.
	Checking for wall boundary in mesh.
	Checking for slip_wall boundary in mesh.
	Checking for noslip_wall boundary in mesh.
	Checking for symmetry boundary in mesh.
	Checking for wall_interface boundary in mesh.

	Interface wall boundary conditions are noslip for velocity
#### Simluation control data: ####


#### Visualization setup: ####
	Basic visualization output enabled.
2025-06-13 15:34:07,691 - INFO - mirgecom.array_context - Rank 25 disk cache config: loopy: True (/p/gpfs1/mtcampbe/CEESD/AutomatedTesting/RepoMonitoring/pilot-timing/timing-run-caches/xdg-cache/rank25); pyopencl: True (/p/gpfs1/mtcampbe/CEESD/AutomatedTesting/RepoMonitoring/pilot-timing/timing-run-caches/xdg-cache/rank25); pocl: True (/p/gpfs1/mtcampbe/CEESD/AutomatedTesting/RepoMonitoring/pilot-timing/timing-run-caches/xdg-cache/rank25); cuda: True (/p/gpfs1/mtcampbe/CEESD/AutomatedTesting/RepoMonitoring/pilot-timing/timing-run-caches/cuda-cache/rank25);

2025-06-13 15:34:07,691 - INFO - mirgecom.array_context - Rank 29 disk cache config: loopy: True (/p/gpfs1/mtcampbe/CEESD/AutomatedTesting/RepoMonitoring/pilot-timing/timing-run-caches/xdg-cache/rank29); pyopencl: True (/p/gpfs1/mtcampbe/CEESD/AutomatedTesting/RepoMonitoring/pilot-timing/timing-run-caches/xdg-cache/rank29); pocl: True (/p/gpfs1/mtcampbe/CEESD/AutomatedTesting/RepoMonitoring/pilot-timing/timing-run-caches/xdg-cache/rank29); cuda: True (/p/gpfs1/mtcampbe/CEESD/AutomatedTesting/RepoMonitoring/pilot-timing/timing-run-caches/cuda-cache/rank29);

2025-06-13 15:34:07,691 - INFO - mirgecom.array_context - Rank 4 disk cache config: loopy: True (/p/gpfs1/mtcampbe/CEESD/AutomatedTesting/RepoMonitoring/pilot-timing/timing-run-caches/xdg-cache/rank4); pyopencl: True (/p/gpfs1/mtcampbe/CEESD/AutomatedTesting/RepoMonitoring/pilot-timing/timing-run-caches/xdg-cache/rank4); pocl: True (/p/gpfs1/mtcampbe/CEESD/AutomatedTesting/RepoMonitoring/pilot-timing/timing-run-caches/xdg-cache/rank4); cuda: True (/p/gpfs1/mtcampbe/CEESD/AutomatedTesting/RepoMonitoring/pilot-timing/timing-run-caches/cuda-cache/rank4);

2025-06-13 15:34:07,691 - INFO - mirgecom.array_context - Rank 16 disk cache config: loopy: True (/p/gpfs1/mtcampbe/CEESD/AutomatedTesting/RepoMonitoring/pilot-timing/timing-run-caches/xdg-cache/rank16); pyopencl: True (/p/gpfs1/mtcampbe/CEESD/AutomatedTesting/RepoMonitoring/pilot-timing/timing-run-caches/xdg-cache/rank16); pocl: True (/p/gpfs1/mtcampbe/CEESD/AutomatedTesting/RepoMonitoring/pilot-timing/timing-run-caches/xdg-cache/rank16); cuda: True (/p/gpfs1/mtcampbe/CEESD/AutomatedTesting/RepoMonitoring/pilot-timing/timing-run-caches/cuda-cache/rank16);

2025-06-13 15:34:07,691 - INFO - mirgecom.array_context - Rank 10 disk cache config: loopy: True (/p/gpfs1/mtcampbe/CEESD/AutomatedTesting/RepoMonitoring/pilot-timing/timing-run-caches/xdg-cache/rank10); pyopencl: True (/p/gpfs1/mtcampbe/CEESD/AutomatedTesting/RepoMonitoring/pilot-timing/timing-run-caches/xdg-cache/rank10); pocl: True (/p/gpfs1/mtcampbe/CEESD/AutomatedTesting/RepoMonitoring/pilot-timing/timing-run-caches/xdg-cache/rank10); cuda: True (/p/gpfs1/mtcampbe/CEESD/AutomatedTesting/RepoMonitoring/pilot-timing/timing-run-caches/cuda-cache/rank10);

species_names=['C2H4', 'O2', 'CO2', 'CO', 'H2O', 'H2', 'N2']
{'C2H4': 0.0001, 'O2': 0.0001, 'CO2': 0.0001, 'CO': 0.0001, 'H2O': 0.0001, 'H2': 0.0001, 'N2': 0.0001}
	(cv, dv, cfl)
	Extra visualization output enabled for derived quantities.
	(velocity, mass_fractions, etc.)
	Writing viz data every 1000 steps.
#### Visualization setup: ####

#### Simluation initialization data: ####
	Initializing flow to y3prediction
	Inflow stagnation pressure 274500.0
	Inflow stagnation temperature 2076.43
	Injection stagnation pressure 50400.0
	Injection stagnation temperature 300.0
	Upstream injection stagnation pressure50400.0
	Upstream injection stagnation temperature300.0
#### Simluation initialization data: ####

#### Simluation setup data: ####
	vel_sigma = 500
	temp_sigma = 1250
	vel_sigma_injection = 5000
	temp_sigma_injection = 5000
#### Simluation setup data: ####

#### Ignition control parameters ####
spark center (0.677,-0.021)
spark FWHM 0.02
spark strength 600.0
ignition time 5e-08
ignition duration 1e-08
heat source ignition
#### Ignition control parameters ####


#### Injection source control parameters ####
injection source center (0.677,-0.021,0.0)
injection source FWHM 0.0025
injection source mass 2.0
injection source energy 1000.0
injection source mom (3.0 3.0 0.0
injection source start time 999999999.0
#### Injection source control parameters ####


Setting inviscid numerical flux to: Rusanov
Setting viscous numerical flux to: Harmonic


#### Simluation material properties: ####
#### Fluid domain: ####
	mu = 4.216360056e-05
	kappa = 0.05621788139856423
	Prandtl Number  = 0.75
	nspecies = 7
	full multi-species initialization with pyrometheus eos
	combustion source terms enabled
	Pyrometheus EOS
	Pyro mechanism uiuc_sharp

Species mass fractions limited to [0:1]
#### Wall domain: ####
	Reactive wall model for porous media
	Wall oxidizer transport enabled
	 Wall mass loss enabled
	Wall density = 1625
	Wall cp = 770
	Wall O2 diff = 0.0001
	Wall surround density = 7900.0
	Wall surround cp = 470
	Wall surround kappa = 48
	Wall time scale = 100
	Wall penalty = 0
#### Simluation material properties: ####
species_names=['C2H4', 'O2', 'CO2', 'CO', 'H2O', 'H2', 'N2']
{'C2H4': 0.0001, 'O2': 0.0001, 'CO2': 0.0001, 'CO': 0.0001, 'H2O': 0.0001, 'H2': 0.0001, 'N2': 0.0001}
	 Power law transport model:
		 temperature dependent viscosity, species diffusivity
	transport_alpha = 0.6
	transport_beta = 4.093e-07
	transport_sigma = 2.0
	transport_n = 0.666
	species diffusivity = [0.0001 0.0001 0.0001 0.0001 0.0001 0.0001 0.0001]
#### Simluation initialization data: ####
	inlet Mach number 0.039188827430281535
	inlet gamma 1.2942272392672118
	inlet temperature 2075.9609743385954
	inlet pressure 274227.36437127565
	inlet rho 0.4607349972974453
	inlet velocity 34.39515974209585
	********
	outlet Mach number 3.793040446574542
	outlet gamma 1.3777480529683475
	outlet temperature 558.5757736845096
	outlet pressure 2284.257055974718
	outlet rho 0.014263380803459059
	outlet velocity 1796.0265011633348
2025-06-13 15:34:07,691 - INFO - mirgecom.array_context - Rank 18 disk cache config: loopy: True (/p/gpfs1/mtcampbe/CEESD/AutomatedTesting/RepoMonitoring/pilot-timing/timing-run-caches/xdg-cache/rank18); pyopencl: True (/p/gpfs1/mtcampbe/CEESD/AutomatedTesting/RepoMonitoring/pilot-timing/timing-run-caches/xdg-cache/rank18); pocl: True (/p/gpfs1/mtcampbe/CEESD/AutomatedTesting/RepoMonitoring/pilot-timing/timing-run-caches/xdg-cache/rank18); cuda: True (/p/gpfs1/mtcampbe/CEESD/AutomatedTesting/RepoMonitoring/pilot-timing/timing-run-caches/cuda-cache/rank18);

2025-06-13 15:34:07,691 - INFO - mirgecom.array_context - Rank 24 disk cache config: loopy: True (/p/gpfs1/mtcampbe/CEESD/AutomatedTesting/RepoMonitoring/pilot-timing/timing-run-caches/xdg-cache/rank24); pyopencl: True (/p/gpfs1/mtcampbe/CEESD/AutomatedTesting/RepoMonitoring/pilot-timing/timing-run-caches/xdg-cache/rank24); pocl: True (/p/gpfs1/mtcampbe/CEESD/AutomatedTesting/RepoMonitoring/pilot-timing/timing-run-caches/xdg-cache/rank24); cuda: True (/p/gpfs1/mtcampbe/CEESD/AutomatedTesting/RepoMonitoring/pilot-timing/timing-run-caches/cuda-cache/rank24);

species_names=['C2H4', 'O2', 'CO2', 'CO', 'H2O', 'H2', 'N2']
{'C2H4': 0.0001, 'O2': 0.0001, 'CO2': 0.0001, 'CO': 0.0001, 'H2O': 0.0001, 'H2': 0.0001, 'N2': 0.0001}
2025-06-13 15:34:07,691 - INFO - mirgecom.array_context - Rank 12 disk cache config: loopy: True (/p/gpfs1/mtcampbe/CEESD/AutomatedTesting/RepoMonitoring/pilot-timing/timing-run-caches/xdg-cache/rank12); pyopencl: True (/p/gpfs1/mtcampbe/CEESD/AutomatedTesting/RepoMonitoring/pilot-timing/timing-run-caches/xdg-cache/rank12); pocl: True (/p/gpfs1/mtcampbe/CEESD/AutomatedTesting/RepoMonitoring/pilot-timing/timing-run-caches/xdg-cache/rank12); cuda: True (/p/gpfs1/mtcampbe/CEESD/AutomatedTesting/RepoMonitoring/pilot-timing/timing-run-caches/cuda-cache/rank12);

2025-06-13 15:34:07,691 - INFO - mirgecom.array_context - Rank 28 disk cache config: loopy: True (/p/gpfs1/mtcampbe/CEESD/AutomatedTesting/RepoMonitoring/pilot-timing/timing-run-caches/xdg-cache/rank28); pyopencl: True (/p/gpfs1/mtcampbe/CEESD/AutomatedTesting/RepoMonitoring/pilot-timing/timing-run-caches/xdg-cache/rank28); pocl: True (/p/gpfs1/mtcampbe/CEESD/AutomatedTesting/RepoMonitoring/pilot-timing/timing-run-caches/xdg-cache/rank28); cuda: True (/p/gpfs1/mtcampbe/CEESD/AutomatedTesting/RepoMonitoring/pilot-timing/timing-run-caches/cuda-cache/rank28);

species_names=['C2H4', 'O2', 'CO2', 'CO', 'H2O', 'H2', 'N2']
{'C2H4': 0.0001, 'O2': 0.0001, 'CO2': 0.0001, 'CO': 0.0001, 'H2O': 0.0001, 'H2': 0.0001, 'N2': 0.0001}
2025-06-13 15:34:07,691 - INFO - mirgecom.array_context - Rank 11 disk cache config: loopy: True (/p/gpfs1/mtcampbe/CEESD/AutomatedTesting/RepoMonitoring/pilot-timing/timing-run-caches/xdg-cache/rank11); pyopencl: True (/p/gpfs1/mtcampbe/CEESD/AutomatedTesting/RepoMonitoring/pilot-timing/timing-run-caches/xdg-cache/rank11); pocl: True (/p/gpfs1/mtcampbe/CEESD/AutomatedTesting/RepoMonitoring/pilot-timing/timing-run-caches/xdg-cache/rank11); cuda: True (/p/gpfs1/mtcampbe/CEESD/AutomatedTesting/RepoMonitoring/pilot-timing/timing-run-caches/cuda-cache/rank11);

2025-06-13 15:34:07,691 - INFO - mirgecom.array_context - Rank 6 disk cache config: loopy: True (/p/gpfs1/mtcampbe/CEESD/AutomatedTesting/RepoMonitoring/pilot-timing/timing-run-caches/xdg-cache/rank6); pyopencl: True (/p/gpfs1/mtcampbe/CEESD/AutomatedTesting/RepoMonitoring/pilot-timing/timing-run-caches/xdg-cache/rank6); pocl: True (/p/gpfs1/mtcampbe/CEESD/AutomatedTesting/RepoMonitoring/pilot-timing/timing-run-caches/xdg-cache/rank6); cuda: True (/p/gpfs1/mtcampbe/CEESD/AutomatedTesting/RepoMonitoring/pilot-timing/timing-run-caches/cuda-cache/rank6);

2025-06-13 15:34:07,691 - INFO - mirgecom.array_context - Rank 13 disk cache config: loopy: True (/p/gpfs1/mtcampbe/CEESD/AutomatedTesting/RepoMonitoring/pilot-timing/timing-run-caches/xdg-cache/rank13); pyopencl: True (/p/gpfs1/mtcampbe/CEESD/AutomatedTesting/RepoMonitoring/pilot-timing/timing-run-caches/xdg-cache/rank13); pocl: True (/p/gpfs1/mtcampbe/CEESD/AutomatedTesting/RepoMonitoring/pilot-timing/timing-run-caches/xdg-cache/rank13); cuda: True (/p/gpfs1/mtcampbe/CEESD/AutomatedTesting/RepoMonitoring/pilot-timing/timing-run-caches/cuda-cache/rank13);

2025-06-13 15:34:07,691 - INFO - mirgecom.array_context - Rank 31 disk cache config: loopy: True (/p/gpfs1/mtcampbe/CEESD/AutomatedTesting/RepoMonitoring/pilot-timing/timing-run-caches/xdg-cache/rank31); pyopencl: True (/p/gpfs1/mtcampbe/CEESD/AutomatedTesting/RepoMonitoring/pilot-timing/timing-run-caches/xdg-cache/rank31); pocl: True (/p/gpfs1/mtcampbe/CEESD/AutomatedTesting/RepoMonitoring/pilot-timing/timing-run-caches/xdg-cache/rank31); cuda: True (/p/gpfs1/mtcampbe/CEESD/AutomatedTesting/RepoMonitoring/pilot-timing/timing-run-caches/cuda-cache/rank31);

2025-06-13 15:34:07,691 - INFO - mirgecom.array_context - Rank 27 disk cache config: loopy: True (/p/gpfs1/mtcampbe/CEESD/AutomatedTesting/RepoMonitoring/pilot-timing/timing-run-caches/xdg-cache/rank27); pyopencl: True (/p/gpfs1/mtcampbe/CEESD/AutomatedTesting/RepoMonitoring/pilot-timing/timing-run-caches/xdg-cache/rank27); pocl: True (/p/gpfs1/mtcampbe/CEESD/AutomatedTesting/RepoMonitoring/pilot-timing/timing-run-caches/xdg-cache/rank27); cuda: True (/p/gpfs1/mtcampbe/CEESD/AutomatedTesting/RepoMonitoring/pilot-timing/timing-run-caches/cuda-cache/rank27);

2025-06-13 15:34:07,691 - INFO - mirgecom.array_context - Rank 7 disk cache config: loopy: True (/p/gpfs1/mtcampbe/CEESD/AutomatedTesting/RepoMonitoring/pilot-timing/timing-run-caches/xdg-cache/rank7); pyopencl: True (/p/gpfs1/mtcampbe/CEESD/AutomatedTesting/RepoMonitoring/pilot-timing/timing-run-caches/xdg-cache/rank7); pocl: True (/p/gpfs1/mtcampbe/CEESD/AutomatedTesting/RepoMonitoring/pilot-timing/timing-run-caches/xdg-cache/rank7); cuda: True (/p/gpfs1/mtcampbe/CEESD/AutomatedTesting/RepoMonitoring/pilot-timing/timing-run-caches/cuda-cache/rank7);

2025-06-13 15:34:07,691 - INFO - mirgecom.array_context - Rank 30 disk cache config: loopy: True (/p/gpfs1/mtcampbe/CEESD/AutomatedTesting/RepoMonitoring/pilot-timing/timing-run-caches/xdg-cache/rank30); pyopencl: True (/p/gpfs1/mtcampbe/CEESD/AutomatedTesting/RepoMonitoring/pilot-timing/timing-run-caches/xdg-cache/rank30); pocl: True (/p/gpfs1/mtcampbe/CEESD/AutomatedTesting/RepoMonitoring/pilot-timing/timing-run-caches/xdg-cache/rank30); cuda: True (/p/gpfs1/mtcampbe/CEESD/AutomatedTesting/RepoMonitoring/pilot-timing/timing-run-caches/cuda-cache/rank30);

2025-06-13 15:34:07,691 - INFO - mirgecom.array_context - Rank 20 disk cache config: loopy: True (/p/gpfs1/mtcampbe/CEESD/AutomatedTesting/RepoMonitoring/pilot-timing/timing-run-caches/xdg-cache/rank20); pyopencl: True (/p/gpfs1/mtcampbe/CEESD/AutomatedTesting/RepoMonitoring/pilot-timing/timing-run-caches/xdg-cache/rank20); pocl: True (/p/gpfs1/mtcampbe/CEESD/AutomatedTesting/RepoMonitoring/pilot-timing/timing-run-caches/xdg-cache/rank20); cuda: True (/p/gpfs1/mtcampbe/CEESD/AutomatedTesting/RepoMonitoring/pilot-timing/timing-run-caches/cuda-cache/rank20);

2025-06-13 15:34:07,691 - INFO - mirgecom.array_context - Rank 26 disk cache config: loopy: True (/p/gpfs1/mtcampbe/CEESD/AutomatedTesting/RepoMonitoring/pilot-timing/timing-run-caches/xdg-cache/rank26); pyopencl: True (/p/gpfs1/mtcampbe/CEESD/AutomatedTesting/RepoMonitoring/pilot-timing/timing-run-caches/xdg-cache/rank26); pocl: True (/p/gpfs1/mtcampbe/CEESD/AutomatedTesting/RepoMonitoring/pilot-timing/timing-run-caches/xdg-cache/rank26); cuda: True (/p/gpfs1/mtcampbe/CEESD/AutomatedTesting/RepoMonitoring/pilot-timing/timing-run-caches/cuda-cache/rank26);

2025-06-13 15:34:07,691 - INFO - mirgecom.array_context - Rank 14 disk cache config: loopy: True (/p/gpfs1/mtcampbe/CEESD/AutomatedTesting/RepoMonitoring/pilot-timing/timing-run-caches/xdg-cache/rank14); pyopencl: True (/p/gpfs1/mtcampbe/CEESD/AutomatedTesting/RepoMonitoring/pilot-timing/timing-run-caches/xdg-cache/rank14); pocl: True (/p/gpfs1/mtcampbe/CEESD/AutomatedTesting/RepoMonitoring/pilot-timing/timing-run-caches/xdg-cache/rank14); cuda: True (/p/gpfs1/mtcampbe/CEESD/AutomatedTesting/RepoMonitoring/pilot-timing/timing-run-caches/cuda-cache/rank14);

2025-06-13 15:34:07,691 - INFO - mirgecom.array_context - Rank 5 disk cache config: loopy: True (/p/gpfs1/mtcampbe/CEESD/AutomatedTesting/RepoMonitoring/pilot-timing/timing-run-caches/xdg-cache/rank5); pyopencl: True (/p/gpfs1/mtcampbe/CEESD/AutomatedTesting/RepoMonitoring/pilot-timing/timing-run-caches/xdg-cache/rank5); pocl: True (/p/gpfs1/mtcampbe/CEESD/AutomatedTesting/RepoMonitoring/pilot-timing/timing-run-caches/xdg-cache/rank5); cuda: True (/p/gpfs1/mtcampbe/CEESD/AutomatedTesting/RepoMonitoring/pilot-timing/timing-run-caches/cuda-cache/rank5);

2025-06-13 15:34:07,691 - INFO - mirgecom.array_context - Rank 15 disk cache config: loopy: True (/p/gpfs1/mtcampbe/CEESD/AutomatedTesting/RepoMonitoring/pilot-timing/timing-run-caches/xdg-cache/rank15); pyopencl: True (/p/gpfs1/mtcampbe/CEESD/AutomatedTesting/RepoMonitoring/pilot-timing/timing-run-caches/xdg-cache/rank15); pocl: True (/p/gpfs1/mtcampbe/CEESD/AutomatedTesting/RepoMonitoring/pilot-timing/timing-run-caches/xdg-cache/rank15); cuda: True (/p/gpfs1/mtcampbe/CEESD/AutomatedTesting/RepoMonitoring/pilot-timing/timing-run-caches/cuda-cache/rank15);

2025-06-13 15:34:07,691 - INFO - mirgecom.array_context - Rank 23 disk cache config: loopy: True (/p/gpfs1/mtcampbe/CEESD/AutomatedTesting/RepoMonitoring/pilot-timing/timing-run-caches/xdg-cache/rank23); pyopencl: True (/p/gpfs1/mtcampbe/CEESD/AutomatedTesting/RepoMonitoring/pilot-timing/timing-run-caches/xdg-cache/rank23); pocl: True (/p/gpfs1/mtcampbe/CEESD/AutomatedTesting/RepoMonitoring/pilot-timing/timing-run-caches/xdg-cache/rank23); cuda: True (/p/gpfs1/mtcampbe/CEESD/AutomatedTesting/RepoMonitoring/pilot-timing/timing-run-caches/cuda-cache/rank23);

2025-06-13 15:34:07,691 - INFO - mirgecom.array_context - Rank 21 disk cache config: loopy: True (/p/gpfs1/mtcampbe/CEESD/AutomatedTesting/RepoMonitoring/pilot-timing/timing-run-caches/xdg-cache/rank21); pyopencl: True (/p/gpfs1/mtcampbe/CEESD/AutomatedTesting/RepoMonitoring/pilot-timing/timing-run-caches/xdg-cache/rank21); pocl: True (/p/gpfs1/mtcampbe/CEESD/AutomatedTesting/RepoMonitoring/pilot-timing/timing-run-caches/xdg-cache/rank21); cuda: True (/p/gpfs1/mtcampbe/CEESD/AutomatedTesting/RepoMonitoring/pilot-timing/timing-run-caches/cuda-cache/rank21);

species_names=['C2H4', 'O2', 'CO2', 'CO', 'H2O', 'H2', 'N2']
species_names=['C2H4', 'O2', 'CO2', 'CO', 'H2O', 'H2', 'N2']
{'C2H4': 0.0001, 'O2': 0.0001, 'CO2': 0.0001, 'CO': 0.0001, 'H2O': 0.0001, 'H2': 0.0001, 'N2': 0.0001}
2025-06-13 15:34:07,691 - INFO - mirgecom.array_context - Rank 22 disk cache config: loopy: True (/p/gpfs1/mtcampbe/CEESD/AutomatedTesting/RepoMonitoring/pilot-timing/timing-run-caches/xdg-cache/rank22); pyopencl: True (/p/gpfs1/mtcampbe/CEESD/AutomatedTesting/RepoMonitoring/pilot-timing/timing-run-caches/xdg-cache/rank22); pocl: True (/p/gpfs1/mtcampbe/CEESD/AutomatedTesting/RepoMonitoring/pilot-timing/timing-run-caches/xdg-cache/rank22); cuda: True (/p/gpfs1/mtcampbe/CEESD/AutomatedTesting/RepoMonitoring/pilot-timing/timing-run-caches/cuda-cache/rank22);

species_names=['C2H4', 'O2', 'CO2', 'CO', 'H2O', 'H2', 'N2']
{'C2H4': 0.0001, 'O2': 0.0001, 'CO2': 0.0001, 'CO': 0.0001, 'H2O': 0.0001, 'H2': 0.0001, 'N2': 0.0001}
species_names=['C2H4', 'O2', 'CO2', 'CO', 'H2O', 'H2', 'N2']
{'C2H4': 0.0001, 'O2': 0.0001, 'CO2': 0.0001, 'CO': 0.0001, 'H2O': 0.0001, 'H2': 0.0001, 'N2': 0.0001}
species_names=['C2H4', 'O2', 'CO2', 'CO', 'H2O', 'H2', 'N2']
{'C2H4': 0.0001, 'O2': 0.0001, 'CO2': 0.0001, 'CO': 0.0001, 'H2O': 0.0001, 'H2': 0.0001, 'N2': 0.0001}species_names=['C2H4', 'O2', 'CO2', 'CO', 'H2O', 'H2', 'N2']
{'C2H4': 0.0001, 'O2': 0.0001, 'CO2': 0.0001, 'CO': 0.0001, 'H2O': 0.0001, 'H2': 0.0001, 'N2': 0.0001}
species_names=['C2H4', 'O2', 'CO2', 'CO', 'H2O', 'H2', 'N2']
{'C2H4': 0.0001, 'O2': 0.0001, 'CO2': 0.0001, 'CO': 0.0001, 'H2O': 0.0001, 'H2': 0.0001, 'N2': 0.0001}
species_names=['C2H4', 'O2', 'CO2', 'CO', 'H2O', 'H2', 'N2']
{'C2H4': 0.0001, 'O2': 0.0001, 'CO2': 0.0001, 'CO': 0.0001, 'H2O': 0.0001, 'H2': 0.0001, 'N2': 0.0001}
species_names=['C2H4', 'O2', 'CO2', 'CO', 'H2O', 'H2', 'N2']
{'C2H4': 0.0001, 'O2': 0.0001, 'CO2': 0.0001, 'CO': 0.0001, 'H2O': 0.0001, 'H2': 0.0001, 'N2': 0.0001}
species_names=['C2H4', 'O2', 'CO2', 'CO', 'H2O', 'H2', 'N2']
{'C2H4': 0.0001, 'O2': 0.0001, 'CO2': 0.0001, 'CO': 0.0001, 'H2O': 0.0001, 'H2': 0.0001, 'N2': 0.0001}
{'C2H4': 0.0001, 'O2': 0.0001, 'CO2': 0.0001, 'CO': 0.0001, 'H2O': 0.0001, 'H2': 0.0001, 'N2': 0.0001}
species_names=['C2H4', 'O2', 'CO2', 'CO', 'H2O', 'H2', 'N2']
{'C2H4': 0.0001, 'O2': 0.0001, 'CO2': 0.0001, 'CO': 0.0001, 'H2O': 0.0001, 'H2': 0.0001, 'N2': 0.0001}
species_names=['C2H4', 'O2', 'CO2', 'CO', 'H2O', 'H2', 'N2']
{'C2H4': 0.0001, 'O2': 0.0001, 'CO2': 0.0001, 'CO': 0.0001, 'H2O': 0.0001, 'H2': 0.0001, 'N2': 0.0001}
species_names=['C2H4', 'O2', 'CO2', 'CO', 'H2O', 'H2', 'N2']
{'C2H4': 0.0001, 'O2': 0.0001, 'CO2': 0.0001, 'CO': 0.0001, 'H2O': 0.0001, 'H2': 0.0001, 'N2': 0.0001}
species_names=['C2H4', 'O2', 'CO2', 'CO', 'H2O', 'H2', 'N2']
{'C2H4': 0.0001, 'O2': 0.0001, 'CO2': 0.0001, 'CO': 0.0001, 'H2O': 0.0001, 'H2': 0.0001, 'N2': 0.0001}
species_names=['C2H4', 'O2', 'CO2', 'CO', 'H2O', 'H2', 'N2']
{'C2H4': 0.0001, 'O2': 0.0001, 'CO2': 0.0001, 'CO': 0.0001, 'H2O': 0.0001, 'H2': 0.0001, 'N2': 0.0001}
species_names=['C2H4', 'O2', 'CO2', 'CO', 'H2O', 'H2', 'N2']
{'C2H4': 0.0001, 'O2': 0.0001, 'CO2': 0.0001, 'CO': 0.0001, 'H2O': 0.0001, 'H2': 0.0001, 'N2': 0.0001}

species_names=['C2H4', 'O2', 'CO2', 'CO', 'H2O', 'H2', 'N2']
{'C2H4': 0.0001, 'O2': 0.0001, 'CO2': 0.0001, 'CO': 0.0001, 'H2O': 0.0001, 'H2': 0.0001, 'N2': 0.0001}
species_names=['C2H4', 'O2', 'CO2', 'CO', 'H2O', 'H2', 'N2']
{'C2H4': 0.0001, 'O2': 0.0001, 'CO2': 0.0001, 'CO': 0.0001, 'H2O': 0.0001, 'H2': 0.0001, 'N2': 0.0001}
species_names=['C2H4', 'O2', 'CO2', 'CO', 'H2O', 'H2', 'N2']
{'C2H4': 0.0001, 'O2': 0.0001, 'CO2': 0.0001, 'CO': 0.0001, 'H2O': 0.0001, 'H2': 0.0001, 'N2': 0.0001}
species_names=['C2H4', 'O2', 'CO2', 'CO', 'H2O', 'H2', 'N2']
{'C2H4': 0.0001, 'O2': 0.0001, 'CO2': 0.0001, 'CO': 0.0001, 'H2O': 0.0001, 'H2': 0.0001, 'N2': 0.0001}
species_names=['C2H4', 'O2', 'CO2', 'CO', 'H2O', 'H2', 'N2']
{'C2H4': 0.0001, 'O2': 0.0001, 'CO2': 0.0001, 'CO': 0.0001, 'H2O': 0.0001, 'H2': 0.0001, 'N2': 0.0001}
species_names=['C2H4', 'O2', 'CO2', 'CO', 'H2O', 'H2', 'N2']
species_names=['C2H4', 'O2', 'CO2', 'CO', 'H2O', 'H2', 'N2']
{'C2H4': 0.0001, 'O2': 0.0001, 'CO2': 0.0001, 'CO': 0.0001, 'H2O': 0.0001, 'H2': 0.0001, 'N2': 0.0001}
species_names=['C2H4', 'O2', 'CO2', 'CO', 'H2O', 'H2', 'N2']
{'C2H4': 0.0001, 'O2': 0.0001, 'CO2': 0.0001, 'CO': 0.0001, 'H2O': 0.0001, 'H2': 0.0001, 'N2': 0.0001}
species_names=['C2H4', 'O2', 'CO2', 'CO', 'H2O', 'H2', 'N2']
{'C2H4': 0.0001, 'O2': 0.0001, 'CO2': 0.0001, 'CO': 0.0001, 'H2O': 0.0001, 'H2': 0.0001, 'N2': 0.0001}
species_names=['C2H4', 'O2', 'CO2', 'CO', 'H2O', 'H2', 'N2']
{'C2H4': 0.0001, 'O2': 0.0001, 'CO2': 0.0001, 'CO': 0.0001, 'H2O': 0.0001, 'H2': 0.0001, 'N2': 0.0001}
{'C2H4': 0.0001, 'O2': 0.0001, 'CO2': 0.0001, 'CO': 0.0001, 'H2O': 0.0001, 'H2': 0.0001, 'N2': 0.0001}
species_names=['C2H4', 'O2', 'CO2', 'CO', 'H2O', 'H2', 'N2']
{'C2H4': 0.0001, 'O2': 0.0001, 'CO2': 0.0001, 'CO': 0.0001, 'H2O': 0.0001, 'H2': 0.0001, 'N2': 0.0001}
species_names=['C2H4', 'O2', 'CO2', 'CO', 'H2O', 'H2', 'N2']
{'C2H4': 0.0001, 'O2': 0.0001, 'CO2': 0.0001, 'CO': 0.0001, 'H2O': 0.0001, 'H2': 0.0001, 'N2': 0.0001}
	********
	injector Mach number 1.0
	injector gamma 1.3246735835852341
	injector temperature 258.1007615257789
	injector pressure 27281.922529269654
	injector rho 0.1911428114322463
	injector velocity -434.8234312418551
Reading mesh from data/actii_np32.msh
Read(rank, batch): Dist(0, 0) on lassen295.
Reading mesh on lassen295.
Read(rank, batch): Dist(2, 0) on lassen309.
Reading mesh on lassen309.
Read(rank, batch): Dist(4, 0) on lassen360.
Reading mesh on lassen360.
Read(rank, batch): Dist(7, 0) on lassen676.
Reading mesh on lassen676.
Read(rank, batch): Dist(6, 0) on lassen604.
Reading mesh on lassen604.
Read(rank, batch): Dist(1, 0) on lassen297.
Reading mesh on lassen297.
Read(rank, batch): Dist(3, 0) on lassen340.
Reading mesh on lassen340.
Read(rank, batch): Dist(5, 0) on lassen488.
Reading mesh on lassen488.
Reading gmsh mesh from disk file...
Reading gmsh mesh from disk file...
Reading gmsh mesh from disk file...
Reading gmsh mesh from disk file...
Reading gmsh mesh from disk file...
Reading gmsh mesh from disk file...
Reading gmsh mesh from disk file...
Reading gmsh mesh from disk file...
Done. Populating meshmode data structures...
Done. Populating meshmode data structures...
Done. Populating meshmode data structures...
Done. Populating meshmode data structures...
Done. Populating meshmode data structures...
Done. Populating meshmode data structures...
Done. Populating meshmode data structures...
Done. Populating meshmode data structures...
Done.
Read GMSH: 13.828408241271973
MeshData: 28.51603364944458
Done.
Read GMSH: 13.846811056137085
MeshData: 28.599196672439575
Done.
Read GMSH: 13.80801272392273
MeshData: 28.66708517074585
Done.
Read GMSH: 13.862382411956787
MeshData: 28.628512859344482
Done.
Read GMSH: 13.862056493759155
MeshData: 28.72790288925171
Done.
Read GMSH: 13.907861471176147
MeshData: 28.68253993988037
Done.
Read GMSH: 13.936659097671509
MeshData: 28.695552110671997
Done.
Read GMSH: 13.935380697250366
MeshData: 28.7414448261261
Mesh reading done on all nodes.
Making partition table on all nodes.
2025-06-13 15:34:51,027 - WARNING - py.warnings - /p/gpfs1/mtcampbe/CEESD/AutomatedTesting/RepoMonitoring/pilot-timing/emirge/mirgecom/mirgecom/simutil.py:602: UserWarning: num_ranks is deprecated, use nranks_per_axis instead.
  warn("num_ranks is deprecated, use nranks_per_axis instead.")

2025-06-13 15:34:51,026 - WARNING - py.warnings - /p/gpfs1/mtcampbe/CEESD/AutomatedTesting/RepoMonitoring/pilot-timing/emirge/mirgecom/mirgecom/simutil.py:602: UserWarning: num_ranks is deprecated, use nranks_per_axis instead.
  warn("num_ranks is deprecated, use nranks_per_axis instead.")

2025-06-13 15:34:51,026 - WARNING - py.warnings - /p/gpfs1/mtcampbe/CEESD/AutomatedTesting/RepoMonitoring/pilot-timing/emirge/mirgecom/mirgecom/simutil.py:602: UserWarning: num_ranks is deprecated, use nranks_per_axis instead.
  warn("num_ranks is deprecated, use nranks_per_axis instead.")

2025-06-13 15:34:51,026 - WARNING - py.warnings - /p/gpfs1/mtcampbe/CEESD/AutomatedTesting/RepoMonitoring/pilot-timing/emirge/mirgecom/mirgecom/simutil.py:602: UserWarning: num_ranks is deprecated, use nranks_per_axis instead.
  warn("num_ranks is deprecated, use nranks_per_axis instead.")

2025-06-13 15:34:51,027 - WARNING - py.warnings - /p/gpfs1/mtcampbe/CEESD/AutomatedTesting/RepoMonitoring/pilot-timing/emirge/mirgecom/mirgecom/simutil.py:602: UserWarning: num_ranks is deprecated, use nranks_per_axis instead.
  warn("num_ranks is deprecated, use nranks_per_axis instead.")

2025-06-13 15:34:51,027 - WARNING - py.warnings - /p/gpfs1/mtcampbe/CEESD/AutomatedTesting/RepoMonitoring/pilot-timing/emirge/mirgecom/mirgecom/simutil.py:602: UserWarning: num_ranks is deprecated, use nranks_per_axis instead.
  warn("num_ranks is deprecated, use nranks_per_axis instead.")

2025-06-13 15:34:51,027 - WARNING - py.warnings - /p/gpfs1/mtcampbe/CEESD/AutomatedTesting/RepoMonitoring/pilot-timing/emirge/mirgecom/mirgecom/simutil.py:602: UserWarning: num_ranks is deprecated, use nranks_per_axis instead.
  warn("num_ranks is deprecated, use nranks_per_axis instead.")

2025-06-13 15:34:51,027 - WARNING - py.warnings - /p/gpfs1/mtcampbe/CEESD/AutomatedTesting/RepoMonitoring/pilot-timing/emirge/mirgecom/mirgecom/simutil.py:602: UserWarning: num_ranks is deprecated, use nranks_per_axis instead.
  warn("num_ranks is deprecated, use nranks_per_axis instead.")

Partitioning mesh on all nodes.
Partitioning done, distributing to node-local ranks.
Rank(0) mesh partition
---------------------------
Number of fluid elements: 24111
Number of elements: 24111
---------------------------
Rank(1) mesh partition
---------------------------
Number of fluid elements: 24147
Rank(2) mesh partition
---------------------------
Number of fluid elements: 23937
Number of elements: 23937
---------------------------
Number of elements: 24147
---------------------------
Rank(3) mesh partition
---------------------------
Number of fluid elements: 23988
Number of elements: 23988
---------------------------
Rank(5) mesh partition
---------------------------
Number of fluid elements: 24016
Number of elements: 24016
---------------------------
Rank(4) mesh partition
---------------------------
Number of fluid elements: 23879
Number of elements: 23879
---------------------------
Rank(8) mesh partition
---------------------------
Number of fluid elements: 24033
Number of elements: 24033
---------------------------
Rank(6) mesh partition
---------------------------
Number of fluid elements: 24009
Number of elements: 24009
---------------------------
Rank(9) mesh partition
---------------------------
Number of fluid elements: 23873
Number of elements: 23873
---------------------------
Rank(7) mesh partition
---------------------------
Number of fluid elements: 24024
Number of elements: 24024
---------------------------
Rank(10) mesh partition
---------------------------
Number of fluid elements: 23958
Number of elements: 23958
---------------------------
Rank(16) mesh partition
---------------------------
Number of fluid elements: 23839
Number of elements: 23839
---------------------------
Rank(12) mesh partition
---------------------------
Number of fluid elements: 9747
Number of wall elements: 14280
Number of elements: 24027
---------------------------
Rank(11) mesh partition
---------------------------
Number of fluid elements: 18502
Number of wall elements: 5541
Number of elements: 24043
---------------------------
Rank(17) mesh partition
---------------------------
Number of fluid elements: 11793
Number of wall elements: 12238
Number of elements: 24031
---------------------------
Rank(13) mesh partition
---------------------------
Number of fluid elements: 9683
Number of wall elements: 14581
Number of elements: 24264
---------------------------
Rank(24) mesh partition
---------------------------
Number of fluid elements: 23995
Number of elements: 23995
---------------------------
Rank(18) mesh partition
---------------------------
Number of fluid elements: 6298
Number of wall elements: 17513
Number of elements: 23811
---------------------------
No target file specied, using restart as target
No target file specied, using restart as target
No target file specied, using restart as target
Rank(14) mesh partition
---------------------------
Number of fluid elements: 23793
Number of wall elements: 238
Number of elements: 24031
---------------------------
No target file specied, using restart as target
Rank(25) mesh partition
---------------------------
Number of fluid elements: 23901
Number of elements: 23901
---------------------------
Rank(19) mesh partition
---------------------------
Number of fluid elements: 6622
Number of wall elements: 17421
Number of elements: 24043
---------------------------
Making 3D order 4 discretization.
Rank(15) mesh partition
---------------------------
Number of fluid elements: 23972
Number of elements: 23972
---------------------------
Rank(26) mesh partition
---------------------------
Number of fluid elements: 23878
Number of elements: 23878
---------------------------
No target file specied, using restart as target
Rank(20) mesh partition
---------------------------
Number of fluid elements: 7014
Number of wall elements: 17138
Number of elements: 24152
---------------------------
Rank(27) mesh partition
---------------------------
Number of fluid elements: 23890
Number of elements: 23890
---------------------------
No target file specied, using restart as target
Rank(22) mesh partition
---------------------------
Number of fluid elements: 10774
Number of wall elements: 13214
Number of elements: 23988
---------------------------No target file specied, using restart as target
No target file specied, using restart as target
Rank(21) mesh partition
---------------------------
Number of fluid elements: 7412
Number of wall elements: 16708
Number of elements: 24120
---------------------------
No target file specied, using restart as target
No target file specied, using restart as target
Rank(23) mesh partition
---------------------------
Number of fluid elements: 23962
Number of elements: 23962
---------------------------
No target file specied, using restart as target

No target file specied, using restart as target
Rank(28) mesh partition
---------------------------
Number of fluid elements: 24040
Number of elements: 24040
---------------------------
No target file specied, using restart as target
Rank(29) mesh partition
---------------------------
Number of fluid elements: 24024
Number of elements: 24024
---------------------------
No target file specied, using restart as target
No target file specied, using restart as target
No target file specied, using restart as target
No target file specied, using restart as target
Rank(30) mesh partition
---------------------------
Number of fluid elements: 23884
Number of elements: 23884
---------------------------
No target file specied, using restart as target
No target file specied, using restart as target
Rank(31) mesh partition
---------------------------
Number of fluid elements: 25021
Number of elements: 25021
---------------------------
No target file specied, using restart as target
No target file specied, using restart as target
No target file specied, using restart as target
No target file specied, using restart as target
No target file specied, using restart as target
No target file specied, using restart as target
No target file specied, using restart as target
No target file specied, using restart as target
No target file specied, using restart as target
No target file specied, using restart as target
No target file specied, using restart as target
No target file specied, using restart as target
No target file specied, using restart as target
2025-06-13 15:34:55,338 - INFO - meshmode.discretization.connection.face - building face restriction: start
2025-06-13 15:34:55,338 - INFO - meshmode.discretization.connection.face - building face restriction: start
2025-06-13 15:34:55,338 - INFO - meshmode.discretization.connection.face - building face restriction: start
2025-06-13 15:34:55,338 - INFO - meshmode.discretization.connection.face - building face restriction: start
2025-06-13 15:34:55,339 - INFO - meshmode.discretization.connection.face - building face restriction: start
2025-06-13 15:34:55,338 - INFO - meshmode.discretization.connection.face - building face restriction: start
2025-06-13 15:34:55,339 - INFO - meshmode.discretization.connection.face - building face restriction: start
2025-06-13 15:34:55,339 - INFO - meshmode.discretization.connection.face - building face restriction: start
2025-06-13 15:34:55,339 - INFO - meshmode.discretization.connection.face - building face restriction: start
2025-06-13 15:34:55,339 - INFO - meshmode.discretization.connection.face - building face restriction: start
2025-06-13 15:34:55,339 - INFO - meshmode.discretization.connection.face - building face restriction: start
2025-06-13 15:34:55,339 - INFO - meshmode.discretization.connection.face - building face restriction: start
2025-06-13 15:34:55,339 - INFO - meshmode.discretization.connection.face - building face restriction: start
2025-06-13 15:34:55,339 - INFO - meshmode.discretization.connection.face - building face restriction: start
2025-06-13 15:34:55,338 - INFO - meshmode.discretization.connection.face - building face restriction: start
2025-06-13 15:34:55,339 - INFO - meshmode.discretization.connection.face - building face restriction: start
2025-06-13 15:34:55,339 - INFO - meshmode.discretization.connection.face - building face restriction: start
2025-06-13 15:34:55,339 - INFO - meshmode.discretization.connection.face - building face restriction: start
2025-06-13 15:34:55,339 - INFO - meshmode.discretization.connection.face - building face restriction: start
2025-06-13 15:34:55,339 - INFO - meshmode.discretization.connection.face - building face restriction: start
2025-06-13 15:34:55,339 - INFO - meshmode.discretization.connection.face - building face restriction: start
2025-06-13 15:34:55,339 - INFO - meshmode.discretization.connection.face - building face restriction: start
2025-06-13 15:34:55,339 - INFO - meshmode.discretization.connection.face - building face restriction: start
2025-06-13 15:34:55,339 - INFO - meshmode.discretization.connection.face - building face restriction: start
2025-06-13 15:34:55,339 - INFO - meshmode.discretization.connection.face - building face restriction: start
2025-06-13 15:34:55,339 - INFO - meshmode.discretization.connection.face - building face restriction: start
2025-06-13 15:34:55,339 - INFO - meshmode.discretization.connection.face - building face restriction: start
2025-06-13 15:34:55,339 - INFO - meshmode.discretization.connection.face - building face restriction: start
2025-06-13 15:34:55,339 - INFO - meshmode.discretization.connection.face - building face restriction: start
2025-06-13 15:34:55,339 - INFO - meshmode.discretization.connection.face - building face restriction: start
2025-06-13 15:34:55,339 - INFO - meshmode.discretization.connection.face - building face restriction: start
2025-06-13 15:34:55,339 - INFO - meshmode.discretization.connection.face - building face restriction: start
2025-06-13 15:34:55,366 - INFO - meshmode.discretization.connection.face - building face restriction: done
2025-06-13 15:34:55,366 - INFO - meshmode.discretization.connection.face - building face restriction: done
2025-06-13 15:34:55,366 - INFO - meshmode.discretization.connection.face - building face restriction: done
2025-06-13 15:34:55,366 - INFO - meshmode.discretization.connection.face - building face restriction: done
2025-06-13 15:34:55,366 - INFO - meshmode.discretization.connection.face - building face restriction: done
2025-06-13 15:34:55,366 - INFO - meshmode.discretization.connection.face - building face restriction: start
2025-06-13 15:34:55,366 - INFO - meshmode.discretization.connection.face - building face restriction: start
2025-06-13 15:34:55,366 - INFO - meshmode.discretization.connection.face - building face restriction: start
2025-06-13 15:34:55,366 - INFO - meshmode.discretization.connection.face - building face restriction: start
2025-06-13 15:34:55,366 - INFO - meshmode.discretization.connection.face - building face restriction: start
2025-06-13 15:34:55,367 - INFO - meshmode.discretization.connection.face - building face restriction: done
2025-06-13 15:34:55,368 - INFO - meshmode.discretization.connection.face - building face restriction: start
2025-06-13 15:34:55,369 - INFO - meshmode.discretization.connection.face - building face restriction: done
2025-06-13 15:34:55,369 - INFO - meshmode.discretization.connection.face - building face restriction: start
2025-06-13 15:34:55,371 - INFO - meshmode.discretization.connection.face - building face restriction: done
2025-06-13 15:34:55,372 - INFO - meshmode.discretization.connection.face - building face restriction: done
2025-06-13 15:34:55,372 - INFO - meshmode.discretization.connection.face - building face restriction: done
2025-06-13 15:34:55,372 - INFO - meshmode.discretization.connection.face - building face restriction: done
2025-06-13 15:34:55,372 - INFO - meshmode.discretization.connection.face - building face restriction: done
2025-06-13 15:34:55,372 - INFO - meshmode.discretization.connection.face - building face restriction: start
2025-06-13 15:34:55,372 - INFO - meshmode.discretization.connection.face - building face restriction: start
2025-06-13 15:34:55,372 - INFO - meshmode.discretization.connection.face - building face restriction: start
2025-06-13 15:34:55,372 - INFO - meshmode.discretization.connection.face - building face restriction: start
2025-06-13 15:34:55,373 - INFO - meshmode.discretization.connection.face - building face restriction: done
2025-06-13 15:34:55,373 - INFO - meshmode.discretization.connection.face - building face restriction: done
2025-06-13 15:34:55,373 - INFO - meshmode.discretization.connection.face - building face restriction: done
2025-06-13 15:34:55,373 - INFO - meshmode.discretization.connection.face - building face restriction: done
2025-06-13 15:34:55,373 - INFO - meshmode.discretization.connection.face - building face restriction: start
2025-06-13 15:34:55,373 - INFO - meshmode.discretization.connection.face - building face restriction: done
2025-06-13 15:34:55,373 - INFO - meshmode.discretization.connection.face - building face restriction: start
2025-06-13 15:34:55,373 - INFO - meshmode.discretization.connection.face - building face restriction: done
2025-06-13 15:34:55,373 - INFO - meshmode.discretization.connection.face - building face restriction: start
2025-06-13 15:34:55,373 - INFO - meshmode.discretization.connection.face - building face restriction: done
2025-06-13 15:34:55,373 - INFO - meshmode.discretization.connection.face - building face restriction: start
2025-06-13 15:34:55,373 - INFO - meshmode.discretization.connection.face - building face restriction: done
2025-06-13 15:34:55,373 - INFO - meshmode.discretization.connection.face - building face restriction: done
2025-06-13 15:34:55,373 - INFO - meshmode.discretization.connection.face - building face restriction: start
2025-06-13 15:34:55,373 - INFO - meshmode.discretization.connection.face - building face restriction: done
2025-06-13 15:34:55,373 - INFO - meshmode.discretization.connection.face - building face restriction: done
2025-06-13 15:34:55,374 - INFO - meshmode.discretization.connection.face - building face restriction: start
2025-06-13 15:34:55,373 - INFO - meshmode.discretization.connection.face - building face restriction: done
2025-06-13 15:34:55,374 - INFO - meshmode.discretization.connection.face - building face restriction: start
2025-06-13 15:34:55,374 - INFO - meshmode.discretization.connection.face - building face restriction: start
2025-06-13 15:34:55,374 - INFO - meshmode.discretization.connection.face - building face restriction: start
2025-06-13 15:34:55,374 - INFO - meshmode.discretization.connection.face - building face restriction: start
2025-06-13 15:34:55,373 - INFO - meshmode.discretization.connection.face - building face restriction: done
2025-06-13 15:34:55,374 - INFO - meshmode.discretization.connection.face - building face restriction: start
2025-06-13 15:34:55,374 - INFO - meshmode.discretization.connection.face - building face restriction: start
2025-06-13 15:34:55,374 - INFO - meshmode.discretization.connection.face - building face restriction: start
2025-06-13 15:34:55,374 - INFO - meshmode.discretization.connection.face - building face restriction: done
2025-06-13 15:34:55,374 - INFO - meshmode.discretization.connection.face - building face restriction: done
2025-06-13 15:34:55,376 - INFO - meshmode.discretization.connection.face - building face restriction: done
2025-06-13 15:34:55,374 - INFO - meshmode.discretization.connection.face - building face restriction: done
2025-06-13 15:34:55,376 - INFO - meshmode.discretization.connection.face - building face restriction: start
2025-06-13 15:34:55,374 - INFO - meshmode.discretization.connection.face - building face restriction: done
2025-06-13 15:34:55,375 - INFO - meshmode.discretization.connection.face - building face restriction: start
2025-06-13 15:34:55,375 - INFO - meshmode.discretization.connection.face - building face restriction: start
2025-06-13 15:34:55,377 - INFO - meshmode.discretization.connection.face - building face restriction: done
2025-06-13 15:34:55,375 - INFO - meshmode.discretization.connection.face - building face restriction: start
2025-06-13 15:34:55,377 - INFO - meshmode.discretization.connection.face - building face restriction: start
2025-06-13 15:34:55,383 - INFO - meshmode.discretization.connection.face - building face restriction: done
2025-06-13 15:34:55,383 - INFO - meshmode.discretization.connection.face - building face restriction: start
2025-06-13 15:34:55,385 - INFO - meshmode.discretization.connection.face - building face restriction: done
2025-06-13 15:34:55,385 - INFO - meshmode.discretization.connection.face - building face restriction: done
2025-06-13 15:34:55,385 - INFO - meshmode.discretization.connection.face - building face restriction: done
2025-06-13 15:34:55,387 - INFO - meshmode.discretization.connection.face - building face restriction: done
2025-06-13 15:34:55,389 - INFO - meshmode.discretization.connection.face - building face restriction: done
2025-06-13 15:34:55,390 - INFO - meshmode.discretization.connection.face - building face restriction: done
2025-06-13 15:34:55,395 - INFO - meshmode.discretization.connection.face - building face restriction: done
2025-06-13 15:34:55,397 - INFO - meshmode.discretization.connection.face - building face restriction: done
2025-06-13 15:34:55,397 - INFO - meshmode.discretization.connection.face - building face restriction: start
2025-06-13 15:34:55,397 - INFO - meshmode.discretization.connection.face - building face restriction: done
2025-06-13 15:34:55,397 - INFO - meshmode.discretization.connection.face - building face restriction: done
2025-06-13 15:34:55,397 - INFO - meshmode.discretization.connection.face - building face restriction: start
2025-06-13 15:34:55,397 - INFO - meshmode.discretization.connection.face - building face restriction: done
2025-06-13 15:34:55,398 - INFO - meshmode.discretization.connection.face - building face restriction: start
2025-06-13 15:34:55,399 - INFO - meshmode.discretization.connection.face - building face restriction: done
2025-06-13 15:34:55,399 - INFO - meshmode.discretization.connection.face - building face restriction: done
2025-06-13 15:34:55,400 - INFO - meshmode.discretization.connection.face - building face restriction: start
2025-06-13 15:34:55,400 - INFO - meshmode.discretization.connection.face - building face restriction: done
2025-06-13 15:34:55,400 - INFO - meshmode.discretization.connection.face - building face restriction: done
2025-06-13 15:34:55,400 - INFO - meshmode.discretization.connection.face - building face restriction: done
2025-06-13 15:34:55,400 - INFO - meshmode.discretization.connection.face - building face restriction: done
2025-06-13 15:34:55,400 - INFO - meshmode.discretization.connection.face - building face restriction: start
2025-06-13 15:34:55,400 - INFO - meshmode.discretization.connection.face - building face restriction: start
2025-06-13 15:34:55,400 - INFO - meshmode.discretization.connection.face - building face restriction: done
2025-06-13 15:34:55,400 - INFO - meshmode.discretization.connection.face - building face restriction: done
2025-06-13 15:34:55,400 - INFO - meshmode.discretization.connection.face - building face restriction: done
2025-06-13 15:34:55,400 - INFO - meshmode.discretization.connection.face - building face restriction: done
2025-06-13 15:34:55,400 - INFO - meshmode.discretization.connection.face - building face restriction: start
2025-06-13 15:34:55,400 - INFO - meshmode.discretization.connection.face - building face restriction: start
2025-06-13 15:34:55,401 - INFO - meshmode.discretization.connection.face - building face restriction: done
2025-06-13 15:34:55,401 - INFO - meshmode.discretization.connection.face - building face restriction: start
2025-06-13 15:34:55,401 - INFO - meshmode.discretization.connection.face - building face restriction: done
2025-06-13 15:34:55,402 - INFO - meshmode.discretization.connection.face - building face restriction: done
2025-06-13 15:34:55,402 - INFO - meshmode.discretization.connection.face - building face restriction: done
2025-06-13 15:34:55,402 - INFO - meshmode.discretization.connection.face - building face restriction: done
2025-06-13 15:34:55,402 - INFO - meshmode.discretization.connection.face - building face restriction: start
2025-06-13 15:34:55,402 - INFO - meshmode.discretization.connection.face - building face restriction: done
2025-06-13 15:34:55,403 - INFO - meshmode.discretization.connection.face - building face restriction: done
2025-06-13 15:34:55,405 - INFO - meshmode.discretization.connection.face - building face restriction: done
2025-06-13 15:34:55,409 - INFO - meshmode.discretization.connection.face - building face restriction: done
2025-06-13 15:34:55,409 - INFO - meshmode.discretization.connection.face - building face restriction: start
2025-06-13 15:34:55,409 - INFO - meshmode.discretization.connection.face - building face restriction: done
2025-06-13 15:34:55,409 - INFO - meshmode.discretization.connection.face - building face restriction: start
2025-06-13 15:34:55,410 - INFO - meshmode.discretization.connection.face - building face restriction: done
2025-06-13 15:34:55,410 - INFO - meshmode.discretization.connection.face - building face restriction: start
2025-06-13 15:34:55,412 - INFO - meshmode.discretization.connection.face - building face restriction: done
2025-06-13 15:34:55,412 - INFO - meshmode.discretization.connection.face - building face restriction: done
2025-06-13 15:34:55,412 - INFO - meshmode.discretization.connection.face - building face restriction: start
2025-06-13 15:34:55,412 - INFO - meshmode.discretization.connection.face - building face restriction: start
2025-06-13 15:34:55,413 - INFO - meshmode.discretization.connection.face - building face restriction: done
2025-06-13 15:34:55,413 - INFO - meshmode.discretization.connection.face - building face restriction: start
2025-06-13 15:34:55,413 - INFO - meshmode.discretization.connection.face - building face restriction: done
2025-06-13 15:34:55,413 - INFO - meshmode.discretization.connection.face - building face restriction: done
2025-06-13 15:34:55,413 - INFO - meshmode.discretization.connection.face - building face restriction: start
2025-06-13 15:34:55,413 - INFO - meshmode.discretization.connection.face - building face restriction: start
2025-06-13 15:34:55,420 - INFO - meshmode.discretization.connection.face - building face restriction: done
2025-06-13 15:34:55,420 - INFO - meshmode.discretization.connection.face - building face restriction: start
2025-06-13 15:34:55,422 - INFO - meshmode.discretization.connection.face - building face restriction: done
2025-06-13 15:34:55,426 - INFO - meshmode.discretization.connection.face - building face restriction: done
2025-06-13 15:34:55,426 - INFO - meshmode.discretization.connection.face - building face restriction: start
2025-06-13 15:34:55,432 - INFO - meshmode.discretization.connection.face - building face restriction: done
2025-06-13 15:34:55,444 - WARNING - py.warnings - /p/gpfs1/mtcampbe/CEESD/AutomatedTesting/RepoMonitoring/pilot-timing/emirge/arraycontext/arraycontext/impl/pytato/__init__.py:474: UserWarning: Running on an Nvidia GPU, reducing the argument size limit from 4352 to 3896.
  warn("Running on an Nvidia GPU, reducing the argument "

2025-06-13 15:34:55,444 - INFO - arraycontext.impl.pytato - limiting argument buffer size for <pyopencl.Device 'Tesla V100-SXM2-16GB' on 'Portable Computing Language' at 0x1040555e0> to 3896 bytes
2025-06-13 15:34:55,448 - INFO - meshmode.discretization.connection.face - building face restriction: done
2025-06-13 15:34:55,448 - INFO - meshmode.discretization.connection.face - building face restriction: done
2025-06-13 15:34:55,448 - INFO - meshmode.discretization.connection.face - building face restriction: start
2025-06-13 15:34:55,448 - INFO - meshmode.discretization.connection.face - building face restriction: done
2025-06-13 15:34:55,448 - INFO - meshmode.discretization.connection.face - building face restriction: start
2025-06-13 15:34:55,449 - INFO - meshmode.discretization.connection.face - building face restriction: start
2025-06-13 15:34:55,450 - INFO - meshmode.discretization.connection.face - building face restriction: done
2025-06-13 15:34:55,450 - INFO - meshmode.discretization.connection.face - building face restriction: start
2025-06-13 15:34:55,451 - INFO - meshmode.discretization.connection.face - building face restriction: done
2025-06-13 15:34:55,451 - INFO - meshmode.discretization.connection.face - building face restriction: start
2025-06-13 15:34:55,453 - INFO - meshmode.discretization.connection.face - building face restriction: done
2025-06-13 15:34:55,453 - INFO - meshmode.discretization.connection.face - building face restriction: done
2025-06-13 15:34:55,453 - INFO - meshmode.discretization.connection.face - building face restriction: start
2025-06-13 15:34:55,462 - INFO - meshmode.discretization.connection.face - building face restriction: done
2025-06-13 15:34:55,463 - INFO - meshmode.discretization.connection.face - building face restriction: start
2025-06-13 15:34:55,464 - INFO - meshmode.discretization.connection.face - building face restriction: done
2025-06-13 15:34:55,464 - INFO - meshmode.discretization.connection.face - building face restriction: start
2025-06-13 15:34:55,466 - WARNING - py.warnings - /p/gpfs1/mtcampbe/CEESD/AutomatedTesting/RepoMonitoring/pilot-timing/emirge/arraycontext/arraycontext/impl/pytato/__init__.py:474: UserWarning: Running on an Nvidia GPU, reducing the argument size limit from 4352 to 3896.
  warn("Running on an Nvidia GPU, reducing the argument "

2025-06-13 15:34:55,466 - INFO - arraycontext.impl.pytato - limiting argument buffer size for <pyopencl.Device 'Tesla V100-SXM2-16GB' on 'Portable Computing Language' at 0x1039245f0> to 3896 bytes
2025-06-13 15:34:55,485 - INFO - meshmode.discretization.connection.face - building face restriction: done
2025-06-13 15:34:55,485 - INFO - meshmode.discretization.connection.face - building face restriction: done
2025-06-13 15:34:55,488 - INFO - meshmode.discretization.connection.face - building face restriction: done
2025-06-13 15:34:55,490 - INFO - meshmode.discretization.connection.face - building face restriction: done
2025-06-13 15:34:55,494 - INFO - meshmode.discretization.connection.face - building face restriction: done
2025-06-13 15:34:55,495 - INFO - meshmode.discretization.connection.face - building face restriction: done
2025-06-13 15:34:55,497 - WARNING - py.warnings - /p/gpfs1/mtcampbe/CEESD/AutomatedTesting/RepoMonitoring/pilot-timing/emirge/arraycontext/arraycontext/impl/pytato/__init__.py:474: UserWarning: Running on an Nvidia GPU, reducing the argument size limit from 4352 to 3896.
  warn("Running on an Nvidia GPU, reducing the argument "

2025-06-13 15:34:55,497 - INFO - arraycontext.impl.pytato - limiting argument buffer size for <pyopencl.Device 'Tesla V100-SXM2-16GB' on 'Portable Computing Language' at 0x10392ab40> to 3896 bytes
2025-06-13 15:34:55,497 - WARNING - py.warnings - /p/gpfs1/mtcampbe/CEESD/AutomatedTesting/RepoMonitoring/pilot-timing/emirge/arraycontext/arraycontext/impl/pytato/__init__.py:474: UserWarning: Running on an Nvidia GPU, reducing the argument size limit from 4352 to 3896.
  warn("Running on an Nvidia GPU, reducing the argument "

2025-06-13 15:34:55,497 - INFO - arraycontext.impl.pytato - limiting argument buffer size for <pyopencl.Device 'Tesla V100-SXM2-16GB' on 'Portable Computing Language' at 0x10392ab40> to 3896 bytes
2025-06-13 15:34:55,500 - WARNING - py.warnings - /p/gpfs1/mtcampbe/CEESD/AutomatedTesting/RepoMonitoring/pilot-timing/emirge/arraycontext/arraycontext/impl/pytato/__init__.py:474: UserWarning: Running on an Nvidia GPU, reducing the argument size limit from 4352 to 3896.
  warn("Running on an Nvidia GPU, reducing the argument "

2025-06-13 15:34:55,500 - INFO - arraycontext.impl.pytato - limiting argument buffer size for <pyopencl.Device 'Tesla V100-SXM2-16GB' on 'Portable Computing Language' at 0x10396dfa0> to 3896 bytes
2025-06-13 15:34:55,500 - WARNING - py.warnings - /p/gpfs1/mtcampbe/CEESD/AutomatedTesting/RepoMonitoring/pilot-timing/emirge/arraycontext/arraycontext/impl/pytato/__init__.py:474: UserWarning: Running on an Nvidia GPU, reducing the argument size limit from 4352 to 3896.
  warn("Running on an Nvidia GPU, reducing the argument "

2025-06-13 15:34:55,500 - INFO - arraycontext.impl.pytato - limiting argument buffer size for <pyopencl.Device 'Tesla V100-SXM2-16GB' on 'Portable Computing Language' at 0x1036eb750> to 3896 bytes
2025-06-13 15:34:55,506 - WARNING - py.warnings - /p/gpfs1/mtcampbe/CEESD/AutomatedTesting/RepoMonitoring/pilot-timing/emirge/arraycontext/arraycontext/impl/pytato/__init__.py:474: UserWarning: Running on an Nvidia GPU, reducing the argument size limit from 4352 to 3896.
  warn("Running on an Nvidia GPU, reducing the argument "

2025-06-13 15:34:55,506 - INFO - arraycontext.impl.pytato - limiting argument buffer size for <pyopencl.Device 'Tesla V100-SXM2-16GB' on 'Portable Computing Language' at 0x1039245f0> to 3896 bytes
2025-06-13 15:34:55,508 - WARNING - py.warnings - /p/gpfs1/mtcampbe/CEESD/AutomatedTesting/RepoMonitoring/pilot-timing/emirge/arraycontext/arraycontext/impl/pytato/__init__.py:474: UserWarning: Running on an Nvidia GPU, reducing the argument size limit from 4352 to 3896.
  warn("Running on an Nvidia GPU, reducing the argument "

2025-06-13 15:34:55,508 - INFO - arraycontext.impl.pytato - limiting argument buffer size for <pyopencl.Device 'Tesla V100-SXM2-16GB' on 'Portable Computing Language' at 0x1040553c0> to 3896 bytes
2025-06-13 15:34:55,515 - INFO - meshmode.discretization.connection.face - building face restriction: done
2025-06-13 15:34:55,517 - INFO - meshmode.discretization.connection.face - building face restriction: done
2025-06-13 15:34:55,526 - WARNING - py.warnings - /p/gpfs1/mtcampbe/CEESD/AutomatedTesting/RepoMonitoring/pilot-timing/emirge/arraycontext/arraycontext/impl/pytato/__init__.py:474: UserWarning: Running on an Nvidia GPU, reducing the argument size limit from 4352 to 3896.
  warn("Running on an Nvidia GPU, reducing the argument "

2025-06-13 15:34:55,526 - INFO - arraycontext.impl.pytato - limiting argument buffer size for <pyopencl.Device 'Tesla V100-SXM2-16GB' on 'Portable Computing Language' at 0x10415e350> to 3896 bytes
2025-06-13 15:34:55,530 - WARNING - py.warnings - /p/gpfs1/mtcampbe/CEESD/AutomatedTesting/RepoMonitoring/pilot-timing/emirge/arraycontext/arraycontext/impl/pytato/__init__.py:474: UserWarning: Running on an Nvidia GPU, reducing the argument size limit from 4352 to 3896.
  warn("Running on an Nvidia GPU, reducing the argument "

2025-06-13 15:34:55,530 - INFO - arraycontext.impl.pytato - limiting argument buffer size for <pyopencl.Device 'Tesla V100-SXM2-16GB' on 'Portable Computing Language' at 0x1040df560> to 3896 bytes
Traceback (most recent call last):
  File "/p/gpfs1/mtcampbe/CEESD/AutomatedTesting/RepoMonitoring/pilot-timing/emirge/arraycontext/arraycontext/impl/pytato/__init__.py", line 573, in freeze
    pt_prg = self._freeze_prg_cache[normalized_expr]
             ~~~~~~~~~~~~~~~~~~~~~~^^^^^^^^^^^^^^^^^
KeyError: DictOfNamedArrays(tags=frozenset(), data={'_ary': Einsum(tags={FirstAxisIsElementsTag(), PrefixNamed(prefix='nodes0_3d')}, access_descriptors=((EinsumElementwiseAxis(dim=1), EinsumReductionAxis(dim=0)), (EinsumElementwiseAxis(dim=0), EinsumReductionAxis(dim=0))), args=(Placeholder(shape=(15, 3), dtype='float64', axes=(Axis(tags=frozenset({DiscretizationDOFAxisTag()})), Axis(tags=frozenset())), name='_actx_dw'), Placeholder(shape=(719, 3), dtype='float64', axes=(Axis(tags=frozenset({DiscretizationElementAxisTag()})), Axis(tags=frozenset({DiscretizationDOFAxisTag()}))), name='_actx_dw_0')), redn_axis_to_redn_descr={EinsumReductionAxis(dim=0): ReductionDescriptor(tags=frozenset())})})

During handling of the above exception, another exception occurred:

Traceback (most recent call last):
  File "<frozen runpy>", line 198, in _run_module_as_main
  File "<frozen runpy>", line 88, in _run_code
  File "/p/gpfs1/mtcampbe/CEESD/AutomatedTesting/RepoMonitoring/pilot-timing/emirge/miniforge3/envs/timing.pilot/lib/python3.12/site-packages/mpi4py/__main__.py", line 7, in <module>
    main()
  File "/p/gpfs1/mtcampbe/CEESD/AutomatedTesting/RepoMonitoring/pilot-timing/emirge/miniforge3/envs/timing.pilot/lib/python3.12/site-packages/mpi4py/run.py", line 214, in main
    run_command_line(args)
  File "/p/gpfs1/mtcampbe/CEESD/AutomatedTesting/RepoMonitoring/pilot-timing/emirge/miniforge3/envs/timing.pilot/lib/python3.12/site-packages/mpi4py/run.py", line 46, in run_command_line
    run_path(sys.argv[0], run_name='__main__')
  File "<frozen runpy>", line 287, in run_path
  File "<frozen runpy>", line 98, in _run_module_code
  File "<frozen runpy>", line 88, in _run_code
  File "driver.py", line 83, in <module>
    main(actx_class, restart_filename=restart_filename,
  File "/p/gpfs1/mtcampbe/CEESD/AutomatedTesting/RepoMonitoring/pilot-timing/emirge/mirgecom/mirgecom/mpi.py", line 152, in wrapped_func
    func(*args, **kwargs)
  File "/p/gpfs1/mtcampbe/CEESD/AutomatedTesting/RepoMonitoring/pilot-timing/y3-prediction-scaling-run/y3prediction/prediction.py", line 3975, in main
    dcoll = create_discretization_collection(
            ^^^^^^^^^^^^^^^^^^^^^^^^^^^^^^^^^
  File "/p/gpfs1/mtcampbe/CEESD/AutomatedTesting/RepoMonitoring/pilot-timing/emirge/mirgecom/mirgecom/discretization.py", line 76, in create_discretization_collection
    return make_discretization_collection(
           ^^^^^^^^^^^^^^^^^^^^^^^^^^^^^^^
  File "/p/gpfs1/mtcampbe/CEESD/AutomatedTesting/RepoMonitoring/pilot-timing/emirge/grudge/grudge/discretization.py", line 1091, in make_discretization_collection
    inter_part_connections=_set_up_inter_part_connections(
                           ^^^^^^^^^^^^^^^^^^^^^^^^^^^^^^^
  File "/p/gpfs1/mtcampbe/CEESD/AutomatedTesting/RepoMonitoring/pilot-timing/emirge/grudge/grudge/discretization.py", line 946, in _set_up_inter_part_connections
    make_partition_connection(
  File "/p/gpfs1/mtcampbe/CEESD/AutomatedTesting/RepoMonitoring/pilot-timing/emirge/meshmode/meshmode/discretization/connection/opposite_face.py", line 620, in make_partition_connection
    grp_batches = _make_cross_face_batches(actx,
                  ^^^^^^^^^^^^^^^^^^^^^^^^^^^^^^
  File "/p/gpfs1/mtcampbe/CEESD/AutomatedTesting/RepoMonitoring/pilot-timing/emirge/meshmode/meshmode/discretization/connection/opposite_face.py", line 69, in _make_cross_face_batches
    for ary in tgt_bdry_discr.nodes(cached=False)
               ^^^^^^^^^^^^^^^^^^^^^^^^^^^^^^^^^^
  File "/p/gpfs1/mtcampbe/CEESD/AutomatedTesting/RepoMonitoring/pilot-timing/emirge/meshmode/meshmode/discretization/__init__.py", line 590, in nodes
    _DOFArray(None, tuple(actx.freeze(resample_mesh_nodes(grp, iaxis))
                    ^^^^^^^^^^^^^^^^^^^^^^^^^^^^^^^^^^^^^^^^^^^^^^^^^^
  File "/p/gpfs1/mtcampbe/CEESD/AutomatedTesting/RepoMonitoring/pilot-timing/emirge/meshmode/meshmode/discretization/__init__.py", line 590, in <genexpr>
    _DOFArray(None, tuple(actx.freeze(resample_mesh_nodes(grp, iaxis))
                          ^^^^^^^^^^^^^^^^^^^^^^^^^^^^^^^^^^^^^^^^^^^^
  File "/p/gpfs1/mtcampbe/CEESD/AutomatedTesting/RepoMonitoring/pilot-timing/emirge/arraycontext/arraycontext/impl/pytato/__init__.py", line 605, in freeze
    pt_prg = pt_prg.with_transformed_translation_unit(
             ^^^^^^^^^^^^^^^^^^^^^^^^^^^^^^^^^^^^^^^^^
  File "/p/gpfs1/mtcampbe/CEESD/AutomatedTesting/RepoMonitoring/pilot-timing/emirge/pytato/pytato/target/loopy/__init__.py", line 300, in with_transformed_translation_unit
    program=f(self.program.t_unit).executor(self.cl_context),
            ^^^^^^^^^^^^^^^^^^^^^^
  File "/p/gpfs1/mtcampbe/CEESD/AutomatedTesting/RepoMonitoring/pilot-timing/emirge/meshmode/meshmode/array_context.py", line 1652, in transform_loopy_program
    r = self.transform_loopy_cache[t_unit]
        ~~~~~~~~~~~~~~~~~~~~~~~~~~^^^^^^^^
  File "/p/gpfs1/mtcampbe/CEESD/AutomatedTesting/RepoMonitoring/pilot-timing/emirge/pytools/pytools/persistent_dict.py", line 588, in __getitem__
Traceback (most recent call last):
  File "/p/gpfs1/mtcampbe/CEESD/AutomatedTesting/RepoMonitoring/pilot-timing/emirge/arraycontext/arraycontext/impl/pytato/__init__.py", line 573, in freeze
    pt_prg = self._freeze_prg_cache[normalized_expr]
             ~~~~~~~~~~~~~~~~~~~~~~^^^^^^^^^^^^^^^^^
KeyError    return self.fetch(key)
           ^^^^^^^^^^^^^^^
  File "/p/gpfs1/mtcampbe/CEESD/AutomatedTesting/RepoMonitoring/pilot-timing/emirge/pytools/pytools/persistent_dict.py", line 755, in fetch
    stored_key, value = self._fetch(keyhash)
Traceback (most recent call last):
  File "/p/gpfs1/mtcampbe/CEESD/AutomatedTesting/RepoMonitoring/pilot-timing/emirge/arraycontext/arraycontext/impl/pytato/__init__.py", line 573, in freeze
                            pt_prg = self._freeze_prg_cache[normalized_expr]
^^^^^^^^^^^^^^^^^^^^
  File "/p/gpfs1/mtcampbe/CEESD/AutomatedTesting/RepoMonitoring/pilot-timing/emirge/pytools/pytools/persistent_dict.py", line 747, in _fetch_uncached
             ~~~~~~~~~~~~~~~    key, value = pickle.loads(row[0])
~~~~~~~^^^^^^^^^^^^^^^^^
KeyError                 ^^^^^^^^^^^^^^^^^^^^
AttributeError: Can't get attribute '_read_from_str_wrapper' on <module 'islpy' from '/p/gpfs1/mtcampbe/CEESD/AutomatedTesting/RepoMonitoring/pilot-timing/emirge/miniforge3/envs/timing.pilot/lib/python3.12/site-packages/islpy/__init__.py'>
Traceback (most recent call last):
  File "/p/gpfs1/mtcampbe/CEESD/AutomatedTesting/RepoMonitoring/pilot-timing/emirge/arraycontext/arraycontext/impl/pytato/__init__.py", line 573, in freeze
    pt_prg = self._freeze_prg_cache[normalized_expr]
             ~~~~~~~~~~~~~~~~~~~~~~^^^^^^^^^^^^^^^^^
KeyError: DictOfNamedArrays(tags=frozenset(), data={'_ary': Einsum(tags={PrefixNamed(prefix='nodes0_3d'), FirstAxisIsElementsTag()}, access_descriptors=((EinsumElementwiseAxis(dim=1), EinsumReductionAxis(dim=0)), (EinsumElementwiseAxis(dim=0), EinsumReductionAxis(dim=0))), args=(Placeholder(shape=(15, 3), dtype='float64', axes=(Axis(tags=frozenset({DiscretizationDOFAxisTag()})), Axis(tags=frozenset())), name='_actx_dw'), Placeholder(shape=(1149, 3), dtype='float64', axes=(Axis(tags=frozenset({DiscretizationElementAxisTag()})), Axis(tags=frozenset({DiscretizationDOFAxisTag()}))), name='_actx_dw_0')), redn_axis_to_redn_descr={EinsumReductionAxis(dim=0): ReductionDescriptor(tags=frozenset())})})

During handling of the above exception, another exception occurred:

Traceback (most recent call last):
  File "/p/gpfs1/mtcampbe/CEESD/AutomatedTesting/RepoMonitoring/pilot-timing/emirge/arraycontext/arraycontext/impl/pytato/__init__.py", line 573, in freeze
Traceback (most recent call last):
  File "<frozen runpy>", line 198, in _run_module_as_main
  File "<frozen runpy>", line 88, in _run_code
  File "/p/gpfs1/mtcampbe/CEESD/AutomatedTesting/RepoMonitoring/pilot-timing/emirge/miniforge3/envs/timing.pilot/lib/python3.12/site-packages/mpi4py/__main__.py", line 7, in <module>
    main()
    pt_prg = self._freeze_prg_cache[normalized_expr]
  File "/p/gpfs1/mtcampbe/CEESD/AutomatedTesting/RepoMonitoring/pilot-timing/emirge/miniforge3/envs/timing.pilot/lib/python3.12/site-packages/mpi4py/run.py", line 214, in main
             ~~~~~~~~~~~~~~~~~~~~~~^^^^^^^^^^^^^^^^^
KeyError: DictOfNamedArrays(tags=frozenset(), data={'_ary': Einsum(tags={PrefixNamed(prefix='nodes0_3d'), FirstAxisIsElementsTag()}, access_descriptors=((EinsumElementwiseAxis(dim=1), EinsumReductionAxis(dim=0)), (EinsumElementwiseAxis(dim=0), EinsumReductionAxis(dim=0))), args=(Placeholder(shape=(15, 3), dtype='float64', axes=(Axis(tags=frozenset({DiscretizationDOFAxisTag()})), Axis(tags=frozenset())), name='_actx_dw'), Placeholder(shape=(1123, 3), dtype='float64', axes=(Axis(tags=frozenset({DiscretizationElementAxisTag()})), Axis(tags=frozenset({DiscretizationDOFAxisTag()}))), name='_actx_dw_0')), redn_axis_to_redn_descr={EinsumReductionAxis(dim=0): ReductionDescriptor(tags=frozenset())})})

During handling of the above exception, another exception occurred:

    run_command_line(args)
Traceback (most recent call last):
  File "<frozen runpy>", line 198, in _run_module_as_main
  File "<frozen runpy>", line 88, in _run_code
  File "/p/gpfs1/mtcampbe/CEESD/AutomatedTesting/RepoMonitoring/pilot-timing/emirge/miniforge3/envs/timing.pilot/lib/python3.12/site-packages/mpi4py/__main__.py", line 7, in <module>
  File "/p/gpfs1/mtcampbe/CEESD/AutomatedTesting/RepoMonitoring/pilot-timing/emirge/miniforge3/envs/timing.pilot/lib/python3.12/site-packages/mpi4py/run.py", line 46, in run_command_line
    main()
  File "/p/gpfs1/mtcampbe/CEESD/AutomatedTesting/RepoMonitoring/pilot-timing/emirge/miniforge3/envs/timing.pilot/lib/python3.12/site-packages/mpi4py/run.py", line 214, in main
    run_path(sys.argv[0], run_name='__main__')
    run_command_line(args)
  File "<frozen runpy>", line 287, in run_path
  File "<frozen runpy>", line 98, in _run_module_code
  File "<frozen runpy>", line 88, in _run_code
: DictOfNamedArrays(tags=frozenset(), data={'_ary': Einsum(tags={PrefixNamed(prefix='nodes0_3d'), FirstAxisIsElementsTag()}, access_descriptors=((EinsumElementwiseAxis(dim=1), EinsumReductionAxis(dim=0)), (EinsumElementwiseAxis(dim=0), EinsumReductionAxis(dim=0))), args=(Placeholder(shape=(15, 3), dtype='float64', axes=(Axis(tags=frozenset({DiscretizationDOFAxisTag()})), Axis(tags=frozenset())), name='_actx_dw'), Placeholder(shape=(16, 3), dtype='float64', axes=(Axis(tags=frozenset({DiscretizationElementAxisTag()})), Axis(tags=frozenset({DiscretizationDOFAxisTag()}))), name='_actx_dw_0')), redn_axis_to_redn_descr={EinsumReductionAxis(dim=0): ReductionDescriptor(tags=frozenset())})})

During handling of the above exception, another exception occurred:

Traceback (most recent call last):
  File "/p/gpfs1/mtcampbe/CEESD/AutomatedTesting/RepoMonitoring/pilot-timing/emirge/miniforge3/envs/timing.pilot/lib/python3.12/site-packages/mpi4py/run.py", line 46, in run_command_line
    run_path(sys.argv[0], run_name='__main__')
  File "driver.py", line 83, in <module>
  File "<frozen runpy>", line 198, in _run_module_as_main
  File "<frozen runpy>", line 88, in _run_code
  File "/p/gpfs1/mtcampbe/CEESD/AutomatedTesting/RepoMonitoring/pilot-timing/emirge/miniforge3/envs/timing.pilot/lib/python3.12/site-packages/mpi4py/__main__.py", line 7, in <module>
  File "<frozen runpy>", line 287, in run_path
  File "<frozen runpy>", line 98, in _run_module_code
  File "<frozen runpy>", line 88, in _run_code
  File "driver.py", line 83, in <module>
    main(actx_class, restart_filename=restart_filename,
    main(actx_class, restart_filename=restart_filename,
  File "/p/gpfs1/mtcampbe/CEESD/AutomatedTesting/RepoMonitoring/pilot-timing/emirge/mirgecom/mirgecom/mpi.py", line 152, in wrapped_func
    func(*args, **kwargs)
    main()
  File "/p/gpfs1/mtcampbe/CEESD/AutomatedTesting/RepoMonitoring/pilot-timing/emirge/mirgecom/mirgecom/mpi.py", line 152, in wrapped_func
  File "/p/gpfs1/mtcampbe/CEESD/AutomatedTesting/RepoMonitoring/pilot-timing/y3-prediction-scaling-run/y3prediction/prediction.py", line 3975, in main
  File "/p/gpfs1/mtcampbe/CEESD/AutomatedTesting/RepoMonitoring/pilot-timing/emirge/miniforge3/envs/timing.pilot/lib/python3.12/site-packages/mpi4py/run.py", line 214, in main
: DictOfNamedArrays(tags=frozenset(), data={'_ary': Einsum(tags={FirstAxisIsElementsTag(), PrefixNamed(prefix='nodes0_3d')}, access_descriptors=((EinsumElementwiseAxis(dim=1), EinsumReductionAxis(dim=0)), (EinsumElementwiseAxis(dim=0), EinsumReductionAxis(dim=0))), args=(Placeholder(shape=(15, 3), dtype='float64', axes=(Axis(tags=frozenset({DiscretizationDOFAxisTag()})), Axis(tags=frozenset())), name='_actx_dw'), Placeholder(shape=(1173, 3), dtype='float64', axes=(Axis(tags=frozenset({DiscretizationElementAxisTag()})), Axis(tags=frozenset({DiscretizationDOFAxisTag()}))), name='_actx_dw_0')), redn_axis_to_redn_descr={EinsumReductionAxis(dim=0): ReductionDescriptor(tags=frozenset())})})

During handling of the above exception, another exception occurred:

Traceback (most recent call last):
    func(*args, **kwargs)
  File "<frozen runpy>", line 198, in _run_module_as_main
  File "<frozen runpy>", line 88, in _run_code
  File "/p/gpfs1/mtcampbe/CEESD/AutomatedTesting/RepoMonitoring/pilot-timing/emirge/miniforge3/envs/timing.pilot/lib/python3.12/site-packages/mpi4py/__main__.py", line 7, in <module>
    main()
  File "/p/gpfs1/mtcampbe/CEESD/AutomatedTesting/RepoMonitoring/pilot-timing/y3-prediction-scaling-run/y3prediction/prediction.py", line 3975, in main
    run_command_line(args)
  File "/p/gpfs1/mtcampbe/CEESD/AutomatedTesting/RepoMonitoring/pilot-timing/emirge/miniforge3/envs/timing.pilot/lib/python3.12/site-packages/mpi4py/run.py", line 214, in main
  File "/p/gpfs1/mtcampbe/CEESD/AutomatedTesting/RepoMonitoring/pilot-timing/emirge/miniforge3/envs/timing.pilot/lib/python3.12/site-packages/mpi4py/run.py", line 46, in run_command_line
    run_command_line(args)
    run_path(sys.argv[0], run_name='__main__')
  File "/p/gpfs1/mtcampbe/CEESD/AutomatedTesting/RepoMonitoring/pilot-timing/emirge/miniforge3/envs/timing.pilot/lib/python3.12/site-packages/mpi4py/run.py", line 46, in run_command_line
  File "<frozen runpy>", line 287, in run_path
  File "<frozen runpy>", line 98, in _run_module_code
  File "<frozen runpy>", line 88, in _run_code
  File "driver.py", line 83, in <module>
    run_path(sys.argv[0], run_name='__main__')
    main(actx_class, restart_filename=restart_filename,
  File "/p/gpfs1/mtcampbe/CEESD/AutomatedTesting/RepoMonitoring/pilot-timing/emirge/mirgecom/mirgecom/mpi.py", line 152, in wrapped_func
  File "<frozen runpy>", line 287, in run_path
  File "<frozen runpy>", line 98, in _run_module_code
  File "<frozen runpy>", line 88, in _run_code
  File "driver.py", line 83, in <module>
    func(*args, **kwargs)
    main(actx_class, restart_filename=restart_filename,
  File "/p/gpfs1/mtcampbe/CEESD/AutomatedTesting/RepoMonitoring/pilot-timing/emirge/mirgecom/mirgecom/mpi.py", line 152, in wrapped_func
    func(*args, **kwargs)
  File "/p/gpfs1/mtcampbe/CEESD/AutomatedTesting/RepoMonitoring/pilot-timing/y3-prediction-scaling-run/y3prediction/prediction.py", line 3975, in main
    dcoll = create_discretization_collection(
    dcoll = create_discretization_collection(
Traceback (most recent call last):
  File "/p/gpfs1/mtcampbe/CEESD/AutomatedTesting/RepoMonitoring/pilot-timing/emirge/arraycontext/arraycontext/impl/pytato/__init__.py", line 573, in freeze
  File "/p/gpfs1/mtcampbe/CEESD/AutomatedTesting/RepoMonitoring/pilot-timing/y3-prediction-scaling-run/y3prediction/prediction.py", line 3975, in main
                  ^^^^^^^^^^^^^^^^^^^^^^^^^^^^^^^^^
  File "/p/gpfs1/mtcampbe/CEESD/AutomatedTesting/RepoMonitoring/pilot-timing/emirge/mirgecom/mirgecom/discretization.py", line 76, in create_discretization_collection
      ^^^^^^^^^^^^^^^^^^^^^^^^^^^^^    return make_discretization_collection(
            pt_prg = self._freeze_prg_cache[normalized_expr]
              ^^^^^^^^^^^^^^^^^^^^^^^^^^^
  File "/p/gpfs1/mtcampbe/CEESD/AutomatedTesting/RepoMonitoring/pilot-timing/emirge/mirgecom/mirgecom/discretization.py", line 76, in create_discretization_collection
^^^^^^^^
  File "/p/gpfs1/mtcampbe/CEESD/AutomatedTesting/RepoMonitoring/pilot-timing/emirge/grudge/grudge/discretization.py", line 1091, in make_discretization_collection
  ~~~~~~~~~~~~~~~~~~~~~~^^^^^^^^^^^^^^^^^
KeyError    inter_part_connections=_set_up_inter_part_connections(
           return make_discretization_collection(
                        ^^^^^^Traceback (most recent call last):
  File "/p/gpfs1/mtcampbe/CEESD/AutomatedTesting/RepoMonitoring/pilot-timing/emirge/arraycontext/arraycontext/impl/pytato/__init__.py", line 573, in freeze
^^^^^^^^^^^^^^^^^^^^^^^^^       ^^^^^^^^^^^^^^^^    pt_prg = self._freeze_prg_cache[normalized_expr]
^^^^^^^^^^^^^^^
  File "/p/gpfs1/mtcampbe/CEESD/AutomatedTesting/RepoMonitoring/pilot-timing/emirge/grudge/grudge/discretization.py", line 1091, in make_discretization_collection

  File "/p/gpfs1/mtcampbe/CEESD/AutomatedTesting/RepoMonitoring/pilot-timing/emirge/grudge/grudge/discretization.py", line 946, in _set_up_inter_part_connections
    dcoll = create_discretization_collection(
    dcoll = create_discretization_collection(
             ~~~~~~~~~~~~            ^            ^^^^^^^^^^^^^^^^^^^^^^^^^^^^^^^^^^^^^^^
~~~~~~~~~~^^^^^^^^^^^^^^^^^^^^^^^^^^^^^^^^^^^^^^^^^^
  File "/p/gpfs1/mtcampbe/CEESD/AutomatedTesting/RepoMonitoring/pilot-timing/emirge/mirgecom/mirgecom/discretization.py", line 76, in create_discretization_collection
: DictOfNamedArrays(tags=frozenset(), data={'_ary': Einsum(tags={FirstAxisIsElementsTag(), PrefixNamed(prefix='nodes0_3d')}, access_descriptors=((EinsumElementwiseAxis(dim=1), EinsumReductionAxis(dim=0)), (EinsumElementwiseAxis(dim=0), EinsumReductionAxis(dim=0))), args=(Placeholder(shape=(15, 3), dtype='float64', axes=(Axis(tags=frozenset({DiscretizationDOFAxisTag()})), Axis(tags=frozenset())), name='_actx_dw'), Placeholder(shape=(1236, 3), dtype='float64', axes=(Axis(tags=frozenset({DiscretizationElementAxisTag()})), Axis(tags=frozenset({DiscretizationDOFAxisTag()}))), name='_actx_dw_0')), redn_axis_to_redn_descr={EinsumReductionAxis(dim=0): ReductionDescriptor(tags=frozenset())})})

During handling of the above exception, another exception occurred:
^
KeyError  File "/p/gpfs1/mtcampbe/CEESD/AutomatedTesting/RepoMonitoring/pilot-timing/emirge/mirgecom/mirgecom/discretization.py", line 76, in create_discretization_collection
: DictOfNamedArrays(tags=frozenset(), data={'_ary': Einsum(tags={FirstAxisIsElementsTag(), PrefixNamed(prefix='nodes0_3d')}, access_descriptors=((EinsumElementwiseAxis(dim=1), EinsumReductionAxis(dim=0)), (EinsumElementwiseAxis(dim=0), EinsumReductionAxis(dim=0))), args=(Placeholder(shape=(15, 3), dtype='float64', axes=(Axis(tags=frozenset({DiscretizationDOFAxisTag()})), Axis(tags=frozenset())), name='_actx_dw'), Placeholder(shape=(1634, 3), dtype='float64', axes=(Axis(tags=frozenset({DiscretizationElementAxisTag()})), Axis(tags=frozenset({DiscretizationDOFAxisTag()}))), name='_actx_dw_0')), redn_axis_to_redn_descr={EinsumReductionAxis(dim=0): ReductionDescriptor(tags=frozenset())})})

During handling of the above exception, another exception occurred:

Traceback (most recent call last):
    make_partition_connection(
  File "/p/gpfs1/mtcampbe/CEESD/AutomatedTesting/RepoMonitoring/pilot-timing/emirge/meshmode/meshmode/discretization/connection/opposite_face.py", line 620, in make_partition_connection

Traceback (most recent call last):
  File "<frozen runpy>", line 198, in _run_module_as_main
  File "<frozen runpy>", line 88, in _run_code
  File "/p/gpfs1/mtcampbe/CEESD/AutomatedTesting/RepoMonitoring/pilot-timing/emirge/miniforge3/envs/timing.pilot/lib/python3.12/site-packages/mpi4py/__main__.py", line 7, in <module>
  File "<frozen runpy>", line 198, in _run_module_as_main
  File "<frozen runpy>", line 88, in _run_code
  File "/p/gpfs1/mtcampbe/CEESD/AutomatedTesting/RepoMonitoring/pilot-timing/emirge/miniforge3/envs/timing.pilot/lib/python3.12/site-packages/mpi4py/__main__.py", line 7, in <module>
    return make_discretization_collection(
           main()
    main()
    return make_discretization_collection(
          File "/p/gpfs1/mtcampbe/CEESD/AutomatedTesting/RepoMonitoring/pilot-timing/emirge/miniforge3/envs/timing.pilot/lib/python3.12/site-packages/mpi4py/run.py", line 214, in main
    ^^^^^^^^^^^^^^^^^^^^^   ^^^^^^^^^^^^^^^^^^^^^^  File "/p/gpfs1/mtcampbe/CEESD/AutomatedTesting/RepoMonitoring/pilot-timing/emirge/miniforge3/envs/timing.pilot/lib/python3.12/site-packages/mpi4py/run.py", line 214, in main
^^^^^^^^^^
  File "/p/gpfs1/mtcampbe/CEESD/AutomatedTesting/RepoMonitoring/pilot-timing/emirge/grudge/grudge/discretization.py", line 1091, in make_discretization_collection
    run_command_line(args)
^^^^^^^^^
  File "/p/gpfs1/mtcampbe/CEESD/AutomatedTesting/RepoMonitoring/pilot-timing/emirge/grudge/grudge/discretization.py", line 1091, in make_discretization_collection
    run_command_line(args)
  File "/p/gpfs1/mtcampbe/CEESD/AutomatedTesting/RepoMonitoring/pilot-timing/emirge/miniforge3/envs/timing.pilot/lib/python3.12/site-packages/mpi4py/run.py", line 46, in run_command_line
    run_path(sys.argv[0], run_name='__main__')
    inter_part_connections=_set_up_inter_part_connections(
         File "/p/gpfs1/mtcampbe/CEESD/AutomatedTesting/RepoMonitoring/pilot-timing/emirge/miniforge3/envs/timing.pilot/lib/python3.12/site-packages/mpi4py/run.py", line 46, in run_command_line
    grp_batches = _make_cross_face_batches(actx,
                  ^^^^^^^^  File "<frozen runpy>", line 287, in run_path
  File "<frozen runpy>", line 98, in _run_module_code
  File "<frozen runpy>", line 88, in _run_code
  File "driver.py", line 83, in <module>
                    ^^^^^^^^^^    run_path(sys.argv[0], run_name='__main__')
^^^^^^^^^^^^^^^^^^^^^^
  File "/p/gpfs1/mtcampbe/CEESD/AutomatedTesting/RepoMonitoring/pilot-timing/emirge/meshmode/meshmode/discretization/connection/opposite_face.py", line 69, in _make_cross_face_batches
^^^^^^^^^^^^^^^^^^^^^
  File "/p/gpfs1/mtcampbe/CEESD/AutomatedTesting/RepoMonitoring/pilot-timing/emirge/grudge/grudge/discretization.py", line 946, in _set_up_inter_part_connections
    main(actx_class, restart_filename=restart_filename,
  File "/p/gpfs1/mtcampbe/CEESD/AutomatedTesting/RepoMonitoring/pilot-timing/emirge/mirgecom/mirgecom/mpi.py", line 152, in wrapped_func
    func(*args, **kwargs)
    make_partition_connection(
  File "/p/gpfs1/mtcampbe/CEESD/AutomatedTesting/RepoMonitoring/pilot-timing/emirge/meshmode/meshmode/discretization/connection/opposite_face.py", line 620, in make_partition_connection
  File "<frozen runpy>", line 287, in run_path
  File "<frozen runpy>", line 98, in _run_module_code
  File "<frozen runpy>", line 88, in _run_code
  File "driver.py", line 83, in <module>
    for ary in tgt_bdry_discr.nodes(cached=False)
  File "/p/gpfs1/mtcampbe/CEESD/AutomatedTesting/RepoMonitoring/pilot-timing/y3-prediction-scaling-run/y3prediction/prediction.py", line 3975, in main
    grp_batches = _make_cross_face_batches(actx,
          main(actx_class, restart_filename=restart_filename,
  File "/p/gpfs1/mtcampbe/CEESD/AutomatedTesting/RepoMonitoring/pilot-timing/emirge/mirgecom/mirgecom/mpi.py", line 152, in wrapped_func
    dcoll = create_discretization_collection(
            ^^^^^^^^^^^^^^^^^    inter_part_connections=_set_up_inter_part_connections(
                               ^^^^^^^^^^^^^
  File "/p/gpfs1/mtcampbe/CEESD/AutomatedTesting/RepoMonitoring/pilot-timing/emirge/meshmode/meshmode/discretization/connection/opposite_face.py", line 69, in _make_cross_face_batches
               ^^^^^^^^^^^^^^^^^^^^^^^^    func(*args, **kwargs)
^^^^^^^^^^^^^^^^^^^^^^^^^^^^^^^^^
  File "/p/gpfs1/mtcampbe/CEESD/AutomatedTesting/RepoMonitoring/pilot-timing/emirge/mirgecom/mirgecom/discretization.py", line 76, in create_discretization_collection
        ^^^^^^^^^^^^^^^^^^^^^^^^^^^^^^^
  File "/p/gpfs1/mtcampbe/CEESD/AutomatedTesting/RepoMonitoring/pilot-timing/emirge/grudge/grudge/discretization.py", line 946, in _set_up_inter_part_connections
    return make_discretization_collection(
          for ary in tgt_bdry_discr.nodes(cached=False)
    inter_part_connections=_set_up_inter_part_connections(
             ^^^^^^^^^^^^^^^^^^^^^^^^^^               ^^^^^^^^^^^^^^^^^
  File "/p/gpfs1/mtcampbe/CEESD/AutomatedTesting/RepoMonitoring/pilot-timing/emirge/meshmode/meshmode/discretization/__init__.py", line 590, in nodes
                  ^^^^^^^^^^^^^^^^^^^^^^^^^^^
  File "/p/gpfs1/mtcampbe/CEESD/AutomatedTesting/RepoMonitoring/pilot-timing/y3-prediction-scaling-run/y3prediction/prediction.py", line 3975, in main
^^^^^
  File "/p/gpfs1/mtcampbe/CEESD/AutomatedTesting/RepoMonitoring/pilot-timing/emirge/grudge/grudge/discretization.py", line 1091, in make_discretization_collection
    _DOFArray(None, tuple(actx.freeze(resample_mesh_nodes(grp, iaxis))
          File "/p/gpfs1/mtcampbe/CEESD/AutomatedTesting/RepoMonitoring/pilot-timing/emirge/meshmode/meshmode/discretization/__init__.py", line 590, in nodes
 ^^^^^^^^^^^^^^^^^^^^^^^^^^^^^^^
  File "/p/gpfs1/mtcampbe/CEESD/AutomatedTesting/RepoMonitoring/pilot-timing/emirge/grudge/grudge/discretization.py", line 946, in _set_up_inter_part_connections
    inter_part_connections=_set_up_inter_part_connections(
                    ^^^^^^^^^^^^^^^                   ^^^^^^^^    _DOFArray(None, tuple(actx.freeze(resample_mesh_nodes(grp, iaxis))
          make_partition_connection(
  File "/p/gpfs1/mtcampbe/CEESD/AutomatedTesting/RepoMonitoring/pilot-timing/emirge/meshmode/meshmode/discretization/connection/opposite_face.py", line 620, in make_partition_connection
    make_partition_connection(
  File "/p/gpfs1/mtcampbe/CEESD/AutomatedTesting/RepoMonitoring/pilot-timing/emirge/meshmode/meshmode/discretization/connection/opposite_face.py", line 620, in make_partition_connection
^^^^^^^^^^^^^^^^^^^^^^^^^^^^^^^^^^^
              ^^^^^^^^^^^^^^^^^^^^^^^^^^^^^^^^^^^^^
  File "/p/gpfs1/mtcampbe/CEESD/AutomatedTesting/RepoMonitoring/pilot-timing/emirge/grudge/grudge/discretization.py", line 946, in _set_up_inter_part_connections
    make_partition_connection(
  File "/p/gpfs1/mtcampbe/CEESD/AutomatedTesting/RepoMonitoring/pilot-timing/emirge/meshmode/meshmode/discretization/connection/opposite_face.py", line 620, in make_partition_connection
  File "/p/gpfs1/mtcampbe/CEESD/AutomatedTesting/RepoMonitoring/pilot-timing/emirge/meshmode/meshmode/discretization/__init__.py", line 590, in <genexpr>
^^^^^^^^^^^^^^^^^^^^^^^^^^^    dcoll = create_discretization_collection(
    grp_batches = _make_cross_face_batches(actx,
       ^^^^^^^^^
  File "/p/gpfs1/mtcampbe/CEESD/AutomatedTesting/RepoMonitoring/pilot-timing/emirge/meshmode/meshmode/discretization/__init__.py", line 590, in <genexpr>
                    ^^^^^^^^^^^^^^^^    grp_batches = _make_cross_face_batches(actx,
     ^^^^^^^^^^^^^^
  File "/p/gpfs1/mtcampbe/CEESD/AutomatedTesting/RepoMonitoring/pilot-timing/emirge/meshmode/meshmode/discretization/connection/opposite_face.py", line 69, in _make_cross_face_batches
    _DOFArray(None, tuple(actx.freeze(resample_mesh_nodes(grp, iaxis))
                       ^^^^^^^^^^^^^^^^^^^    for ary in tgt_bdry_discr.nodes(cached=False)
    _DOFArray(None, tuple(actx.freeze(resample_mesh_nodes(grp, iaxis))
^^^^^^^^^^^^^^
  File "/p/gpfs1/mtcampbe/CEESD/AutomatedTesting/RepoMonitoring/pilot-timing/emirge/mirgecom/mirgecom/discretization.py", line 76, in create_discretization_collection
               ^^^^^^^^                                     ^^^^^^^^^^^^^^^^^^^^^^^^^^^^^^
^^^^^^^^^^^^^^^^^^^^^^^^^    return make_discretization_collection(
           ^^
  File "/p/gpfs1/mtcampbe/CEESD/AutomatedTesting/RepoMonitoring/pilot-timing/emirge/meshmode/meshmode/discretization/__init__.py", line 590, in nodes
      ^^^^^^^^^^^^^^^^^^^^^^^^^^^^^^^^^^^^^^^^^^^^^^^^^^^^^^^^^^^^^^^^^^^^^^^^
  ^^^^^^^^^^^^^^^^^^^^^^^    _DOFArray(None, tuple(actx.freeze(resample_mesh_nodes(grp, iaxis))
         File "/p/gpfs1/mtcampbe/CEESD/AutomatedTesting/RepoMonitoring/pilot-timing/emirge/meshmode/meshmode/discretization/connection/opposite_face.py", line 69, in _make_cross_face_batches
  File "/p/gpfs1/mtcampbe/CEESD/AutomatedTesting/RepoMonitoring/pilot-timing/emirge/grudge/grudge/discretization.py", line 1091, in make_discretization_collection
             ^^^^^^^^^^^^^^^^^^
  File "/p/gpfs1/mtcampbe/CEESD/AutomatedTesting/RepoMonitoring/pilot-timing/emirge/arraycontext/arraycontext/impl/pytato/__init__.py", line 605, in freeze
^^^^^^^^^^^^^^^^^^^^^
  File "/p/gpfs1/mtcampbe/CEESD/AutomatedTesting/RepoMonitoring/pilot-timing/emirge/arraycontext/arraycontext/impl/pytato/__init__.py", line 605, in freeze
    inter_part_connections=_set_up_inter_part_connections(
              for ary in tgt_bdry_discr.nodes(cached=False)
               ^^^^^^^^^^^^^^^^^^^^^^^^^^^^^^^^^^^^^^^^^^^^^^^^^^^^^^^^^^^^^^^^^^
  File "/p/gpfs1/mtcampbe/CEESD/AutomatedTesting/RepoMonitoring/pilot-timing/emirge/meshmode/meshmode/discretization/__init__.py", line 590, in <genexpr>
    pt_prg = pt_prg.with_transformed_translation_unit(
                       ^^^^^^^^^^^^^^^^^^^^^^^^^^^^^^^
^^
  File "/p/gpfs1/mtcampbe/CEESD/AutomatedTesting/RepoMonitoring/pilot-timing/emirge/meshmode/meshmode/discretization/__init__.py", line 590, in nodes
    _DOFArray(None, tuple(actx.freeze(resample_mesh_nodes(grp, iaxis))
  File "/p/gpfs1/mtcampbe/CEESD/AutomatedTesting/RepoMonitoring/pilot-timing/emirge/grudge/grudge/discretization.py", line 946, in _set_up_inter_part_connections
       ^^^^^^^^^^^^^^^^^^                      ^^^^^^^^^^^^^^^^^^^^^^^
    pt_prg = pt_prg.with_transformed_translation_unit(
             grp_batches = _make_cross_face_batches(actx,
     ^^^^^^^^^^^^^^^^^^^^^                 ^  File "/p/gpfs1/mtcampbe/CEESD/AutomatedTesting/RepoMonitoring/pilot-timing/emirge/pytato/pytato/target/loopy/__init__.py", line 300, in with_transformed_translation_unit
    ^^^^^^^^^^^^^^^^^^^^^^^^^^^^^^^^^^^^^^^^^^^^
^^^^^^^^^^^^^^^^^^^^
  File "/p/gpfs1/mtcampbe/CEESD/AutomatedTesting/RepoMonitoring/pilot-timing/emirge/arraycontext/arraycontext/impl/pytato/__init__.py", line 605, in freeze
Traceback (most recent call last):
  File "/p/gpfs1/mtcampbe/CEESD/AutomatedTesting/RepoMonitoring/pilot-timing/emirge/arraycontext/arraycontext/impl/pytato/__init__.py", line 573, in freeze
^^^^^^^^^^^^^^^^^^^^^^    pt_prg = pt_prg.with_transformed_translation_unit(
          pt_prg = self._freeze_prg_cache[normalized_expr]
    make_partition_connection(
  File "/p/gpfs1/mtcampbe/CEESD/AutomatedTesting/RepoMonitoring/pilot-timing/emirge/meshmode/meshmode/discretization/connection/opposite_face.py", line 620, in make_partition_connection
    _DOFArray(None, tuple(actx.freeze(resample_mesh_nodes(grp, iaxis))
                    ^^^^^^^^^^^^^^^^^^^^^^^^^             ~~~~~~~~~~~~~~~~^^^^^^^
  File "/p/gpfs1/mtcampbe/CEESD/AutomatedTesting/RepoMonitoring/pilot-timing/emirge/meshmode/meshmode/discretization/connection/opposite_face.py", line 69, in _make_cross_face_batches
^^^^^^^^^^^^^^^^
  File "/p/gpfs1/mtcampbe/CEESD/AutomatedTesting/RepoMonitoring/pilot-timing/emirge/pytato/pytato/target/loopy/__init__.py", line 300, in with_transformed_translation_unit
       ^^^^^^^^^^^^^^^^^^^^^^^^    program=f(self.program.t_unit).executor(self.cl_context),
~~~~~~^^^^^^^^^^^^^^^^^
KeyError            ^^^^^^^^^^^^^^  File "/p/gpfs1/mtcampbe/CEESD/AutomatedTesting/RepoMonitoring/pilot-timing/emirge/pytato/pytato/target/loopy/__init__.py", line 300, in with_transformed_translation_unit
    program=f(self.program.t_unit).executor(self.cl_context),
    for ary in tgt_bdry_discr.nodes(cached=False)
^^^^^^^^
  File "/p/gpfs1/mtcampbe/CEESD/AutomatedTesting/RepoMonitoring/pilot-timing/emirge/meshmode/meshmode/array_context.py", line 1652, in transform_loopy_program
            ^^^^^^^^^^^^^^^^^^^^^^^^^^^^^^^^^^^^^^^
  File "/p/gpfs1/mtcampbe/CEESD/AutomatedTesting/RepoMonitoring/pilot-timing/emirge/meshmode/meshmode/discretization/__init__.py", line 590, in <genexpr>
               ^^^^^^^^^    r = self.transform_loopy_cache[t_unit]
^^^^^^^^^
  File "/p/gpfs1/mtcampbe/CEESD/AutomatedTesting/RepoMonitoring/pilot-timing/emirge/meshmode/meshmode/array_context.py", line 1652, in transform_loopy_program
    program=f(self.program.t_unit).executor(self.cl_context),
            ^^^^^        ~~~~~~~~~~~~~~~~~    grp_batches = _make_cross_face_batches(actx,
                  ^^^^^^^^^^^^^^^~~~~~~~~~^^^^^^^^
  File "/p/gpfs1/mtcampbe/CEESD/AutomatedTesting/RepoMonitoring/pilot-timing/emirge/pytools/pytools/persistent_dict.py", line 588, in __getitem__
: DictOfNamedArrays(tags=frozenset(), data={'_ary': Einsum(tags={PrefixNamed(prefix='nodes0_3d'), FirstAxisIsElementsTag()}, access_descriptors=((EinsumElementwiseAxis(dim=1), EinsumReductionAxis(dim=0)), (EinsumElementwiseAxis(dim=0), EinsumReductionAxis(dim=0))), args=(Placeholder(shape=(15, 3), dtype='float64', axes=(Axis(tags=frozenset({DiscretizationDOFAxisTag()})), Axis(tags=frozenset())), name='_actx_dw'), Placeholder(shape=(1897, 3), dtype='float64', axes=(Axis(tags=frozenset({DiscretizationElementAxisTag()})), Axis(tags=frozenset({DiscretizationDOFAxisTag()}))), name='_actx_dw_0')), redn_axis_to_redn_descr={EinsumReductionAxis(dim=0): ReductionDescriptor(tags=frozenset())})})

During handling of the above exception, another exception occurred:

Traceback (most recent call last):
^^^^^^^^^^^^^^^^^
  File "/p/gpfs1/mtcampbe/CEESD/AutomatedTesting/RepoMonitoring/pilot-timing/emirge/meshmode/meshmode/array_context.py", line 1652, in transform_loopy_program
^^^^^^^^^^^^^^^^^^^^^^^^^
  File "/p/gpfs1/mtcampbe/CEESD/AutomatedTesting/RepoMonitoring/pilot-timing/emirge/meshmode/meshmode/discretization/__init__.py", line 590, in nodes
    return self.fetch(key)
    _DOFArray(None, tuple(actx.freeze(resample_mesh_nodes(grp, iaxis))
           ^^^^^^^^^^^^^^^  File "<frozen runpy>", line 198, in _run_module_as_main
  File "<frozen runpy>", line 88, in _run_code
  File "/p/gpfs1/mtcampbe/CEESD/AutomatedTesting/RepoMonitoring/pilot-timing/emirge/miniforge3/envs/timing.pilot/lib/python3.12/site-packages/mpi4py/__main__.py", line 7, in <module>
^^^^^^^^^^^^^^^
  File "/p/gpfs1/mtcampbe/CEESD/AutomatedTesting/RepoMonitoring/pilot-timing/emirge/meshmode/meshmode/discretization/connection/opposite_face.py", line 69, in _make_cross_face_batches

  File "/p/gpfs1/mtcampbe/CEESD/AutomatedTesting/RepoMonitoring/pilot-timing/emirge/pytools/pytools/persistent_dict.py", line 755, in fetch
                          main()
    stored_key, value = self._fetch(keyhash)
    for ary in tgt_bdry_discr.nodes(cached=False)
                        ^^^^^^^^^^^               ^^^^^^^^^^^^    ^^^^^^^^^^^^^^^^^^^^^^^^^^^^^^^^^^^^^^
  File "/p/gpfs1/mtcampbe/CEESD/AutomatedTesting/RepoMonitoring/pilot-timing/emirge/pytools/pytools/persistent_dict.py", line 747, in _fetch_uncached
^^^^^^^^^^^^^^^^^^^^^^
  File "/p/gpfs1/mtcampbe/CEESD/AutomatedTesting/RepoMonitoring/pilot-timing/emirge/meshmode/meshmode/discretization/__init__.py", line 590, in nodes
^^^^^^^^^^^^^^^
  File "/p/gpfs1/mtcampbe/CEESD/AutomatedTesting/RepoMonitoring/pilot-timing/emirge/arraycontext/arraycontext/impl/pytato/__init__.py", line 605, in freeze
  File "/p/gpfs1/mtcampbe/CEESD/AutomatedTesting/RepoMonitoring/pilot-timing/emirge/miniforge3/envs/timing.pilot/lib/python3.12/site-packages/mpi4py/run.py", line 214, in main
    key, value = pickle.loads(row[0])
    r = self.transform_loopy_cache[t_unit]
    run_command_line(args)
    _DOFArray(None, tuple(actx.freeze(resample_mesh_nodes(grp, iaxis))
                      ^^^^^^^^^^^^^^        ~~~~~~~~~~~~  File "/p/gpfs1/mtcampbe/CEESD/AutomatedTesting/RepoMonitoring/pilot-timing/emirge/miniforge3/envs/timing.pilot/lib/python3.12/site-packages/mpi4py/run.py", line 46, in run_command_line
^^^^^^
AttributeError: Can't get attribute '_read_from_str_wrapper' on <module 'islpy' from '/p/gpfs1/mtcampbe/CEESD/AutomatedTesting/RepoMonitoring/pilot-timing/emirge/miniforge3/envs/timing.pilot/lib/python3.12/site-packages/islpy/__init__.py'>
               ^^~~~~~~~~~~~~~~^^^^^^^^
  File "/p/gpfs1/mtcampbe/CEESD/AutomatedTesting/RepoMonitoring/pilot-timing/emirge/pytools/pytools/persistent_dict.py", line 588, in __getitem__
    run_path(sys.argv[0], run_name='__main__')
    pt_prg = pt_prg.with_transformed_translation_unit(
             ^^^^^^^^^^    _DOFArray(None, tuple(actx.freeze(resample_mesh_nodes(grp, iaxis))
            File "<frozen runpy>", line 287, in run_path
  File "<frozen runpy>", line 98, in _run_module_code
  File "<frozen runpy>", line 88, in _run_code
  File "driver.py", line 83, in <module>
^^^^^^^^^^^^^^^^^^^^^^^^^^^^^^^^^^^^^^^^^^^^^^    main(actx_class, restart_filename=restart_filename,
  File "/p/gpfs1/mtcampbe/CEESD/AutomatedTesting/RepoMonitoring/pilot-timing/emirge/mirgecom/mirgecom/mpi.py", line 152, in wrapped_func
^^^^^^^^^^^^^^^^^^^^^^^^^^^^^^^    func(*args, **kwargs)
          ^^^^^^^^^^^^^^^^^^^^^^^^^^^^^^^^^^^^^^^^^^^^^^^^^^

  File "/p/gpfs1/mtcampbe/CEESD/AutomatedTesting/RepoMonitoring/pilot-timing/emirge/pytato/pytato/target/loopy/__init__.py", line 300, in with_transformed_translation_unit
  File "/p/gpfs1/mtcampbe/CEESD/AutomatedTesting/RepoMonitoring/pilot-timing/y3-prediction-scaling-run/y3prediction/prediction.py", line 3975, in main
    return self.fetch(key)
^^
  File "/p/gpfs1/mtcampbe/CEESD/AutomatedTesting/RepoMonitoring/pilot-timing/emirge/meshmode/meshmode/discretization/__init__.py", line 590, in <genexpr>
    r = self.transform_loopy_cache[t_unit]
           ^^^^^^^^^^  File "/p/gpfs1/mtcampbe/CEESD/AutomatedTesting/RepoMonitoring/pilot-timing/emirge/meshmode/meshmode/discretization/__init__.py", line 590, in <genexpr>
        ~~~~~~~~~~~~~~~~~    _DOFArray(None, tuple(actx.freeze(resample_mesh_nodes(grp, iaxis))
    program=f(self.program.t_unit).executor(self.cl_context),
            ^^^^^^^^^^^~~~~~~~~~^^^^^^^^
  File "/p/gpfs1/mtcampbe/CEESD/AutomatedTesting/RepoMonitoring/pilot-timing/emirge/pytools/pytools/persistent_dict.py", line 588, in __getitem__
                         ^^^^^
  File "/p/gpfs1/mtcampbe/CEESD/AutomatedTesting/RepoMonitoring/pilot-timing/emirge/pytools/pytools/persistent_dict.py", line 755, in fetch
    dcoll = create_discretization_collection(
 ^^^^^^^^^^^^^^^^^^^^^^^^^^^^^^^^^^^^
  File "/p/gpfs1/mtcampbe/CEESD/AutomatedTesting/RepoMonitoring/pilot-timing/emirge/meshmode/meshmode/array_context.py", line 1652, in transform_loopy_program
            ^    _DOFArray(None, tuple(actx.freeze(resample_mesh_nodes(grp, iaxis))
                          ^^^^^^^^^^^^^^^^^^    stored_key, value = self._fetch(keyhash)
^^^^^^^^^^^^^^^^^^^^^^^^^^^^^^^^^^^^^^^^^^^^^^^^^^^
  File "/p/gpfs1/mtcampbe/CEESD/AutomatedTesting/RepoMonitoring/pilot-timing/emirge/arraycontext/arraycontext/impl/pytato/__init__.py", line 605, in freeze
                        ^^^^^^^^^^
  File "/p/gpfs1/mtcampbe/CEESD/AutomatedTesting/RepoMonitoring/pilot-timing/emirge/mirgecom/mirgecom/discretization.py", line 76, in create_discretization_collection
^^^^^^^^^^^^^^^^^
  File "/p/gpfs1/mtcampbe/CEESD/AutomatedTesting/RepoMonitoring/pilot-timing/emirge/pytools/pytools/persistent_dict.py", line 747, in _fetch_uncached
Traceback (most recent call last):
  File "/p/gpfs1/mtcampbe/CEESD/AutomatedTesting/RepoMonitoring/pilot-timing/emirge/arraycontext/arraycontext/impl/pytato/__init__.py", line 573, in freeze
    return make_discretization_collection(
           ^^^^^^^^^^^^^^^^^^^^^^^^^^^^^^^^^^^^^^^^^^^^^^^^
  File "/p/gpfs1/mtcampbe/CEESD/AutomatedTesting/RepoMonitoring/pilot-timing/emirge/arraycontext/arraycontext/impl/pytato/__init__.py", line 605, in freeze
    r = self.transform_loopy_cache[t_unit]
^^
  File "/p/gpfs1/mtcampbe/CEESD/AutomatedTesting/RepoMonitoring/pilot-timing/emirge/grudge/grudge/discretization.py", line 1091, in make_discretization_collection
        ~~~~~~~~~~~~~~~~~    pt_prg = pt_prg.with_transformed_translation_unit(
             ^^    inter_part_connections=_set_up_inter_part_connections(
               ~~~~~~~~~^^^^^^^^
  File "/p/gpfs1/mtcampbe/CEESD/AutomatedTesting/RepoMonitoring/pilot-timing/emirge/pytools/pytools/persistent_dict.py", line 588, in __getitem__
^^^^^^^^^^^^^^^^^^^^^^^^^^^^^^^^            ^^^^^^^^^^^^^^^    pt_prg = self._freeze_prg_cache[normalized_expr]
             ~~~~~~~~~~~~~~~~~~~~~~^^^^^^^^^^^    key, value = pickle.loads(row[0])
   ^^^^^^^^^^^^^^^^
  File "/p/gpfs1/mtcampbe/CEESD/AutomatedTesting/RepoMonitoring/pilot-timing/emirge/grudge/grudge/discretization.py", line 946, in _set_up_inter_part_connections
^^^^^^^
  File "/p/gpfs1/mtcampbe/CEESD/AutomatedTesting/RepoMonitoring/pilot-timing/emirge/pytato/pytato/target/loopy/__init__.py", line 300, in with_transformed_translation_unit
              ^^^^^^^^^^^^^^^^^^^^
AttributeError: Can't get attribute '_read_from_str_wrapper' on <module 'islpy' from '/p/gpfs1/mtcampbe/CEESD/AutomatedTesting/RepoMonitoring/pilot-timing/emirge/miniforge3/envs/timing.pilot/lib/python3.12/site-packages/islpy/__init__.py'>    make_partition_connection(
  File "/p/gpfs1/mtcampbe/CEESD/AutomatedTesting/RepoMonitoring/pilot-timing/emirge/meshmode/meshmode/discretization/connection/opposite_face.py", line 620, in make_partition_connection
^^^^^^
KeyError
    grp_batches = _make_cross_face_batches(actx,
               return self.fetch(key)
    pt_prg = pt_prg.with_transformed_translation_unit(
       ^^^^^^^^^^^^^^^^^^^^^                       ^^^^^^^^^^^^^^^^^^^^^^^
  File "/p/gpfs1/mtcampbe/CEESD/AutomatedTesting/RepoMonitoring/pilot-timing/emirge/meshmode/meshmode/discretization/connection/opposite_face.py", line 69, in _make_cross_face_batches
 ^^^^^^^^^^^^^^^
  File "/p/gpfs1/mtcampbe/CEESD/AutomatedTesting/RepoMonitoring/pilot-timing/emirge/pytools/pytools/persistent_dict.py", line 755, in fetch
    return self.fetch(key)
           ^^^^^^^^^^^^^^^^^^^^^^^^^^^    for ary in tgt_bdry_discr.nodes(cached=False)
          stored_key, value = self._fetch(keyhash)
^^
  File "/p/gpfs1/mtcampbe/CEESD/AutomatedTesting/RepoMonitoring/pilot-timing/emirge/pytools/pytools/persistent_dict.py", line 755, in fetch
                        ^^^^^^^^^^^^^^^^^^^         ^^^^^^^^^^^^^^^^^^^^^^^^^^^^^^^^^^
  File "/p/gpfs1/mtcampbe/CEESD/AutomatedTesting/RepoMonitoring/pilot-timing/emirge/meshmode/meshmode/discretization/__init__.py", line 590, in nodes

  File "/p/gpfs1/mtcampbe/CEESD/AutomatedTesting/RepoMonitoring/pilot-timing/emirge/pytato/pytato/target/loopy/__init__.py", line 300, in with_transformed_translation_unit
^^^^^^^^^^^^^^
  File "/p/gpfs1/mtcampbe/CEESD/AutomatedTesting/RepoMonitoring/pilot-timing/emirge/pytools/pytools/persistent_dict.py", line 747, in _fetch_uncached
    stored_key, value = self._fetch(keyhash)
    key, value = pickle.loads(row[0])
: DictOfNamedArrays(tags=frozenset(), data={'_ary': Einsum(tags={FirstAxisIsElementsTag(), PrefixNamed(prefix='nodes0_3d')}, access_descriptors=((EinsumElementwiseAxis(dim=1), EinsumReductionAxis(dim=0)), (EinsumElementwiseAxis(dim=0), EinsumReductionAxis(dim=0))), args=(Placeholder(shape=(15, 3), dtype='float64', axes=(Axis(tags=frozenset({DiscretizationDOFAxisTag()})), Axis(tags=frozenset())), name='_actx_dw'), Placeholder(shape=(1320, 3), dtype='float64', axes=(Axis(tags=frozenset({DiscretizationElementAxisTag()})), Axis(tags=frozenset({DiscretizationDOFAxisTag()}))), name='_actx_dw_0')), redn_axis_to_redn_descr={EinsumReductionAxis(dim=0): ReductionDescriptor(tags=frozenset())})})

During handling of the above exception, another exception occurred:

                    Traceback (most recent call last):
  File "<frozen runpy>", line 198, in _run_module_as_main
  File "<frozen runpy>", line 88, in _run_code
  File "/p/gpfs1/mtcampbe/CEESD/AutomatedTesting/RepoMonitoring/pilot-timing/emirge/miniforge3/envs/timing.pilot/lib/python3.12/site-packages/mpi4py/__main__.py", line 7, in <module>
                 ^^^^    ^^^^^^^^^^^^^^^^^^^^
    main()
    _DOFArray(None, tuple(actx.freeze(resample_mesh_nodes(grp, iaxis))
            ^^^^^^^^^^^^^^^^
AttributeError: Can't get attribute '_read_from_str_wrapper' on <module 'islpy' from '/p/gpfs1/mtcampbe/CEESD/AutomatedTesting/RepoMonitoring/pilot-timing/emirge/miniforge3/envs/timing.pilot/lib/python3.12/site-packages/islpy/__init__.py'>
  File "/p/gpfs1/mtcampbe/CEESD/AutomatedTesting/RepoMonitoring/pilot-timing/emirge/miniforge3/envs/timing.pilot/lib/python3.12/site-packages/mpi4py/run.py", line 214, in main
  File "/p/gpfs1/mtcampbe/CEESD/AutomatedTesting/RepoMonitoring/pilot-timing/emirge/pytools/pytools/persistent_dict.py", line 747, in _fetch_uncached
        ^^^^^^^^^^^^^^^^^^^^^^^^^^^^^^^^^    run_command_line(args)
^^^^^^^^^^^^^^^^^
  File "/p/gpfs1/mtcampbe/CEESD/AutomatedTesting/RepoMonitoring/pilot-timing/emirge/meshmode/meshmode/discretization/__init__.py", line 590, in <genexpr>
    key, value = pickle.loads(row[0])
  File "/p/gpfs1/mtcampbe/CEESD/AutomatedTesting/RepoMonitoring/pilot-timing/emirge/miniforge3/envs/timing.pilot/lib/python3.12/site-packages/mpi4py/run.py", line 46, in run_command_line
    run_path(sys.argv[0], run_name='__main__')
                 ^^^^^^^^^^  File "<frozen runpy>", line 287, in run_path
  File "<frozen runpy>", line 98, in _run_module_code
  File "<frozen runpy>", line 88, in _run_code
  File "driver.py", line 83, in <module>
^^^^^^^^^^
AttributeError: Can't get attribute '_read_from_str_wrapper' on <module 'islpy' from '/p/gpfs1/mtcampbe/CEESD/AutomatedTesting/RepoMonitoring/pilot-timing/emirge/miniforge3/envs/timing.pilot/lib/python3.12/site-packages/islpy/__init__.py'>
    program=f(self.program.t_unit).executor(self.cl_context),
    _DOFArray(None, tuple(actx.freeze(resample_mesh_nodes(grp, iaxis))
                    program=f(self.program.t_unit).executor(self.cl_context),
            ^^^^^^^^^^^^^^^^^^^^^^^^^^^    main(actx_class, restart_filename=restart_filename,
  File "/p/gpfs1/mtcampbe/CEESD/AutomatedTesting/RepoMonitoring/pilot-timing/emirge/mirgecom/mirgecom/mpi.py", line 152, in wrapped_func
^^^^^^^^^^^^^^^^^
  File "/p/gpfs1/mtcampbe/CEESD/AutomatedTesting/RepoMonitoring/pilot-timing/emirge/arraycontext/arraycontext/impl/pytato/__init__.py", line 605, in freeze
    pt_prg = pt_prg.with_transformed_translation_unit(
                     ^^^^^^^^^^^^^^^^^^^^^^
  File "/p/gpfs1/mtcampbe/CEESD/AutomatedTesting/RepoMonitoring/pilot-timing/emirge/meshmode/meshmode/array_context.py", line 1652, in transform_loopy_program
    ^^^^^^^^^^^^^^^^^^^^^^^^^^^^^^    func(*args, **kwargs)
          ^^^^^^^^^^^^^^^^^^^^^^
  File "/p/gpfs1/mtcampbe/CEESD/AutomatedTesting/RepoMonitoring/pilot-timing/emirge/meshmode/meshmode/array_context.py", line 1652, in transform_loopy_program
^^^^^^^^^^^
  File "/p/gpfs1/mtcampbe/CEESD/AutomatedTesting/RepoMonitoring/pilot-timing/emirge/pytato/pytato/target/loopy/__init__.py", line 300, in with_transformed_translation_unit
  File "/p/gpfs1/mtcampbe/CEESD/AutomatedTesting/RepoMonitoring/pilot-timing/y3-prediction-scaling-run/y3prediction/prediction.py", line 3975, in main
    program=f(self.program.t_unit).executor(self.cl_context),
       r = self.transform_loopy_cache[t_unit]
         ^^^^^^^^^^^^^^^^^^^^^^
    r = self.transform_loopy_cache[t_unit]
  File "/p/gpfs1/mtcampbe/CEESD/AutomatedTesting/RepoMonitoring/pilot-timing/emirge/meshmode/meshmode/array_context.py", line 1652, in transform_loopy_program
        ~~~~~~~    r = self.transform_loopy_cache[t_unit]
        ~~~~~~~~~~~~~~~~~~~~~~~~~~^^^^^^^^
  File "/p/gpfs1/mtcampbe/CEESD/AutomatedTesting/RepoMonitoring/pilot-timing/emirge/pytools/pytools/persistent_dict.py", line 588, in __getitem__
        ~~~~~~~~~~~~~~~~~~~~~~~~~~~~~~~~~~~^^^^^^^~~~~~~~~~~^^^^^^^^
  File "/p/gpfs1/mtcampbe/CEESD/AutomatedTesting/RepoMonitoring/pilot-timing/emirge/pytools/pytools/persistent_dict.py", line 588, in __getitem__
^
  File "/p/gpfs1/mtcampbe/CEESD/AutomatedTesting/RepoMonitoring/pilot-timing/emirge/pytools/pytools/persistent_dict.py", line 588, in __getitem__
    return self.fetch(key)
    dcoll = create_discretization_collection(
           ^^^^^^^^^^^^^^^
             File "/p/gpfs1/mtcampbe/CEESD/AutomatedTesting/RepoMonitoring/pilot-timing/emirge/pytools/pytools/persistent_dict.py", line 755, in fetch
    stored_key, value = self._fetch(keyhash)
  ^^^^^^^^^^^^^^^^^^^^^                       ^^^^^^^^^^^^^^^^^
  File "/p/gpfs1/mtcampbe/CEESD/AutomatedTesting/RepoMonitoring/pilot-timing/emirge/mirgecom/mirgecom/discretization.py", line 76, in create_discretization_collection
^^^^^^^^^^^^^^^
  File "/p/gpfs1/mtcampbe/CEESD/AutomatedTesting/RepoMonitoring/pilot-timing/emirge/pytools/pytools/persistent_dict.py", line 747, in _fetch_uncached
    return make_discretization_collection(
           ^^^^^^^^^^^^^^^^^^^^^^^^^^^^    key, value = pickle.loads(row[0])
^^^
  File "/p/gpfs1/mtcampbe/CEESD/AutomatedTesting/RepoMonitoring/pilot-timing/emirge/grudge/grudge/discretization.py", line 1091, in make_discretization_collection
                 ^^^^^^^^^^    inter_part_connections=_set_up_inter_part_connections(
      ^^^^^^^^^^
AttributeError: Can't get attribute '_read_from_str_wrapper' on <module 'islpy' from '/p/gpfs1/mtcampbe/CEESD/AutomatedTesting/RepoMonitoring/pilot-timing/emirge/miniforge3/envs/timing.pilot/lib/python3.12/site-packages/islpy/__init__.py'>
                     ^^^Traceback (most recent call last):
  File "/p/gpfs1/mtcampbe/CEESD/AutomatedTesting/RepoMonitoring/pilot-timing/emirge/arraycontext/arraycontext/impl/pytato/__init__.py", line 573, in freeze
^^^^^^^^^^^^^^^^^^^^^^^^^^^^    pt_prg = self._freeze_prg_cache[normalized_expr]

  File "/p/gpfs1/mtcampbe/CEESD/AutomatedTesting/RepoMonitoring/pilot-timing/emirge/grudge/grudge/discretization.py", line 946, in _set_up_inter_part_connections
             ~~~~~    make_partition_connection(
  File "/p/gpfs1/mtcampbe/CEESD/AutomatedTesting/RepoMonitoring/pilot-timing/emirge/meshmode/meshmode/discretization/connection/opposite_face.py", line 620, in make_partition_connection
~~~~~~~~~~~~~~~~~^^^^^^    grp_batches = _make_cross_face_batches(actx,
        ^^^^^^^^^^^
KeyError          ^^^^^^^^^^^^^^^^^^^^: DictOfNamedArrays(tags=frozenset(), data={'_ary': Einsum(tags={PrefixNamed(prefix='nodes0_3d'), FirstAxisIsElementsTag()}, access_descriptors=((EinsumElementwiseAxis(dim=1), EinsumReductionAxis(dim=0)), (EinsumElementwiseAxis(dim=0), EinsumReductionAxis(dim=0))), args=(Placeholder(shape=(15, 3), dtype='float64', axes=(Axis(tags=frozenset({DiscretizationDOFAxisTag()})), Axis(tags=frozenset())), name='_actx_dw'), Placeholder(shape=(1932, 3), dtype='float64', axes=(Axis(tags=frozenset({DiscretizationElementAxisTag()})), Axis(tags=frozenset({DiscretizationDOFAxisTag()}))), name='_actx_dw_0')), redn_axis_to_redn_descr={EinsumReductionAxis(dim=0): ReductionDescriptor(tags=frozenset())})})

During handling of the above exception, another exception occurred:

Traceback (most recent call last):
  File "<frozen runpy>", line 198, in _run_module_as_main
  File "<frozen runpy>", line 88, in _run_code
  File "/p/gpfs1/mtcampbe/CEESD/AutomatedTesting/RepoMonitoring/pilot-timing/emirge/miniforge3/envs/timing.pilot/lib/python3.12/site-packages/mpi4py/__main__.py", line 7, in <module>
    return self.fetch(key)
           ^^^^^^^^^^^^^^^
  File "/p/gpfs1/mtcampbe/CEESD/AutomatedTesting/RepoMonitoring/pilot-timing/emirge/pytools/pytools/persistent_dict.py", line 755, in fetch
    main()
^^^^^^^^^^
  File "/p/gpfs1/mtcampbe/CEESD/AutomatedTesting/RepoMonitoring/pilot-timing/emirge/meshmode/meshmode/discretization/connection/opposite_face.py", line 69, in _make_cross_face_batches
    for ary in tgt_bdry_discr.nodes(cached=False)
     File "/p/gpfs1/mtcampbe/CEESD/AutomatedTesting/RepoMonitoring/pilot-timing/emirge/miniforge3/envs/timing.pilot/lib/python3.12/site-packages/mpi4py/run.py", line 214, in main
    return self.fetch(key)
           ^^^^    run_command_line(args)
^^^^^^^^^^^
  File "/p/gpfs1/mtcampbe/CEESD/AutomatedTesting/RepoMonitoring/pilot-timing/emirge/pytools/pytools/persistent_dict.py", line 755, in fetch
  File "/p/gpfs1/mtcampbe/CEESD/AutomatedTesting/RepoMonitoring/pilot-timing/emirge/miniforge3/envs/timing.pilot/lib/python3.12/site-packages/mpi4py/run.py", line 46, in run_command_line
            ^^^^^^^^^^^^^^^^^^^^^^^^^^^^^^^^^^
    run_path(sys.argv[0], run_name='__main__')
    stored_key, value = self._fetch(keyhash)
  File "<frozen runpy>", line 287, in run_path
  File "<frozen runpy>", line 98, in _run_module_code
  File "<frozen runpy>", line 88, in _run_code
  File "driver.py", line 83, in <module>
    main(actx_class, restart_filename=restart_filename,
  File "/p/gpfs1/mtcampbe/CEESD/AutomatedTesting/RepoMonitoring/pilot-timing/emirge/mirgecom/mirgecom/mpi.py", line 152, in wrapped_func
  File "/p/gpfs1/mtcampbe/CEESD/AutomatedTesting/RepoMonitoring/pilot-timing/emirge/meshmode/meshmode/discretization/__init__.py", line 590, in nodes
                        ^^^^^^^^^^    func(*args, **kwargs)
^^^^^^^^^^
  File "/p/gpfs1/mtcampbe/CEESD/AutomatedTesting/RepoMonitoring/pilot-timing/emirge/pytools/pytools/persistent_dict.py", line 747, in _fetch_uncached
  File "/p/gpfs1/mtcampbe/CEESD/AutomatedTesting/RepoMonitoring/pilot-timing/y3-prediction-scaling-run/y3prediction/prediction.py", line 3975, in main
    _DOFArray(None, tuple(actx.freeze(resample_mesh_nodes(grp, iaxis))
           dcoll = create_discretization_collection(
             ^^^^^^^^^^^^^^^^^^^^^^^^^^^^^^^^^^^^^^^^^^^^^^^^^^
          File "/p/gpfs1/mtcampbe/CEESD/AutomatedTesting/RepoMonitoring/pilot-timing/emirge/meshmode/meshmode/discretization/__init__.py", line 590, in <genexpr>
    ^^^^^^^^^^^^^^^^^^^^^^    stored_key, value = self._fetch(keyhash)
^^^^^^^^^^^
  File "/p/gpfs1/mtcampbe/CEESD/AutomatedTesting/RepoMonitoring/pilot-timing/emirge/mirgecom/mirgecom/discretization.py", line 76, in create_discretization_collection
    key, value = pickle.loads(row[0])
                 ^^^^^^^^^^^^^^^^^^^^
    return make_discretization_collection(
           ^^^^^^^^^^^^^^^^^^^^^^^^^^AttributeError: Can't get attribute '_read_from_str_wrapper' on <module 'islpy' from '/p/gpfs1/mtcampbe/CEESD/AutomatedTesting/RepoMonitoring/pilot-timing/emirge/miniforge3/envs/timing.pilot/lib/python3.12/site-packages/islpy/__init__.py'>
                        ^^^^^^^^^^^^
  File "/p/gpfs1/mtcampbe/CEESD/AutomatedTesting/RepoMonitoring/pilot-timing/emirge/grudge/grudge/discretization.py", line 1091, in make_discretization_collection
    _DOFArray(None, tuple(actx.freeze(resample_mesh_nodes(grp, iaxis))
                          ^^^^^^^^^^^^^^^    inter_part_connections=_set_up_inter_part_connections(
      ^^^^^^^^^^^^^
  File "/p/gpfs1/mtcampbe/CEESD/AutomatedTesting/RepoMonitoring/pilot-timing/emirge/pytools/pytools/persistent_dict.py", line 747, in _fetch_uncached
                     ^^^^^^^^^^^^^^^^^^^^^^^^^^^^^^^^^^
  File "/p/gpfs1/mtcampbe/CEESD/AutomatedTesting/RepoMonitoring/pilot-timing/emirge/arraycontext/arraycontext/impl/pytato/__init__.py", line 605, in freeze
^^^^^^^^^^^^^^^^^^^^^^^    pt_prg = pt_prg.with_transformed_translation_unit(
             ^^^^^^^^^^^^^^^^^^^^^^^^^^^^^^^^^^^^^^^^^
^^^
  File "/p/gpfs1/mtcampbe/CEESD/AutomatedTesting/RepoMonitoring/pilot-timing/emirge/grudge/grudge/discretization.py", line 946, in _set_up_inter_part_connections
  File "/p/gpfs1/mtcampbe/CEESD/AutomatedTesting/RepoMonitoring/pilot-timing/emirge/pytato/pytato/target/loopy/__init__.py", line 300, in with_transformed_translation_unit
    make_partition_connection(
  File "/p/gpfs1/mtcampbe/CEESD/AutomatedTesting/RepoMonitoring/pilot-timing/emirge/meshmode/meshmode/discretization/connection/opposite_face.py", line 620, in make_partition_connection
    grp_batches = _make_cross_face_batches(actx,
        key, value = pickle.loads(row[0])
                 ^^^^              ^^^^^^^^^^^^^^^^^^^^^^^^^^^^^^^^^^^^^^^^^^^^^
  File "/p/gpfs1/mtcampbe/CEESD/AutomatedTesting/RepoMonitoring/pilot-timing/emirge/meshmode/meshmode/discretization/connection/opposite_face.py", line 69, in _make_cross_face_batches
    program=f(self.program.t_unit).executor(self.cl_context),
            ^^^^^^^^^^^^^^^^^^^^^^
    for ary in tgt_bdry_discr.nodes(cached=False)
^
AttributeError: Can't get attribute '_read_from_str_wrapper' on <module 'islpy' from '/p/gpfs1/mtcampbe/CEESD/AutomatedTesting/RepoMonitoring/pilot-timing/emirge/miniforge3/envs/timing.pilot/lib/python3.12/site-packages/islpy/__init__.py'>
               ^^^^^^  File "/p/gpfs1/mtcampbe/CEESD/AutomatedTesting/RepoMonitoring/pilot-timing/emirge/meshmode/meshmode/array_context.py", line 1652, in transform_loopy_program
^^^^^^^^^^^^^^^^^^^^^^^^^^^    r = self.transform_loopy_cache[t_unit]
^
  File "/p/gpfs1/mtcampbe/CEESD/AutomatedTesting/RepoMonitoring/pilot-timing/emirge/meshmode/meshmode/discretization/__init__.py", line 590, in nodes
    _DOFArray(None, tuple(actx.freeze(resample_mesh_nodes(grp, iaxis))
               ~~~~~~~~~~~~~~~~~~~~~~~~~~^^             ^^^^^^^^^^^^^^^^^^^^^^^^
  File "/p/gpfs1/mtcampbe/CEESD/AutomatedTesting/RepoMonitoring/pilot-timing/emirge/pytools/pytools/persistent_dict.py", line 588, in __getitem__
^^^^^^^^^^^^^^^^^^^^^^^^^^^^^^^^
    return self.fetch(key)
  File "/p/gpfs1/mtcampbe/CEESD/AutomatedTesting/RepoMonitoring/pilot-timing/emirge/meshmode/meshmode/discretization/__init__.py", line 590, in <genexpr>
           ^^^^^^^^^^^^^^^    _DOFArray(None, tuple(actx.freeze(resample_mesh_nodes(grp, iaxis))

  File "/p/gpfs1/mtcampbe/CEESD/AutomatedTesting/RepoMonitoring/pilot-timing/emirge/pytools/pytools/persistent_dict.py", line 755, in fetch
                     stored_key, value = self._fetch(keyhash)
         ^^^^^^^^^^^^^^^^^^^^^^^^^^^^^^^^^^^^^^^^^^^^                        ^^^^^^^^^^^^^^^^^^^^
  File "/p/gpfs1/mtcampbe/CEESD/AutomatedTesting/RepoMonitoring/pilot-timing/emirge/pytools/pytools/persistent_dict.py", line 747, in _fetch_uncached

  File "/p/gpfs1/mtcampbe/CEESD/AutomatedTesting/RepoMonitoring/pilot-timing/emirge/arraycontext/arraycontext/impl/pytato/__init__.py", line 605, in freeze
    key, value = pickle.loads(row[0])
    pt_prg = pt_prg.with_transformed_translation_unit(
                      ^^^        ^^^^^^^^^^^^^^^^^^^^^^^^^^^^^^^^^^^^^^^^^^^^^^^^^^^^^^^^^^
AttributeError: Can't get attribute '_read_from_str_wrapper' on <module 'islpy' from '/p/gpfs1/mtcampbe/CEESD/AutomatedTesting/RepoMonitoring/pilot-timing/emirge/miniforge3/envs/timing.pilot/lib/python3.12/site-packages/islpy/__init__.py'>

  File "/p/gpfs1/mtcampbe/CEESD/AutomatedTesting/RepoMonitoring/pilot-timing/emirge/pytato/pytato/target/loopy/__init__.py", line 300, in with_transformed_translation_unit
    program=f(self.program.t_unit).executor(self.cl_context),
            ^^^^^^^^^^^^^^^^^^^^^^
  File "/p/gpfs1/mtcampbe/CEESD/AutomatedTesting/RepoMonitoring/pilot-timing/emirge/meshmode/meshmode/array_context.py", line 1652, in transform_loopy_program
    r = self.transform_loopy_cache[t_unit]
        ~~~~~~~~~~~~~~~~~~~~~~~~~~^^^^^^^^
  File "/p/gpfs1/mtcampbe/CEESD/AutomatedTesting/RepoMonitoring/pilot-timing/emirge/pytools/pytools/persistent_dict.py", line 588, in __getitem__
    return self.fetch(key)
           ^^^^^^^^^^^^^^^
  File "/p/gpfs1/mtcampbe/CEESD/AutomatedTesting/RepoMonitoring/pilot-timing/emirge/pytools/pytools/persistent_dict.py", line 755, in fetch
    stored_key, value = self._fetch(keyhash)
                        ^^^^^^^^^^^^^^^^^^^^
  File "/p/gpfs1/mtcampbe/CEESD/AutomatedTesting/RepoMonitoring/pilot-timing/emirge/pytools/pytools/persistent_dict.py", line 747, in _fetch_uncached
    key, value = pickle.loads(row[0])
                 ^^^^^^^^^^^^^^^^^^^^
AttributeError: Can't get attribute '_read_from_str_wrapper' on <module 'islpy' from '/p/gpfs1/mtcampbe/CEESD/AutomatedTesting/RepoMonitoring/pilot-timing/emirge/miniforge3/envs/timing.pilot/lib/python3.12/site-packages/islpy/__init__.py'>
--------------------------------------------------------------------------
MPI_ABORT was invoked on rank 14 in communicator MPI_COMM_WORLD
with errorcode 1.

NOTE: invoking MPI_ABORT causes Open MPI to kill all MPI processes.
You may or may not see output from other processes, depending on
exactly when Open MPI kills them.
--------------------------------------------------------------------------
++ return_code=1
++ set +x
mv: cannot stat ‘viz_data’: No such file or directory
mv: cannot stat ‘restart_data’: No such file or directory
**  scalability_test/prediction-scalability_np32 failed.
Fri Jun 13 15:34:55 PDT 2025
Scaling/timing tests done.
Passing tests: 
Failing tests:  scalability_test/prediction-scalability_np32

------------------------------------------------------------
Sender: LSF System <lsfadmin@lassen710>
Subject: Job 7335652: <scale32> in cluster <lassen> Exited

Job <scale32> was submitted from host <lassen709> by user <mtcampbe> in cluster <lassen> at Fri Jun 13 15:32:43 2025
Job was executed on host(s) <1*lassen710>, in queue <pbatch>, as user <mtcampbe> in cluster <lassen> at Fri Jun 13 15:32:45 2025
                            <40*lassen295>
                            <40*lassen297>
                            <40*lassen604>
                            <40*lassen309>
                            <40*lassen488>
                            <40*lassen340>
                            <40*lassen676>
                            <40*lassen360>
</g/g17/mtcampbe> was used as the home directory.
</p/gpfs1/mtcampbe/CEESD/AutomatedTesting/RepoMonitoring/pilot-timing/y3-prediction-scaling-run/scalability_test> was used as the working directory.
Started at Fri Jun 13 15:32:45 2025
Terminated at Fri Jun 13 15:35:22 2025
Results reported at Fri Jun 13 15:35:22 2025

Your job looked like:

------------------------------------------------------------
# LSBATCH: User input
#!/bin/bash
#BSUB -nnodes 8
#BSUB -G uiuc
#BSUB -W 120
#BSUB -J scale32
#BSUB -q pbatch
#BSUB -o scal32.txt

source ../emirge/config/activate_env.sh
source ../emirge/mirgecom/scripts/mirge-testing-env.sh
source ../scripts/multi_scalability.sh -p ../ -s 32 -n 32

------------------------------------------------------------

Exited with exit code 1.

Resource usage summary:

    CPU time :                                   2.00 sec.
    Max Memory :                                 59 MB
    Average Memory :                             56.50 MB
    Total Requested Memory :                     -
    Delta Memory :                               -
    Max Swap :                                   1634 MB
    Max Processes :                              4
    Max Threads :                                27
    Run time :                                   157 sec.
    Turnaround time :                            159 sec.

The output (if any) is above this job summary.

