Customizing shell for Lassen.

The following have been reloaded with a version change:
  1) base-gcc/8.3.1 => base-gcc/11.2.1


Lmod is automatically replacing "clang/ibm-16.0.6-cuda-11.2.0-gcc-8.3.1" with
"gcc/10.2.1".


Due to MODULEPATH changes, the following have been reloaded:
  1) spectrum-mpi/rolling-release

/g/g17/mtcampbe/.lsbatch/1757541699.7941522.shell: line 9: ../emirge/config/activate_env.sh: Too many levels of symbolic links
/g/g17/mtcampbe/.lsbatch/1757541699.7941522.shell: line 10: ../emirge/mirgecom/scripts/mirge-testing-env.sh: Too many levels of symbolic links
/p/gpfs1/mtcampbe/CEESD/AutomatedTesting/RepoMonitoring/pilot-timing/y3-prediction-scaling-run/scalability_test
Driver directory: /p/gpfs1/mtcampbe/CEESD/AutomatedTesting/RepoMonitoring/pilot-timing/y3-prediction-scaling-run
Wed Sep 10 15:01:48 PDT 2025
Running parallel timing tests...
* Running prediction-scalability test in scalability_test.
** Running prediction-scalability_np8 on 8 ranks.
++ runoptions='-n 8'
++ [[ ! -z '' ]]
++ mpiexec -n 8 python -u -O -m mpi4py driver.py -c prediction-scalability_np8 -g /p/gpfs1/mtcampbe/CEESD/AutomatedTesting/RepoMonitoring/pilot-timing/y3-prediction-scaling-run/scalability_test/log_data -i run_params_np8.yaml --log --lazy
Traceback (most recent call last):
  File "/usr/tce/packages/python/python-2.7.16/lib/python2.7/runpy.py", line 174, in _run_module_as_main
Traceback (most recent call last):
  File "/usr/tce/packages/python/python-2.7.16/lib/python2.7/runpy.py", line 174, in _run_module_as_main
Traceback (most recent call last):
  File "/usr/tce/packages/python/python-2.7.16/lib/python2.7/runpy.py", line 174, in _run_module_as_main
Traceback (most recent call last):
  File "/usr/tce/packages/python/python-2.7.16/lib/python2.7/runpy.py", line 174, in _run_module_as_main
Traceback (most recent call last):
  File "/usr/tce/packages/python/python-2.7.16/lib/python2.7/runpy.py", line 174, in _run_module_as_main
Traceback (most recent call last):
  File "/usr/tce/packages/python/python-2.7.16/lib/python2.7/runpy.py", line 174, in _run_module_as_main
Traceback (most recent call last):
  File "/usr/tce/packages/python/python-2.7.16/lib/python2.7/runpy.py", line 174, in _run_module_as_main
Traceback (most recent call last):
  File "/usr/tce/packages/python/python-2.7.16/lib/python2.7/runpy.py", line 174, in _run_module_as_main
    "__main__", fname, loader, pkg_name)
  File "/usr/tce/packages/python/python-2.7.16/lib/python2.7/runpy.py", line 72, in _run_code
    "__main__", fname, loader, pkg_name)
  File "/usr/tce/packages/python/python-2.7.16/lib/python2.7/runpy.py", line 72, in _run_code
    "__main__", fname, loader, pkg_name)
  File "/usr/tce/packages/python/python-2.7.16/lib/python2.7/runpy.py", line 72, in _run_code
    "__main__", fname, loader, pkg_name)
  File "/usr/tce/packages/python/python-2.7.16/lib/python2.7/runpy.py", line 72, in _run_code
    "__main__", fname, loader, pkg_name)
  File "/usr/tce/packages/python/python-2.7.16/lib/python2.7/runpy.py", line 72, in _run_code
    "__main__", fname, loader, pkg_name)
  File "/usr/tce/packages/python/python-2.7.16/lib/python2.7/runpy.py", line 72, in _run_code
    "__main__", fname, loader, pkg_name)
  File "/usr/tce/packages/python/python-2.7.16/lib/python2.7/runpy.py", line 72, in _run_code
    "__main__", fname, loader, pkg_name)
  File "/usr/tce/packages/python/python-2.7.16/lib/python2.7/runpy.py", line 72, in _run_code
    exec code in run_globals
  File "/collab/usr/gapps/python/build/spack-coralea.3/opt/spack/linux-rhel7-ppc64le/gcc-4.9.3/python-2.7.16-y7waqswzr2qvpfohcdbn2grwlkwakas4/lib/python2.7/site-packages/mpi4py/__main__.py", line 7, in <module>
    exec code in run_globals
  File "/collab/usr/gapps/python/build/spack-coralea.3/opt/spack/linux-rhel7-ppc64le/gcc-4.9.3/python-2.7.16-y7waqswzr2qvpfohcdbn2grwlkwakas4/lib/python2.7/site-packages/mpi4py/__main__.py", line 7, in <module>
    exec code in run_globals
  File "/collab/usr/gapps/python/build/spack-coralea.3/opt/spack/linux-rhel7-ppc64le/gcc-4.9.3/python-2.7.16-y7waqswzr2qvpfohcdbn2grwlkwakas4/lib/python2.7/site-packages/mpi4py/__main__.py", line 7, in <module>
    exec code in run_globals
  File "/collab/usr/gapps/python/build/spack-coralea.3/opt/spack/linux-rhel7-ppc64le/gcc-4.9.3/python-2.7.16-y7waqswzr2qvpfohcdbn2grwlkwakas4/lib/python2.7/site-packages/mpi4py/__main__.py", line 7, in <module>
    exec code in run_globals
  File "/collab/usr/gapps/python/build/spack-coralea.3/opt/spack/linux-rhel7-ppc64le/gcc-4.9.3/python-2.7.16-y7waqswzr2qvpfohcdbn2grwlkwakas4/lib/python2.7/site-packages/mpi4py/__main__.py", line 7, in <module>
    exec code in run_globals
  File "/collab/usr/gapps/python/build/spack-coralea.3/opt/spack/linux-rhel7-ppc64le/gcc-4.9.3/python-2.7.16-y7waqswzr2qvpfohcdbn2grwlkwakas4/lib/python2.7/site-packages/mpi4py/__main__.py", line 7, in <module>
    main()
  File "/usr/tce/packages/python/python-2.7.16/lib/python2.7/site-packages/mpi4py/run.py", line 196, in main
    exec code in run_globals
  File "/collab/usr/gapps/python/build/spack-coralea.3/opt/spack/linux-rhel7-ppc64le/gcc-4.9.3/python-2.7.16-y7waqswzr2qvpfohcdbn2grwlkwakas4/lib/python2.7/site-packages/mpi4py/__main__.py", line 7, in <module>
    exec code in run_globals
  File "/collab/usr/gapps/python/build/spack-coralea.3/opt/spack/linux-rhel7-ppc64le/gcc-4.9.3/python-2.7.16-y7waqswzr2qvpfohcdbn2grwlkwakas4/lib/python2.7/site-packages/mpi4py/__main__.py", line 7, in <module>
    main()
  File "/usr/tce/packages/python/python-2.7.16/lib/python2.7/site-packages/mpi4py/run.py", line 196, in main
    main()
  File "/usr/tce/packages/python/python-2.7.16/lib/python2.7/site-packages/mpi4py/run.py", line 196, in main
    main()
  File "/usr/tce/packages/python/python-2.7.16/lib/python2.7/site-packages/mpi4py/run.py", line 196, in main
    main()
  File "/usr/tce/packages/python/python-2.7.16/lib/python2.7/site-packages/mpi4py/run.py", line 196, in main
    main()
  File "/usr/tce/packages/python/python-2.7.16/lib/python2.7/site-packages/mpi4py/run.py", line 196, in main
    main()
  File "/usr/tce/packages/python/python-2.7.16/lib/python2.7/site-packages/mpi4py/run.py", line 196, in main
    main()
  File "/usr/tce/packages/python/python-2.7.16/lib/python2.7/site-packages/mpi4py/run.py", line 196, in main
    run_command_line(args)
  File "/usr/tce/packages/python/python-2.7.16/lib/python2.7/site-packages/mpi4py/run.py", line 47, in run_command_line
    run_command_line(args)
  File "/usr/tce/packages/python/python-2.7.16/lib/python2.7/site-packages/mpi4py/run.py", line 47, in run_command_line
    run_command_line(args)
  File "/usr/tce/packages/python/python-2.7.16/lib/python2.7/site-packages/mpi4py/run.py", line 47, in run_command_line
    run_command_line(args)
  File "/usr/tce/packages/python/python-2.7.16/lib/python2.7/site-packages/mpi4py/run.py", line 47, in run_command_line
    run_path(sys.argv[0], run_name='__main__')
  File "/usr/tce/packages/python/python-2.7.16/lib/python2.7/runpy.py", line 251, in run_path
    run_path(sys.argv[0], run_name='__main__')
  File "/usr/tce/packages/python/python-2.7.16/lib/python2.7/runpy.py", line 251, in run_path
    run_path(sys.argv[0], run_name='__main__')
  File "/usr/tce/packages/python/python-2.7.16/lib/python2.7/runpy.py", line 251, in run_path
    run_command_line(args)
  File "/usr/tce/packages/python/python-2.7.16/lib/python2.7/site-packages/mpi4py/run.py", line 47, in run_command_line
    run_command_line(args)
  File "/usr/tce/packages/python/python-2.7.16/lib/python2.7/site-packages/mpi4py/run.py", line 47, in run_command_line
    run_command_line(args)
  File "/usr/tce/packages/python/python-2.7.16/lib/python2.7/site-packages/mpi4py/run.py", line 47, in run_command_line
    run_command_line(args)
  File "/usr/tce/packages/python/python-2.7.16/lib/python2.7/site-packages/mpi4py/run.py", line 47, in run_command_line
    run_path(sys.argv[0], run_name='__main__')
  File "/usr/tce/packages/python/python-2.7.16/lib/python2.7/runpy.py", line 251, in run_path
    code = _get_code_from_file(path_name)
  File "/usr/tce/packages/python/python-2.7.16/lib/python2.7/runpy.py", line 232, in _get_code_from_file
    code = _get_code_from_file(path_name)
  File "/usr/tce/packages/python/python-2.7.16/lib/python2.7/runpy.py", line 232, in _get_code_from_file
    run_path(sys.argv[0], run_name='__main__')
  File "/usr/tce/packages/python/python-2.7.16/lib/python2.7/runpy.py", line 251, in run_path
    run_path(sys.argv[0], run_name='__main__')
  File "/usr/tce/packages/python/python-2.7.16/lib/python2.7/runpy.py", line 251, in run_path
    code = _get_code_from_file(path_name)
  File "/usr/tce/packages/python/python-2.7.16/lib/python2.7/runpy.py", line 232, in _get_code_from_file
    run_path(sys.argv[0], run_name='__main__')
  File "/usr/tce/packages/python/python-2.7.16/lib/python2.7/runpy.py", line 251, in run_path
    run_path(sys.argv[0], run_name='__main__')
  File "/usr/tce/packages/python/python-2.7.16/lib/python2.7/runpy.py", line 251, in run_path
    code = _get_code_from_file(path_name)
  File "/usr/tce/packages/python/python-2.7.16/lib/python2.7/runpy.py", line 232, in _get_code_from_file
    code = compile(f.read(), fname, 'exec')
  File "driver.py", line 46
    print(f"Custom casename {args.casename}")
    code = compile(f.read(), fname, 'exec')
  File "driver.py", line 46
    print(f"Custom casename {args.casename}")
          code = compile(f.read(), fname, 'exec')
  File "driver.py", line 46
    print(f"Custom casename {args.casename}")
    code = _get_code_from_file(path_name)
  File "/usr/tce/packages/python/python-2.7.16/lib/python2.7/runpy.py", line 232, in _get_code_from_file
    code = _get_code_from_file(path_name)
  File "/usr/tce/packages/python/python-2.7.16/lib/python2.7/runpy.py", line 232, in _get_code_from_file
    code = _get_code_from_file(path_name)
  File "/usr/tce/packages/python/python-2.7.16/lib/python2.7/runpy.py", line 232, in _get_code_from_file
    code = _get_code_from_file(path_name)
  File "/usr/tce/packages/python/python-2.7.16/lib/python2.7/runpy.py", line 232, in _get_code_from_file
                                                                                                ^
                           ^
SyntaxError^
SyntaxError: invalid syntax
SyntaxError: invalid syntax
: invalid syntax
    code = compile(f.read(), fname, 'exec')
  File "driver.py", line 46
    print(f"Custom casename {args.casename}")
    code = compile(f.read(), fname, 'exec')
                    code = compile(f.read(), fname, 'exec')
  File "driver.py", line 46
      File "driver.py", line 46
    print(f"Custom casename {args.casename}")
            code = compile(f.read(), fname, 'exec')
  File "driver.py", line 46
    print(f"Custom casename {args.casename}")
             code = compile(f.read(), fname, 'exec')
  File "driver.py", line 46
    print(f"Custom casename {args.casename}")
      print(f"Custom casename {args.casename}")
                                                                                                                       ^
SyntaxError: invalid syntax
                  ^
SyntaxError: invalid syntax          ^
SyntaxError: invalid syntax
                  ^
SyntaxError: invalid syntax           ^
SyntaxError: invalid syntax


--------------------------------------------------------------------------
Primary job  terminated normally, but 1 process returned
a non-zero exit code. Per user-direction, the job has been aborted.
--------------------------------------------------------------------------
--------------------------------------------------------------------------
mpiexec detected that one or more processes exited with non-zero status, thus causing
the job to be terminated. The first process to do so was:

  Process name: [[30201,1],0]
  Exit code:    1
--------------------------------------------------------------------------
++ return_code=1
++ set +x
mv: cannot stat ‘viz_data’: No such file or directory
mv: cannot stat ‘restart_data’: No such file or directory
**  scalability_test/prediction-scalability_np8 failed.
Wed Sep 10 15:01:51 PDT 2025
Scaling/timing tests done.
Passing tests: 
Failing tests:  scalability_test/prediction-scalability_np8

------------------------------------------------------------
Sender: LSF System <lsfadmin@lassen710>
Subject: Job 7941522: <scale8> in cluster <lassen> Exited

Job <scale8> was submitted from host <lassen709> by user <mtcampbe> in cluster <lassen> at Wed Sep 10 15:01:39 2025
Job was executed on host(s) <1*lassen710>, in queue <pdebug>, as user <mtcampbe> in cluster <lassen> at Wed Sep 10 15:01:42 2025
                            <40*lassen13>
                            <40*lassen12>
</g/g17/mtcampbe> was used as the home directory.
</p/gpfs1/mtcampbe/CEESD/AutomatedTesting/RepoMonitoring/pilot-timing/y3-prediction-scaling-run/scalability_test> was used as the working directory.
Started at Wed Sep 10 15:01:42 2025
Terminated at Wed Sep 10 15:01:51 2025
Results reported at Wed Sep 10 15:01:51 2025

Your job looked like:

------------------------------------------------------------
# LSBATCH: User input
#!/bin/bash
#BSUB -nnodes 2
#BSUB -G uiuc
#BSUB -W 120
#BSUB -J scale8
#BSUB -q pdebug
#BSUB -o scal8.txt

source ../emirge/config/activate_env.sh
source ../emirge/mirgecom/scripts/mirge-testing-env.sh
source ../scripts/multi_scalability.sh -p ../ -s 8 -n 8


------------------------------------------------------------

Exited with exit code 1.

Resource usage summary:

    CPU time :                                   0.23 sec.
    Max Memory :                                 -
    Average Memory :                             -
    Total Requested Memory :                     -
    Delta Memory :                               -
    Max Swap :                                   -
    Max Processes :                              -
    Max Threads :                                -
    Run time :                                   11 sec.
    Turnaround time :                            12 sec.

The output (if any) is above this job summary.

