Customizing shell for Lassen.
Customizing shell for Lassen.

The following have been reloaded with a version change:
  1) base-gcc/8.3.1 => base-gcc/11.2.1


The following have been reloaded with a version change:
  1) base-gcc/8.3.1 => base-gcc/11.2.1


Lmod is automatically replacing "clang/ibm-16.0.6-cuda-11.2.0-gcc-8.3.1" with
"gcc/10.2.1".


Due to MODULEPATH changes, the following have been reloaded:
  1) spectrum-mpi/rolling-release


Lmod is automatically replacing "clang/ibm-16.0.6-cuda-11.2.0-gcc-8.3.1" with
"gcc/10.2.1".

Activating 'timing.main' environment for '/p/gpfs1/mtcampbe/CEESD/AutomatedTesting/MIRGE-Timing/timing/emirge/miniforge3/bin/conda'.

Due to MODULEPATH changes, the following have been reloaded:
  1) spectrum-mpi/rolling-release

Activating 'timing.main' environment for '/p/gpfs1/mtcampbe/CEESD/AutomatedTesting/MIRGE-Timing/timing/emirge/miniforge3/bin/conda'.
/p/gpfs1/mtcampbe/CEESD/AutomatedTesting/MIRGE-Timing/timing/y3-prediction-scaling-run/scalability_test
/p/gpfs1/mtcampbe/CEESD/AutomatedTesting/MIRGE-Timing/timing/y3-prediction-scaling-run/scalability_test
Driver directory: /p/gpfs1/mtcampbe/CEESD/AutomatedTesting/MIRGE-Timing/timing/y3-prediction-scaling-run
Wed Jun 25 19:44:31 PDT 2025
Running parallel timing tests...
* Running prediction-scalability test in scalability_test.
** Running prediction-scalability_np32 on 32 ranks.
++ runoptions='-n 32'
++ [[ ! -z '' ]]
++ jsrun -g 1 -a 1 -n 32 bash /p/gpfs1/mtcampbe/CEESD/AutomatedTesting/MIRGE-Timing/timing/y3-prediction-scaling-run/emirge/mirgecom/scripts/lassen-parallel-spawner.sh python -u -O -m mpi4py driver.py -c prediction-scalability_np32 -g /p/gpfs1/mtcampbe/CEESD/AutomatedTesting/MIRGE-Timing/timing/y3-prediction-scaling-run/scalability_test/log_data -i run_params_np32.yaml --log --lazy
/p/gpfs1/mtcampbe/CEESD/AutomatedTesting/MIRGE-Timing/timing/y3-prediction-scaling-run/scalability_test
/p/gpfs1/mtcampbe/CEESD/AutomatedTesting/MIRGE-Timing/timing/y3-prediction-scaling-run/scalability_test
Driver directory: /p/gpfs1/mtcampbe/CEESD/AutomatedTesting/MIRGE-Timing/timing/y3-prediction-scaling-run
Wed Jun 25 19:44:31 PDT 2025
Running parallel timing tests...
* Running prediction-scalability test in scalability_test.
** Running prediction-scalability_np32 on 32 ranks.
++ runoptions='-n 32'
++ [[ ! -z '' ]]
++ jsrun -g 1 -a 1 -n 32 bash /p/gpfs1/mtcampbe/CEESD/AutomatedTesting/MIRGE-Timing/timing/y3-prediction-scaling-run/emirge/mirgecom/scripts/lassen-parallel-spawner.sh python -u -O -m mpi4py driver.py -c prediction-scalability_np32 -g /p/gpfs1/mtcampbe/CEESD/AutomatedTesting/MIRGE-Timing/timing/y3-prediction-scaling-run/scalability_test/log_data -i run_params_np32.yaml --log --lazy
Custom casename 'prediction-scalability_np32'
Custom casename 'prediction-scalability_np32'
Custom casename 'prediction-scalability_np32'
Custom casename 'prediction-scalability_np32'
Custom casename 'prediction-scalability_np32'
Custom casename 'prediction-scalability_np32'
Custom casename 'prediction-scalability_np32'
Custom casename 'prediction-scalability_np32'
Custom casename 'prediction-scalability_np32'
Custom casename 'prediction-scalability_np32'
Custom casename 'prediction-scalability_np32'
Custom casename 'prediction-scalability_np32'
Custom casename 'prediction-scalability_np32'
Custom casename 'prediction-scalability_np32'
Custom casename 'prediction-scalability_np32'
Custom casename 'prediction-scalability_np32'
Custom casename 'prediction-scalability_np32'
Custom casename 'prediction-scalability_np32'
Custom casename 'prediction-scalability_np32'
Custom casename 'prediction-scalability_np32'
Custom casename 'prediction-scalability_np32'
Custom casename 'prediction-scalability_np32'
Custom casename 'prediction-scalability_np32'
Custom casename 'prediction-scalability_np32'
Custom casename 'prediction-scalability_np32'
Custom casename 'prediction-scalability_np32'
Custom casename 'prediction-scalability_np32'
Custom casename 'prediction-scalability_np32'
Custom casename 'prediction-scalability_np32'
Custom casename 'prediction-scalability_np32'
Custom casename 'prediction-scalability_np32'
Custom casename 'prediction-scalability_np32'
Custom casename 'prediction-scalability_np32'
Custom casename 'prediction-scalability_np32'
Custom casename 'prediction-scalability_np32'
Custom casename 'prediction-scalability_np32'
Custom casename 'prediction-scalability_np32'
Custom casename 'prediction-scalability_np32'
Custom casename 'prediction-scalability_np32'
Custom casename 'prediction-scalability_np32'
Custom casename 'prediction-scalability_np32'
Custom casename 'prediction-scalability_np32'
Custom casename 'prediction-scalability_np32'
Custom casename 'prediction-scalability_np32'
Custom casename 'prediction-scalability_np32'
Custom casename 'prediction-scalability_np32'
Custom casename 'prediction-scalability_np32'
Custom casename 'prediction-scalability_np32'
Custom casename 'prediction-scalability_np32'
Custom casename 'prediction-scalability_np32'
Custom casename 'prediction-scalability_np32'
Custom casename 'prediction-scalability_np32'
Custom casename 'prediction-scalability_np32'
Custom casename 'prediction-scalability_np32'
Custom casename 'prediction-scalability_np32'
Custom casename 'prediction-scalability_np32'
Custom casename 'prediction-scalability_np32'
Custom casename 'prediction-scalability_np32'
Custom casename 'prediction-scalability_np32'
Custom casename 'prediction-scalability_np32'
Custom casename 'prediction-scalability_np32'
Custom casename 'prediction-scalability_np32'
Custom casename 'prediction-scalability_np32'
Custom casename 'prediction-scalability_np32'
2025-06-25 19:44:36,506 - INFO - grudge.array_context - get_reasonable_array_context_class: MPIFusionContractorArrayContext lazy=True distributed=True device-parallel=True
2025-06-25 19:44:36,507 - INFO - grudge.array_context - get_reasonable_array_context_class: MPIFusionContractorArrayContext lazy=True distributed=True device-parallel=True
2025-06-25 19:44:36,507 - INFO - grudge.array_context - get_reasonable_array_context_class: MPIFusionContractorArrayContext lazy=True distributed=True device-parallel=True
2025-06-25 19:44:36,507 - INFO - grudge.array_context - get_reasonable_array_context_class: MPIFusionContractorArrayContext lazy=True distributed=True device-parallel=True
Using user input from file: run_params_np32.yaml
Running driver.py

Using user input from file: run_params_np32.yaml
Running driver.py

2025-06-25 19:44:36,507 - INFO - grudge.array_context - get_reasonable_array_context_class: MPIFusionContractorArrayContext lazy=True distributed=True device-parallel=True
Using user input from file: run_params_np32.yaml
Running driver.py

2025-06-25 19:44:36,507 - INFO - grudge.array_context - get_reasonable_array_context_class: MPIFusionContractorArrayContext lazy=True distributed=True device-parallel=True
Using user input from file: run_params_np32.yaml
Running driver.py

2025-06-25 19:44:36,507 - INFO - grudge.array_context - get_reasonable_array_context_class: MPIFusionContractorArrayContext lazy=True distributed=True device-parallel=True
2025-06-25 19:44:36,507 - INFO - grudge.array_context - get_reasonable_array_context_class: MPIFusionContractorArrayContext lazy=True distributed=True device-parallel=True
2025-06-25 19:44:36,507 - INFO - grudge.array_context - get_reasonable_array_context_class: MPIFusionContractorArrayContext lazy=True distributed=True device-parallel=True
Using user input from file: run_params_np32.yaml
Running driver.py

Using user input from file: run_params_np32.yaml
Running driver.py

2025-06-25 19:44:36,507 - INFO - grudge.array_context - get_reasonable_array_context_class: MPIFusionContractorArrayContext lazy=True distributed=True device-parallel=True
2025-06-25 19:44:36,507 - INFO - grudge.array_context - get_reasonable_array_context_class: MPIFusionContractorArrayContext lazy=True distributed=True device-parallel=True
2025-06-25 19:44:36,508 - INFO - grudge.array_context - get_reasonable_array_context_class: MPIFusionContractorArrayContext lazy=True distributed=True device-parallel=True
2025-06-25 19:44:36,507 - INFO - grudge.array_context - get_reasonable_array_context_class: MPIFusionContractorArrayContext lazy=True distributed=True device-parallel=True
Using user input from file: run_params_np32.yaml
Running driver.py

Using user input from file: run_params_np32.yaml
Running driver.py

2025-06-25 19:44:36,507 - INFO - grudge.array_context - get_reasonable_array_context_class: MPIFusionContractorArrayContext lazy=True distributed=True device-parallel=True
2025-06-25 19:44:36,507 - INFO - grudge.array_context - get_reasonable_array_context_class: MPIFusionContractorArrayContext lazy=True distributed=True device-parallel=True
2025-06-25 19:44:36,507 - INFO - grudge.array_context - get_reasonable_array_context_class: MPIFusionContractorArrayContext lazy=True distributed=True device-parallel=True
2025-06-25 19:44:36,507 - INFO - grudge.array_context - get_reasonable_array_context_class: MPIFusionContractorArrayContext lazy=True distributed=True device-parallel=True
Using user input from file: run_params_np32.yaml
Running driver.py

2025-06-25 19:44:36,507 - INFO - grudge.array_context - get_reasonable_array_context_class: MPIFusionContractorArrayContext lazy=True distributed=True device-parallel=True
2025-06-25 19:44:36,508 - INFO - grudge.array_context - get_reasonable_array_context_class: MPIFusionContractorArrayContext lazy=True distributed=True device-parallel=True
Using user input from file: run_params_np32.yaml
Running driver.py

Using user input from file: run_params_np32.yaml
Running driver.py

Using user input from file: run_params_np32.yaml
Running driver.py

Using user input from file: run_params_np32.yaml
Running driver.py

Using user input from file: run_params_np32.yaml
Running driver.py

2025-06-25 19:44:36,507 - INFO - grudge.array_context - get_reasonable_array_context_class: MPIFusionContractorArrayContext lazy=True distributed=True device-parallel=True
Using user input from file: run_params_np32.yaml
Running driver.py

Using user input from file: run_params_np32.yaml
Running driver.py

2025-06-25 19:44:36,507 - INFO - grudge.array_context - get_reasonable_array_context_class: MPIFusionContractorArrayContext lazy=True distributed=True device-parallel=True
2025-06-25 19:44:36,508 - INFO - grudge.array_context - get_reasonable_array_context_class: MPIFusionContractorArrayContext lazy=True distributed=True device-parallel=True
Using user input from file: run_params_np32.yaml
Running driver.py

Using user input from file: run_params_np32.yaml
Running driver.py

Using user input from file: run_params_np32.yaml
Running driver.py

2025-06-25 19:44:36,507 - INFO - grudge.array_context - get_reasonable_array_context_class: MPIFusionContractorArrayContext lazy=True distributed=True device-parallel=True
Using user input from file: run_params_np32.yaml
Running driver.py

Using user input from file: run_params_np32.yaml
Running driver.py

2025-06-25 19:44:36,507 - INFO - grudge.array_context - get_reasonable_array_context_class: MPIFusionContractorArrayContext lazy=True distributed=True device-parallel=True
2025-06-25 19:44:36,508 - INFO - grudge.array_context - get_reasonable_array_context_class: MPIFusionContractorArrayContext lazy=True distributed=True device-parallel=True
2025-06-25 19:44:36,507 - INFO - grudge.array_context - get_reasonable_array_context_class: MPIFusionContractorArrayContext lazy=True distributed=True device-parallel=True
2025-06-25 19:44:36,507 - INFO - grudge.array_context - get_reasonable_array_context_class: MPIFusionContractorArrayContext lazy=True distributed=True device-parallel=True
Using user input from file: run_params_np32.yaml
Running driver.py

2025-06-25 19:44:36,508 - INFO - grudge.array_context - get_reasonable_array_context_class: MPIFusionContractorArrayContext lazy=True distributed=True device-parallel=True
Using user input from file: run_params_np32.yaml
Running driver.py

Using user input from file: run_params_np32.yaml
Running driver.py

Using user input from file: run_params_np32.yaml
Running driver.py

Using user input from file: run_params_np32.yaml
Running driver.py

Using user input from file: run_params_np32.yaml
Running driver.py

Using user input from file: run_params_np32.yaml
Running driver.py

2025-06-25 19:44:36,507 - INFO - grudge.array_context - get_reasonable_array_context_class: MPIFusionContractorArrayContext lazy=True distributed=True device-parallel=True
2025-06-25 19:44:36,508 - INFO - grudge.array_context - get_reasonable_array_context_class: MPIFusionContractorArrayContext lazy=True distributed=True device-parallel=True
Using user input from file: run_params_np32.yaml
Running driver.py

2025-06-25 19:44:36,507 - INFO - grudge.array_context - get_reasonable_array_context_class: MPIFusionContractorArrayContext lazy=True distributed=True device-parallel=True
2025-06-25 19:44:36,507 - INFO - grudge.array_context - get_reasonable_array_context_class: MPIFusionContractorArrayContext lazy=True distributed=True device-parallel=True
2025-06-25 19:44:36,507 - INFO - grudge.array_context - get_reasonable_array_context_class: MPIFusionContractorArrayContext lazy=True distributed=True device-parallel=True
2025-06-25 19:44:36,507 - INFO - grudge.array_context - get_reasonable_array_context_class: MPIFusionContractorArrayContext lazy=True distributed=True device-parallel=True
Using user input from file: run_params_np32.yaml
Running driver.py

2025-06-25 19:44:36,507 - INFO - grudge.array_context - get_reasonable_array_context_class: MPIFusionContractorArrayContext lazy=True distributed=True device-parallel=True
2025-06-25 19:44:36,507 - INFO - grudge.array_context - get_reasonable_array_context_class: MPIFusionContractorArrayContext lazy=True distributed=True device-parallel=True
2025-06-25 19:44:36,508 - INFO - grudge.array_context - get_reasonable_array_context_class: MPIFusionContractorArrayContext lazy=True distributed=True device-parallel=True
2025-06-25 19:44:36,508 - INFO - grudge.array_context - get_reasonable_array_context_class: MPIFusionContractorArrayContext lazy=True distributed=True device-parallel=True
Using user input from file: run_params_np32.yaml
Running driver.py

Using user input from file: run_params_np32.yaml
Running driver.py

2025-06-25 19:44:36,507 - INFO - grudge.array_context - get_reasonable_array_context_class: MPIFusionContractorArrayContext lazy=True distributed=True device-parallel=True
Using user input from file: run_params_np32.yaml
Running driver.py

Using user input from file: run_params_np32.yaml
Running driver.py

2025-06-25 19:44:36,508 - INFO - grudge.array_context - get_reasonable_array_context_class: MPIFusionContractorArrayContext lazy=True distributed=True device-parallel=True
2025-06-25 19:44:36,507 - INFO - grudge.array_context - get_reasonable_array_context_class: MPIFusionContractorArrayContext lazy=True distributed=True device-parallel=True
Using user input from file: run_params_np32.yaml
Running driver.py

2025-06-25 19:44:36,508 - INFO - grudge.array_context - get_reasonable_array_context_class: MPIFusionContractorArrayContext lazy=True distributed=True device-parallel=True
2025-06-25 19:44:36,508 - INFO - grudge.array_context - get_reasonable_array_context_class: MPIFusionContractorArrayContext lazy=True distributed=True device-parallel=True
Using user input from file: run_params_np32.yaml
Running driver.py

Using user input from file: run_params_np32.yaml
Running driver.py

Using user input from file: run_params_np32.yaml
Running driver.py

2025-06-25 19:44:36,507 - INFO - grudge.array_context - get_reasonable_array_context_class: MPIFusionContractorArrayContext lazy=True distributed=True device-parallel=True
Using user input from file: run_params_np32.yaml
Running driver.py

Using user input from file: run_params_np32.yaml
Running driver.py

2025-06-25 19:44:36,508 - INFO - grudge.array_context - get_reasonable_array_context_class: MPIFusionContractorArrayContext lazy=True distributed=True device-parallel=True
Using user input from file: run_params_np32.yaml
Running driver.py

Using user input from file: run_params_np32.yaml
Running driver.py

Using user input from file: run_params_np32.yaml
Running driver.py

Using user input from file: run_params_np32.yaml
Running driver.py

2025-06-25 19:44:36,507 - INFO - grudge.array_context - get_reasonable_array_context_class: MPIFusionContractorArrayContext lazy=True distributed=True device-parallel=True
2025-06-25 19:44:36,507 - INFO - grudge.array_context - get_reasonable_array_context_class: MPIFusionContractorArrayContext lazy=True distributed=True device-parallel=True
Using user input from file: run_params_np32.yaml
Running driver.py

Using user input from file: run_params_np32.yaml
Running driver.py

2025-06-25 19:44:36,507 - INFO - grudge.array_context - get_reasonable_array_context_class: MPIFusionContractorArrayContext lazy=True distributed=True device-parallel=True
2025-06-25 19:44:36,508 - INFO - grudge.array_context - get_reasonable_array_context_class: MPIFusionContractorArrayContext lazy=True distributed=True device-parallel=True
Using user input from file: run_params_np32.yaml
Running driver.py

2025-06-25 19:44:36,507 - INFO - grudge.array_context - get_reasonable_array_context_class: MPIFusionContractorArrayContext lazy=True distributed=True device-parallel=True
2025-06-25 19:44:36,508 - INFO - grudge.array_context - get_reasonable_array_context_class: MPIFusionContractorArrayContext lazy=True distributed=True device-parallel=True
Using user input from file: run_params_np32.yaml
Running driver.py

2025-06-25 19:44:36,508 - INFO - grudge.array_context - get_reasonable_array_context_class: MPIFusionContractorArrayContext lazy=True distributed=True device-parallel=True
2025-06-25 19:44:36,508 - INFO - grudge.array_context - get_reasonable_array_context_class: MPIFusionContractorArrayContext lazy=True distributed=True device-parallel=True
2025-06-25 19:44:36,507 - INFO - grudge.array_context - get_reasonable_array_context_class: MPIFusionContractorArrayContext lazy=True distributed=True device-parallel=True
Using user input from file: run_params_np32.yaml
Running driver.py

2025-06-25 19:44:36,508 - INFO - grudge.array_context - get_reasonable_array_context_class: MPIFusionContractorArrayContext lazy=True distributed=True device-parallel=True
2025-06-25 19:44:36,508 - INFO - grudge.array_context - get_reasonable_array_context_class: MPIFusionContractorArrayContext lazy=True distributed=True device-parallel=True
2025-06-25 19:44:36,508 - INFO - grudge.array_context - get_reasonable_array_context_class: MPIFusionContractorArrayContext lazy=True distributed=True device-parallel=True
Using user input from file: run_params_np32.yaml
Running driver.py

Using user input from file: run_params_np32.yaml
Running driver.py

2025-06-25 19:44:36,508 - INFO - grudge.array_context - get_reasonable_array_context_class: MPIFusionContractorArrayContext lazy=True distributed=True device-parallel=True
2025-06-25 19:44:36,507 - INFO - grudge.array_context - get_reasonable_array_context_class: MPIFusionContractorArrayContext lazy=True distributed=True device-parallel=True
Using user input from file: run_params_np32.yaml
Running driver.py

Using user input from file: run_params_np32.yaml
Running driver.py

Using user input from file: run_params_np32.yaml
Running driver.py

Using user input from file: run_params_np32.yaml
Running driver.py

2025-06-25 19:44:36,507 - INFO - grudge.array_context - get_reasonable_array_context_class: MPIFusionContractorArrayContext lazy=True distributed=True device-parallel=True
Using user input from file: run_params_np32.yaml
Running driver.py

2025-06-25 19:44:36,508 - INFO - grudge.array_context - get_reasonable_array_context_class: MPIFusionContractorArrayContext lazy=True distributed=True device-parallel=True
2025-06-25 19:44:36,507 - INFO - grudge.array_context - get_reasonable_array_context_class: MPIFusionContractorArrayContext lazy=True distributed=True device-parallel=True
2025-06-25 19:44:36,508 - INFO - grudge.array_context - get_reasonable_array_context_class: MPIFusionContractorArrayContext lazy=True distributed=True device-parallel=True
2025-06-25 19:44:36,508 - INFO - grudge.array_context - get_reasonable_array_context_class: MPIFusionContractorArrayContext lazy=True distributed=True device-parallel=True
Using user input from file: run_params_np32.yaml
Running driver.py

Using user input from file: run_params_np32.yaml
Running driver.py

Using user input from file: run_params_np32.yaml
Running driver.py

Using user input from file: run_params_np32.yaml
Running driver.py

Using user input from file: run_params_np32.yaml
Running driver.py

Using user input from file: run_params_np32.yaml
Running driver.py

Using user input from file: run_params_np32.yaml
Running driver.py

Using user input from file: run_params_np32.yaml
Running driver.py

2025-06-25 19:44:36,691 - WARNING - py.warnings - /p/gpfs1/mtcampbe/CEESD/AutomatedTesting/MIRGE-Timing/timing/y3-prediction-scaling-run/y3prediction/wall.py:37: UserWarning: <class 'y3prediction.wall.WallVars'> does not have __array_ufunc__ set. This will cause numpy to attempt broadcasting, in a way that is likely undesired. To avoid this, set __array_ufunc__ = None in <class 'y3prediction.wall.WallVars'>.
  @with_container_arithmetic(bcast_obj_array=False,

2025-06-25 19:44:36,691 - WARNING - py.warnings - /p/gpfs1/mtcampbe/CEESD/AutomatedTesting/MIRGE-Timing/timing/y3-prediction-scaling-run/y3prediction/wall.py:37: UserWarning: <class 'y3prediction.wall.WallVars'> does not have __array_ufunc__ set. This will cause numpy to attempt broadcasting, in a way that is likely undesired. To avoid this, set __array_ufunc__ = None in <class 'y3prediction.wall.WallVars'>.
  @with_container_arithmetic(bcast_obj_array=False,

2025-06-25 19:44:36,691 - WARNING - py.warnings - /p/gpfs1/mtcampbe/CEESD/AutomatedTesting/MIRGE-Timing/timing/y3-prediction-scaling-run/y3prediction/wall.py:37: UserWarning: <class 'y3prediction.wall.WallVars'> does not have __array_ufunc__ set. This will cause numpy to attempt broadcasting, in a way that is likely undesired. To avoid this, set __array_ufunc__ = None in <class 'y3prediction.wall.WallVars'>.
  @with_container_arithmetic(bcast_obj_array=False,

2025-06-25 19:44:36,691 - WARNING - py.warnings - /p/gpfs1/mtcampbe/CEESD/AutomatedTesting/MIRGE-Timing/timing/y3-prediction-scaling-run/y3prediction/wall.py:37: UserWarning: <class 'y3prediction.wall.WallVars'> does not have __array_ufunc__ set. This will cause numpy to attempt broadcasting, in a way that is likely undesired. To avoid this, set __array_ufunc__ = None in <class 'y3prediction.wall.WallVars'>.
  @with_container_arithmetic(bcast_obj_array=False,

2025-06-25 19:44:36,691 - WARNING - py.warnings - /p/gpfs1/mtcampbe/CEESD/AutomatedTesting/MIRGE-Timing/timing/y3-prediction-scaling-run/y3prediction/wall.py:37: UserWarning: <class 'y3prediction.wall.WallVars'> does not have __array_ufunc__ set. This will cause numpy to attempt broadcasting, in a way that is likely undesired. To avoid this, set __array_ufunc__ = None in <class 'y3prediction.wall.WallVars'>.
  @with_container_arithmetic(bcast_obj_array=False,

2025-06-25 19:44:36,691 - WARNING - py.warnings - /p/gpfs1/mtcampbe/CEESD/AutomatedTesting/MIRGE-Timing/timing/y3-prediction-scaling-run/y3prediction/wall.py:37: UserWarning: <class 'y3prediction.wall.WallVars'> does not have __array_ufunc__ set. This will cause numpy to attempt broadcasting, in a way that is likely undesired. To avoid this, set __array_ufunc__ = None in <class 'y3prediction.wall.WallVars'>.
  @with_container_arithmetic(bcast_obj_array=False,

2025-06-25 19:44:36,692 - WARNING - py.warnings - /p/gpfs1/mtcampbe/CEESD/AutomatedTesting/MIRGE-Timing/timing/y3-prediction-scaling-run/y3prediction/wall.py:37: UserWarning: <class 'y3prediction.wall.WallVars'> does not have __array_ufunc__ set. This will cause numpy to attempt broadcasting, in a way that is likely undesired. To avoid this, set __array_ufunc__ = None in <class 'y3prediction.wall.WallVars'>.
  @with_container_arithmetic(bcast_obj_array=False,

2025-06-25 19:44:36,692 - WARNING - py.warnings - /p/gpfs1/mtcampbe/CEESD/AutomatedTesting/MIRGE-Timing/timing/y3-prediction-scaling-run/y3prediction/wall.py:37: UserWarning: <class 'y3prediction.wall.WallVars'> does not have __array_ufunc__ set. This will cause numpy to attempt broadcasting, in a way that is likely undesired. To avoid this, set __array_ufunc__ = None in <class 'y3prediction.wall.WallVars'>.
  @with_container_arithmetic(bcast_obj_array=False,

2025-06-25 19:44:36,692 - WARNING - py.warnings - /p/gpfs1/mtcampbe/CEESD/AutomatedTesting/MIRGE-Timing/timing/y3-prediction-scaling-run/y3prediction/wall.py:37: UserWarning: <class 'y3prediction.wall.WallVars'> does not have __array_ufunc__ set. This will cause numpy to attempt broadcasting, in a way that is likely undesired. To avoid this, set __array_ufunc__ = None in <class 'y3prediction.wall.WallVars'>.
  @with_container_arithmetic(bcast_obj_array=False,

2025-06-25 19:44:36,691 - WARNING - py.warnings - /p/gpfs1/mtcampbe/CEESD/AutomatedTesting/MIRGE-Timing/timing/y3-prediction-scaling-run/y3prediction/wall.py:37: UserWarning: <class 'y3prediction.wall.WallVars'> does not have __array_ufunc__ set. This will cause numpy to attempt broadcasting, in a way that is likely undesired. To avoid this, set __array_ufunc__ = None in <class 'y3prediction.wall.WallVars'>.
  @with_container_arithmetic(bcast_obj_array=False,

2025-06-25 19:44:36,692 - WARNING - py.warnings - /p/gpfs1/mtcampbe/CEESD/AutomatedTesting/MIRGE-Timing/timing/y3-prediction-scaling-run/y3prediction/wall.py:37: UserWarning: <class 'y3prediction.wall.WallVars'> does not have __array_ufunc__ set. This will cause numpy to attempt broadcasting, in a way that is likely undesired. To avoid this, set __array_ufunc__ = None in <class 'y3prediction.wall.WallVars'>.
  @with_container_arithmetic(bcast_obj_array=False,

2025-06-25 19:44:36,692 - WARNING - py.warnings - /p/gpfs1/mtcampbe/CEESD/AutomatedTesting/MIRGE-Timing/timing/y3-prediction-scaling-run/y3prediction/wall.py:37: UserWarning: <class 'y3prediction.wall.WallVars'> does not have __array_ufunc__ set. This will cause numpy to attempt broadcasting, in a way that is likely undesired. To avoid this, set __array_ufunc__ = None in <class 'y3prediction.wall.WallVars'>.
  @with_container_arithmetic(bcast_obj_array=False,

2025-06-25 19:44:36,693 - WARNING - py.warnings - /p/gpfs1/mtcampbe/CEESD/AutomatedTesting/MIRGE-Timing/timing/y3-prediction-scaling-run/y3prediction/wall.py:37: UserWarning: <class 'y3prediction.wall.WallVars'> does not have __array_ufunc__ set. This will cause numpy to attempt broadcasting, in a way that is likely undesired. To avoid this, set __array_ufunc__ = None in <class 'y3prediction.wall.WallVars'>.
  @with_container_arithmetic(bcast_obj_array=False,

2025-06-25 19:44:36,691 - WARNING - py.warnings - /p/gpfs1/mtcampbe/CEESD/AutomatedTesting/MIRGE-Timing/timing/y3-prediction-scaling-run/y3prediction/wall.py:37: UserWarning: <class 'y3prediction.wall.WallVars'> does not have __array_ufunc__ set. This will cause numpy to attempt broadcasting, in a way that is likely undesired. To avoid this, set __array_ufunc__ = None in <class 'y3prediction.wall.WallVars'>.
  @with_container_arithmetic(bcast_obj_array=False,

2025-06-25 19:44:36,692 - WARNING - py.warnings - /p/gpfs1/mtcampbe/CEESD/AutomatedTesting/MIRGE-Timing/timing/y3-prediction-scaling-run/y3prediction/wall.py:37: UserWarning: <class 'y3prediction.wall.WallVars'> does not have __array_ufunc__ set. This will cause numpy to attempt broadcasting, in a way that is likely undesired. To avoid this, set __array_ufunc__ = None in <class 'y3prediction.wall.WallVars'>.
  @with_container_arithmetic(bcast_obj_array=False,

2025-06-25 19:44:36,692 - WARNING - py.warnings - /p/gpfs1/mtcampbe/CEESD/AutomatedTesting/MIRGE-Timing/timing/y3-prediction-scaling-run/y3prediction/wall.py:37: UserWarning: <class 'y3prediction.wall.WallVars'> does not have __array_ufunc__ set. This will cause numpy to attempt broadcasting, in a way that is likely undesired. To avoid this, set __array_ufunc__ = None in <class 'y3prediction.wall.WallVars'>.
  @with_container_arithmetic(bcast_obj_array=False,

2025-06-25 19:44:36,692 - WARNING - py.warnings - /p/gpfs1/mtcampbe/CEESD/AutomatedTesting/MIRGE-Timing/timing/y3-prediction-scaling-run/y3prediction/wall.py:37: UserWarning: <class 'y3prediction.wall.WallVars'> does not have __array_ufunc__ set. This will cause numpy to attempt broadcasting, in a way that is likely undesired. To avoid this, set __array_ufunc__ = None in <class 'y3prediction.wall.WallVars'>.
  @with_container_arithmetic(bcast_obj_array=False,

2025-06-25 19:44:36,691 - WARNING - py.warnings - /p/gpfs1/mtcampbe/CEESD/AutomatedTesting/MIRGE-Timing/timing/y3-prediction-scaling-run/y3prediction/wall.py:37: UserWarning: <class 'y3prediction.wall.WallVars'> does not have __array_ufunc__ set. This will cause numpy to attempt broadcasting, in a way that is likely undesired. To avoid this, set __array_ufunc__ = None in <class 'y3prediction.wall.WallVars'>.
  @with_container_arithmetic(bcast_obj_array=False,

2025-06-25 19:44:36,693 - WARNING - py.warnings - /p/gpfs1/mtcampbe/CEESD/AutomatedTesting/MIRGE-Timing/timing/y3-prediction-scaling-run/y3prediction/wall.py:37: UserWarning: <class 'y3prediction.wall.WallVars'> does not have __array_ufunc__ set. This will cause numpy to attempt broadcasting, in a way that is likely undesired. To avoid this, set __array_ufunc__ = None in <class 'y3prediction.wall.WallVars'>.
  @with_container_arithmetic(bcast_obj_array=False,

2025-06-25 19:44:36,691 - WARNING - py.warnings - /p/gpfs1/mtcampbe/CEESD/AutomatedTesting/MIRGE-Timing/timing/y3-prediction-scaling-run/y3prediction/wall.py:37: UserWarning: <class 'y3prediction.wall.WallVars'> does not have __array_ufunc__ set. This will cause numpy to attempt broadcasting, in a way that is likely undesired. To avoid this, set __array_ufunc__ = None in <class 'y3prediction.wall.WallVars'>.
  @with_container_arithmetic(bcast_obj_array=False,

2025-06-25 19:44:36,692 - WARNING - py.warnings - /p/gpfs1/mtcampbe/CEESD/AutomatedTesting/MIRGE-Timing/timing/y3-prediction-scaling-run/y3prediction/wall.py:37: UserWarning: <class 'y3prediction.wall.WallVars'> does not have __array_ufunc__ set. This will cause numpy to attempt broadcasting, in a way that is likely undesired. To avoid this, set __array_ufunc__ = None in <class 'y3prediction.wall.WallVars'>.
  @with_container_arithmetic(bcast_obj_array=False,

2025-06-25 19:44:36,692 - WARNING - py.warnings - /p/gpfs1/mtcampbe/CEESD/AutomatedTesting/MIRGE-Timing/timing/y3-prediction-scaling-run/y3prediction/wall.py:37: UserWarning: <class 'y3prediction.wall.WallVars'> does not have __array_ufunc__ set. This will cause numpy to attempt broadcasting, in a way that is likely undesired. To avoid this, set __array_ufunc__ = None in <class 'y3prediction.wall.WallVars'>.
  @with_container_arithmetic(bcast_obj_array=False,

2025-06-25 19:44:36,693 - WARNING - py.warnings - /p/gpfs1/mtcampbe/CEESD/AutomatedTesting/MIRGE-Timing/timing/y3-prediction-scaling-run/y3prediction/wall.py:37: UserWarning: <class 'y3prediction.wall.WallVars'> does not have __array_ufunc__ set. This will cause numpy to attempt broadcasting, in a way that is likely undesired. To avoid this, set __array_ufunc__ = None in <class 'y3prediction.wall.WallVars'>.
  @with_container_arithmetic(bcast_obj_array=False,

2025-06-25 19:44:36,692 - WARNING - py.warnings - /p/gpfs1/mtcampbe/CEESD/AutomatedTesting/MIRGE-Timing/timing/y3-prediction-scaling-run/y3prediction/wall.py:37: UserWarning: <class 'y3prediction.wall.WallVars'> does not have __array_ufunc__ set. This will cause numpy to attempt broadcasting, in a way that is likely undesired. To avoid this, set __array_ufunc__ = None in <class 'y3prediction.wall.WallVars'>.
  @with_container_arithmetic(bcast_obj_array=False,

2025-06-25 19:44:36,693 - WARNING - py.warnings - /p/gpfs1/mtcampbe/CEESD/AutomatedTesting/MIRGE-Timing/timing/y3-prediction-scaling-run/y3prediction/wall.py:37: UserWarning: <class 'y3prediction.wall.WallVars'> does not have __array_ufunc__ set. This will cause numpy to attempt broadcasting, in a way that is likely undesired. To avoid this, set __array_ufunc__ = None in <class 'y3prediction.wall.WallVars'>.
  @with_container_arithmetic(bcast_obj_array=False,

2025-06-25 19:44:36,691 - WARNING - py.warnings - /p/gpfs1/mtcampbe/CEESD/AutomatedTesting/MIRGE-Timing/timing/y3-prediction-scaling-run/y3prediction/wall.py:37: UserWarning: <class 'y3prediction.wall.WallVars'> does not have __array_ufunc__ set. This will cause numpy to attempt broadcasting, in a way that is likely undesired. To avoid this, set __array_ufunc__ = None in <class 'y3prediction.wall.WallVars'>.
  @with_container_arithmetic(bcast_obj_array=False,

2025-06-25 19:44:36,691 - WARNING - py.warnings - /p/gpfs1/mtcampbe/CEESD/AutomatedTesting/MIRGE-Timing/timing/y3-prediction-scaling-run/y3prediction/wall.py:37: UserWarning: <class 'y3prediction.wall.WallVars'> does not have __array_ufunc__ set. This will cause numpy to attempt broadcasting, in a way that is likely undesired. To avoid this, set __array_ufunc__ = None in <class 'y3prediction.wall.WallVars'>.
  @with_container_arithmetic(bcast_obj_array=False,

2025-06-25 19:44:36,692 - WARNING - py.warnings - /p/gpfs1/mtcampbe/CEESD/AutomatedTesting/MIRGE-Timing/timing/y3-prediction-scaling-run/y3prediction/wall.py:37: UserWarning: <class 'y3prediction.wall.WallVars'> does not have __array_ufunc__ set. This will cause numpy to attempt broadcasting, in a way that is likely undesired. To avoid this, set __array_ufunc__ = None in <class 'y3prediction.wall.WallVars'>.
  @with_container_arithmetic(bcast_obj_array=False,

2025-06-25 19:44:36,692 - WARNING - py.warnings - /p/gpfs1/mtcampbe/CEESD/AutomatedTesting/MIRGE-Timing/timing/y3-prediction-scaling-run/y3prediction/wall.py:37: UserWarning: <class 'y3prediction.wall.WallVars'> does not have __array_ufunc__ set. This will cause numpy to attempt broadcasting, in a way that is likely undesired. To avoid this, set __array_ufunc__ = None in <class 'y3prediction.wall.WallVars'>.
  @with_container_arithmetic(bcast_obj_array=False,

2025-06-25 19:44:36,692 - WARNING - py.warnings - /p/gpfs1/mtcampbe/CEESD/AutomatedTesting/MIRGE-Timing/timing/y3-prediction-scaling-run/y3prediction/wall.py:37: UserWarning: <class 'y3prediction.wall.WallVars'> does not have __array_ufunc__ set. This will cause numpy to attempt broadcasting, in a way that is likely undesired. To avoid this, set __array_ufunc__ = None in <class 'y3prediction.wall.WallVars'>.
  @with_container_arithmetic(bcast_obj_array=False,

2025-06-25 19:44:36,692 - WARNING - py.warnings - /p/gpfs1/mtcampbe/CEESD/AutomatedTesting/MIRGE-Timing/timing/y3-prediction-scaling-run/y3prediction/wall.py:37: UserWarning: <class 'y3prediction.wall.WallVars'> does not have __array_ufunc__ set. This will cause numpy to attempt broadcasting, in a way that is likely undesired. To avoid this, set __array_ufunc__ = None in <class 'y3prediction.wall.WallVars'>.
  @with_container_arithmetic(bcast_obj_array=False,

2025-06-25 19:44:36,692 - WARNING - py.warnings - /p/gpfs1/mtcampbe/CEESD/AutomatedTesting/MIRGE-Timing/timing/y3-prediction-scaling-run/y3prediction/wall.py:37: UserWarning: <class 'y3prediction.wall.WallVars'> does not have __array_ufunc__ set. This will cause numpy to attempt broadcasting, in a way that is likely undesired. To avoid this, set __array_ufunc__ = None in <class 'y3prediction.wall.WallVars'>.
  @with_container_arithmetic(bcast_obj_array=False,

2025-06-25 19:44:36,692 - WARNING - py.warnings - /p/gpfs1/mtcampbe/CEESD/AutomatedTesting/MIRGE-Timing/timing/y3-prediction-scaling-run/y3prediction/wall.py:37: UserWarning: <class 'y3prediction.wall.WallVars'> does not have __array_ufunc__ set. This will cause numpy to attempt broadcasting, in a way that is likely undesired. To avoid this, set __array_ufunc__ = None in <class 'y3prediction.wall.WallVars'>.
  @with_container_arithmetic(bcast_obj_array=False,

2025-06-25 19:44:36,692 - WARNING - py.warnings - /p/gpfs1/mtcampbe/CEESD/AutomatedTesting/MIRGE-Timing/timing/y3-prediction-scaling-run/y3prediction/wall.py:37: UserWarning: <class 'y3prediction.wall.WallVars'> does not have __array_ufunc__ set. This will cause numpy to attempt broadcasting, in a way that is likely undesired. To avoid this, set __array_ufunc__ = None in <class 'y3prediction.wall.WallVars'>.
  @with_container_arithmetic(bcast_obj_array=False,

2025-06-25 19:44:36,693 - WARNING - py.warnings - /p/gpfs1/mtcampbe/CEESD/AutomatedTesting/MIRGE-Timing/timing/y3-prediction-scaling-run/y3prediction/wall.py:37: UserWarning: <class 'y3prediction.wall.WallVars'> does not have __array_ufunc__ set. This will cause numpy to attempt broadcasting, in a way that is likely undesired. To avoid this, set __array_ufunc__ = None in <class 'y3prediction.wall.WallVars'>.
  @with_container_arithmetic(bcast_obj_array=False,

2025-06-25 19:44:36,693 - WARNING - py.warnings - /p/gpfs1/mtcampbe/CEESD/AutomatedTesting/MIRGE-Timing/timing/y3-prediction-scaling-run/y3prediction/wall.py:37: UserWarning: <class 'y3prediction.wall.WallVars'> does not have __array_ufunc__ set. This will cause numpy to attempt broadcasting, in a way that is likely undesired. To avoid this, set __array_ufunc__ = None in <class 'y3prediction.wall.WallVars'>.
  @with_container_arithmetic(bcast_obj_array=False,

2025-06-25 19:44:36,693 - WARNING - py.warnings - /p/gpfs1/mtcampbe/CEESD/AutomatedTesting/MIRGE-Timing/timing/y3-prediction-scaling-run/y3prediction/wall.py:37: UserWarning: <class 'y3prediction.wall.WallVars'> does not have __array_ufunc__ set. This will cause numpy to attempt broadcasting, in a way that is likely undesired. To avoid this, set __array_ufunc__ = None in <class 'y3prediction.wall.WallVars'>.
  @with_container_arithmetic(bcast_obj_array=False,

2025-06-25 19:44:36,693 - WARNING - py.warnings - /p/gpfs1/mtcampbe/CEESD/AutomatedTesting/MIRGE-Timing/timing/y3-prediction-scaling-run/y3prediction/wall.py:37: UserWarning: <class 'y3prediction.wall.WallVars'> does not have __array_ufunc__ set. This will cause numpy to attempt broadcasting, in a way that is likely undesired. To avoid this, set __array_ufunc__ = None in <class 'y3prediction.wall.WallVars'>.
  @with_container_arithmetic(bcast_obj_array=False,

2025-06-25 19:44:36,692 - WARNING - py.warnings - /p/gpfs1/mtcampbe/CEESD/AutomatedTesting/MIRGE-Timing/timing/y3-prediction-scaling-run/y3prediction/wall.py:37: UserWarning: <class 'y3prediction.wall.WallVars'> does not have __array_ufunc__ set. This will cause numpy to attempt broadcasting, in a way that is likely undesired. To avoid this, set __array_ufunc__ = None in <class 'y3prediction.wall.WallVars'>.
  @with_container_arithmetic(bcast_obj_array=False,

2025-06-25 19:44:36,692 - WARNING - py.warnings - /p/gpfs1/mtcampbe/CEESD/AutomatedTesting/MIRGE-Timing/timing/y3-prediction-scaling-run/y3prediction/wall.py:37: UserWarning: <class 'y3prediction.wall.WallVars'> does not have __array_ufunc__ set. This will cause numpy to attempt broadcasting, in a way that is likely undesired. To avoid this, set __array_ufunc__ = None in <class 'y3prediction.wall.WallVars'>.
  @with_container_arithmetic(bcast_obj_array=False,

2025-06-25 19:44:36,692 - WARNING - py.warnings - /p/gpfs1/mtcampbe/CEESD/AutomatedTesting/MIRGE-Timing/timing/y3-prediction-scaling-run/y3prediction/wall.py:37: UserWarning: <class 'y3prediction.wall.WallVars'> does not have __array_ufunc__ set. This will cause numpy to attempt broadcasting, in a way that is likely undesired. To avoid this, set __array_ufunc__ = None in <class 'y3prediction.wall.WallVars'>.
  @with_container_arithmetic(bcast_obj_array=False,

2025-06-25 19:44:36,692 - WARNING - py.warnings - /p/gpfs1/mtcampbe/CEESD/AutomatedTesting/MIRGE-Timing/timing/y3-prediction-scaling-run/y3prediction/wall.py:37: UserWarning: <class 'y3prediction.wall.WallVars'> does not have __array_ufunc__ set. This will cause numpy to attempt broadcasting, in a way that is likely undesired. To avoid this, set __array_ufunc__ = None in <class 'y3prediction.wall.WallVars'>.
  @with_container_arithmetic(bcast_obj_array=False,

2025-06-25 19:44:36,692 - WARNING - py.warnings - /p/gpfs1/mtcampbe/CEESD/AutomatedTesting/MIRGE-Timing/timing/y3-prediction-scaling-run/y3prediction/wall.py:37: UserWarning: <class 'y3prediction.wall.WallVars'> does not have __array_ufunc__ set. This will cause numpy to attempt broadcasting, in a way that is likely undesired. To avoid this, set __array_ufunc__ = None in <class 'y3prediction.wall.WallVars'>.
  @with_container_arithmetic(bcast_obj_array=False,

2025-06-25 19:44:36,692 - WARNING - py.warnings - /p/gpfs1/mtcampbe/CEESD/AutomatedTesting/MIRGE-Timing/timing/y3-prediction-scaling-run/y3prediction/wall.py:37: UserWarning: <class 'y3prediction.wall.WallVars'> does not have __array_ufunc__ set. This will cause numpy to attempt broadcasting, in a way that is likely undesired. To avoid this, set __array_ufunc__ = None in <class 'y3prediction.wall.WallVars'>.
  @with_container_arithmetic(bcast_obj_array=False,

2025-06-25 19:44:36,692 - WARNING - py.warnings - /p/gpfs1/mtcampbe/CEESD/AutomatedTesting/MIRGE-Timing/timing/y3-prediction-scaling-run/y3prediction/wall.py:37: UserWarning: <class 'y3prediction.wall.WallVars'> does not have __array_ufunc__ set. This will cause numpy to attempt broadcasting, in a way that is likely undesired. To avoid this, set __array_ufunc__ = None in <class 'y3prediction.wall.WallVars'>.
  @with_container_arithmetic(bcast_obj_array=False,

2025-06-25 19:44:36,692 - WARNING - py.warnings - /p/gpfs1/mtcampbe/CEESD/AutomatedTesting/MIRGE-Timing/timing/y3-prediction-scaling-run/y3prediction/wall.py:37: UserWarning: <class 'y3prediction.wall.WallVars'> does not have __array_ufunc__ set. This will cause numpy to attempt broadcasting, in a way that is likely undesired. To avoid this, set __array_ufunc__ = None in <class 'y3prediction.wall.WallVars'>.
  @with_container_arithmetic(bcast_obj_array=False,

2025-06-25 19:44:36,692 - WARNING - py.warnings - /p/gpfs1/mtcampbe/CEESD/AutomatedTesting/MIRGE-Timing/timing/y3-prediction-scaling-run/y3prediction/wall.py:37: UserWarning: <class 'y3prediction.wall.WallVars'> does not have __array_ufunc__ set. This will cause numpy to attempt broadcasting, in a way that is likely undesired. To avoid this, set __array_ufunc__ = None in <class 'y3prediction.wall.WallVars'>.
  @with_container_arithmetic(bcast_obj_array=False,

2025-06-25 19:44:36,692 - WARNING - py.warnings - /p/gpfs1/mtcampbe/CEESD/AutomatedTesting/MIRGE-Timing/timing/y3-prediction-scaling-run/y3prediction/wall.py:37: UserWarning: <class 'y3prediction.wall.WallVars'> does not have __array_ufunc__ set. This will cause numpy to attempt broadcasting, in a way that is likely undesired. To avoid this, set __array_ufunc__ = None in <class 'y3prediction.wall.WallVars'>.
  @with_container_arithmetic(bcast_obj_array=False,

2025-06-25 19:44:36,692 - WARNING - py.warnings - /p/gpfs1/mtcampbe/CEESD/AutomatedTesting/MIRGE-Timing/timing/y3-prediction-scaling-run/y3prediction/wall.py:37: UserWarning: <class 'y3prediction.wall.WallVars'> does not have __array_ufunc__ set. This will cause numpy to attempt broadcasting, in a way that is likely undesired. To avoid this, set __array_ufunc__ = None in <class 'y3prediction.wall.WallVars'>.
  @with_container_arithmetic(bcast_obj_array=False,

2025-06-25 19:44:36,692 - WARNING - py.warnings - /p/gpfs1/mtcampbe/CEESD/AutomatedTesting/MIRGE-Timing/timing/y3-prediction-scaling-run/y3prediction/wall.py:37: UserWarning: <class 'y3prediction.wall.WallVars'> does not have __array_ufunc__ set. This will cause numpy to attempt broadcasting, in a way that is likely undesired. To avoid this, set __array_ufunc__ = None in <class 'y3prediction.wall.WallVars'>.
  @with_container_arithmetic(bcast_obj_array=False,

2025-06-25 19:44:36,692 - WARNING - py.warnings - /p/gpfs1/mtcampbe/CEESD/AutomatedTesting/MIRGE-Timing/timing/y3-prediction-scaling-run/y3prediction/wall.py:37: UserWarning: <class 'y3prediction.wall.WallVars'> does not have __array_ufunc__ set. This will cause numpy to attempt broadcasting, in a way that is likely undesired. To avoid this, set __array_ufunc__ = None in <class 'y3prediction.wall.WallVars'>.
  @with_container_arithmetic(bcast_obj_array=False,

2025-06-25 19:44:36,692 - WARNING - py.warnings - /p/gpfs1/mtcampbe/CEESD/AutomatedTesting/MIRGE-Timing/timing/y3-prediction-scaling-run/y3prediction/wall.py:37: UserWarning: <class 'y3prediction.wall.WallVars'> does not have __array_ufunc__ set. This will cause numpy to attempt broadcasting, in a way that is likely undesired. To avoid this, set __array_ufunc__ = None in <class 'y3prediction.wall.WallVars'>.
  @with_container_arithmetic(bcast_obj_array=False,

2025-06-25 19:44:36,692 - WARNING - py.warnings - /p/gpfs1/mtcampbe/CEESD/AutomatedTesting/MIRGE-Timing/timing/y3-prediction-scaling-run/y3prediction/wall.py:37: UserWarning: <class 'y3prediction.wall.WallVars'> does not have __array_ufunc__ set. This will cause numpy to attempt broadcasting, in a way that is likely undesired. To avoid this, set __array_ufunc__ = None in <class 'y3prediction.wall.WallVars'>.
  @with_container_arithmetic(bcast_obj_array=False,

2025-06-25 19:44:36,693 - WARNING - py.warnings - /p/gpfs1/mtcampbe/CEESD/AutomatedTesting/MIRGE-Timing/timing/y3-prediction-scaling-run/y3prediction/wall.py:37: UserWarning: <class 'y3prediction.wall.WallVars'> does not have __array_ufunc__ set. This will cause numpy to attempt broadcasting, in a way that is likely undesired. To avoid this, set __array_ufunc__ = None in <class 'y3prediction.wall.WallVars'>.
  @with_container_arithmetic(bcast_obj_array=False,

2025-06-25 19:44:36,692 - WARNING - py.warnings - /p/gpfs1/mtcampbe/CEESD/AutomatedTesting/MIRGE-Timing/timing/y3-prediction-scaling-run/y3prediction/wall.py:37: UserWarning: <class 'y3prediction.wall.WallVars'> does not have __array_ufunc__ set. This will cause numpy to attempt broadcasting, in a way that is likely undesired. To avoid this, set __array_ufunc__ = None in <class 'y3prediction.wall.WallVars'>.
  @with_container_arithmetic(bcast_obj_array=False,

2025-06-25 19:44:36,693 - WARNING - py.warnings - /p/gpfs1/mtcampbe/CEESD/AutomatedTesting/MIRGE-Timing/timing/y3-prediction-scaling-run/y3prediction/wall.py:37: UserWarning: <class 'y3prediction.wall.WallVars'> does not have __array_ufunc__ set. This will cause numpy to attempt broadcasting, in a way that is likely undesired. To avoid this, set __array_ufunc__ = None in <class 'y3prediction.wall.WallVars'>.
  @with_container_arithmetic(bcast_obj_array=False,

2025-06-25 19:44:36,693 - WARNING - py.warnings - /p/gpfs1/mtcampbe/CEESD/AutomatedTesting/MIRGE-Timing/timing/y3-prediction-scaling-run/y3prediction/wall.py:37: UserWarning: <class 'y3prediction.wall.WallVars'> does not have __array_ufunc__ set. This will cause numpy to attempt broadcasting, in a way that is likely undesired. To avoid this, set __array_ufunc__ = None in <class 'y3prediction.wall.WallVars'>.
  @with_container_arithmetic(bcast_obj_array=False,

2025-06-25 19:44:36,692 - WARNING - py.warnings - /p/gpfs1/mtcampbe/CEESD/AutomatedTesting/MIRGE-Timing/timing/y3-prediction-scaling-run/y3prediction/wall.py:37: UserWarning: <class 'y3prediction.wall.WallVars'> does not have __array_ufunc__ set. This will cause numpy to attempt broadcasting, in a way that is likely undesired. To avoid this, set __array_ufunc__ = None in <class 'y3prediction.wall.WallVars'>.
  @with_container_arithmetic(bcast_obj_array=False,

2025-06-25 19:44:36,693 - WARNING - py.warnings - /p/gpfs1/mtcampbe/CEESD/AutomatedTesting/MIRGE-Timing/timing/y3-prediction-scaling-run/y3prediction/wall.py:37: UserWarning: <class 'y3prediction.wall.WallVars'> does not have __array_ufunc__ set. This will cause numpy to attempt broadcasting, in a way that is likely undesired. To avoid this, set __array_ufunc__ = None in <class 'y3prediction.wall.WallVars'>.
  @with_container_arithmetic(bcast_obj_array=False,

2025-06-25 19:44:36,693 - WARNING - py.warnings - /p/gpfs1/mtcampbe/CEESD/AutomatedTesting/MIRGE-Timing/timing/y3-prediction-scaling-run/y3prediction/wall.py:37: UserWarning: <class 'y3prediction.wall.WallVars'> does not have __array_ufunc__ set. This will cause numpy to attempt broadcasting, in a way that is likely undesired. To avoid this, set __array_ufunc__ = None in <class 'y3prediction.wall.WallVars'>.
  @with_container_arithmetic(bcast_obj_array=False,

2025-06-25 19:44:36,692 - WARNING - py.warnings - /p/gpfs1/mtcampbe/CEESD/AutomatedTesting/MIRGE-Timing/timing/y3-prediction-scaling-run/y3prediction/wall.py:37: UserWarning: <class 'y3prediction.wall.WallVars'> does not have __array_ufunc__ set. This will cause numpy to attempt broadcasting, in a way that is likely undesired. To avoid this, set __array_ufunc__ = None in <class 'y3prediction.wall.WallVars'>.
  @with_container_arithmetic(bcast_obj_array=False,

2025-06-25 19:44:36,693 - WARNING - py.warnings - /p/gpfs1/mtcampbe/CEESD/AutomatedTesting/MIRGE-Timing/timing/y3-prediction-scaling-run/y3prediction/wall.py:37: UserWarning: <class 'y3prediction.wall.WallVars'> does not have __array_ufunc__ set. This will cause numpy to attempt broadcasting, in a way that is likely undesired. To avoid this, set __array_ufunc__ = None in <class 'y3prediction.wall.WallVars'>.
  @with_container_arithmetic(bcast_obj_array=False,

2025-06-25 19:44:36,693 - WARNING - py.warnings - /p/gpfs1/mtcampbe/CEESD/AutomatedTesting/MIRGE-Timing/timing/y3-prediction-scaling-run/y3prediction/wall.py:37: UserWarning: <class 'y3prediction.wall.WallVars'> does not have __array_ufunc__ set. This will cause numpy to attempt broadcasting, in a way that is likely undesired. To avoid this, set __array_ufunc__ = None in <class 'y3prediction.wall.WallVars'>.
  @with_container_arithmetic(bcast_obj_array=False,

2025-06-25 19:44:36,693 - WARNING - py.warnings - /p/gpfs1/mtcampbe/CEESD/AutomatedTesting/MIRGE-Timing/timing/y3-prediction-scaling-run/y3prediction/wall.py:37: UserWarning: <class 'y3prediction.wall.WallVars'> does not have __array_ufunc__ set. This will cause numpy to attempt broadcasting, in a way that is likely undesired. To avoid this, set __array_ufunc__ = None in <class 'y3prediction.wall.WallVars'>.
  @with_container_arithmetic(bcast_obj_array=False,

2025-06-25 19:44:37,762 - INFO - mirgecom.mpi - Using mpi4py version 4.1.0 with pkl5 scatter support.
2025-06-25 19:44:37,762 - INFO - mirgecom.mpi - mpi4py is using 'Open MPI v10.3.1.03rtm0, package: IBM Spectrum MPI, ident: IBM Spectrum MPI, repo rev: IBM_SPECTRUM_MPI_10.03.01.02_2020.08.03_XAA0, Unreleased developer copy' with MPI v3.1.
2025-06-25 19:44:37,887 - INFO - mirgecom.mpi - Using mpi4py version 4.1.0 with pkl5 scatter support.
2025-06-25 19:44:37,887 - INFO - mirgecom.mpi - mpi4py is using 'Open MPI v10.3.1.03rtm0, package: IBM Spectrum MPI, ident: IBM Spectrum MPI, repo rev: IBM_SPECTRUM_MPI_10.03.01.02_2020.08.03_XAA0, Unreleased developer copy' with MPI v3.1.
Traceback (most recent call last):
  File "/p/gpfs1/mtcampbe/CEESD/AutomatedTesting/MIRGE-Timing/timing/emirge/logpyle/logpyle/__init__.py", line 601, in __init__
    self.db_conn.execute("select * from quantities;")
sqlite3.OperationalError: no such table: quantities

During handling of the above exception, another exception occurred:

Traceback (most recent call last):
  File "<frozen runpy>", line 198, in _run_module_as_main
  File "<frozen runpy>", line 88, in _run_code
  File "/p/gpfs1/mtcampbe/CEESD/AutomatedTesting/MIRGE-Timing/timing/emirge/miniforge3/envs/timing.main/lib/python3.12/site-packages/mpi4py/__main__.py", line 8, in <module>
    main()
  File "/p/gpfs1/mtcampbe/CEESD/AutomatedTesting/MIRGE-Timing/timing/emirge/miniforge3/envs/timing.main/lib/python3.12/site-packages/mpi4py/run.py", line 320, in main
    run_command_line(args)
  File "/p/gpfs1/mtcampbe/CEESD/AutomatedTesting/MIRGE-Timing/timing/emirge/miniforge3/envs/timing.main/lib/python3.12/site-packages/mpi4py/run.py", line 53, in run_command_line
    run_path(sys.argv[0], run_name="__main__")
  File "<frozen runpy>", line 287, in run_path
  File "<frozen runpy>", line 98, in _run_module_code
  File "<frozen runpy>", line 88, in _run_code
  File "driver.py", line 85, in <module>
    main(actx_class, restart_filename=restart_filename,
  File "/p/gpfs1/mtcampbe/CEESD/AutomatedTesting/MIRGE-Timing/timing/emirge/mirgecom/mirgecom/mpi.py", line 152, in wrapped_func
    func(*args, **kwargs)
  File "/p/gpfs1/mtcampbe/CEESD/AutomatedTesting/MIRGE-Timing/timing/y3-prediction-scaling-run/y3prediction/prediction.py", line 1519, in main
    logmgr = initialize_logmgr(True,
             ^^^^^^^^^^^^^^^^^^^^^^^
  File "/p/gpfs1/mtcampbe/CEESD/AutomatedTesting/MIRGE-Timing/timing/emirge/mirgecom/mirgecom/logging_quantities.py", line 75, in initialize_logmgr
    logmgr = LogManager(filename=filename, mode=mode, mpi_comm=mpi_comm)
             ^^^^^^^^^^^^^^^^^^^^^^^^^^^^^^^^^^^^^^^^^^^^^^^^^^^^^^^^^^^
  File "/p/gpfs1/mtcampbe/CEESD/AutomatedTesting/MIRGE-Timing/timing/emirge/logpyle/logpyle/__init__.py", line 607, in __init__
    self.schema_version = _set_up_schema(self.db_conn)
                          ^^^^^^^^^^^^^^^^^^^^^^^^^^^^
  File "/p/gpfs1/mtcampbe/CEESD/AutomatedTesting/MIRGE-Timing/timing/emirge/logpyle/logpyle/__init__.py", line 363, in _set_up_schema
    db_conn.execute("""
sqlite3.OperationalError: database is locked
Traceback (most recent call last):
  File "/p/gpfs1/mtcampbe/CEESD/AutomatedTesting/MIRGE-Timing/timing/emirge/logpyle/logpyle/__init__.py", line 601, in __init__
    self.db_conn.execute("select * from quantities;")
sqlite3.OperationalError: no such table: quantities

During handling of the above exception, another exception occurred:

Traceback (most recent call last):
  File "<frozen runpy>", line 198, in _run_module_as_main
  File "<frozen runpy>", line 88, in _run_code
  File "/p/gpfs1/mtcampbe/CEESD/AutomatedTesting/MIRGE-Timing/timing/emirge/miniforge3/envs/timing.main/lib/python3.12/site-packages/mpi4py/__main__.py", line 8, in <module>
    main()
  File "/p/gpfs1/mtcampbe/CEESD/AutomatedTesting/MIRGE-Timing/timing/emirge/miniforge3/envs/timing.main/lib/python3.12/site-packages/mpi4py/run.py", line 320, in main
    run_command_line(args)
  File "/p/gpfs1/mtcampbe/CEESD/AutomatedTesting/MIRGE-Timing/timing/emirge/miniforge3/envs/timing.main/lib/python3.12/site-packages/mpi4py/run.py", line 53, in run_command_line
    run_path(sys.argv[0], run_name="__main__")
  File "<frozen runpy>", line 287, in run_path
  File "<frozen runpy>", line 98, in _run_module_code
  File "<frozen runpy>", line 88, in _run_code
  File "driver.py", line 85, in <module>
    main(actx_class, restart_filename=restart_filename,
  File "/p/gpfs1/mtcampbe/CEESD/AutomatedTesting/MIRGE-Timing/timing/emirge/mirgecom/mirgecom/mpi.py", line 152, in wrapped_func
    func(*args, **kwargs)
  File "/p/gpfs1/mtcampbe/CEESD/AutomatedTesting/MIRGE-Timing/timing/y3-prediction-scaling-run/y3prediction/prediction.py", line 1519, in main
    logmgr = initialize_logmgr(True,
             ^^^^^^^^^^^^^^^^^^^^^^^
  File "/p/gpfs1/mtcampbe/CEESD/AutomatedTesting/MIRGE-Timing/timing/emirge/mirgecom/mirgecom/logging_quantities.py", line 75, in initialize_logmgr
    logmgr = LogManager(filename=filename, mode=mode, mpi_comm=mpi_comm)
             ^^^^^^^^^^^^^^^^^^^^^^^^^^^^^^^^^^^^^^^^^^^^^^^^^^^^^^^^^^^
  File "/p/gpfs1/mtcampbe/CEESD/AutomatedTesting/MIRGE-Timing/timing/emirge/logpyle/logpyle/__init__.py", line 607, in __init__
    self.schema_version = _set_up_schema(self.db_conn)
                          ^^^^^^^^^^^^^^^^^^^^^^^^^^^^
  File "/p/gpfs1/mtcampbe/CEESD/AutomatedTesting/MIRGE-Timing/timing/emirge/logpyle/logpyle/__init__.py", line 363, in _set_up_schema
    db_conn.execute("""
sqlite3.OperationalError: database is locked
--------------------------------------------------------------------------
MPI_ABORT was invoked on rank 2 in communicator MPI_COMM_WORLD
with errorcode 1.

NOTE: invoking MPI_ABORT causes Open MPI to kill all MPI processes.
You may or may not see output from other processes, depending on
exactly when Open MPI kills them.
--------------------------------------------------------------------------
--------------------------------------------------------------------------
MPI_ABORT was invoked on rank 1 in communicator MPI_COMM_WORLD
with errorcode 1.

NOTE: invoking MPI_ABORT causes Open MPI to kill all MPI processes.
You may or may not see output from other processes, depending on
exactly when Open MPI kills them.
--------------------------------------------------------------------------
++ return_code=1
++ set +x
mv: cannot stat viz_data: No such file or directory
mv: cannot stat restart_data: No such file or directory
**  scalability_test/prediction-scalability_np32 failed.
Wed Jun 25 19:45:09 PDT 2025
Scaling/timing tests done.
Passing tests: 
Failing tests:  scalability_test/prediction-scalability_np32
++ return_code=1
++ set +x
mv: cannot stat viz_data: No such file or directory
mv: cannot stat restart_data: No such file or directory
**  scalability_test/prediction-scalability_np32 failed.
Wed Jun 25 19:45:09 PDT 2025
Scaling/timing tests done.
Passing tests: 
Failing tests:  scalability_test/prediction-scalability_np32

------------------------------------------------------------
Sender: LSF System <lsfadmin@lassen710>
Subject: Job 7360392: <scale32> in cluster <lassen> Exited

Job <scale32> was submitted from host <lassen709> by user <mtcampbe> in cluster <lassen> at Wed Jun 25 18:32:46 2025
Job was executed on host(s) <1*lassen710>, in queue <pbatch>, as user <mtcampbe> in cluster <lassen> at Wed Jun 25 19:44:21 2025
                            <40*lassen788>
                            <40*lassen789>
                            <40*lassen798>
                            <40*lassen470>
                            <40*lassen316>
                            <40*lassen646>
                            <40*lassen652>
                            <40*lassen172>
</g/g17/mtcampbe> was used as the home directory.
</p/gpfs1/mtcampbe/CEESD/AutomatedTesting/MIRGE-Timing/timing/y3-prediction-scaling-run/scalability_test> was used as the working directory.
Started at Wed Jun 25 19:44:21 2025
Terminated at Wed Jun 25 19:45:41 2025
Results reported at Wed Jun 25 19:45:41 2025

Your job looked like:

------------------------------------------------------------
# LSBATCH: User input
#!/bin/bash
#BSUB -nnodes 8
#BSUB -G uiuc
#BSUB -W 120
#BSUB -J scale32
#BSUB -q pbatch
#BSUB -o scal32.txt

source ../emirge/config/activate_env.sh
source ../emirge/mirgecom/scripts/mirge-testing-env.sh
source ../scripts/multi_scalability.sh -p ../ -s 32 -n 32

------------------------------------------------------------

Exited with exit code 1.

Resource usage summary:

    CPU time :                                   2.00 sec.
    Max Memory :                                 59 MB
    Average Memory :                             54.00 MB
    Total Requested Memory :                     -
    Delta Memory :                               -
    Max Swap :                                   1634 MB
    Max Processes :                              4
    Max Threads :                                27
    Run time :                                   79 sec.
    Turnaround time :                            4375 sec.

The output (if any) is above this job summary.


------------------------------------------------------------
Sender: LSF System <lsfadmin@lassen710>
Subject: Job 7360057: <scale32> in cluster <lassen> Exited

Job <scale32> was submitted from host <lassen709> by user <mtcampbe> in cluster <lassen> at Wed Jun 25 15:35:49 2025
Job was executed on host(s) <1*lassen710>, in queue <pbatch>, as user <mtcampbe> in cluster <lassen> at Wed Jun 25 19:44:21 2025
                            <40*lassen608>
                            <40*lassen124>
                            <40*lassen453>
                            <40*lassen785>
                            <40*lassen128>
                            <40*lassen457>
                            <40*lassen787>
                            <40*lassen459>
</g/g17/mtcampbe> was used as the home directory.
</p/gpfs1/mtcampbe/CEESD/AutomatedTesting/MIRGE-Timing/timing/y3-prediction-scaling-run/scalability_test> was used as the working directory.
Started at Wed Jun 25 19:44:21 2025
Terminated at Wed Jun 25 19:45:41 2025
Results reported at Wed Jun 25 19:45:41 2025

Your job looked like:

------------------------------------------------------------
# LSBATCH: User input
#!/bin/bash
#BSUB -nnodes 8
#BSUB -G uiuc
#BSUB -W 120
#BSUB -J scale32
#BSUB -q pbatch
#BSUB -o scal32.txt

source ../emirge/config/activate_env.sh
source ../emirge/mirgecom/scripts/mirge-testing-env.sh
source ../scripts/multi_scalability.sh -p ../ -s 32 -n 32

------------------------------------------------------------

Exited with exit code 1.

Resource usage summary:

    CPU time :                                   2.00 sec.
    Max Memory :                                 59 MB
    Average Memory :                             54.00 MB
    Total Requested Memory :                     -
    Delta Memory :                               -
    Max Swap :                                   1634 MB
    Max Processes :                              4
    Max Threads :                                27
    Run time :                                   79 sec.
    Turnaround time :                            14992 sec.

The output (if any) is above this job summary.

