Customizing shell for Lassen.

The following have been reloaded with a version change:
  1) base-gcc/8.3.1 => base-gcc/11.2.1


Lmod is automatically replacing "clang/ibm-16.0.6-cuda-11.2.0-gcc-8.3.1" with
"gcc/10.2.1".


Due to MODULEPATH changes, the following have been reloaded:
  1) spectrum-mpi/rolling-release

Activating 'timing.main' environment for '/p/gpfs1/mtcampbe/CEESD/AutomatedTesting/MIRGE-Timing/timing/emirge/miniforge3/bin/conda'.
/p/gpfs1/mtcampbe/CEESD/AutomatedTesting/MIRGE-Timing/timing/y3-prediction-scaling-run/scalability_test
/p/gpfs1/mtcampbe/CEESD/AutomatedTesting/MIRGE-Timing/timing/y3-prediction-scaling-run/scalability_test
Driver directory: /p/gpfs1/mtcampbe/CEESD/AutomatedTesting/MIRGE-Timing/timing/y3-prediction-scaling-run
Thu Jun 12 23:23:40 PDT 2025
Running parallel timing tests...
* Running prediction-scalability test in scalability_test.
** Running prediction-scalability_np32 on 32 ranks.
++ runoptions='-n 32'
++ [[ ! -z '' ]]
++ jsrun -g 1 -a 1 -n 32 bash /p/gpfs1/mtcampbe/CEESD/AutomatedTesting/MIRGE-Timing/timing/y3-prediction-scaling-run/emirge/mirgecom/scripts/lassen-parallel-spawner.sh python -u -O -m mpi4py driver.py -c prediction-scalability_np32 -g /p/gpfs1/mtcampbe/CEESD/AutomatedTesting/MIRGE-Timing/timing/y3-prediction-scaling-run/scalability_test/log_data -i run_params_np32.yaml --log --lazy
Custom casename 'prediction-scalability_np32'
Custom casename 'prediction-scalability_np32'
Custom casename 'prediction-scalability_np32'
Custom casename 'prediction-scalability_np32'
Custom casename 'prediction-scalability_np32'
Custom casename 'prediction-scalability_np32'
Custom casename 'prediction-scalability_np32'
Custom casename 'prediction-scalability_np32'
Custom casename 'prediction-scalability_np32'
Custom casename 'prediction-scalability_np32'
Custom casename 'prediction-scalability_np32'
Custom casename 'prediction-scalability_np32'
Custom casename 'prediction-scalability_np32'
Custom casename 'prediction-scalability_np32'
Custom casename 'prediction-scalability_np32'
Custom casename 'prediction-scalability_np32'
Custom casename 'prediction-scalability_np32'
Custom casename 'prediction-scalability_np32'
Custom casename 'prediction-scalability_np32'
Custom casename 'prediction-scalability_np32'
Custom casename 'prediction-scalability_np32'
Custom casename 'prediction-scalability_np32'
Custom casename 'prediction-scalability_np32'
Custom casename 'prediction-scalability_np32'
Custom casename 'prediction-scalability_np32'
Custom casename 'prediction-scalability_np32'
Custom casename 'prediction-scalability_np32'
Custom casename 'prediction-scalability_np32'
Custom casename 'prediction-scalability_np32'
Custom casename 'prediction-scalability_np32'
Custom casename 'prediction-scalability_np32'
Custom casename 'prediction-scalability_np32'
2025-06-12 23:23:44,247 - INFO - grudge.array_context - get_reasonable_array_context_class: MPIFusionContractorArrayContext lazy=True distributed=True device-parallel=True
2025-06-12 23:23:44,247 - INFO - grudge.array_context - get_reasonable_array_context_class: MPIFusionContractorArrayContext lazy=True distributed=True device-parallel=True
Using user input from file: run_params_np32.yaml
Running driver.py

Using user input from file: run_params_np32.yaml
Running driver.py

Using user input from file: run_params_np32.yaml
Running driver.py

Using user input from file: run_params_np32.yaml
Running driver.py

2025-06-12 23:23:44,247 - INFO - grudge.array_context - get_reasonable_array_context_class: MPIFusionContractorArrayContext lazy=True distributed=True device-parallel=True
2025-06-12 23:23:44,247 - INFO - grudge.array_context - get_reasonable_array_context_class: MPIFusionContractorArrayContext lazy=True distributed=True device-parallel=True
2025-06-12 23:23:44,249 - INFO - grudge.array_context - get_reasonable_array_context_class: MPIFusionContractorArrayContext lazy=True distributed=True device-parallel=True
2025-06-12 23:23:44,249 - INFO - grudge.array_context - get_reasonable_array_context_class: MPIFusionContractorArrayContext lazy=True distributed=True device-parallel=True
Using user input from file: run_params_np32.yaml
Running driver.py

Using user input from file: run_params_np32.yaml
Running driver.py

Using user input from file: run_params_np32.yaml
Running driver.py

Using user input from file: run_params_np32.yaml
Running driver.py

Using user input from file: run_params_np32.yaml
Running driver.py

Using user input from file: run_params_np32.yaml
Running driver.py

Using user input from file: run_params_np32.yaml
Running driver.py

Using user input from file: run_params_np32.yaml
Running driver.py

2025-06-12 23:23:44,249 - INFO - grudge.array_context - get_reasonable_array_context_class: MPIFusionContractorArrayContext lazy=True distributed=True device-parallel=True
2025-06-12 23:23:44,249 - INFO - grudge.array_context - get_reasonable_array_context_class: MPIFusionContractorArrayContext lazy=True distributed=True device-parallel=True
2025-06-12 23:23:44,249 - INFO - grudge.array_context - get_reasonable_array_context_class: MPIFusionContractorArrayContext lazy=True distributed=True device-parallel=True
2025-06-12 23:23:44,249 - INFO - grudge.array_context - get_reasonable_array_context_class: MPIFusionContractorArrayContext lazy=True distributed=True device-parallel=True
2025-06-12 23:23:44,249 - INFO - grudge.array_context - get_reasonable_array_context_class: MPIFusionContractorArrayContext lazy=True distributed=True device-parallel=True
2025-06-12 23:23:44,249 - INFO - grudge.array_context - get_reasonable_array_context_class: MPIFusionContractorArrayContext lazy=True distributed=True device-parallel=True
Using user input from file: run_params_np32.yaml
Running driver.py

2025-06-12 23:23:44,251 - INFO - grudge.array_context - get_reasonable_array_context_class: MPIFusionContractorArrayContext lazy=True distributed=True device-parallel=True
Using user input from file: run_params_np32.yaml
Running driver.py

2025-06-12 23:23:44,251 - INFO - grudge.array_context - get_reasonable_array_context_class: MPIFusionContractorArrayContext lazy=True distributed=True device-parallel=True
Using user input from file: run_params_np32.yaml
Running driver.py

Using user input from file: run_params_np32.yaml
Running driver.py

2025-06-12 23:23:44,251 - INFO - grudge.array_context - get_reasonable_array_context_class: MPIFusionContractorArrayContext lazy=True distributed=True device-parallel=True
2025-06-12 23:23:44,251 - INFO - grudge.array_context - get_reasonable_array_context_class: MPIFusionContractorArrayContext lazy=True distributed=True device-parallel=True
2025-06-12 23:23:44,283 - INFO - grudge.array_context - get_reasonable_array_context_class: MPIFusionContractorArrayContext lazy=True distributed=True device-parallel=True
Using user input from file: run_params_np32.yaml
Running driver.py

Using user input from file: run_params_np32.yaml
Running driver.py

2025-06-12 23:23:44,283 - INFO - grudge.array_context - get_reasonable_array_context_class: MPIFusionContractorArrayContext lazy=True distributed=True device-parallel=True
Using user input from file: run_params_np32.yaml
Running driver.py

2025-06-12 23:23:44,283 - INFO - grudge.array_context - get_reasonable_array_context_class: MPIFusionContractorArrayContext lazy=True distributed=True device-parallel=True
Using user input from file: run_params_np32.yaml
Running driver.py

2025-06-12 23:23:44,283 - INFO - grudge.array_context - get_reasonable_array_context_class: MPIFusionContractorArrayContext lazy=True distributed=True device-parallel=True
2025-06-12 23:23:44,293 - INFO - grudge.array_context - get_reasonable_array_context_class: MPIFusionContractorArrayContext lazy=True distributed=True device-parallel=True
2025-06-12 23:23:44,293 - INFO - grudge.array_context - get_reasonable_array_context_class: MPIFusionContractorArrayContext lazy=True distributed=True device-parallel=True
Using user input from file: run_params_np32.yaml
Running driver.py

Using user input from file: run_params_np32.yaml
Running driver.py

2025-06-12 23:23:44,292 - INFO - grudge.array_context - get_reasonable_array_context_class: MPIFusionContractorArrayContext lazy=True distributed=True device-parallel=True
Using user input from file: run_params_np32.yaml
Running driver.py

2025-06-12 23:23:44,293 - INFO - grudge.array_context - get_reasonable_array_context_class: MPIFusionContractorArrayContext lazy=True distributed=True device-parallel=True
Using user input from file: run_params_np32.yaml
Running driver.py

2025-06-12 23:23:44,304 - INFO - grudge.array_context - get_reasonable_array_context_class: MPIFusionContractorArrayContext lazy=True distributed=True device-parallel=True
2025-06-12 23:23:44,304 - INFO - grudge.array_context - get_reasonable_array_context_class: MPIFusionContractorArrayContext lazy=True distributed=True device-parallel=True
2025-06-12 23:23:44,304 - INFO - grudge.array_context - get_reasonable_array_context_class: MPIFusionContractorArrayContext lazy=True distributed=True device-parallel=True
Using user input from file: run_params_np32.yaml
Running driver.py

Using user input from file: run_params_np32.yaml
Running driver.py

Using user input from file: run_params_np32.yaml
Running driver.py

Using user input from file: run_params_np32.yaml
Running driver.py

2025-06-12 23:23:44,304 - INFO - grudge.array_context - get_reasonable_array_context_class: MPIFusionContractorArrayContext lazy=True distributed=True device-parallel=True
2025-06-12 23:23:44,346 - INFO - grudge.array_context - get_reasonable_array_context_class: MPIFusionContractorArrayContext lazy=True distributed=True device-parallel=True
2025-06-12 23:23:44,346 - INFO - grudge.array_context - get_reasonable_array_context_class: MPIFusionContractorArrayContext lazy=True distributed=True device-parallel=True
Using user input from file: run_params_np32.yaml
Running driver.py

2025-06-12 23:23:44,346 - INFO - grudge.array_context - get_reasonable_array_context_class: MPIFusionContractorArrayContext lazy=True distributed=True device-parallel=True
Using user input from file: run_params_np32.yaml
Running driver.py

2025-06-12 23:23:44,346 - INFO - grudge.array_context - get_reasonable_array_context_class: MPIFusionContractorArrayContext lazy=True distributed=True device-parallel=True
Using user input from file: run_params_np32.yaml
Running driver.py

Using user input from file: run_params_np32.yaml
Running driver.py

2025-06-12 23:23:44,372 - WARNING - py.warnings - /p/gpfs1/mtcampbe/CEESD/AutomatedTesting/MIRGE-Timing/timing/y3-prediction-scaling-run/y3prediction/wall.py:37: UserWarning: <class 'y3prediction.wall.WallVars'> does not have __array_ufunc__ set. This will cause numpy to attempt broadcasting, in a way that is likely undesired. To avoid this, set __array_ufunc__ = None in <class 'y3prediction.wall.WallVars'>.
  @with_container_arithmetic(bcast_obj_array=False,

2025-06-12 23:23:44,372 - WARNING - py.warnings - /p/gpfs1/mtcampbe/CEESD/AutomatedTesting/MIRGE-Timing/timing/y3-prediction-scaling-run/y3prediction/wall.py:37: UserWarning: <class 'y3prediction.wall.WallVars'> does not have __array_ufunc__ set. This will cause numpy to attempt broadcasting, in a way that is likely undesired. To avoid this, set __array_ufunc__ = None in <class 'y3prediction.wall.WallVars'>.
  @with_container_arithmetic(bcast_obj_array=False,

2025-06-12 23:23:44,372 - WARNING - py.warnings - /p/gpfs1/mtcampbe/CEESD/AutomatedTesting/MIRGE-Timing/timing/y3-prediction-scaling-run/y3prediction/wall.py:37: UserWarning: <class 'y3prediction.wall.WallVars'> does not have __array_ufunc__ set. This will cause numpy to attempt broadcasting, in a way that is likely undesired. To avoid this, set __array_ufunc__ = None in <class 'y3prediction.wall.WallVars'>.
  @with_container_arithmetic(bcast_obj_array=False,

2025-06-12 23:23:44,372 - WARNING - py.warnings - /p/gpfs1/mtcampbe/CEESD/AutomatedTesting/MIRGE-Timing/timing/y3-prediction-scaling-run/y3prediction/wall.py:37: UserWarning: <class 'y3prediction.wall.WallVars'> does not have __array_ufunc__ set. This will cause numpy to attempt broadcasting, in a way that is likely undesired. To avoid this, set __array_ufunc__ = None in <class 'y3prediction.wall.WallVars'>.
  @with_container_arithmetic(bcast_obj_array=False,

2025-06-12 23:23:44,372 - WARNING - py.warnings - /p/gpfs1/mtcampbe/CEESD/AutomatedTesting/MIRGE-Timing/timing/y3-prediction-scaling-run/y3prediction/wall.py:37: UserWarning: <class 'y3prediction.wall.WallVars'> does not have __array_ufunc__ set. This will cause numpy to attempt broadcasting, in a way that is likely undesired. To avoid this, set __array_ufunc__ = None in <class 'y3prediction.wall.WallVars'>.
  @with_container_arithmetic(bcast_obj_array=False,

2025-06-12 23:23:44,372 - WARNING - py.warnings - /p/gpfs1/mtcampbe/CEESD/AutomatedTesting/MIRGE-Timing/timing/y3-prediction-scaling-run/y3prediction/wall.py:37: UserWarning: <class 'y3prediction.wall.WallVars'> does not have __array_ufunc__ set. This will cause numpy to attempt broadcasting, in a way that is likely undesired. To avoid this, set __array_ufunc__ = None in <class 'y3prediction.wall.WallVars'>.
  @with_container_arithmetic(bcast_obj_array=False,

2025-06-12 23:23:44,372 - WARNING - py.warnings - /p/gpfs1/mtcampbe/CEESD/AutomatedTesting/MIRGE-Timing/timing/y3-prediction-scaling-run/y3prediction/wall.py:37: UserWarning: <class 'y3prediction.wall.WallVars'> does not have __array_ufunc__ set. This will cause numpy to attempt broadcasting, in a way that is likely undesired. To avoid this, set __array_ufunc__ = None in <class 'y3prediction.wall.WallVars'>.
  @with_container_arithmetic(bcast_obj_array=False,

2025-06-12 23:23:44,372 - WARNING - py.warnings - /p/gpfs1/mtcampbe/CEESD/AutomatedTesting/MIRGE-Timing/timing/y3-prediction-scaling-run/y3prediction/wall.py:37: UserWarning: <class 'y3prediction.wall.WallVars'> does not have __array_ufunc__ set. This will cause numpy to attempt broadcasting, in a way that is likely undesired. To avoid this, set __array_ufunc__ = None in <class 'y3prediction.wall.WallVars'>.
  @with_container_arithmetic(bcast_obj_array=False,

2025-06-12 23:23:44,372 - WARNING - py.warnings - /p/gpfs1/mtcampbe/CEESD/AutomatedTesting/MIRGE-Timing/timing/y3-prediction-scaling-run/y3prediction/wall.py:37: UserWarning: <class 'y3prediction.wall.WallVars'> does not have __array_ufunc__ set. This will cause numpy to attempt broadcasting, in a way that is likely undesired. To avoid this, set __array_ufunc__ = None in <class 'y3prediction.wall.WallVars'>.
  @with_container_arithmetic(bcast_obj_array=False,

2025-06-12 23:23:44,372 - WARNING - py.warnings - /p/gpfs1/mtcampbe/CEESD/AutomatedTesting/MIRGE-Timing/timing/y3-prediction-scaling-run/y3prediction/wall.py:37: UserWarning: <class 'y3prediction.wall.WallVars'> does not have __array_ufunc__ set. This will cause numpy to attempt broadcasting, in a way that is likely undesired. To avoid this, set __array_ufunc__ = None in <class 'y3prediction.wall.WallVars'>.
  @with_container_arithmetic(bcast_obj_array=False,

2025-06-12 23:23:44,372 - WARNING - py.warnings - /p/gpfs1/mtcampbe/CEESD/AutomatedTesting/MIRGE-Timing/timing/y3-prediction-scaling-run/y3prediction/wall.py:37: UserWarning: <class 'y3prediction.wall.WallVars'> does not have __array_ufunc__ set. This will cause numpy to attempt broadcasting, in a way that is likely undesired. To avoid this, set __array_ufunc__ = None in <class 'y3prediction.wall.WallVars'>.
  @with_container_arithmetic(bcast_obj_array=False,

2025-06-12 23:23:44,372 - WARNING - py.warnings - /p/gpfs1/mtcampbe/CEESD/AutomatedTesting/MIRGE-Timing/timing/y3-prediction-scaling-run/y3prediction/wall.py:37: UserWarning: <class 'y3prediction.wall.WallVars'> does not have __array_ufunc__ set. This will cause numpy to attempt broadcasting, in a way that is likely undesired. To avoid this, set __array_ufunc__ = None in <class 'y3prediction.wall.WallVars'>.
  @with_container_arithmetic(bcast_obj_array=False,

2025-06-12 23:23:44,373 - WARNING - py.warnings - /p/gpfs1/mtcampbe/CEESD/AutomatedTesting/MIRGE-Timing/timing/y3-prediction-scaling-run/y3prediction/wall.py:37: UserWarning: <class 'y3prediction.wall.WallVars'> does not have __array_ufunc__ set. This will cause numpy to attempt broadcasting, in a way that is likely undesired. To avoid this, set __array_ufunc__ = None in <class 'y3prediction.wall.WallVars'>.
  @with_container_arithmetic(bcast_obj_array=False,

2025-06-12 23:23:44,373 - WARNING - py.warnings - /p/gpfs1/mtcampbe/CEESD/AutomatedTesting/MIRGE-Timing/timing/y3-prediction-scaling-run/y3prediction/wall.py:37: UserWarning: <class 'y3prediction.wall.WallVars'> does not have __array_ufunc__ set. This will cause numpy to attempt broadcasting, in a way that is likely undesired. To avoid this, set __array_ufunc__ = None in <class 'y3prediction.wall.WallVars'>.
  @with_container_arithmetic(bcast_obj_array=False,

2025-06-12 23:23:44,373 - WARNING - py.warnings - /p/gpfs1/mtcampbe/CEESD/AutomatedTesting/MIRGE-Timing/timing/y3-prediction-scaling-run/y3prediction/wall.py:37: UserWarning: <class 'y3prediction.wall.WallVars'> does not have __array_ufunc__ set. This will cause numpy to attempt broadcasting, in a way that is likely undesired. To avoid this, set __array_ufunc__ = None in <class 'y3prediction.wall.WallVars'>.
  @with_container_arithmetic(bcast_obj_array=False,

2025-06-12 23:23:44,373 - WARNING - py.warnings - /p/gpfs1/mtcampbe/CEESD/AutomatedTesting/MIRGE-Timing/timing/y3-prediction-scaling-run/y3prediction/wall.py:37: UserWarning: <class 'y3prediction.wall.WallVars'> does not have __array_ufunc__ set. This will cause numpy to attempt broadcasting, in a way that is likely undesired. To avoid this, set __array_ufunc__ = None in <class 'y3prediction.wall.WallVars'>.
  @with_container_arithmetic(bcast_obj_array=False,

2025-06-12 23:23:44,378 - WARNING - py.warnings - /p/gpfs1/mtcampbe/CEESD/AutomatedTesting/MIRGE-Timing/timing/y3-prediction-scaling-run/y3prediction/wall.py:37: UserWarning: <class 'y3prediction.wall.WallVars'> does not have __array_ufunc__ set. This will cause numpy to attempt broadcasting, in a way that is likely undesired. To avoid this, set __array_ufunc__ = None in <class 'y3prediction.wall.WallVars'>.
  @with_container_arithmetic(bcast_obj_array=False,

2025-06-12 23:23:44,378 - WARNING - py.warnings - /p/gpfs1/mtcampbe/CEESD/AutomatedTesting/MIRGE-Timing/timing/y3-prediction-scaling-run/y3prediction/wall.py:37: UserWarning: <class 'y3prediction.wall.WallVars'> does not have __array_ufunc__ set. This will cause numpy to attempt broadcasting, in a way that is likely undesired. To avoid this, set __array_ufunc__ = None in <class 'y3prediction.wall.WallVars'>.
  @with_container_arithmetic(bcast_obj_array=False,

2025-06-12 23:23:44,378 - WARNING - py.warnings - /p/gpfs1/mtcampbe/CEESD/AutomatedTesting/MIRGE-Timing/timing/y3-prediction-scaling-run/y3prediction/wall.py:37: UserWarning: <class 'y3prediction.wall.WallVars'> does not have __array_ufunc__ set. This will cause numpy to attempt broadcasting, in a way that is likely undesired. To avoid this, set __array_ufunc__ = None in <class 'y3prediction.wall.WallVars'>.
  @with_container_arithmetic(bcast_obj_array=False,

2025-06-12 23:23:44,378 - WARNING - py.warnings - /p/gpfs1/mtcampbe/CEESD/AutomatedTesting/MIRGE-Timing/timing/y3-prediction-scaling-run/y3prediction/wall.py:37: UserWarning: <class 'y3prediction.wall.WallVars'> does not have __array_ufunc__ set. This will cause numpy to attempt broadcasting, in a way that is likely undesired. To avoid this, set __array_ufunc__ = None in <class 'y3prediction.wall.WallVars'>.
  @with_container_arithmetic(bcast_obj_array=False,

2025-06-12 23:23:44,389 - WARNING - py.warnings - /p/gpfs1/mtcampbe/CEESD/AutomatedTesting/MIRGE-Timing/timing/y3-prediction-scaling-run/y3prediction/wall.py:37: UserWarning: <class 'y3prediction.wall.WallVars'> does not have __array_ufunc__ set. This will cause numpy to attempt broadcasting, in a way that is likely undesired. To avoid this, set __array_ufunc__ = None in <class 'y3prediction.wall.WallVars'>.
  @with_container_arithmetic(bcast_obj_array=False,

2025-06-12 23:23:44,389 - WARNING - py.warnings - /p/gpfs1/mtcampbe/CEESD/AutomatedTesting/MIRGE-Timing/timing/y3-prediction-scaling-run/y3prediction/wall.py:37: UserWarning: <class 'y3prediction.wall.WallVars'> does not have __array_ufunc__ set. This will cause numpy to attempt broadcasting, in a way that is likely undesired. To avoid this, set __array_ufunc__ = None in <class 'y3prediction.wall.WallVars'>.
  @with_container_arithmetic(bcast_obj_array=False,

2025-06-12 23:23:44,389 - WARNING - py.warnings - /p/gpfs1/mtcampbe/CEESD/AutomatedTesting/MIRGE-Timing/timing/y3-prediction-scaling-run/y3prediction/wall.py:37: UserWarning: <class 'y3prediction.wall.WallVars'> does not have __array_ufunc__ set. This will cause numpy to attempt broadcasting, in a way that is likely undesired. To avoid this, set __array_ufunc__ = None in <class 'y3prediction.wall.WallVars'>.
  @with_container_arithmetic(bcast_obj_array=False,

2025-06-12 23:23:44,389 - WARNING - py.warnings - /p/gpfs1/mtcampbe/CEESD/AutomatedTesting/MIRGE-Timing/timing/y3-prediction-scaling-run/y3prediction/wall.py:37: UserWarning: <class 'y3prediction.wall.WallVars'> does not have __array_ufunc__ set. This will cause numpy to attempt broadcasting, in a way that is likely undesired. To avoid this, set __array_ufunc__ = None in <class 'y3prediction.wall.WallVars'>.
  @with_container_arithmetic(bcast_obj_array=False,

2025-06-12 23:23:44,403 - WARNING - py.warnings - /p/gpfs1/mtcampbe/CEESD/AutomatedTesting/MIRGE-Timing/timing/y3-prediction-scaling-run/y3prediction/wall.py:37: UserWarning: <class 'y3prediction.wall.WallVars'> does not have __array_ufunc__ set. This will cause numpy to attempt broadcasting, in a way that is likely undesired. To avoid this, set __array_ufunc__ = None in <class 'y3prediction.wall.WallVars'>.
  @with_container_arithmetic(bcast_obj_array=False,

2025-06-12 23:23:44,403 - WARNING - py.warnings - /p/gpfs1/mtcampbe/CEESD/AutomatedTesting/MIRGE-Timing/timing/y3-prediction-scaling-run/y3prediction/wall.py:37: UserWarning: <class 'y3prediction.wall.WallVars'> does not have __array_ufunc__ set. This will cause numpy to attempt broadcasting, in a way that is likely undesired. To avoid this, set __array_ufunc__ = None in <class 'y3prediction.wall.WallVars'>.
  @with_container_arithmetic(bcast_obj_array=False,

2025-06-12 23:23:44,403 - WARNING - py.warnings - /p/gpfs1/mtcampbe/CEESD/AutomatedTesting/MIRGE-Timing/timing/y3-prediction-scaling-run/y3prediction/wall.py:37: UserWarning: <class 'y3prediction.wall.WallVars'> does not have __array_ufunc__ set. This will cause numpy to attempt broadcasting, in a way that is likely undesired. To avoid this, set __array_ufunc__ = None in <class 'y3prediction.wall.WallVars'>.
  @with_container_arithmetic(bcast_obj_array=False,

2025-06-12 23:23:44,403 - WARNING - py.warnings - /p/gpfs1/mtcampbe/CEESD/AutomatedTesting/MIRGE-Timing/timing/y3-prediction-scaling-run/y3prediction/wall.py:37: UserWarning: <class 'y3prediction.wall.WallVars'> does not have __array_ufunc__ set. This will cause numpy to attempt broadcasting, in a way that is likely undesired. To avoid this, set __array_ufunc__ = None in <class 'y3prediction.wall.WallVars'>.
  @with_container_arithmetic(bcast_obj_array=False,

2025-06-12 23:23:44,444 - WARNING - py.warnings - /p/gpfs1/mtcampbe/CEESD/AutomatedTesting/MIRGE-Timing/timing/y3-prediction-scaling-run/y3prediction/wall.py:37: UserWarning: <class 'y3prediction.wall.WallVars'> does not have __array_ufunc__ set. This will cause numpy to attempt broadcasting, in a way that is likely undesired. To avoid this, set __array_ufunc__ = None in <class 'y3prediction.wall.WallVars'>.
  @with_container_arithmetic(bcast_obj_array=False,

2025-06-12 23:23:44,444 - WARNING - py.warnings - /p/gpfs1/mtcampbe/CEESD/AutomatedTesting/MIRGE-Timing/timing/y3-prediction-scaling-run/y3prediction/wall.py:37: UserWarning: <class 'y3prediction.wall.WallVars'> does not have __array_ufunc__ set. This will cause numpy to attempt broadcasting, in a way that is likely undesired. To avoid this, set __array_ufunc__ = None in <class 'y3prediction.wall.WallVars'>.
  @with_container_arithmetic(bcast_obj_array=False,

2025-06-12 23:23:44,444 - WARNING - py.warnings - /p/gpfs1/mtcampbe/CEESD/AutomatedTesting/MIRGE-Timing/timing/y3-prediction-scaling-run/y3prediction/wall.py:37: UserWarning: <class 'y3prediction.wall.WallVars'> does not have __array_ufunc__ set. This will cause numpy to attempt broadcasting, in a way that is likely undesired. To avoid this, set __array_ufunc__ = None in <class 'y3prediction.wall.WallVars'>.
  @with_container_arithmetic(bcast_obj_array=False,

2025-06-12 23:23:44,444 - WARNING - py.warnings - /p/gpfs1/mtcampbe/CEESD/AutomatedTesting/MIRGE-Timing/timing/y3-prediction-scaling-run/y3prediction/wall.py:37: UserWarning: <class 'y3prediction.wall.WallVars'> does not have __array_ufunc__ set. This will cause numpy to attempt broadcasting, in a way that is likely undesired. To avoid this, set __array_ufunc__ = None in <class 'y3prediction.wall.WallVars'>.
  @with_container_arithmetic(bcast_obj_array=False,

2025-06-12 23:23:45,314 - INFO - mirgecom.mpi - Using mpi4py version 4.0.3 with pkl5 scatter support.
2025-06-12 23:23:45,314 - INFO - mirgecom.mpi - mpi4py is using 'Open MPI v10.3.1.03rtm0, package: IBM Spectrum MPI, ident: IBM Spectrum MPI, repo rev: IBM_SPECTRUM_MPI_10.03.01.02_2020.08.03_XAA0, Unreleased developer copy' with MPI v3.1.
2025-06-12 23:24:08,397 - INFO - mirgecom.logging_quantities - emirge's version.sh: completed (22.80s wall 0.00x CPU)
2025-06-12 23:24:08,410 - INFO - mirgecom.logging_quantities - emirge's version.sh: completed (22.82s wall 0.00x CPU)
2025-06-12 23:24:08,668 - INFO - mirgecom.logging_quantities - emirge's version.sh: completed (23.08s wall 0.00x CPU)
2025-06-12 23:24:08,669 - INFO - mirgecom.logging_quantities - emirge's version.sh: completed (23.07s wall 0.00x CPU)
2025-06-12 23:24:09,196 - INFO - mirgecom.simutil - Using SVM-based memory pool on <pyopencl.Device 'Tesla V100-SXM2-16GB' on 'Portable Computing Language' at 0x103a5eff0>.
2025-06-12 23:24:09,252 - INFO - mirgecom.simutil - Using SVM-based memory pool on <pyopencl.Device 'Tesla V100-SXM2-16GB' on 'Portable Computing Language' at 0x103c17150>.
2025-06-12 23:24:09,283 - INFO - mirgecom.simutil - Using SVM-based memory pool on <pyopencl.Device 'Tesla V100-SXM2-16GB' on 'Portable Computing Language' at 0x103cdbc30>.
2025-06-12 23:24:09,293 - INFO - mirgecom.simutil - Using SVM-based memory pool on <pyopencl.Device 'Tesla V100-SXM2-16GB' on 'Portable Computing Language' at 0x103a9ece0>.
2025-06-12 23:24:09,506 - INFO - mirgecom.logging_quantities - emirge's version.sh: completed (23.91s wall 0.00x CPU)
2025-06-12 23:24:09,511 - INFO - mirgecom.logging_quantities - emirge's version.sh: completed (23.91s wall 0.00x CPU)
2025-06-12 23:24:09,793 - INFO - mirgecom.logging_quantities - emirge's version.sh: completed (24.19s wall 0.00x CPU)
2025-06-12 23:24:09,800 - INFO - mirgecom.logging_quantities - emirge's version.sh: completed (24.21s wall 0.00x CPU)
2025-06-12 23:24:10,225 - INFO - mirgecom.logging_quantities - emirge's version.sh: completed (24.62s wall 0.00x CPU)
2025-06-12 23:24:10,227 - INFO - mirgecom.logging_quantities - emirge's version.sh: completed (24.59s wall 0.00x CPU)
2025-06-12 23:24:10,227 - INFO - mirgecom.logging_quantities - emirge's version.sh: completed (24.58s wall 0.00x CPU)
2025-06-12 23:24:10,228 - INFO - mirgecom.logging_quantities - emirge's version.sh: completed (24.58s wall 0.00x CPU)
2025-06-12 23:24:10,231 - INFO - mirgecom.logging_quantities - emirge's version.sh: completed (24.58s wall 0.00x CPU)
2025-06-12 23:24:10,235 - INFO - mirgecom.logging_quantities - emirge's version.sh: completed (24.63s wall 0.00x CPU)
2025-06-12 23:24:10,236 - INFO - mirgecom.logging_quantities - emirge's version.sh: completed (24.63s wall 0.00x CPU)
2025-06-12 23:24:10,237 - INFO - mirgecom.logging_quantities - emirge's version.sh: completed (24.65s wall 0.00x CPU)
2025-06-12 23:24:10,289 - INFO - mirgecom.logging_quantities - emirge's version.sh: completed (24.68s wall 0.00x CPU)
2025-06-12 23:24:10,294 - INFO - mirgecom.logging_quantities - emirge's version.sh: completed (24.69s wall 0.00x CPU)
2025-06-12 23:24:10,296 - INFO - mirgecom.logging_quantities - emirge's version.sh: completed (24.69s wall 0.00x CPU)
2025-06-12 23:24:10,298 - INFO - mirgecom.logging_quantities - emirge's version.sh: completed (24.68s wall 0.00x CPU)
2025-06-12 23:24:10,319 - INFO - mirgecom.logging_quantities - emirge's version.sh: completed (24.63s wall 0.00x CPU)
2025-06-12 23:24:10,320 - INFO - mirgecom.logging_quantities - emirge's version.sh: completed (24.63s wall 0.00x CPU)
2025-06-12 23:24:10,320 - INFO - mirgecom.logging_quantities - emirge's version.sh: completed (24.61s wall 0.00x CPU)
2025-06-12 23:24:10,321 - INFO - mirgecom.logging_quantities - emirge's version.sh: completed (24.63s wall 0.00x CPU)
2025-06-12 23:24:10,330 - INFO - mirgecom.logging_quantities - emirge's version.sh: completed (24.71s wall 0.00x CPU)
2025-06-12 23:24:10,331 - INFO - mirgecom.logging_quantities - emirge's version.sh: completed (24.67s wall 0.00x CPU)
2025-06-12 23:24:10,334 - INFO - mirgecom.logging_quantities - emirge's version.sh: completed (24.66s wall 0.00x CPU)
2025-06-12 23:24:10,334 - INFO - mirgecom.logging_quantities - emirge's version.sh: completed (24.70s wall 0.00x CPU)
2025-06-12 23:24:10,336 - INFO - mirgecom.logging_quantities - emirge's version.sh: completed (24.67s wall 0.00x CPU)
2025-06-12 23:24:10,338 - INFO - mirgecom.logging_quantities - emirge's version.sh: completed (24.68s wall 0.00x CPU)
2025-06-12 23:24:10,338 - INFO - mirgecom.logging_quantities - emirge's version.sh: completed (24.71s wall 0.00x CPU)
2025-06-12 23:24:10,350 - INFO - mirgecom.logging_quantities - emirge's version.sh: completed (24.73s wall 0.00x CPU)
2025-06-12 23:24:10,828 - INFO - mirgecom.simutil - Using SVM-based memory pool on <pyopencl.Device 'Tesla V100-SXM2-16GB' on 'Portable Computing Language' at 0x103e96a20>.
2025-06-12 23:24:10,836 - INFO - mirgecom.simutil - Using SVM-based memory pool on <pyopencl.Device 'Tesla V100-SXM2-16GB' on 'Portable Computing Language' at 0x103c959f0>.
2025-06-12 23:24:10,879 - INFO - mirgecom.simutil - Using SVM-based memory pool on <pyopencl.Device 'Tesla V100-SXM2-16GB' on 'Portable Computing Language' at 0x103b1d250>.
2025-06-12 23:24:10,900 - INFO - mirgecom.simutil - Using SVM-based memory pool on <pyopencl.Device 'Tesla V100-SXM2-16GB' on 'Portable Computing Language' at 0x103b5d0f0>.
2025-06-12 23:24:10,926 - INFO - mirgecom.simutil - Using SVM-based memory pool on <pyopencl.Device 'Tesla V100-SXM2-16GB' on 'Portable Computing Language' at 0x103d95990>.
2025-06-12 23:24:10,929 - INFO - mirgecom.simutil - Using SVM-based memory pool on <pyopencl.Device 'Tesla V100-SXM2-16GB' on 'Portable Computing Language' at 0x103ed6a20>.
2025-06-12 23:24:10,932 - INFO - mirgecom.simutil - Using SVM-based memory pool on <pyopencl.Device 'Tesla V100-SXM2-16GB' on 'Portable Computing Language' at 0x103c1cd40>.
2025-06-12 23:24:10,936 - INFO - mirgecom.simutil - Using SVM-based memory pool on <pyopencl.Device 'Tesla V100-SXM2-16GB' on 'Portable Computing Language' at 0x103c5d0f0>.
2025-06-12 23:24:10,939 - INFO - mirgecom.simutil - Using SVM-based memory pool on <pyopencl.Device 'Tesla V100-SXM2-16GB' on 'Portable Computing Language' at 0x103b9d0f0>.
2025-06-12 23:24:10,948 - INFO - mirgecom.simutil - Using SVM-based memory pool on <pyopencl.Device 'Tesla V100-SXM2-16GB' on 'Portable Computing Language' at 0x103c504d0>.
2025-06-12 23:24:10,949 - INFO - mirgecom.simutil - Using SVM-based memory pool on <pyopencl.Device 'Tesla V100-SXM2-16GB' on 'Portable Computing Language' at 0x103c1cd40>.
2025-06-12 23:24:10,974 - INFO - mirgecom.simutil - Using SVM-based memory pool on <pyopencl.Device 'Tesla V100-SXM2-16GB' on 'Portable Computing Language' at 0x103b9d0f0>.
2025-06-12 23:24:10,975 - INFO - mirgecom.simutil - Using SVM-based memory pool on <pyopencl.Device 'Tesla V100-SXM2-16GB' on 'Portable Computing Language' at 0x103cdecb0>.
2025-06-12 23:24:10,979 - INFO - mirgecom.simutil - Using SVM-based memory pool on <pyopencl.Device 'Tesla V100-SXM2-16GB' on 'Portable Computing Language' at 0x103e96ba0>.
2025-06-12 23:24:10,993 - INFO - mirgecom.simutil - Using SVM-based memory pool on <pyopencl.Device 'Tesla V100-SXM2-16GB' on 'Portable Computing Language' at 0x103d56f40>.
2025-06-12 23:24:10,998 - INFO - mirgecom.simutil - Using SVM-based memory pool on <pyopencl.Device 'Tesla V100-SXM2-16GB' on 'Portable Computing Language' at 0x103bd6a20>.
2025-06-12 23:24:11,005 - INFO - mirgecom.simutil - Using SVM-based memory pool on <pyopencl.Device 'Tesla V100-SXM2-16GB' on 'Portable Computing Language' at 0x103c5d560>.
2025-06-12 23:24:11,013 - INFO - mirgecom.simutil - Using SVM-based memory pool on <pyopencl.Device 'Tesla V100-SXM2-16GB' on 'Portable Computing Language' at 0x103d95a40>.
2025-06-12 23:24:11,014 - INFO - mirgecom.simutil - Using SVM-based memory pool on <pyopencl.Device 'Tesla V100-SXM2-16GB' on 'Portable Computing Language' at 0x103d588d0>.
2025-06-12 23:24:11,028 - INFO - mirgecom.simutil - Using SVM-based memory pool on <pyopencl.Device 'Tesla V100-SXM2-16GB' on 'Portable Computing Language' at 0x103d55a70>.
2025-06-12 23:24:11,033 - INFO - mirgecom.simutil - Using SVM-based memory pool on <pyopencl.Device 'Tesla V100-SXM2-16GB' on 'Portable Computing Language' at 0x103d95990>.
2025-06-12 23:24:11,034 - INFO - mirgecom.simutil - Using SVM-based memory pool on <pyopencl.Device 'Tesla V100-SXM2-16GB' on 'Portable Computing Language' at 0x103e56f40>.
2025-06-12 23:24:11,045 - INFO - mirgecom.simutil - Using SVM-based memory pool on <pyopencl.Device 'Tesla V100-SXM2-16GB' on 'Portable Computing Language' at 0x103c9ecb0>.
2025-06-12 23:24:11,046 - INFO - mirgecom.simutil - Using SVM-based memory pool on <pyopencl.Device 'Tesla V100-SXM2-16GB' on 'Portable Computing Language' at 0x103a9e7d0>.
2025-06-12 23:24:11,055 - INFO - mirgecom.simutil - Using SVM-based memory pool on <pyopencl.Device 'Tesla V100-SXM2-16GB' on 'Portable Computing Language' at 0x103a5eff0>.
2025-06-12 23:24:11,069 - INFO - mirgecom.simutil - Using SVM-based memory pool on <pyopencl.Device 'Tesla V100-SXM2-16GB' on 'Portable Computing Language' at 0x103a9ce10>.
2025-06-12 23:24:11,073 - INFO - mirgecom.simutil - Using SVM-based memory pool on <pyopencl.Device 'Tesla V100-SXM2-16GB' on 'Portable Computing Language' at 0x103c1cd40>.
2025-06-12 23:24:11,087 - INFO - mirgecom.simutil - Using SVM-based memory pool on <pyopencl.Device 'Tesla V100-SXM2-16GB' on 'Portable Computing Language' at 0x103c5d0f0>.
2025-06-12 23:24:11,120 - INFO - mirgecom.array_context - Rank 0 disk cache config: loopy: True (/p/gpfs1/mtcampbe/CEESD/AutomatedTesting/MIRGE-Timing/timing/timing-run-caches/xdg-cache/rank0); pyopencl: True (/p/gpfs1/mtcampbe/CEESD/AutomatedTesting/MIRGE-Timing/timing/timing-run-caches/xdg-cache/rank0); pocl: True (/p/gpfs1/mtcampbe/CEESD/AutomatedTesting/MIRGE-Timing/timing/timing-run-caches/xdg-cache/rank0); cuda: True (/p/gpfs1/mtcampbe/CEESD/AutomatedTesting/MIRGE-Timing/timing/timing-run-caches/cuda-cache/rank0);

2025-06-12 23:24:11,120 - INFO - mirgecom.array_context - Rank 1 disk cache config: loopy: True (/p/gpfs1/mtcampbe/CEESD/AutomatedTesting/MIRGE-Timing/timing/timing-run-caches/xdg-cache/rank1); pyopencl: True (/p/gpfs1/mtcampbe/CEESD/AutomatedTesting/MIRGE-Timing/timing/timing-run-caches/xdg-cache/rank1); pocl: True (/p/gpfs1/mtcampbe/CEESD/AutomatedTesting/MIRGE-Timing/timing/timing-run-caches/xdg-cache/rank1); cuda: True (/p/gpfs1/mtcampbe/CEESD/AutomatedTesting/MIRGE-Timing/timing/timing-run-caches/cuda-cache/rank1);

2025-06-12 23:24:11,120 - INFO - mirgecom.array_context - Rank 3 disk cache config: loopy: True (/p/gpfs1/mtcampbe/CEESD/AutomatedTesting/MIRGE-Timing/timing/timing-run-caches/xdg-cache/rank3); pyopencl: True (/p/gpfs1/mtcampbe/CEESD/AutomatedTesting/MIRGE-Timing/timing/timing-run-caches/xdg-cache/rank3); pocl: True (/p/gpfs1/mtcampbe/CEESD/AutomatedTesting/MIRGE-Timing/timing/timing-run-caches/xdg-cache/rank3); cuda: True (/p/gpfs1/mtcampbe/CEESD/AutomatedTesting/MIRGE-Timing/timing/timing-run-caches/cuda-cache/rank3);

2025-06-12 23:24:11,120 - INFO - mirgecom.array_context - Rank 2 disk cache config: loopy: True (/p/gpfs1/mtcampbe/CEESD/AutomatedTesting/MIRGE-Timing/timing/timing-run-caches/xdg-cache/rank2); pyopencl: True (/p/gpfs1/mtcampbe/CEESD/AutomatedTesting/MIRGE-Timing/timing/timing-run-caches/xdg-cache/rank2); pocl: True (/p/gpfs1/mtcampbe/CEESD/AutomatedTesting/MIRGE-Timing/timing/timing-run-caches/xdg-cache/rank2); cuda: True (/p/gpfs1/mtcampbe/CEESD/AutomatedTesting/MIRGE-Timing/timing/timing-run-caches/cuda-cache/rank2);

Setting force_eval = False for pre-compiled time integration
2025-06-12 23:24:11,120 - INFO - mirgecom.array_context - Rank 9 disk cache config: loopy: True (/p/gpfs1/mtcampbe/CEESD/AutomatedTesting/MIRGE-Timing/timing/timing-run-caches/xdg-cache/rank9); pyopencl: True (/p/gpfs1/mtcampbe/CEESD/AutomatedTesting/MIRGE-Timing/timing/timing-run-caches/xdg-cache/rank9); pocl: True (/p/gpfs1/mtcampbe/CEESD/AutomatedTesting/MIRGE-Timing/timing/timing-run-caches/xdg-cache/rank9); cuda: True (/p/gpfs1/mtcampbe/CEESD/AutomatedTesting/MIRGE-Timing/timing/timing-run-caches/cuda-cache/rank9);

2025-06-12 23:24:11,120 - INFO - mirgecom.array_context - Rank 17 disk cache config: loopy: True (/p/gpfs1/mtcampbe/CEESD/AutomatedTesting/MIRGE-Timing/timing/timing-run-caches/xdg-cache/rank17); pyopencl: True (/p/gpfs1/mtcampbe/CEESD/AutomatedTesting/MIRGE-Timing/timing/timing-run-caches/xdg-cache/rank17); pocl: True (/p/gpfs1/mtcampbe/CEESD/AutomatedTesting/MIRGE-Timing/timing/timing-run-caches/xdg-cache/rank17); cuda: True (/p/gpfs1/mtcampbe/CEESD/AutomatedTesting/MIRGE-Timing/timing/timing-run-caches/cuda-cache/rank17);

Shock capturing parameters: alpha 0.01, s0 -6.408239965311849, kappa 0.5
Smoothing characteristic length for use in artificial viscosity
smoothing_alpha 1e-12
Artificial viscosity smoothness_alpha=1e-12
Artificial viscosity smoothness_tau=1e-12
Artificial viscosity using modified transport properties
	 mu, beta, kappa
Shock capturing parameters:
	av_mu 0.1
	av_beta 6.0
	av_kappa 1.0
	av_prantdl 0.9
stagnation temperature 2076.43

#### Simluation control data: ####
	nrestart = 1000
	nhealth = -1
	nstatus = -1
	Constant dt mode, current_dt = 1e-13
	t_final = 2e-11
	order = 4
	dimension = 3
	Time integration compiled_lsrk54
   Boundary Conditions:
2025-06-12 23:24:11,120 - INFO - mirgecom.array_context - Rank 5 disk cache config: loopy: True (/p/gpfs1/mtcampbe/CEESD/AutomatedTesting/MIRGE-Timing/timing/timing-run-caches/xdg-cache/rank5); pyopencl: True (/p/gpfs1/mtcampbe/CEESD/AutomatedTesting/MIRGE-Timing/timing/timing-run-caches/xdg-cache/rank5); pocl: True (/p/gpfs1/mtcampbe/CEESD/AutomatedTesting/MIRGE-Timing/timing/timing-run-caches/xdg-cache/rank5); cuda: True (/p/gpfs1/mtcampbe/CEESD/AutomatedTesting/MIRGE-Timing/timing/timing-run-caches/cuda-cache/rank5);

	Checking for outflow boundary in mesh.
	Checking for inflow boundary in mesh.
	Checking for flow boundary in mesh.
	Checking for injection boundary in mesh.
	Checking for upstream_injection boundary in mesh.
	Checking for isothermal_wall boundary in mesh.
	Checking for wall boundary in mesh.
	Checking for slip_wall boundary in mesh.
	Checking for noslip_wall boundary in mesh.
	Checking for symmetry boundary in mesh.
	Checking for wall_interface boundary in mesh.

	Interface wall boundary conditions are noslip for velocity
#### Simluation control data: ####


#### Visualization setup: ####
	Basic visualization output enabled.
	(cv, dv, cfl)
	Extra visualization output enabled for derived quantities.
	(velocity, mass_fractions, etc.)
	Writing viz data every 1000 steps.
#### Visualization setup: ####

#### Simluation initialization data: ####
	Initializing flow to y3prediction
	Inflow stagnation pressure 274500.0
	Inflow stagnation temperature 2076.43
	Injection stagnation pressure 50400.0
	Injection stagnation temperature 300.0
	Upstream injection stagnation pressure50400.0
	Upstream injection stagnation temperature300.0
#### Simluation initialization data: ####

#### Simluation setup data: ####
	vel_sigma = 500
	temp_sigma = 1250
	vel_sigma_injection = 5000
2025-06-12 23:24:11,120 - INFO - mirgecom.array_context - Rank 16 disk cache config: loopy: True (/p/gpfs1/mtcampbe/CEESD/AutomatedTesting/MIRGE-Timing/timing/timing-run-caches/xdg-cache/rank16); pyopencl: True (/p/gpfs1/mtcampbe/CEESD/AutomatedTesting/MIRGE-Timing/timing/timing-run-caches/xdg-cache/rank16); pocl: True (/p/gpfs1/mtcampbe/CEESD/AutomatedTesting/MIRGE-Timing/timing/timing-run-caches/xdg-cache/rank16); cuda: True (/p/gpfs1/mtcampbe/CEESD/AutomatedTesting/MIRGE-Timing/timing/timing-run-caches/cuda-cache/rank16);

2025-06-12 23:24:11,120 - INFO - mirgecom.array_context - Rank 13 disk cache config: loopy: True (/p/gpfs1/mtcampbe/CEESD/AutomatedTesting/MIRGE-Timing/timing/timing-run-caches/xdg-cache/rank13); pyopencl: True (/p/gpfs1/mtcampbe/CEESD/AutomatedTesting/MIRGE-Timing/timing/timing-run-caches/xdg-cache/rank13); pocl: True (/p/gpfs1/mtcampbe/CEESD/AutomatedTesting/MIRGE-Timing/timing/timing-run-caches/xdg-cache/rank13); cuda: True (/p/gpfs1/mtcampbe/CEESD/AutomatedTesting/MIRGE-Timing/timing/timing-run-caches/cuda-cache/rank13);

	temp_sigma_injection = 5000
#### Simluation setup data: ####

#### Ignition control parameters ####
spark center (0.677,-0.021)
spark FWHM 0.02
spark strength 600.0
ignition time 5e-08
ignition duration 1e-08
heat source ignition
#### Ignition control parameters ####


Setting inviscid numerical flux to: Rusanov
Setting viscous numerical flux to: Harmonic

2025-06-12 23:24:11,120 - INFO - mirgecom.array_context - Rank 10 disk cache config: loopy: True (/p/gpfs1/mtcampbe/CEESD/AutomatedTesting/MIRGE-Timing/timing/timing-run-caches/xdg-cache/rank10); pyopencl: True (/p/gpfs1/mtcampbe/CEESD/AutomatedTesting/MIRGE-Timing/timing/timing-run-caches/xdg-cache/rank10); pocl: True (/p/gpfs1/mtcampbe/CEESD/AutomatedTesting/MIRGE-Timing/timing/timing-run-caches/xdg-cache/rank10); cuda: True (/p/gpfs1/mtcampbe/CEESD/AutomatedTesting/MIRGE-Timing/timing/timing-run-caches/cuda-cache/rank10);

2025-06-12 23:24:11,120 - INFO - mirgecom.array_context - Rank 19 disk cache config: loopy: True (/p/gpfs1/mtcampbe/CEESD/AutomatedTesting/MIRGE-Timing/timing/timing-run-caches/xdg-cache/rank19); pyopencl: True (/p/gpfs1/mtcampbe/CEESD/AutomatedTesting/MIRGE-Timing/timing/timing-run-caches/xdg-cache/rank19); pocl: True (/p/gpfs1/mtcampbe/CEESD/AutomatedTesting/MIRGE-Timing/timing/timing-run-caches/xdg-cache/rank19); cuda: True (/p/gpfs1/mtcampbe/CEESD/AutomatedTesting/MIRGE-Timing/timing/timing-run-caches/cuda-cache/rank19);

2025-06-12 23:24:11,120 - INFO - mirgecom.array_context - Rank 25 disk cache config: loopy: True (/p/gpfs1/mtcampbe/CEESD/AutomatedTesting/MIRGE-Timing/timing/timing-run-caches/xdg-cache/rank25); pyopencl: True (/p/gpfs1/mtcampbe/CEESD/AutomatedTesting/MIRGE-Timing/timing/timing-run-caches/xdg-cache/rank25); pocl: True (/p/gpfs1/mtcampbe/CEESD/AutomatedTesting/MIRGE-Timing/timing/timing-run-caches/xdg-cache/rank25); cuda: True (/p/gpfs1/mtcampbe/CEESD/AutomatedTesting/MIRGE-Timing/timing/timing-run-caches/cuda-cache/rank25);

2025-06-12 23:24:11,120 - INFO - mirgecom.array_context - Rank 18 disk cache config: loopy: True (/p/gpfs1/mtcampbe/CEESD/AutomatedTesting/MIRGE-Timing/timing/timing-run-caches/xdg-cache/rank18); pyopencl: True (/p/gpfs1/mtcampbe/CEESD/AutomatedTesting/MIRGE-Timing/timing/timing-run-caches/xdg-cache/rank18); pocl: True (/p/gpfs1/mtcampbe/CEESD/AutomatedTesting/MIRGE-Timing/timing/timing-run-caches/xdg-cache/rank18); cuda: True (/p/gpfs1/mtcampbe/CEESD/AutomatedTesting/MIRGE-Timing/timing/timing-run-caches/cuda-cache/rank18);

2025-06-12 23:24:11,120 - INFO - mirgecom.array_context - Rank 8 disk cache config: loopy: True (/p/gpfs1/mtcampbe/CEESD/AutomatedTesting/MIRGE-Timing/timing/timing-run-caches/xdg-cache/rank8); pyopencl: True (/p/gpfs1/mtcampbe/CEESD/AutomatedTesting/MIRGE-Timing/timing/timing-run-caches/xdg-cache/rank8); pocl: True (/p/gpfs1/mtcampbe/CEESD/AutomatedTesting/MIRGE-Timing/timing/timing-run-caches/xdg-cache/rank8); cuda: True (/p/gpfs1/mtcampbe/CEESD/AutomatedTesting/MIRGE-Timing/timing/timing-run-caches/cuda-cache/rank8);

2025-06-12 23:24:11,120 - INFO - mirgecom.array_context - Rank 6 disk cache config: loopy: True (/p/gpfs1/mtcampbe/CEESD/AutomatedTesting/MIRGE-Timing/timing/timing-run-caches/xdg-cache/rank6); pyopencl: True (/p/gpfs1/mtcampbe/CEESD/AutomatedTesting/MIRGE-Timing/timing/timing-run-caches/xdg-cache/rank6); pocl: True (/p/gpfs1/mtcampbe/CEESD/AutomatedTesting/MIRGE-Timing/timing/timing-run-caches/xdg-cache/rank6); cuda: True (/p/gpfs1/mtcampbe/CEESD/AutomatedTesting/MIRGE-Timing/timing/timing-run-caches/cuda-cache/rank6);

2025-06-12 23:24:11,120 - INFO - mirgecom.array_context - Rank 14 disk cache config: loopy: True (/p/gpfs1/mtcampbe/CEESD/AutomatedTesting/MIRGE-Timing/timing/timing-run-caches/xdg-cache/rank14); pyopencl: True (/p/gpfs1/mtcampbe/CEESD/AutomatedTesting/MIRGE-Timing/timing/timing-run-caches/xdg-cache/rank14); pocl: True (/p/gpfs1/mtcampbe/CEESD/AutomatedTesting/MIRGE-Timing/timing/timing-run-caches/xdg-cache/rank14); cuda: True (/p/gpfs1/mtcampbe/CEESD/AutomatedTesting/MIRGE-Timing/timing/timing-run-caches/cuda-cache/rank14);

2025-06-12 23:24:11,120 - INFO - mirgecom.array_context - Rank 28 disk cache config: loopy: True (/p/gpfs1/mtcampbe/CEESD/AutomatedTesting/MIRGE-Timing/timing/timing-run-caches/xdg-cache/rank28); pyopencl: True (/p/gpfs1/mtcampbe/CEESD/AutomatedTesting/MIRGE-Timing/timing/timing-run-caches/xdg-cache/rank28); pocl: True (/p/gpfs1/mtcampbe/CEESD/AutomatedTesting/MIRGE-Timing/timing/timing-run-caches/xdg-cache/rank28); cuda: True (/p/gpfs1/mtcampbe/CEESD/AutomatedTesting/MIRGE-Timing/timing/timing-run-caches/cuda-cache/rank28);

2025-06-12 23:24:11,120 - INFO - mirgecom.array_context - Rank 27 disk cache config: loopy: True (/p/gpfs1/mtcampbe/CEESD/AutomatedTesting/MIRGE-Timing/timing/timing-run-caches/xdg-cache/rank27); pyopencl: True (/p/gpfs1/mtcampbe/CEESD/AutomatedTesting/MIRGE-Timing/timing/timing-run-caches/xdg-cache/rank27); pocl: True (/p/gpfs1/mtcampbe/CEESD/AutomatedTesting/MIRGE-Timing/timing/timing-run-caches/xdg-cache/rank27); cuda: True (/p/gpfs1/mtcampbe/CEESD/AutomatedTesting/MIRGE-Timing/timing/timing-run-caches/cuda-cache/rank27);

2025-06-12 23:24:11,120 - INFO - mirgecom.array_context - Rank 11 disk cache config: loopy: True (/p/gpfs1/mtcampbe/CEESD/AutomatedTesting/MIRGE-Timing/timing/timing-run-caches/xdg-cache/rank11); pyopencl: True (/p/gpfs1/mtcampbe/CEESD/AutomatedTesting/MIRGE-Timing/timing/timing-run-caches/xdg-cache/rank11); pocl: True (/p/gpfs1/mtcampbe/CEESD/AutomatedTesting/MIRGE-Timing/timing/timing-run-caches/xdg-cache/rank11); cuda: True (/p/gpfs1/mtcampbe/CEESD/AutomatedTesting/MIRGE-Timing/timing/timing-run-caches/cuda-cache/rank11);

2025-06-12 23:24:11,120 - INFO - mirgecom.array_context - Rank 26 disk cache config: loopy: True (/p/gpfs1/mtcampbe/CEESD/AutomatedTesting/MIRGE-Timing/timing/timing-run-caches/xdg-cache/rank26); pyopencl: True (/p/gpfs1/mtcampbe/CEESD/AutomatedTesting/MIRGE-Timing/timing/timing-run-caches/xdg-cache/rank26); pocl: True (/p/gpfs1/mtcampbe/CEESD/AutomatedTesting/MIRGE-Timing/timing/timing-run-caches/xdg-cache/rank26); cuda: True (/p/gpfs1/mtcampbe/CEESD/AutomatedTesting/MIRGE-Timing/timing/timing-run-caches/cuda-cache/rank26);

2025-06-12 23:24:11,120 - INFO - mirgecom.array_context - Rank 4 disk cache config: loopy: True (/p/gpfs1/mtcampbe/CEESD/AutomatedTesting/MIRGE-Timing/timing/timing-run-caches/xdg-cache/rank4); pyopencl: True (/p/gpfs1/mtcampbe/CEESD/AutomatedTesting/MIRGE-Timing/timing/timing-run-caches/xdg-cache/rank4); pocl: True (/p/gpfs1/mtcampbe/CEESD/AutomatedTesting/MIRGE-Timing/timing/timing-run-caches/xdg-cache/rank4); cuda: True (/p/gpfs1/mtcampbe/CEESD/AutomatedTesting/MIRGE-Timing/timing/timing-run-caches/cuda-cache/rank4);

2025-06-12 23:24:11,120 - INFO - mirgecom.array_context - Rank 15 disk cache config: loopy: True (/p/gpfs1/mtcampbe/CEESD/AutomatedTesting/MIRGE-Timing/timing/timing-run-caches/xdg-cache/rank15); pyopencl: True (/p/gpfs1/mtcampbe/CEESD/AutomatedTesting/MIRGE-Timing/timing/timing-run-caches/xdg-cache/rank15); pocl: True (/p/gpfs1/mtcampbe/CEESD/AutomatedTesting/MIRGE-Timing/timing/timing-run-caches/xdg-cache/rank15); cuda: True (/p/gpfs1/mtcampbe/CEESD/AutomatedTesting/MIRGE-Timing/timing/timing-run-caches/cuda-cache/rank15);

2025-06-12 23:24:11,120 - INFO - mirgecom.array_context - Rank 24 disk cache config: loopy: True (/p/gpfs1/mtcampbe/CEESD/AutomatedTesting/MIRGE-Timing/timing/timing-run-caches/xdg-cache/rank24); pyopencl: True (/p/gpfs1/mtcampbe/CEESD/AutomatedTesting/MIRGE-Timing/timing/timing-run-caches/xdg-cache/rank24); pocl: True (/p/gpfs1/mtcampbe/CEESD/AutomatedTesting/MIRGE-Timing/timing/timing-run-caches/xdg-cache/rank24); cuda: True (/p/gpfs1/mtcampbe/CEESD/AutomatedTesting/MIRGE-Timing/timing/timing-run-caches/cuda-cache/rank24);

2025-06-12 23:24:11,120 - INFO - mirgecom.array_context - Rank 29 disk cache config: loopy: True (/p/gpfs1/mtcampbe/CEESD/AutomatedTesting/MIRGE-Timing/timing/timing-run-caches/xdg-cache/rank29); pyopencl: True (/p/gpfs1/mtcampbe/CEESD/AutomatedTesting/MIRGE-Timing/timing/timing-run-caches/xdg-cache/rank29); pocl: True (/p/gpfs1/mtcampbe/CEESD/AutomatedTesting/MIRGE-Timing/timing/timing-run-caches/xdg-cache/rank29); cuda: True (/p/gpfs1/mtcampbe/CEESD/AutomatedTesting/MIRGE-Timing/timing/timing-run-caches/cuda-cache/rank29);

2025-06-12 23:24:11,120 - INFO - mirgecom.array_context - Rank 7 disk cache config: loopy: True (/p/gpfs1/mtcampbe/CEESD/AutomatedTesting/MIRGE-Timing/timing/timing-run-caches/xdg-cache/rank7); pyopencl: True (/p/gpfs1/mtcampbe/CEESD/AutomatedTesting/MIRGE-Timing/timing/timing-run-caches/xdg-cache/rank7); pocl: True (/p/gpfs1/mtcampbe/CEESD/AutomatedTesting/MIRGE-Timing/timing/timing-run-caches/xdg-cache/rank7); cuda: True (/p/gpfs1/mtcampbe/CEESD/AutomatedTesting/MIRGE-Timing/timing/timing-run-caches/cuda-cache/rank7);

2025-06-12 23:24:11,120 - INFO - mirgecom.array_context - Rank 12 disk cache config: loopy: True (/p/gpfs1/mtcampbe/CEESD/AutomatedTesting/MIRGE-Timing/timing/timing-run-caches/xdg-cache/rank12); pyopencl: True (/p/gpfs1/mtcampbe/CEESD/AutomatedTesting/MIRGE-Timing/timing/timing-run-caches/xdg-cache/rank12); pocl: True (/p/gpfs1/mtcampbe/CEESD/AutomatedTesting/MIRGE-Timing/timing/timing-run-caches/xdg-cache/rank12); cuda: True (/p/gpfs1/mtcampbe/CEESD/AutomatedTesting/MIRGE-Timing/timing/timing-run-caches/cuda-cache/rank12);

2025-06-12 23:24:11,120 - INFO - mirgecom.array_context - Rank 30 disk cache config: loopy: True (/p/gpfs1/mtcampbe/CEESD/AutomatedTesting/MIRGE-Timing/timing/timing-run-caches/xdg-cache/rank30); pyopencl: True (/p/gpfs1/mtcampbe/CEESD/AutomatedTesting/MIRGE-Timing/timing/timing-run-caches/xdg-cache/rank30); pocl: True (/p/gpfs1/mtcampbe/CEESD/AutomatedTesting/MIRGE-Timing/timing/timing-run-caches/xdg-cache/rank30); cuda: True (/p/gpfs1/mtcampbe/CEESD/AutomatedTesting/MIRGE-Timing/timing/timing-run-caches/cuda-cache/rank30);

2025-06-12 23:24:11,120 - INFO - mirgecom.array_context - Rank 20 disk cache config: loopy: True (/p/gpfs1/mtcampbe/CEESD/AutomatedTesting/MIRGE-Timing/timing/timing-run-caches/xdg-cache/rank20); pyopencl: True (/p/gpfs1/mtcampbe/CEESD/AutomatedTesting/MIRGE-Timing/timing/timing-run-caches/xdg-cache/rank20); pocl: True (/p/gpfs1/mtcampbe/CEESD/AutomatedTesting/MIRGE-Timing/timing/timing-run-caches/xdg-cache/rank20); cuda: True (/p/gpfs1/mtcampbe/CEESD/AutomatedTesting/MIRGE-Timing/timing/timing-run-caches/cuda-cache/rank20);

2025-06-12 23:24:11,120 - INFO - mirgecom.array_context - Rank 31 disk cache config: loopy: True (/p/gpfs1/mtcampbe/CEESD/AutomatedTesting/MIRGE-Timing/timing/timing-run-caches/xdg-cache/rank31); pyopencl: True (/p/gpfs1/mtcampbe/CEESD/AutomatedTesting/MIRGE-Timing/timing/timing-run-caches/xdg-cache/rank31); pocl: True (/p/gpfs1/mtcampbe/CEESD/AutomatedTesting/MIRGE-Timing/timing/timing-run-caches/xdg-cache/rank31); cuda: True (/p/gpfs1/mtcampbe/CEESD/AutomatedTesting/MIRGE-Timing/timing/timing-run-caches/cuda-cache/rank31);

2025-06-12 23:24:11,120 - INFO - mirgecom.array_context - Rank 21 disk cache config: loopy: True (/p/gpfs1/mtcampbe/CEESD/AutomatedTesting/MIRGE-Timing/timing/timing-run-caches/xdg-cache/rank21); pyopencl: True (/p/gpfs1/mtcampbe/CEESD/AutomatedTesting/MIRGE-Timing/timing/timing-run-caches/xdg-cache/rank21); pocl: True (/p/gpfs1/mtcampbe/CEESD/AutomatedTesting/MIRGE-Timing/timing/timing-run-caches/xdg-cache/rank21); cuda: True (/p/gpfs1/mtcampbe/CEESD/AutomatedTesting/MIRGE-Timing/timing/timing-run-caches/cuda-cache/rank21);

2025-06-12 23:24:11,120 - INFO - mirgecom.array_context - Rank 23 disk cache config: loopy: True (/p/gpfs1/mtcampbe/CEESD/AutomatedTesting/MIRGE-Timing/timing/timing-run-caches/xdg-cache/rank23); pyopencl: True (/p/gpfs1/mtcampbe/CEESD/AutomatedTesting/MIRGE-Timing/timing/timing-run-caches/xdg-cache/rank23); pocl: True (/p/gpfs1/mtcampbe/CEESD/AutomatedTesting/MIRGE-Timing/timing/timing-run-caches/xdg-cache/rank23); cuda: True (/p/gpfs1/mtcampbe/CEESD/AutomatedTesting/MIRGE-Timing/timing/timing-run-caches/cuda-cache/rank23);

2025-06-12 23:24:11,120 - INFO - mirgecom.array_context - Rank 22 disk cache config: loopy: True (/p/gpfs1/mtcampbe/CEESD/AutomatedTesting/MIRGE-Timing/timing/timing-run-caches/xdg-cache/rank22); pyopencl: True (/p/gpfs1/mtcampbe/CEESD/AutomatedTesting/MIRGE-Timing/timing/timing-run-caches/xdg-cache/rank22); pocl: True (/p/gpfs1/mtcampbe/CEESD/AutomatedTesting/MIRGE-Timing/timing/timing-run-caches/xdg-cache/rank22); cuda: True (/p/gpfs1/mtcampbe/CEESD/AutomatedTesting/MIRGE-Timing/timing/timing-run-caches/cuda-cache/rank22);


#### Simluation material properties: ####
#### Fluid domain: ####
	mu = 4.216360056e-05
	kappa = 0.05621788139856423
	Prandtl Number  = 0.75
	nspecies = 7
	full multi-species initialization with pyrometheus eos
	combustion source terms enabled
	Pyrometheus EOS
	Pyro mechanism uiuc_sharp

Species mass fractions limited to [0:1]
#### Wall domain: ####
	Reactive wall model for porous media
	Wall oxidizer transport enabled
	 Wall mass loss enabled
	Wall density = 1625
	Wall cp = 770
	Wall O2 diff = 0.0001
	Wall surround density = 7900.0
	Wall surround cp = 470
	Wall surround kappa = 48
	Wall time scale = 100
	Wall penalty = 0
#### Simluation material properties: ####
species_names=['C2H4', 'O2', 'CO2', 'CO', 'H2O', 'H2', 'N2']
{'C2H4': 0.0001, 'O2': 0.0001, 'CO2': 0.0001, 'CO': 0.0001, 'H2O': 0.0001, 'H2': 0.0001, 'N2': 0.0001}
species_names=['C2H4', 'O2', 'CO2', 'CO', 'H2O', 'H2', 'N2']
{'C2H4': 0.0001, 'O2': 0.0001, 'CO2': 0.0001, 'CO': 0.0001, 'H2O': 0.0001, 'H2': 0.0001, 'N2': 0.0001}
species_names=['C2H4', 'O2', 'CO2', 'CO', 'H2O', 'H2', 'N2']
{'C2H4': 0.0001, 'O2': 0.0001, 'CO2': 0.0001, 'CO': 0.0001, 'H2O': 0.0001, 'H2': 0.0001, 'N2': 0.0001}
species_names=['C2H4', 'O2', 'CO2', 'CO', 'H2O', 'H2', 'N2']
{'C2H4': 0.0001, 'O2': 0.0001, 'CO2': 0.0001, 'CO': 0.0001, 'H2O': 0.0001, 'H2': 0.0001, 'N2': 0.0001}
species_names=['C2H4', 'O2', 'CO2', 'CO', 'H2O', 'H2', 'N2']
{'C2H4': 0.0001, 'O2': 0.0001, 'CO2': 0.0001, 'CO': 0.0001, 'H2O': 0.0001, 'H2': 0.0001, 'N2': 0.0001}
	 Power law transport model:
		 temperature dependent viscosity, species diffusivity
	transport_alpha = 0.6
	transport_beta = 4.093e-07
	transport_sigma = 2.0
	transport_n = 0.666
species_names=['C2H4', 'O2', 'CO2', 'CO', 'H2O', 'H2', 'N2']
species_names=['C2H4', 'O2', 'CO2', 'CO', 'H2O', 'H2', 'N2']
{'C2H4': 0.0001, 'O2': 0.0001, 'CO2': 0.0001, 'CO': 0.0001, 'H2O': 0.0001, 'H2': 0.0001, 'N2': 0.0001}
species_names=['C2H4', 'O2', 'CO2', 'CO', 'H2O', 'H2', 'N2']
{'C2H4': 0.0001, 'O2': 0.0001, 'CO2': 0.0001, 'CO': 0.0001, 'H2O': 0.0001, 'H2': 0.0001, 'N2': 0.0001}
species_names=['C2H4', 'O2', 'CO2', 'CO', 'H2O', 'H2', 'N2']
{'C2H4': 0.0001, 'O2': 0.0001, 'CO2': 0.0001, 'CO': 0.0001, 'H2O': 0.0001, 'H2': 0.0001, 'N2': 0.0001}
	species diffusivity = [0.0001 0.0001 0.0001 0.0001 0.0001 0.0001 0.0001]
species_names=['C2H4', 'O2', 'CO2', 'CO', 'H2O', 'H2', 'N2']
species_names=['C2H4', 'O2', 'CO2', 'CO', 'H2O', 'H2', 'N2']
{'C2H4': 0.0001, 'O2': 0.0001, 'CO2': 0.0001, 'CO': 0.0001, 'H2O': 0.0001, 'H2': 0.0001, 'N2': 0.0001}
species_names=['C2H4', 'O2', 'CO2', 'CO', 'H2O', 'H2', 'N2']
species_names=['C2H4', 'O2', 'CO2', 'CO', 'H2O', 'H2', 'N2']
{'C2H4': 0.0001, 'O2': 0.0001, 'CO2': 0.0001, 'CO': 0.0001, 'H2O': 0.0001, 'H2': 0.0001, 'N2': 0.0001}species_names=['C2H4', 'O2', 'CO2', 'CO', 'H2O', 'H2', 'N2']
{'C2H4': 0.0001, 'O2': 0.0001, 'CO2': 0.0001, 'CO': 0.0001, 'H2O': 0.0001, 'H2': 0.0001, 'N2': 0.0001}
species_names=['C2H4', 'O2', 'CO2', 'CO', 'H2O', 'H2', 'N2']
{'C2H4': 0.0001, 'O2': 0.0001, 'CO2': 0.0001, 'CO': 0.0001, 'H2O': 0.0001, 'H2': 0.0001, 'N2': 0.0001}
{'C2H4': 0.0001, 'O2': 0.0001, 'CO2': 0.0001, 'CO': 0.0001, 'H2O': 0.0001, 'H2': 0.0001, 'N2': 0.0001}
species_names=['C2H4', 'O2', 'CO2', 'CO', 'H2O', 'H2', 'N2']
species_names=['C2H4', 'O2', 'CO2', 'CO', 'H2O', 'H2', 'N2']
{'C2H4': 0.0001, 'O2': 0.0001, 'CO2': 0.0001, 'CO': 0.0001, 'H2O': 0.0001, 'H2': 0.0001, 'N2': 0.0001}
species_names=['C2H4', 'O2', 'CO2', 'CO', 'H2O', 'H2', 'N2']
{'C2H4': 0.0001, 'O2': 0.0001, 'CO2': 0.0001, 'CO': 0.0001, 'H2O': 0.0001, 'H2': 0.0001, 'N2': 0.0001}
species_names=['C2H4', 'O2', 'CO2', 'CO', 'H2O', 'H2', 'N2']
{'C2H4': 0.0001, 'O2': 0.0001, 'CO2': 0.0001, 'CO': 0.0001, 'H2O': 0.0001, 'H2': 0.0001, 'N2': 0.0001}
species_names=['C2H4', 'O2', 'CO2', 'CO', 'H2O', 'H2', 'N2']
{'C2H4': 0.0001, 'O2': 0.0001, 'CO2': 0.0001, 'CO': 0.0001, 'H2O': 0.0001, 'H2': 0.0001, 'N2': 0.0001}
species_names=['C2H4', 'O2', 'CO2', 'CO', 'H2O', 'H2', 'N2']
{'C2H4': 0.0001, 'O2': 0.0001, 'CO2': 0.0001, 'CO': 0.0001, 'H2O': 0.0001, 'H2': 0.0001, 'N2': 0.0001}
species_names=['C2H4', 'O2', 'CO2', 'CO', 'H2O', 'H2', 'N2']
{'C2H4': 0.0001, 'O2': 0.0001, 'CO2': 0.0001, 'CO': 0.0001, 'H2O': 0.0001, 'H2': 0.0001, 'N2': 0.0001}
{'C2H4': 0.0001, 'O2': 0.0001, 'CO2': 0.0001, 'CO': 0.0001, 'H2O': 0.0001, 'H2': 0.0001, 'N2': 0.0001}

{'C2H4': 0.0001, 'O2': 0.0001, 'CO2': 0.0001, 'CO': 0.0001, 'H2O': 0.0001, 'H2': 0.0001, 'N2': 0.0001}
species_names=['C2H4', 'O2', 'CO2', 'CO', 'H2O', 'H2', 'N2']
{'C2H4': 0.0001, 'O2': 0.0001, 'CO2': 0.0001, 'CO': 0.0001, 'H2O': 0.0001, 'H2': 0.0001, 'N2': 0.0001}
species_names=['C2H4', 'O2', 'CO2', 'CO', 'H2O', 'H2', 'N2']
{'C2H4': 0.0001, 'O2': 0.0001, 'CO2': 0.0001, 'CO': 0.0001, 'H2O': 0.0001, 'H2': 0.0001, 'N2': 0.0001}
{'C2H4': 0.0001, 'O2': 0.0001, 'CO2': 0.0001, 'CO': 0.0001, 'H2O': 0.0001, 'H2': 0.0001, 'N2': 0.0001}
species_names=['C2H4', 'O2', 'CO2', 'CO', 'H2O', 'H2', 'N2']
{'C2H4': 0.0001, 'O2': 0.0001, 'CO2': 0.0001, 'CO': 0.0001, 'H2O': 0.0001, 'H2': 0.0001, 'N2': 0.0001}
species_names=['C2H4', 'O2', 'CO2', 'CO', 'H2O', 'H2', 'N2']
{'C2H4': 0.0001, 'O2': 0.0001, 'CO2': 0.0001, 'CO': 0.0001, 'H2O': 0.0001, 'H2': 0.0001, 'N2': 0.0001}
species_names=['C2H4', 'O2', 'CO2', 'CO', 'H2O', 'H2', 'N2']
{'C2H4': 0.0001, 'O2': 0.0001, 'CO2': 0.0001, 'CO': 0.0001, 'H2O': 0.0001, 'H2': 0.0001, 'N2': 0.0001}
#### Simluation initialization data: ####
	inlet Mach number 0.039188827430281535
	inlet gamma 1.2942272392672118
	inlet temperature 2075.9609743385954
	inlet pressure 274227.36437127565
	inlet rho 0.4607349972974453
	inlet velocity 34.39515974209585
species_names=['C2H4', 'O2', 'CO2', 'CO', 'H2O', 'H2', 'N2']
{'C2H4': 0.0001, 'O2': 0.0001, 'CO2': 0.0001, 'CO': 0.0001, 'H2O': 0.0001, 'H2': 0.0001, 'N2': 0.0001}
species_names=['C2H4', 'O2', 'CO2', 'CO', 'H2O', 'H2', 'N2']
{'C2H4': 0.0001, 'O2': 0.0001, 'CO2': 0.0001, 'CO': 0.0001, 'H2O': 0.0001, 'H2': 0.0001, 'N2': 0.0001}
species_names=['C2H4', 'O2', 'CO2', 'CO', 'H2O', 'H2', 'N2']
{'C2H4': 0.0001, 'O2': 0.0001, 'CO2': 0.0001, 'CO': 0.0001, 'H2O': 0.0001, 'H2': 0.0001, 'N2': 0.0001}
species_names=['C2H4', 'O2', 'CO2', 'CO', 'H2O', 'H2', 'N2']
{'C2H4': 0.0001, 'O2': 0.0001, 'CO2': 0.0001, 'CO': 0.0001, 'H2O': 0.0001, 'H2': 0.0001, 'N2': 0.0001}
species_names=['C2H4', 'O2', 'CO2', 'CO', 'H2O', 'H2', 'N2']
{'C2H4': 0.0001, 'O2': 0.0001, 'CO2': 0.0001, 'CO': 0.0001, 'H2O': 0.0001, 'H2': 0.0001, 'N2': 0.0001}
	********
	outlet Mach number 3.793040446574542
	outlet gamma 1.3777480529683475
	outlet temperature 558.5757736845096
	outlet pressure 2284.257055974718
	outlet rho 0.014263380803459059
	outlet velocity 1796.0265011633348
	********
	injector Mach number 1.0
	injector gamma 1.3246735835852341
	injector temperature 258.1007615257789
	injector pressure 27281.922529269654
	injector rho 0.1911428114322463
	injector velocity -434.8234312418551
Reading mesh from data/actii_np32.msh
Read(rank, batch): Dist(0, 0) on lassen263.
Reading mesh on lassen263.
Read(rank, batch): Dist(6, 0) on lassen755.
Reading mesh on lassen755.
Read(rank, batch): Dist(4, 0) on lassen422.
Reading mesh on lassen422.
Read(rank, batch): Dist(2, 0) on lassen267.
Reading mesh on lassen267.
Read(rank, batch): Dist(7, 0) on lassen759.
Reading mesh on lassen759.
Read(rank, batch): Dist(1, 0) on lassen264.
Reading mesh on lassen264.
Read(rank, batch): Dist(3, 0) on lassen275.
Reading mesh on lassen275.
Read(rank, batch): Dist(5, 0) on lassen750.
Reading mesh on lassen750.
Reading gmsh mesh from disk file...
Reading gmsh mesh from disk file...
Reading gmsh mesh from disk file...
Reading gmsh mesh from disk file...
Reading gmsh mesh from disk file...
Reading gmsh mesh from disk file...
Reading gmsh mesh from disk file...
Reading gmsh mesh from disk file...
Done. Populating meshmode data structures...
Done. Populating meshmode data structures...
Done. Populating meshmode data structures...
Done. Populating meshmode data structures...
Done. Populating meshmode data structures...
Done. Populating meshmode data structures...
Done. Populating meshmode data structures...
Done. Populating meshmode data structures...
Done.
Read GMSH: 13.385626554489136
MeshData: 27.96821165084839
Done.
Read GMSH: 13.53964376449585
MeshData: 27.955785751342773
Done.
Read GMSH: 13.868129014968872
MeshData: 28.60732388496399
Done.
Read GMSH: 13.896795749664307
MeshData: 28.638357877731323
Done.
Read GMSH: 13.88632869720459
MeshData: 28.655092477798462
Done.
Read GMSH: 13.870790004730225
MeshData: 28.690066814422607
Done.
Read GMSH: 13.851836442947388
MeshData: 28.71703338623047
Done.
Read GMSH: 13.906670093536377
MeshData: 28.70620107650757
Mesh reading done on all nodes.
Making partition table on all nodes.
2025-06-12 23:24:54,384 - WARNING - py.warnings - /p/gpfs1/mtcampbe/CEESD/AutomatedTesting/MIRGE-Timing/timing/emirge/mirgecom/mirgecom/simutil.py:602: UserWarning: num_ranks is deprecated, use nranks_per_axis instead.
  warn("num_ranks is deprecated, use nranks_per_axis instead.")

2025-06-12 23:24:54,384 - WARNING - py.warnings - /p/gpfs1/mtcampbe/CEESD/AutomatedTesting/MIRGE-Timing/timing/emirge/mirgecom/mirgecom/simutil.py:602: UserWarning: num_ranks is deprecated, use nranks_per_axis instead.
  warn("num_ranks is deprecated, use nranks_per_axis instead.")

2025-06-12 23:24:54,383 - WARNING - py.warnings - /p/gpfs1/mtcampbe/CEESD/AutomatedTesting/MIRGE-Timing/timing/emirge/mirgecom/mirgecom/simutil.py:602: UserWarning: num_ranks is deprecated, use nranks_per_axis instead.
  warn("num_ranks is deprecated, use nranks_per_axis instead.")

2025-06-12 23:24:54,384 - WARNING - py.warnings - /p/gpfs1/mtcampbe/CEESD/AutomatedTesting/MIRGE-Timing/timing/emirge/mirgecom/mirgecom/simutil.py:602: UserWarning: num_ranks is deprecated, use nranks_per_axis instead.
  warn("num_ranks is deprecated, use nranks_per_axis instead.")

2025-06-12 23:24:54,384 - WARNING - py.warnings - /p/gpfs1/mtcampbe/CEESD/AutomatedTesting/MIRGE-Timing/timing/emirge/mirgecom/mirgecom/simutil.py:602: UserWarning: num_ranks is deprecated, use nranks_per_axis instead.
  warn("num_ranks is deprecated, use nranks_per_axis instead.")

2025-06-12 23:24:54,384 - WARNING - py.warnings - /p/gpfs1/mtcampbe/CEESD/AutomatedTesting/MIRGE-Timing/timing/emirge/mirgecom/mirgecom/simutil.py:602: UserWarning: num_ranks is deprecated, use nranks_per_axis instead.
  warn("num_ranks is deprecated, use nranks_per_axis instead.")

2025-06-12 23:24:54,384 - WARNING - py.warnings - /p/gpfs1/mtcampbe/CEESD/AutomatedTesting/MIRGE-Timing/timing/emirge/mirgecom/mirgecom/simutil.py:602: UserWarning: num_ranks is deprecated, use nranks_per_axis instead.
  warn("num_ranks is deprecated, use nranks_per_axis instead.")

2025-06-12 23:24:54,384 - WARNING - py.warnings - /p/gpfs1/mtcampbe/CEESD/AutomatedTesting/MIRGE-Timing/timing/emirge/mirgecom/mirgecom/simutil.py:602: UserWarning: num_ranks is deprecated, use nranks_per_axis instead.
  warn("num_ranks is deprecated, use nranks_per_axis instead.")

Partitioning mesh on all nodes.
Partitioning done, distributing to node-local ranks.
Rank(0) mesh partition
---------------------------
Number of fluid elements: 24111
Number of elements: 24111
---------------------------
Rank(1) mesh partition
---------------------------
Number of fluid elements: 24147
Number of elements: 24147
---------------------------
Rank(2) mesh partition
---------------------------
Number of fluid elements: 23937
Number of elements: 23937
---------------------------
Rank(3) mesh partition
---------------------------
Number of fluid elements: 23988
Number of elements: 23988
---------------------------
Rank(4) mesh partition
---------------------------
Number of fluid elements: 23879
Number of elements: 23879
---------------------------
Rank(8) mesh partition
---------------------------
Number of fluid elements: 24033
Number of elements: 24033
---------------------------
Rank(5) mesh partition
---------------------------
Number of fluid elements: 24016
Number of elements: 24016
---------------------------
Rank(9) mesh partition
---------------------------
Number of fluid elements: 23873
Number of elements: 23873
---------------------------
Rank(10) mesh partition
---------------------------
Number of fluid elements: 23958
Number of elements: 23958
---------------------------
Rank(6) mesh partition
---------------------------
Number of fluid elements: 24009
Number of elements: 24009
---------------------------
Rank(12) mesh partition
---------------------------
Number of fluid elements: 9747
Number of wall elements: 14280
Number of elements: 24027
---------------------------
Rank(7) mesh partition
---------------------------
Number of fluid elements: 24024
Number of elements: 24024
---------------------------
Rank(16) mesh partition
---------------------------
Number of fluid elements: 23839
Number of elements: 23839
---------------------------
Rank(11) mesh partition
---------------------------
Number of fluid elements: 18502
Number of wall elements: 5541
Number of elements: 24043
---------------------------
Rank(13) mesh partition
---------------------------
Number of fluid elements: 9683
Number of wall elements: 14581
Number of elements: 24264
---------------------------
Rank(17) mesh partition
---------------------------
Number of fluid elements: 11793
Number of wall elements: 12238Rank(14) mesh partition
---------------------------
Number of fluid elements: 23793
Number of wall elements: 238
Number of elements: 24031
---------------------------
Rank(18) mesh partition
---------------------------
Number of fluid elements: 6298
Number of wall elements: 17513
Number of elements: 23811
---------------------------
Rank(15) mesh partition
---------------------------
Number of fluid elements: 23972
Number of elements: 23972
---------------------------
Rank(19) mesh partition
---------------------------
Number of fluid elements: 6622
Number of wall elements: 17421
Number of elements: 24043
---------------------------
Rank(20) mesh partition
---------------------------
Number of fluid elements: 7014
Number of wall elements: 17138
Number of elements: 24152
---------------------------
Rank(24) mesh partition
---------------------------
Number of fluid elements: 23995
Number of elements: 23995
---------------------------
Rank(21) mesh partition
---------------------------
Number of fluid elements: 7412
Number of wall elements: 16708
Number of elements: 24120
---------------------------

Number of elements: 24031
---------------------------
No target file specied, using restart as target
Rank(25) mesh partition
---------------------------
Number of fluid elements: 23901
Number of elements: 23901
---------------------------
No target file specied, using restart as target
No target file specied, using restart as target
No target file specied, using restart as target
Rank(22) mesh partition
---------------------------
Number of fluid elements: 10774
Number of wall elements: 13214
Number of elements: 23988
---------------------------
No target file specied, using restart as target
Rank(26) mesh partition
---------------------------
Number of fluid elements: 23878
Number of elements: 23878
---------------------------
Making 3D order 4 discretization.
Rank(27) mesh partition
---------------------------
Number of fluid elements: 23890
Number of elements: 23890
---------------------------
Rank(28) mesh partition
---------------------------
Number of fluid elements: 24040
Number of elements: 24040
---------------------------
No target file specied, using restart as target
Rank(23) mesh partition
---------------------------
Number of fluid elements: 23962
Number of elements: 23962
---------------------------
No target file specied, using restart as target
No target file specied, using restart as target
Rank(29) mesh partition
---------------------------
Number of fluid elements: 24024
Number of elements: 24024
---------------------------
No target file specied, using restart as target
Rank(30) mesh partition
---------------------------
Number of fluid elements: 23884
Number of elements: 23884
---------------------------
No target file specied, using restart as target
No target file specied, using restart as target
Rank(31) mesh partition
---------------------------
Number of fluid elements: 25021
Number of elements: 25021
---------------------------
No target file specied, using restart as target
No target file specied, using restart as target
No target file specied, using restart as target
No target file specied, using restart as target
No target file specied, using restart as target
No target file specied, using restart as target
No target file specied, using restart as target
No target file specied, using restart as target
No target file specied, using restart as target
No target file specied, using restart as target
No target file specied, using restart as target
No target file specied, using restart as target
No target file specied, using restart as target
No target file specied, using restart as target
No target file specied, using restart as target
No target file specied, using restart as target
No target file specied, using restart as target
No target file specied, using restart as target
No target file specied, using restart as target
No target file specied, using restart as target
No target file specied, using restart as target
2025-06-12 23:24:58,420 - INFO - meshmode.discretization.connection.face - building face restriction: start
2025-06-12 23:24:58,420 - INFO - meshmode.discretization.connection.face - building face restriction: start
2025-06-12 23:24:58,420 - INFO - meshmode.discretization.connection.face - building face restriction: start
2025-06-12 23:24:58,420 - INFO - meshmode.discretization.connection.face - building face restriction: start
2025-06-12 23:24:58,420 - INFO - meshmode.discretization.connection.face - building face restriction: start
2025-06-12 23:24:58,420 - INFO - meshmode.discretization.connection.face - building face restriction: start
2025-06-12 23:24:58,421 - INFO - meshmode.discretization.connection.face - building face restriction: start
2025-06-12 23:24:58,421 - INFO - meshmode.discretization.connection.face - building face restriction: start
2025-06-12 23:24:58,424 - INFO - meshmode.discretization.connection.face - building face restriction: start
2025-06-12 23:24:58,424 - INFO - meshmode.discretization.connection.face - building face restriction: start
2025-06-12 23:24:58,424 - INFO - meshmode.discretization.connection.face - building face restriction: start
2025-06-12 23:24:58,424 - INFO - meshmode.discretization.connection.face - building face restriction: start
2025-06-12 23:24:58,425 - INFO - meshmode.discretization.connection.face - building face restriction: start
2025-06-12 23:24:58,425 - INFO - meshmode.discretization.connection.face - building face restriction: start
2025-06-12 23:24:58,425 - INFO - meshmode.discretization.connection.face - building face restriction: start
2025-06-12 23:24:58,425 - INFO - meshmode.discretization.connection.face - building face restriction: start
2025-06-12 23:24:58,428 - INFO - meshmode.discretization.connection.face - building face restriction: start
2025-06-12 23:24:58,428 - INFO - meshmode.discretization.connection.face - building face restriction: start
2025-06-12 23:24:58,428 - INFO - meshmode.discretization.connection.face - building face restriction: start
2025-06-12 23:24:58,428 - INFO - meshmode.discretization.connection.face - building face restriction: start
2025-06-12 23:24:58,429 - INFO - meshmode.discretization.connection.face - building face restriction: start
2025-06-12 23:24:58,429 - INFO - meshmode.discretization.connection.face - building face restriction: start
2025-06-12 23:24:58,429 - INFO - meshmode.discretization.connection.face - building face restriction: start
2025-06-12 23:24:58,429 - INFO - meshmode.discretization.connection.face - building face restriction: start
2025-06-12 23:24:58,438 - INFO - meshmode.discretization.connection.face - building face restriction: start
2025-06-12 23:24:58,438 - INFO - meshmode.discretization.connection.face - building face restriction: start
2025-06-12 23:24:58,438 - INFO - meshmode.discretization.connection.face - building face restriction: start
2025-06-12 23:24:58,438 - INFO - meshmode.discretization.connection.face - building face restriction: start
2025-06-12 23:24:58,446 - INFO - meshmode.discretization.connection.face - building face restriction: start
2025-06-12 23:24:58,446 - INFO - meshmode.discretization.connection.face - building face restriction: start
2025-06-12 23:24:58,446 - INFO - meshmode.discretization.connection.face - building face restriction: start
2025-06-12 23:24:58,446 - INFO - meshmode.discretization.connection.face - building face restriction: start
2025-06-12 23:24:58,453 - INFO - meshmode.discretization.connection.face - building face restriction: done
2025-06-12 23:24:58,453 - INFO - meshmode.discretization.connection.face - building face restriction: done
2025-06-12 23:24:58,453 - INFO - meshmode.discretization.connection.face - building face restriction: start
2025-06-12 23:24:58,453 - INFO - meshmode.discretization.connection.face - building face restriction: start
2025-06-12 23:24:58,453 - INFO - meshmode.discretization.connection.face - building face restriction: done
2025-06-12 23:24:58,454 - INFO - meshmode.discretization.connection.face - building face restriction: done
2025-06-12 23:24:58,454 - INFO - meshmode.discretization.connection.face - building face restriction: start
2025-06-12 23:24:58,454 - INFO - meshmode.discretization.connection.face - building face restriction: start
2025-06-12 23:24:58,454 - INFO - meshmode.discretization.connection.face - building face restriction: done
2025-06-12 23:24:58,454 - INFO - meshmode.discretization.connection.face - building face restriction: done
2025-06-12 23:24:58,454 - INFO - meshmode.discretization.connection.face - building face restriction: start
2025-06-12 23:24:58,454 - INFO - meshmode.discretization.connection.face - building face restriction: start
2025-06-12 23:24:58,455 - INFO - meshmode.discretization.connection.face - building face restriction: done
2025-06-12 23:24:58,455 - INFO - meshmode.discretization.connection.face - building face restriction: done
2025-06-12 23:24:58,455 - INFO - meshmode.discretization.connection.face - building face restriction: done
2025-06-12 23:24:58,455 - INFO - meshmode.discretization.connection.face - building face restriction: done
2025-06-12 23:24:58,455 - INFO - meshmode.discretization.connection.face - building face restriction: start
2025-06-12 23:24:58,455 - INFO - meshmode.discretization.connection.face - building face restriction: start
2025-06-12 23:24:58,455 - INFO - meshmode.discretization.connection.face - building face restriction: start
2025-06-12 23:24:58,455 - INFO - meshmode.discretization.connection.face - building face restriction: start
2025-06-12 23:24:58,457 - INFO - meshmode.discretization.connection.face - building face restriction: done
2025-06-12 23:24:58,457 - INFO - meshmode.discretization.connection.face - building face restriction: done
2025-06-12 23:24:58,457 - INFO - meshmode.discretization.connection.face - building face restriction: start
2025-06-12 23:24:58,458 - INFO - meshmode.discretization.connection.face - building face restriction: done
2025-06-12 23:24:58,458 - INFO - meshmode.discretization.connection.face - building face restriction: start
2025-06-12 23:24:58,458 - INFO - meshmode.discretization.connection.face - building face restriction: done
2025-06-12 23:24:58,458 - INFO - meshmode.discretization.connection.face - building face restriction: done
2025-06-12 23:24:58,458 - INFO - meshmode.discretization.connection.face - building face restriction: done
2025-06-12 23:24:58,458 - INFO - meshmode.discretization.connection.face - building face restriction: done
2025-06-12 23:24:58,458 - INFO - meshmode.discretization.connection.face - building face restriction: start
2025-06-12 23:24:58,458 - INFO - meshmode.discretization.connection.face - building face restriction: start
2025-06-12 23:24:58,458 - INFO - meshmode.discretization.connection.face - building face restriction: start
2025-06-12 23:24:58,458 - INFO - meshmode.discretization.connection.face - building face restriction: start
2025-06-12 23:24:58,460 - INFO - meshmode.discretization.connection.face - building face restriction: done
2025-06-12 23:24:58,460 - INFO - meshmode.discretization.connection.face - building face restriction: done
2025-06-12 23:24:58,460 - INFO - meshmode.discretization.connection.face - building face restriction: done
2025-06-12 23:24:58,460 - INFO - meshmode.discretization.connection.face - building face restriction: done
2025-06-12 23:24:58,460 - INFO - meshmode.discretization.connection.face - building face restriction: start
2025-06-12 23:24:58,460 - INFO - meshmode.discretization.connection.face - building face restriction: start
2025-06-12 23:24:58,460 - INFO - meshmode.discretization.connection.face - building face restriction: start
2025-06-12 23:24:58,462 - INFO - meshmode.discretization.connection.face - building face restriction: done
2025-06-12 23:24:58,463 - INFO - meshmode.discretization.connection.face - building face restriction: start
2025-06-12 23:24:58,464 - INFO - meshmode.discretization.connection.face - building face restriction: done
2025-06-12 23:24:58,464 - INFO - meshmode.discretization.connection.face - building face restriction: done
2025-06-12 23:24:58,464 - INFO - meshmode.discretization.connection.face - building face restriction: done
2025-06-12 23:24:58,465 - INFO - meshmode.discretization.connection.face - building face restriction: start
2025-06-12 23:24:58,465 - INFO - meshmode.discretization.connection.face - building face restriction: start
2025-06-12 23:24:58,465 - INFO - meshmode.discretization.connection.face - building face restriction: start
2025-06-12 23:24:58,466 - INFO - meshmode.discretization.connection.face - building face restriction: done
2025-06-12 23:24:58,467 - INFO - meshmode.discretization.connection.face - building face restriction: start
2025-06-12 23:24:58,466 - INFO - meshmode.discretization.connection.face - building face restriction: done
2025-06-12 23:24:58,467 - INFO - meshmode.discretization.connection.face - building face restriction: start
2025-06-12 23:24:58,468 - INFO - meshmode.discretization.connection.face - building face restriction: done
2025-06-12 23:24:58,468 - INFO - meshmode.discretization.connection.face - building face restriction: start
2025-06-12 23:24:58,473 - INFO - meshmode.discretization.connection.face - building face restriction: done
2025-06-12 23:24:58,478 - INFO - meshmode.discretization.connection.face - building face restriction: done
2025-06-12 23:24:58,478 - INFO - meshmode.discretization.connection.face - building face restriction: done
2025-06-12 23:24:58,479 - INFO - meshmode.discretization.connection.face - building face restriction: done
2025-06-12 23:24:58,479 - INFO - meshmode.discretization.connection.face - building face restriction: done
2025-06-12 23:24:58,479 - INFO - meshmode.discretization.connection.face - building face restriction: done
2025-06-12 23:24:58,479 - INFO - meshmode.discretization.connection.face - building face restriction: done
2025-06-12 23:24:58,479 - INFO - meshmode.discretization.connection.face - building face restriction: done
2025-06-12 23:24:58,479 - INFO - meshmode.discretization.connection.face - building face restriction: start
2025-06-12 23:24:58,479 - INFO - meshmode.discretization.connection.face - building face restriction: start
2025-06-12 23:24:58,479 - INFO - meshmode.discretization.connection.face - building face restriction: start
2025-06-12 23:24:58,479 - INFO - meshmode.discretization.connection.face - building face restriction: start
2025-06-12 23:24:58,481 - INFO - meshmode.discretization.connection.face - building face restriction: done
2025-06-12 23:24:58,481 - INFO - meshmode.discretization.connection.face - building face restriction: done
2025-06-12 23:24:58,482 - INFO - meshmode.discretization.connection.face - building face restriction: done
2025-06-12 23:24:58,481 - INFO - meshmode.discretization.connection.face - building face restriction: done
2025-06-12 23:24:58,482 - INFO - meshmode.discretization.connection.face - building face restriction: done
2025-06-12 23:24:58,482 - INFO - meshmode.discretization.connection.face - building face restriction: start
2025-06-12 23:24:58,482 - INFO - meshmode.discretization.connection.face - building face restriction: start
2025-06-12 23:24:58,482 - INFO - meshmode.discretization.connection.face - building face restriction: start
2025-06-12 23:24:58,482 - INFO - meshmode.discretization.connection.face - building face restriction: done
2025-06-12 23:24:58,483 - INFO - meshmode.discretization.connection.face - building face restriction: done
2025-06-12 23:24:58,483 - INFO - meshmode.discretization.connection.face - building face restriction: done
2025-06-12 23:24:58,483 - INFO - meshmode.discretization.connection.face - building face restriction: start
2025-06-12 23:24:58,483 - INFO - meshmode.discretization.connection.face - building face restriction: done
2025-06-12 23:24:58,484 - INFO - meshmode.discretization.connection.face - building face restriction: done
2025-06-12 23:24:58,484 - INFO - meshmode.discretization.connection.face - building face restriction: done
2025-06-12 23:24:58,484 - INFO - meshmode.discretization.connection.face - building face restriction: start
2025-06-12 23:24:58,484 - INFO - meshmode.discretization.connection.face - building face restriction: done
2025-06-12 23:24:58,484 - INFO - meshmode.discretization.connection.face - building face restriction: done
2025-06-12 23:24:58,485 - INFO - meshmode.discretization.connection.face - building face restriction: start
2025-06-12 23:24:58,486 - INFO - meshmode.discretization.connection.face - building face restriction: done
2025-06-12 23:24:58,487 - INFO - meshmode.discretization.connection.face - building face restriction: done
2025-06-12 23:24:58,488 - INFO - meshmode.discretization.connection.face - building face restriction: done
2025-06-12 23:24:58,488 - INFO - meshmode.discretization.connection.face - building face restriction: done
2025-06-12 23:24:58,488 - INFO - meshmode.discretization.connection.face - building face restriction: done
2025-06-12 23:24:58,490 - INFO - meshmode.discretization.connection.face - building face restriction: done
2025-06-12 23:24:58,491 - INFO - meshmode.discretization.connection.face - building face restriction: done
2025-06-12 23:24:58,493 - INFO - meshmode.discretization.connection.face - building face restriction: done
2025-06-12 23:24:58,493 - INFO - meshmode.discretization.connection.face - building face restriction: start
2025-06-12 23:24:58,493 - INFO - meshmode.discretization.connection.face - building face restriction: done
2025-06-12 23:24:58,494 - INFO - meshmode.discretization.connection.face - building face restriction: start
2025-06-12 23:24:58,494 - INFO - meshmode.discretization.connection.face - building face restriction: done
2025-06-12 23:24:58,494 - INFO - meshmode.discretization.connection.face - building face restriction: done
2025-06-12 23:24:58,494 - INFO - meshmode.discretization.connection.face - building face restriction: start
2025-06-12 23:24:58,494 - INFO - meshmode.discretization.connection.face - building face restriction: start
2025-06-12 23:24:58,495 - INFO - meshmode.discretization.connection.face - building face restriction: done
2025-06-12 23:24:58,496 - INFO - meshmode.discretization.connection.face - building face restriction: done
2025-06-12 23:24:58,496 - INFO - meshmode.discretization.connection.face - building face restriction: start
2025-06-12 23:24:58,496 - INFO - meshmode.discretization.connection.face - building face restriction: done
2025-06-12 23:24:58,496 - INFO - meshmode.discretization.connection.face - building face restriction: start
2025-06-12 23:24:58,497 - INFO - meshmode.discretization.connection.face - building face restriction: done
2025-06-12 23:24:58,497 - INFO - meshmode.discretization.connection.face - building face restriction: start
2025-06-12 23:24:58,506 - INFO - meshmode.discretization.connection.face - building face restriction: done
2025-06-12 23:24:58,506 - INFO - meshmode.discretization.connection.face - building face restriction: done
2025-06-12 23:24:58,506 - INFO - meshmode.discretization.connection.face - building face restriction: start
2025-06-12 23:24:58,506 - INFO - meshmode.discretization.connection.face - building face restriction: done
2025-06-12 23:24:58,507 - INFO - meshmode.discretization.connection.face - building face restriction: done
2025-06-12 23:24:58,507 - INFO - meshmode.discretization.connection.face - building face restriction: start
2025-06-12 23:24:58,507 - INFO - meshmode.discretization.connection.face - building face restriction: start
2025-06-12 23:24:58,508 - INFO - meshmode.discretization.connection.face - building face restriction: done
2025-06-12 23:24:58,508 - INFO - meshmode.discretization.connection.face - building face restriction: start
2025-06-12 23:24:58,519 - INFO - meshmode.discretization.connection.face - building face restriction: done
2025-06-12 23:24:58,519 - INFO - meshmode.discretization.connection.face - building face restriction: done
2025-06-12 23:24:58,519 - INFO - meshmode.discretization.connection.face - building face restriction: start
2025-06-12 23:24:58,519 - INFO - meshmode.discretization.connection.face - building face restriction: start
2025-06-12 23:24:58,520 - INFO - meshmode.discretization.connection.face - building face restriction: done
2025-06-12 23:24:58,529 - INFO - meshmode.discretization.connection.face - building face restriction: done
2025-06-12 23:24:58,529 - INFO - meshmode.discretization.connection.face - building face restriction: start
2025-06-12 23:24:58,532 - WARNING - py.warnings - /p/gpfs1/mtcampbe/CEESD/AutomatedTesting/MIRGE-Timing/timing/emirge/arraycontext/arraycontext/impl/pytato/__init__.py:474: UserWarning: Running on an Nvidia GPU, reducing the argument size limit from 4352 to 3896.
  warn("Running on an Nvidia GPU, reducing the argument "

2025-06-12 23:24:58,532 - INFO - arraycontext.impl.pytato - limiting argument buffer size for <pyopencl.Device 'Tesla V100-SXM2-16GB' on 'Portable Computing Language' at 0x103c1cd40> to 3896 bytes
2025-06-12 23:24:58,532 - INFO - meshmode.discretization.connection.face - building face restriction: done
2025-06-12 23:24:58,532 - INFO - meshmode.discretization.connection.face - building face restriction: start
2025-06-12 23:24:58,533 - INFO - meshmode.discretization.connection.face - building face restriction: done
2025-06-12 23:24:58,533 - INFO - meshmode.discretization.connection.face - building face restriction: start
2025-06-12 23:24:58,534 - INFO - meshmode.discretization.connection.face - building face restriction: done
2025-06-12 23:24:58,534 - INFO - meshmode.discretization.connection.face - building face restriction: start
2025-06-12 23:24:58,540 - INFO - meshmode.discretization.connection.face - building face restriction: done
2025-06-12 23:24:58,540 - INFO - meshmode.discretization.connection.face - building face restriction: start
2025-06-12 23:24:58,548 - INFO - meshmode.discretization.connection.face - building face restriction: done
2025-06-12 23:24:58,548 - INFO - meshmode.discretization.connection.face - building face restriction: start
2025-06-12 23:24:58,550 - INFO - meshmode.discretization.connection.face - building face restriction: done
2025-06-12 23:24:58,550 - INFO - meshmode.discretization.connection.face - building face restriction: start
2025-06-12 23:24:58,555 - INFO - meshmode.discretization.connection.face - building face restriction: done
2025-06-12 23:24:58,555 - INFO - meshmode.discretization.connection.face - building face restriction: start
2025-06-12 23:24:58,556 - INFO - meshmode.discretization.connection.face - building face restriction: done
2025-06-12 23:24:58,556 - INFO - meshmode.discretization.connection.face - building face restriction: start
2025-06-12 23:24:58,560 - INFO - meshmode.discretization.connection.face - building face restriction: done
2025-06-12 23:24:58,566 - INFO - meshmode.discretization.connection.face - building face restriction: done
2025-06-12 23:24:58,571 - INFO - meshmode.discretization.connection.face - building face restriction: done
2025-06-12 23:24:58,573 - WARNING - py.warnings - /p/gpfs1/mtcampbe/CEESD/AutomatedTesting/MIRGE-Timing/timing/emirge/arraycontext/arraycontext/impl/pytato/__init__.py:474: UserWarning: Running on an Nvidia GPU, reducing the argument size limit from 4352 to 3896.
  warn("Running on an Nvidia GPU, reducing the argument "

2025-06-12 23:24:58,573 - INFO - arraycontext.impl.pytato - limiting argument buffer size for <pyopencl.Device 'Tesla V100-SXM2-16GB' on 'Portable Computing Language' at 0x103c5d0f0> to 3896 bytes
2025-06-12 23:24:58,575 - INFO - meshmode.discretization.connection.face - building face restriction: done
2025-06-12 23:24:58,578 - WARNING - py.warnings - /p/gpfs1/mtcampbe/CEESD/AutomatedTesting/MIRGE-Timing/timing/emirge/arraycontext/arraycontext/impl/pytato/__init__.py:474: UserWarning: Running on an Nvidia GPU, reducing the argument size limit from 4352 to 3896.
  warn("Running on an Nvidia GPU, reducing the argument "

2025-06-12 23:24:58,578 - INFO - arraycontext.impl.pytato - limiting argument buffer size for <pyopencl.Device 'Tesla V100-SXM2-16GB' on 'Portable Computing Language' at 0x103a9e7d0> to 3896 bytes
2025-06-12 23:24:58,581 - WARNING - py.warnings - /p/gpfs1/mtcampbe/CEESD/AutomatedTesting/MIRGE-Timing/timing/emirge/arraycontext/arraycontext/impl/pytato/__init__.py:474: UserWarning: Running on an Nvidia GPU, reducing the argument size limit from 4352 to 3896.
  warn("Running on an Nvidia GPU, reducing the argument "

2025-06-12 23:24:58,582 - INFO - arraycontext.impl.pytato - limiting argument buffer size for <pyopencl.Device 'Tesla V100-SXM2-16GB' on 'Portable Computing Language' at 0x103bd6a20> to 3896 bytes
2025-06-12 23:24:58,586 - INFO - meshmode.discretization.connection.face - building face restriction: done
2025-06-12 23:24:58,588 - WARNING - py.warnings - /p/gpfs1/mtcampbe/CEESD/AutomatedTesting/MIRGE-Timing/timing/emirge/arraycontext/arraycontext/impl/pytato/__init__.py:474: UserWarning: Running on an Nvidia GPU, reducing the argument size limit from 4352 to 3896.
  warn("Running on an Nvidia GPU, reducing the argument "

2025-06-12 23:24:58,588 - INFO - arraycontext.impl.pytato - limiting argument buffer size for <pyopencl.Device 'Tesla V100-SXM2-16GB' on 'Portable Computing Language' at 0x103c504d0> to 3896 bytes
2025-06-12 23:24:58,592 - INFO - meshmode.discretization.connection.face - building face restriction: done
2025-06-12 23:24:58,594 - INFO - meshmode.discretization.connection.face - building face restriction: done
2025-06-12 23:24:58,599 - WARNING - py.warnings - /p/gpfs1/mtcampbe/CEESD/AutomatedTesting/MIRGE-Timing/timing/emirge/arraycontext/arraycontext/impl/pytato/__init__.py:474: UserWarning: Running on an Nvidia GPU, reducing the argument size limit from 4352 to 3896.
  warn("Running on an Nvidia GPU, reducing the argument "

2025-06-12 23:24:58,599 - INFO - arraycontext.impl.pytato - limiting argument buffer size for <pyopencl.Device 'Tesla V100-SXM2-16GB' on 'Portable Computing Language' at 0x103c959f0> to 3896 bytes
2025-06-12 23:24:58,601 - INFO - meshmode.discretization.connection.face - building face restriction: done
Traceback (most recent call last):
  File "/p/gpfs1/mtcampbe/CEESD/AutomatedTesting/MIRGE-Timing/timing/emirge/arraycontext/arraycontext/impl/pytato/__init__.py", line 573, in freeze
2025-06-12 23:24:58,604 - WARNING - py.warnings - /p/gpfs1/mtcampbe/CEESD/AutomatedTesting/MIRGE-Timing/timing/emirge/arraycontext/arraycontext/impl/pytato/__init__.py:474: UserWarning: Running on an Nvidia GPU, reducing the argument size limit from 4352 to 3896.
  warn("Running on an Nvidia GPU, reducing the argument "

2025-06-12 23:24:58,604 - INFO - arraycontext.impl.pytato - limiting argument buffer size for <pyopencl.Device 'Tesla V100-SXM2-16GB' on 'Portable Computing Language' at 0x103c1cd40> to 3896 bytes
    pt_prg = self._freeze_prg_cache[normalized_expr]
             ~~~~~~~~~~~~~~~~~~~~~~^^^^^^^^^2025-06-12 23:24:58,604 - INFO - meshmode.discretization.connection.face - building face restriction: done
^^^^^^^^
KeyError2025-06-12 23:24:58,606 - WARNING - py.warnings - /p/gpfs1/mtcampbe/CEESD/AutomatedTesting/MIRGE-Timing/timing/emirge/arraycontext/arraycontext/impl/pytato/__init__.py:474: UserWarning: Running on an Nvidia GPU, reducing the argument size limit from 4352 to 3896.
  warn("Running on an Nvidia GPU, reducing the argument "

2025-06-12 23:24:58,606 - INFO - arraycontext.impl.pytato - limiting argument buffer size for <pyopencl.Device 'Tesla V100-SXM2-16GB' on 'Portable Computing Language' at 0x103d95990> to 3896 bytes
: DictOfNamedArrays(tags=frozenset(), data={'_ary': Einsum(tags={FirstAxisIsElementsTag(), PrefixNamed(prefix='nodes0_3d')}, access_descriptors=((EinsumElementwiseAxis(dim=1), EinsumReductionAxis(dim=0)), (EinsumElementwiseAxis(dim=0), EinsumReductionAxis(dim=0))), args=(Placeholder(shape=(15, 3), dtype='float64', axes=(Axis(tags=frozenset({DiscretizationDOFAxisTag()})), Axis(tags=frozenset())), name='_actx_dw'), Placeholder(shape=(16, 3), dtype='float64', axes=(Axis(tags=frozenset({DiscretizationElementAxisTag()})), Axis(tags=frozenset({DiscretizationDOFAxisTag()}))), name='_actx_dw_0')), redn_axis_to_redn_descr={EinsumReductionAxis(dim=0): ReductionDescriptor(tags=frozenset())})})

During handling of the above exception, another exception occurred:

Traceback (most recent call last):
  File "<frozen runpy>", line 198, in _run_module_as_main
  File "<frozen runpy>", line 88, in _run_code
  File "/p/gpfs1/mtcampbe/CEESD/AutomatedTesting/MIRGE-Timing/timing/emirge/miniforge3/envs/timing.main/lib/python3.12/site-packages/mpi4py/__main__.py", line 7, in <module>
    main()
  File "/p/gpfs1/mtcampbe/CEESD/AutomatedTesting/MIRGE-Timing/timing/emirge/miniforge3/envs/timing.main/lib/python3.12/site-packages/mpi4py/run.py", line 214, in main
    run_command_line(args)
  File "/p/gpfs1/mtcampbe/CEESD/AutomatedTesting/MIRGE-Timing/timing/emirge/miniforge3/envs/timing.main/lib/python3.12/site-packages/mpi4py/run.py", line 46, in run_command_line
    run_path(sys.argv[0], run_name='__main__')
  File "<frozen runpy>", line 287, in run_path
  File "<frozen runpy>", line 98, in _run_module_code
  File "<frozen runpy>", line 88, in _run_code
  File "driver.py", line 85, in <module>
    main(actx_class, restart_filename=restart_filename,
  File "/p/gpfs1/mtcampbe/CEESD/AutomatedTesting/MIRGE-Timing/timing/emirge/mirgecom/mirgecom/mpi.py", line 152, in wrapped_func
    func(*args, **kwargs)
  File "/p/gpfs1/mtcampbe/CEESD/AutomatedTesting/MIRGE-Timing/timing/y3-prediction-scaling-run/y3prediction/prediction.py", line 4277, in main
2025-06-12 23:24:58,611 - WARNING - py.warnings - /p/gpfs1/mtcampbe/CEESD/AutomatedTesting/MIRGE-Timing/timing/emirge/arraycontext/arraycontext/impl/pytato/__init__.py:474: UserWarning: Running on an Nvidia GPU, reducing the argument size limit from 4352 to 3896.
  warn("Running on an Nvidia GPU, reducing the argument "

2025-06-12 23:24:58,611 - INFO - arraycontext.impl.pytato - limiting argument buffer size for <pyopencl.Device 'Tesla V100-SXM2-16GB' on 'Portable Computing Language' at 0x103e96ba0> to 3896 bytes
    dcoll = create_discretization_collection(
            ^^^^^^^^^^^^^^^^^^^^^^^^^^^^^^^^^
  File "/p/gpfs1/mtcampbe/CEESD/AutomatedTesting/MIRGE-Timing/timing/emirge/mirgecom/mirgecom/discretization.py", line 76, in create_discretization_collection
    return make_discretization_collection(
           ^^^^^^^^^^^^^^^^^^^^^^^^^^^^^^^
  File "/p/gpfs1/mtcampbe/CEESD/AutomatedTesting/MIRGE-Timing/timing/emirge/grudge/grudge/discretization.py", line 1091, in make_discretization_collection
    inter_part_connections=_set_up_inter_part_connections(
                           ^^^^^^^^^^^^^^^^^^^^^^^^^^^^^^^
  File "/p/gpfs1/mtcampbe/CEESD/AutomatedTesting/MIRGE-Timing/timing/emirge/grudge/grudge/discretization.py", line 946, in _set_up_inter_part_connections
    make_partition_connection(
  File "/p/gpfs1/mtcampbe/CEESD/AutomatedTesting/MIRGE-Timing/timing/emirge/meshmode/meshmode/discretization/connection/opposite_face.py", line 620, in make_partition_connection
2025-06-12 23:24:58,617 - WARNING - py.warnings - /p/gpfs1/mtcampbe/CEESD/AutomatedTesting/MIRGE-Timing/timing/emirge/arraycontext/arraycontext/impl/pytato/__init__.py:474: UserWarning: Running on an Nvidia GPU, reducing the argument size limit from 4352 to 3896.
  warn("Running on an Nvidia GPU, reducing the argument "

2025-06-12 23:24:58,617 - INFO - arraycontext.impl.pytato - limiting argument buffer size for <pyopencl.Device 'Tesla V100-SXM2-16GB' on 'Portable Computing Language' at 0x103c5d560> to 3896 bytes
    grp_batches = _make_cross_face_batches(actx,
                  ^^^^^^^^^^^^^^^^^^^^^^^^^^^^^^
  File "/p/gpfs1/mtcampbe/CEESD/AutomatedTesting/MIRGE-Timing/timing/emirge/meshmode/meshmode/discretization/connection/opposite_face.py", line 69, in _make_cross_face_batches
    for ary in tgt_bdry_discr.nodes(cached=False)
               ^^^^^^^^^^^^^^^^^^^^^^^^^^^^^^^^^^
  File "/p/gpfs1/mtcampbe/CEESD/AutomatedTesting/MIRGE-Timing/timing/emirge/meshmode/meshmode/discretization/__init__.py", line 590, in nodes
    _DOFArray(None, tuple(actx.freeze(resample_mesh_nodes(grp, iaxis))
                    ^^^^^^^^^Traceback (most recent call last):
  File "/p/gpfs1/mtcampbe/CEESD/AutomatedTesting/MIRGE-Timing/timing/emirge/arraycontext/arraycontext/impl/pytato/__init__.py", line 573, in freeze
^^^^^^^^^^^^^^^^^^^^^^^^^^^^^^^^^^^^^^^^^
  File "/p/gpfs1/mtcampbe/CEESD/AutomatedTesting/MIRGE-Timing/timing/emirge/meshmode/meshmode/discretization/__init__.py", line 590, in <genexpr>
    _DOFArray(None, tuple(actx.freeze(resample_mesh_nodes(grp, iaxis))
    pt_prg = self._freeze_prg_cache[normalized_expr]
                         ~~~~~~~~              ^^^^~~~~~~~~~~~~~~^^^^^^^^^^^^^^^^^^^^^^^^^^^^^^^^^
KeyError^^^^^^^^^^^^^^^^^^^^^^^^
  File "/p/gpfs1/mtcampbe/CEESD/AutomatedTesting/MIRGE-Timing/timing/emirge/arraycontext/arraycontext/impl/pytato/__init__.py", line 605, in freeze
    pt_prg = pt_prg.with_transformed_translation_unit(
             ^^^^^^^^^^^^^^^^^^^^^^^^^^^^^^^^^^^^^^^^^
  File "/p/gpfs1/mtcampbe/CEESD/AutomatedTesting/MIRGE-Timing/timing/emirge/pytato/pytato/target/loopy/__init__.py", line 300, in with_transformed_translation_unit
: DictOfNamedArrays(tags=frozenset(), data={'_ary': Einsum(tags={FirstAxisIsElementsTag(), PrefixNamed(prefix='nodes0_3d')}, access_descriptors=((EinsumElementwiseAxis(dim=1), EinsumReductionAxis(dim=0)), (EinsumElementwiseAxis(dim=0), EinsumReductionAxis(dim=0))), args=(Placeholder(shape=(15, 3), dtype='float64', axes=(Axis(tags=frozenset({DiscretizationDOFAxisTag()})), Axis(tags=frozenset())), name='_actx_dw'), Placeholder(shape=(1634, 3), dtype='float64', axes=(Axis(tags=frozenset({DiscretizationElementAxisTag()})), Axis(tags=frozenset({DiscretizationDOFAxisTag()}))), name='_actx_dw_0')), redn_axis_to_redn_descr={EinsumReductionAxis(dim=0): ReductionDescriptor(tags=frozenset())})})

During handling of the above exception, another exception occurred:

Traceback (most recent call last):
  File "<frozen runpy>", line 198, in _run_module_as_main
  File "<frozen runpy>", line 88, in _run_code
  File "/p/gpfs1/mtcampbe/CEESD/AutomatedTesting/MIRGE-Timing/timing/emirge/miniforge3/envs/timing.main/lib/python3.12/site-packages/mpi4py/__main__.py", line 7, in <module>
    main()
  File "/p/gpfs1/mtcampbe/CEESD/AutomatedTesting/MIRGE-Timing/timing/emirge/miniforge3/envs/timing.main/lib/python3.12/site-packages/mpi4py/run.py", line 214, in main
    program=f(self.program.t_unit).executor(self.cl_context),
            ^^^^^^^^^^^^^^^^^^^^^^
  File "/p/gpfs1/mtcampbe/CEESD/AutomatedTesting/MIRGE-Timing/timing/emirge/meshmode/meshmode/array_context.py", line 1652, in transform_loopy_program
    run_command_line(args)
  File "/p/gpfs1/mtcampbe/CEESD/AutomatedTesting/MIRGE-Timing/timing/emirge/miniforge3/envs/timing.main/lib/python3.12/site-packages/mpi4py/run.py", line 46, in run_command_line
    run_path(sys.argv[0], run_name='__main__')
  File "<frozen runpy>", line 287, in run_path
  File "<frozen runpy>", line 98, in _run_module_code
  File "<frozen runpy>", line 88, in _run_code
  File "driver.py", line 85, in <module>
    main(actx_class, restart_filename=restart_filename,
  File "/p/gpfs1/mtcampbe/CEESD/AutomatedTesting/MIRGE-Timing/timing/emirge/mirgecom/mirgecom/mpi.py", line 152, in wrapped_func
    func(*args, **kwargs)
  File "/p/gpfs1/mtcampbe/CEESD/AutomatedTesting/MIRGE-Timing/timing/y3-prediction-scaling-run/y3prediction/prediction.py", line 4277, in main
    r = self.transform_loopy_cache[t_unit]
        ~~~~~~~~~~~~~~~~~~~~~~~~~~^^^^^^^^
  File "/p/gpfs1/mtcampbe/CEESD/AutomatedTesting/MIRGE-Timing/timing/emirge/miniforge3/envs/timing.main/lib/python3.12/site-packages/pytools/persistent_dict.py", line 588, in __getitem__
    return self.fetch(key)
           ^^^^^^^^^^^^^^^
  File "/p/gpfs1/mtcampbe/CEESD/AutomatedTesting/MIRGE-Timing/timing/emirge/miniforge3/envs/timing.main/lib/python3.12/site-packages/pytools/persistent_dict.py", line 755, in fetch
    stored_key, value = self._fetch(keyhash)
                          dcoll = create_discretization_collection(
  ^^^^^^^^^^^^^^^^^^^^
  File "/p/gpfs1/mtcampbe/CEESD/AutomatedTesting/MIRGE-Timing/timing/emirge/miniforge3/envs/timing.main/lib/python3.12/site-packages/pytools/persistent_dict.py", line 747, in _fetch_uncached
               key, value = pickle.loads(row[0])
 ^^^^^^^^^^^^^^^^^^^^^^^^                ^^^^^^^^^
  File "/p/gpfs1/mtcampbe/CEESD/AutomatedTesting/MIRGE-Timing/timing/emirge/mirgecom/mirgecom/discretization.py", line 76, in create_discretization_collection
 ^^^^^^^^^^^^^^^^    return make_discretization_collection(
   ^^^^
AttributeError: Can't get attribute '_read_from_str_wrapper' on <module 'islpy' from '/p/gpfs1/mtcampbe/CEESD/AutomatedTesting/MIRGE-Timing/timing/emirge/miniforge3/envs/timing.main/lib/python3.12/site-packages/islpy/__init__.py'>
        ^^^^^^^^^^^^^^^^^^^^^^^^^^^^^^^
  File "/p/gpfs1/mtcampbe/CEESD/AutomatedTesting/MIRGE-Timing/timing/emirge/grudge/grudge/discretization.py", line 1091, in make_discretization_collection
    inter_part_connections=_set_up_inter_part_connections(
                           ^^^^^^^^^^^^^^^^^^^^^^^^^^^^^^^
  File "/p/gpfs1/mtcampbe/CEESD/AutomatedTesting/MIRGE-Timing/timing/emirge/grudge/grudge/discretization.py", line 946, in _set_up_inter_part_connections
    make_partition_connection(
  File "/p/gpfs1/mtcampbe/CEESD/AutomatedTesting/MIRGE-Timing/timing/emirge/meshmode/meshmode/discretization/connection/opposite_face.py", line 620, in make_partition_connection
    grp_batches = _make_cross_face_batches(actx,
                  ^^^^^^^^^^^^^^^^^^^^^^^^^^^^^^
  File "/p/gpfs1/mtcampbe/CEESD/AutomatedTesting/MIRGE-Timing/timing/emirge/meshmode/meshmode/discretization/connection/opposite_face.py", line 69, in _make_cross_face_batches
    for ary in tgt_bdry_discr.nodes(cached=False)
               ^^^^^^^^^^^^^^^^^^^^^^^^^^^^^^^^^^
  File "/p/gpfs1/mtcampbe/CEESD/AutomatedTesting/MIRGE-Timing/timing/emirge/meshmode/meshmode/discretization/__init__.py", line 590, in nodes
    _DOFArray(None, tuple(actx.freeze(resample_mesh_nodes(grp, iaxis))
                    ^^^^^^^^^^^^^^^^^^^^^^^^^^^^^^^^^^^^^^^^^^^^^^^^^^
  File "/p/gpfs1/mtcampbe/CEESD/AutomatedTesting/MIRGE-Timing/timing/emirge/meshmode/meshmode/discretization/__init__.py", line 590, in <genexpr>
    _DOFArray(None, tuple(actx.freeze(resample_mesh_nodes(grp, iaxis))
                          ^^^^^^^^^^^^^^^^^^^^^^^^^^^^^^^^^^^^^^^^^^^^
  File "/p/gpfs1/mtcampbe/CEESD/AutomatedTesting/MIRGE-Timing/timing/emirge/arraycontext/arraycontext/impl/pytato/__init__.py", line 605, in freeze
    pt_prg = pt_prg.with_transformed_translation_unit(
             ^^^^^^^^^^^^^^^^^^^^^^^^^^^^^^^^^^^^^^^^^
  File "/p/gpfs1/mtcampbe/CEESD/AutomatedTesting/MIRGE-Timing/timing/emirge/pytato/pytato/target/loopy/__init__.py", line 300, in with_transformed_translation_unit
    program=f(self.program.t_unit).executor(self.cl_context),
            ^^^^^^^^^^^^^^^^^^^^^^
  File "/p/gpfs1/mtcampbe/CEESD/AutomatedTesting/MIRGE-Timing/timing/emirge/meshmode/meshmode/array_context.py", line 1652, in transform_loopy_program
Traceback (most recent call last):
  File "/p/gpfs1/mtcampbe/CEESD/AutomatedTesting/MIRGE-Timing/timing/emirge/arraycontext/arraycontext/impl/pytato/__init__.py", line 573, in freeze
    pt_prg = self._freeze_prg_cache[normalized_expr]
             ~~~~~~~~~~~~~~~~~~~~~~^^^^Traceback (most recent call last):
  File "/p/gpfs1/mtcampbe/CEESD/AutomatedTesting/MIRGE-Timing/timing/emirge/arraycontext/arraycontext/impl/pytato/__init__.py", line 573, in freeze
^^^^^^^^^^^^^
KeyError    pt_prg = self._freeze_prg_cache[normalized_expr]
             ~~~~~~~~~~~~~~~~~~~~~~^^^^^^^^^^^^^^^^^
KeyError    r = self.transform_loopy_cache[t_unit]
        ~~~~~~~~~~~~~~~~~~~~~~~~~~^^^^^^^^
  File "/p/gpfs1/mtcampbe/CEESD/AutomatedTesting/MIRGE-Timing/timing/emirge/miniforge3/envs/timing.main/lib/python3.12/site-packages/pytools/persistent_dict.py", line 588, in __getitem__
: DictOfNamedArrays(tags=frozenset(), data={'_ary': Einsum(tags={PrefixNamed(prefix='nodes0_3d'), FirstAxisIsElementsTag()}, access_descriptors=((EinsumElementwiseAxis(dim=1), EinsumReductionAxis(dim=0)), (EinsumElementwiseAxis(dim=0), EinsumReductionAxis(dim=0))), args=(Placeholder(shape=(15, 3), dtype='float64', axes=(Axis(tags=frozenset({DiscretizationDOFAxisTag()})), Axis(tags=frozenset())), name='_actx_dw'), Placeholder(shape=(719, 3), dtype='float64', axes=(Axis(tags=frozenset({DiscretizationElementAxisTag()})), Axis(tags=frozenset({DiscretizationDOFAxisTag()}))), name='_actx_dw_0')), redn_axis_to_redn_descr={EinsumReductionAxis(dim=0): ReductionDescriptor(tags=frozenset())})})

During handling of the above exception, another exception occurred:

Traceback (most recent call last):
  File "<frozen runpy>", line 198, in _run_module_as_main
  File "<frozen runpy>", line 88, in _run_code
  File "/p/gpfs1/mtcampbe/CEESD/AutomatedTesting/MIRGE-Timing/timing/emirge/miniforge3/envs/timing.main/lib/python3.12/site-packages/mpi4py/__main__.py", line 7, in <module>
    main()
  File "/p/gpfs1/mtcampbe/CEESD/AutomatedTesting/MIRGE-Timing/timing/emirge/miniforge3/envs/timing.main/lib/python3.12/site-packages/mpi4py/run.py", line 214, in main
: DictOfNamedArrays(tags=frozenset(), data={'_ary': Einsum(tags={FirstAxisIsElementsTag(), PrefixNamed(prefix='nodes0_3d')}, access_descriptors=((EinsumElementwiseAxis(dim=1), EinsumReductionAxis(dim=0)), (EinsumElementwiseAxis(dim=0), EinsumReductionAxis(dim=0))), args=(Placeholder(shape=(15, 3), dtype='float64', axes=(Axis(tags=frozenset({DiscretizationDOFAxisTag()})), Axis(tags=frozenset())), name='_actx_dw'), Placeholder(shape=(1149, 3), dtype='float64', axes=(Axis(tags=frozenset({DiscretizationElementAxisTag()})), Axis(tags=frozenset({DiscretizationDOFAxisTag()}))), name='_actx_dw_0')), redn_axis_to_redn_descr={EinsumReductionAxis(dim=0): ReductionDescriptor(tags=frozenset())})})

During handling of the above exception, another exception occurred:

Traceback (most recent call last):
  File "<frozen runpy>", line 198, in _run_module_as_main
  File "<frozen runpy>", line 88, in _run_code
  File "/p/gpfs1/mtcampbe/CEESD/AutomatedTesting/MIRGE-Timing/timing/emirge/miniforge3/envs/timing.main/lib/python3.12/site-packages/mpi4py/__main__.py", line 7, in <module>
    main()
    run_command_line(args)
  File "/p/gpfs1/mtcampbe/CEESD/AutomatedTesting/MIRGE-Timing/timing/emirge/miniforge3/envs/timing.main/lib/python3.12/site-packages/mpi4py/run.py", line 46, in run_command_line
  File "/p/gpfs1/mtcampbe/CEESD/AutomatedTesting/MIRGE-Timing/timing/emirge/miniforge3/envs/timing.main/lib/python3.12/site-packages/mpi4py/run.py", line 214, in main
    run_path(sys.argv[0], run_name='__main__')
  File "<frozen runpy>", line 287, in run_path
  File "<frozen runpy>", line 98, in _run_module_code
  File "<frozen runpy>", line 88, in _run_code
  File "driver.py", line 85, in <module>
    main(actx_class, restart_filename=restart_filename,
  File "/p/gpfs1/mtcampbe/CEESD/AutomatedTesting/MIRGE-Timing/timing/emirge/mirgecom/mirgecom/mpi.py", line 152, in wrapped_func
    run_command_line(args)
  File "/p/gpfs1/mtcampbe/CEESD/AutomatedTesting/MIRGE-Timing/timing/emirge/miniforge3/envs/timing.main/lib/python3.12/site-packages/mpi4py/run.py", line 46, in run_command_line
    return self.fetch(key)
    run_path(sys.argv[0], run_name='__main__')
           ^^^^^^  File "<frozen runpy>", line 287, in run_path
  File "<frozen runpy>", line 98, in _run_module_code
  File "<frozen runpy>", line 88, in _run_code
  File "driver.py", line 85, in <module>
    func(*args, **kwargs)
^^^^^^^^^
  File "/p/gpfs1/mtcampbe/CEESD/AutomatedTesting/MIRGE-Timing/timing/emirge/miniforge3/envs/timing.main/lib/python3.12/site-packages/pytools/persistent_dict.py", line 755, in fetch
    main(actx_class, restart_filename=restart_filename,
  File "/p/gpfs1/mtcampbe/CEESD/AutomatedTesting/MIRGE-Timing/timing/emirge/mirgecom/mirgecom/mpi.py", line 152, in wrapped_func
  File "/p/gpfs1/mtcampbe/CEESD/AutomatedTesting/MIRGE-Timing/timing/y3-prediction-scaling-run/y3prediction/prediction.py", line 4277, in main
    stored_key, value = self._fetch(keyhash)
    func(*args, **kwargs)
                   File "/p/gpfs1/mtcampbe/CEESD/AutomatedTesting/MIRGE-Timing/timing/y3-prediction-scaling-run/y3prediction/prediction.py", line 4277, in main
       ^^^^^^^^^^^^^^^^^^^^
  File "/p/gpfs1/mtcampbe/CEESD/AutomatedTesting/MIRGE-Timing/timing/emirge/miniforge3/envs/timing.main/lib/python3.12/site-packages/pytools/persistent_dict.py", line 747, in _fetch_uncached
    key, value = pickle.loads(row[0])
                 ^^^^^^^^^^^^^^^^^^^^
AttributeError: Can't get attribute '_read_from_str_wrapper' on <module 'islpy' from '/p/gpfs1/mtcampbe/CEESD/AutomatedTesting/MIRGE-Timing/timing/emirge/miniforge3/envs/timing.main/lib/python3.12/site-packages/islpy/__init__.py'>
    dcoll = create_discretization_collection(
            ^^^^^^^^^^^^^^^^^^^^^^^^^^^^^^^^^
  File "/p/gpfs1/mtcampbe/CEESD/AutomatedTesting/MIRGE-Timing/timing/emirge/mirgecom/mirgecom/discretization.py", line 76, in create_discretization_collection
    return make_discretization_collection(
           ^^^^^^^^^^^^^^^^^^^^^    dcoll = create_discretization_collection(
^^^^^^^^^^
  File "/p/gpfs1/mtcampbe/CEESD/AutomatedTesting/MIRGE-Timing/timing/emirge/grudge/grudge/discretization.py", line 1091, in make_discretization_collection
            ^^^^^^^^^^^^^^^^^^^^^^^^^^^^^^^^^
  File "/p/gpfs1/mtcampbe/CEESD/AutomatedTesting/MIRGE-Timing/timing/emirge/mirgecom/mirgecom/discretization.py", line 76, in create_discretization_collection
    return make_discretization_collection(
           ^^^^^^^^^^^^^^^^^^^^^^^^^^^^^^^
  File "/p/gpfs1/mtcampbe/CEESD/AutomatedTesting/MIRGE-Timing/timing/emirge/grudge/grudge/discretization.py", line 1091, in make_discretization_collection
Traceback (most recent call last):
  File "/p/gpfs1/mtcampbe/CEESD/AutomatedTesting/MIRGE-Timing/timing/emirge/arraycontext/arraycontext/impl/pytato/__init__.py", line 573, in freeze
    inter_part_connections=_set_up_inter_part_connections(
          pt_prg = self._freeze_prg_cache[normalized_expr]
                     ^^^^^^^^             ~~~~~~~^^^^^^^^^^^^^^^^^^^^^^^
  File "/p/gpfs1/mtcampbe/CEESD/AutomatedTesting/MIRGE-Timing/timing/emirge/grudge/grudge/discretization.py", line 946, in _set_up_inter_part_connections
~~~~~~~~~~~~~~~^^^^^^^^^^^^    make_partition_connection(
  File "/p/gpfs1/mtcampbe/CEESD/AutomatedTesting/MIRGE-Timing/timing/emirge/meshmode/meshmode/discretization/connection/opposite_face.py", line 620, in make_partition_connection
^^^^^
KeyError    inter_part_connections=_set_up_inter_part_connections(
                           ^^^^^^^^^^^^^^^^^^^^^^^^^^^^^^^
  File "/p/gpfs1/mtcampbe/CEESD/AutomatedTesting/MIRGE-Timing/timing/emirge/grudge/grudge/discretization.py", line 946, in _set_up_inter_part_connections
    make_partition_connection(
  File "/p/gpfs1/mtcampbe/CEESD/AutomatedTesting/MIRGE-Timing/timing/emirge/meshmode/meshmode/discretization/connection/opposite_face.py", line 620, in make_partition_connection
: DictOfNamedArrays(tags=frozenset(), data={'_ary': Einsum(tags={PrefixNamed(prefix='nodes0_3d'), FirstAxisIsElementsTag()}, access_descriptors=((EinsumElementwiseAxis(dim=1), EinsumReductionAxis(dim=0)), (EinsumElementwiseAxis(dim=0), EinsumReductionAxis(dim=0))), args=(Placeholder(shape=(15, 3), dtype='float64', axes=(Axis(tags=frozenset({DiscretizationDOFAxisTag()})), Axis(tags=frozenset())), name='_actx_dw'), Placeholder(shape=(1320, 3), dtype='float64', axes=(Axis(tags=frozenset({DiscretizationElementAxisTag()})), Axis(tags=frozenset({DiscretizationDOFAxisTag()}))), name='_actx_dw_0')), redn_axis_to_redn_descr={EinsumReductionAxis(dim=0): ReductionDescriptor(tags=frozenset())})})

During handling of the above exception, another exception occurred:

Traceback (most recent call last):
  File "<frozen runpy>", line 198, in _run_module_as_main
  File "<frozen runpy>", line 88, in _run_code
  File "/p/gpfs1/mtcampbe/CEESD/AutomatedTesting/MIRGE-Timing/timing/emirge/miniforge3/envs/timing.main/lib/python3.12/site-packages/mpi4py/__main__.py", line 7, in <module>
    main()
  File "/p/gpfs1/mtcampbe/CEESD/AutomatedTesting/MIRGE-Timing/timing/emirge/miniforge3/envs/timing.main/lib/python3.12/site-packages/mpi4py/run.py", line 214, in main
    run_command_line(args)
    grp_batches = _make_cross_face_batches(actx,
       File "/p/gpfs1/mtcampbe/CEESD/AutomatedTesting/MIRGE-Timing/timing/emirge/miniforge3/envs/timing.main/lib/python3.12/site-packages/mpi4py/run.py", line 46, in run_command_line
             ^^^^^^^^^^^^^^    run_path(sys.argv[0], run_name='__main__')
^^^^^^^^^^^^^^^^
  File "/p/gpfs1/mtcampbe/CEESD/AutomatedTesting/MIRGE-Timing/timing/emirge/meshmode/meshmode/discretization/connection/opposite_face.py", line 69, in _make_cross_face_batches
  File "<frozen runpy>", line 287, in run_path
  File "<frozen runpy>", line 98, in _run_module_code
  File "<frozen runpy>", line 88, in _run_code
  File "driver.py", line 85, in <module>
    for ary in tgt_bdry_discr.nodes(cached=False)
    main(actx_class, restart_filename=restart_filename,
  File "/p/gpfs1/mtcampbe/CEESD/AutomatedTesting/MIRGE-Timing/timing/emirge/mirgecom/mirgecom/mpi.py", line 152, in wrapped_func
               ^^^^^^^^    func(*args, **kwargs)
^^^^^^^^^^^^^^^^^^^^^^^^  File "/p/gpfs1/mtcampbe/CEESD/AutomatedTesting/MIRGE-Timing/timing/y3-prediction-scaling-run/y3prediction/prediction.py", line 4277, in main
^^
  File "/p/gpfs1/mtcampbe/CEESD/AutomatedTesting/MIRGE-Timing/timing/emirge/meshmode/meshmode/discretization/__init__.py", line 590, in nodes
    grp_batches = _make_cross_face_batches(actx,
                  ^^^^^^^^^^^^^^^^^^^^^^^^^^^^^^
  File "/p/gpfs1/mtcampbe/CEESD/AutomatedTesting/MIRGE-Timing/timing/emirge/meshmode/meshmode/discretization/connection/opposite_face.py", line 69, in _make_cross_face_batches
    for ary in tgt_bdry_discr.nodes(cached=False)
               ^^^^^^^^^^^^^    dcoll = create_discretization_collection(
^^^^^^^^^^^^^^^^^^^^^
  File "/p/gpfs1/mtcampbe/CEESD/AutomatedTesting/MIRGE-Timing/timing/emirge/meshmode/meshmode/discretization/__init__.py", line 590, in nodes
            ^^^^^^^^^^^^^^^^^^^^^^^^^^^^^^^^^
  File "/p/gpfs1/mtcampbe/CEESD/AutomatedTesting/MIRGE-Timing/timing/emirge/mirgecom/mirgecom/discretization.py", line 76, in create_discretization_collection
    return make_discretization_collection(
           _DOFArray(None, tuple(actx.freeze(resample_mesh_nodes(grp, iaxis))
            ^^^^^^^^^^^^^^^^^^^^^^^            ^^^^^^^^^^^^^^^^^^^^^
  File "/p/gpfs1/mtcampbe/CEESD/AutomatedTesting/MIRGE-Timing/timing/emirge/grudge/grudge/discretization.py", line 1091, in make_discretization_collection
^^^^^^^^^^^^^^^^^^^^^^^^^^^^^    inter_part_connections=_set_up_inter_part_connections(
       ^^^^^^^^
  File "/p/gpfs1/mtcampbe/CEESD/AutomatedTesting/MIRGE-Timing/timing/emirge/meshmode/meshmode/discretization/__init__.py", line 590, in <genexpr>
                    ^^^^^^    _DOFArray(None, tuple(actx.freeze(resample_mesh_nodes(grp, iaxis))
^^^^^^^^^^^^^^^^^^^^^^^^^
                          File "/p/gpfs1/mtcampbe/CEESD/AutomatedTesting/MIRGE-Timing/timing/emirge/grudge/grudge/discretization.py", line 946, in _set_up_inter_part_connections
  ^^^^^^^^^^^^^^^^^^^^^^^^^^^^    make_partition_connection(
  File "/p/gpfs1/mtcampbe/CEESD/AutomatedTesting/MIRGE-Timing/timing/emirge/meshmode/meshmode/discretization/connection/opposite_face.py", line 620, in make_partition_connection
^^^^^^^^^^^^^^^^
  File "/p/gpfs1/mtcampbe/CEESD/AutomatedTesting/MIRGE-Timing/timing/emirge/arraycontext/arraycontext/impl/pytato/__init__.py", line 605, in freeze
    grp_batches = _make_cross_face_batches(actx,
           pt_prg = pt_prg.with_transformed_translation_unit(
               ^^^^^^^^^^^^^^^^^         ^^^^^^^^^^^^^^^^^^^^^^^^^^^^^^^^^
  File "/p/gpfs1/mtcampbe/CEESD/AutomatedTesting/MIRGE-Timing/timing/emirge/meshmode/meshmode/discretization/connection/opposite_face.py", line 69, in _make_cross_face_batches
^^^^^^^^^^^^^^^^^^^^^
  File "/p/gpfs1/mtcampbe/CEESD/AutomatedTesting/MIRGE-Timing/timing/emirge/pytato/pytato/target/loopy/__init__.py", line 300, in with_transformed_translation_unit
    for ary in tgt_bdry_discr.nodes(cached=False)
               ^^^^^^^^^^^^^^^^^^^^^^^^^^^^^^^^^^
  File "/p/gpfs1/mtcampbe/CEESD/AutomatedTesting/MIRGE-Timing/timing/emirge/meshmode/meshmode/discretization/__init__.py", line 590, in nodes
    _DOFArray(None, tuple(actx.freeze(resample_mesh_nodes(grp, iaxis))
                    ^^^^^^^^^^^^^^^^^^^^^^^^^^^^^^^^^^^^^^^^^^^^^^^^^^
  File "/p/gpfs1/mtcampbe/CEESD/AutomatedTesting/MIRGE-Timing/timing/emirge/meshmode/meshmode/discretization/__init__.py", line 590, in <genexpr>
    _DOFArray(None, tuple(actx.freeze(resample_mesh_nodes(grp, iaxis))
            program=f(self.program.t_unit).executor(self.cl_context),
            ^^^^^^^^^^^^            ^^^^^^^^^^^^^^^^^^^^^^^^^^^^^^^^^^^^^^^^^^^^^^
  File "/p/gpfs1/mtcampbe/CEESD/AutomatedTesting/MIRGE-Timing/timing/emirge/meshmode/meshmode/array_context.py", line 1652, in transform_loopy_program
    _DOFArray(None, tuple(actx.freeze(resample_mesh_nodes(grp, iaxis))
 ^^^^^^^^^^^^^^
  File "/p/gpfs1/mtcampbe/CEESD/AutomatedTesting/MIRGE-Timing/timing/emirge/meshmode/meshmode/discretization/__init__.py", line 590, in <genexpr>
                         ^^^^^^^^^^^^^^^^^^^^^^^^^^^^^^^^^^^^^^^^^^^^
  File "/p/gpfs1/mtcampbe/CEESD/AutomatedTesting/MIRGE-Timing/timing/emirge/arraycontext/arraycontext/impl/pytato/__init__.py", line 605, in freeze
    _DOFArray(None, tuple(actx.freeze(resample_mesh_nodes(grp, iaxis))
                          ^^^^^^^^^^^^^^^^^^^^^^^^^^^^^^^^^^^^^^^    pt_prg = pt_prg.with_transformed_translation_unit(
             ^^^^^
  File "/p/gpfs1/mtcampbe/CEESD/AutomatedTesting/MIRGE-Timing/timing/emirge/arraycontext/arraycontext/impl/pytato/__init__.py", line 605, in freeze
^^^^^^^^^^^^^^^^^^^^^^^^^^^^^^^^^^^^^^^^^
  File "/p/gpfs1/mtcampbe/CEESD/AutomatedTesting/MIRGE-Timing/timing/emirge/pytato/pytato/target/loopy/__init__.py", line 300, in with_transformed_translation_unit
    pt_prg = pt_prg.with_transformed_translation_unit(
             ^^^^^^^^^^^^^^^^^^^^^^^^^^^^^^^^^^^^^^^^^
  File "/p/gpfs1/mtcampbe/CEESD/AutomatedTesting/MIRGE-Timing/timing/emirge/pytato/pytato/target/loopy/__init__.py", line 300, in with_transformed_translation_unit
    r = self.transform_loopy_cache[t_unit]
    program=f(self.program.t_unit).executor(self.cl_context),
           ~~~~~~~~~~~~~~~    program=f(self.program.t_unit).executor(self.cl_context),
      ~~~~~~~~~~~^^^^^^^^
  File "/p/gpfs1/mtcampbe/CEESD/AutomatedTesting/MIRGE-Timing/timing/emirge/miniforge3/envs/timing.main/lib/python3.12/site-packages/pytools/persistent_dict.py", line 588, in __getitem__
      ^^^^^^^^^^^^^^^^^^^^^^
  File "/p/gpfs1/mtcampbe/CEESD/AutomatedTesting/MIRGE-Timing/timing/emirge/meshmode/meshmode/array_context.py", line 1652, in transform_loopy_program
         ^^^^^^^^^^^^^^^^^^^^^^
  File "/p/gpfs1/mtcampbe/CEESD/AutomatedTesting/MIRGE-Timing/timing/emirge/meshmode/meshmode/array_context.py", line 1652, in transform_loopy_program
    r = self.transform_loopy_cache[t_unit]
    r = self.transform_loopy_cache[t_unit]
        ~~~~~~~~~~~~~~~~~~        ~~~~~~~~~~~~~~~~~~~~~~~~~~^^^^^^^^
  File "/p/gpfs1/mtcampbe/CEESD/AutomatedTesting/MIRGE-Timing/timing/emirge/miniforge3/envs/timing.main/lib/python3.12/site-packages/pytools/persistent_dict.py", line 588, in __getitem__
~~~~~~~~^^^^^^^^
  File "/p/gpfs1/mtcampbe/CEESD/AutomatedTesting/MIRGE-Timing/timing/emirge/miniforge3/envs/timing.main/lib/python3.12/site-packages/pytools/persistent_dict.py", line 588, in __getitem__
    return self.fetch(key)
    return self.fetch(key)
           ^^^^^^^^^^^^^^^
  File "/p/gpfs1/mtcampbe/CEESD/AutomatedTesting/MIRGE-Timing/timing/emirge/miniforge3/envs/timing.main/lib/python3.12/site-packages/pytools/persistent_dict.py", line 755, in fetch
           ^^^^^^^^^^^^^^^
  File "/p/gpfs1/mtcampbe/CEESD/AutomatedTesting/MIRGE-Timing/timing/emirge/miniforge3/envs/timing.main/lib/python3.12/site-packages/pytools/persistent_dict.py", line 755, in fetch
    stored_key, value = self._fetch(keyhash)
    stored_key, value = self._fetch(keyhash)
                           ^^^^^^^^^^^^^^^                     ^^^^^^^^^^^^^^^^^^^^
    return self.fetch(key)
^^^^^
  File "/p/gpfs1/mtcampbe/CEESD/AutomatedTesting/MIRGE-Timing/timing/emirge/miniforge3/envs/timing.main/lib/python3.12/site-packages/pytools/persistent_dict.py", line 747, in _fetch_uncached
           ^^^^^^^^^^^^^^^
  File "/p/gpfs1/mtcampbe/CEESD/AutomatedTesting/MIRGE-Timing/timing/emirge/miniforge3/envs/timing.main/lib/python3.12/site-packages/pytools/persistent_dict.py", line 747, in _fetch_uncached
  File "/p/gpfs1/mtcampbe/CEESD/AutomatedTesting/MIRGE-Timing/timing/emirge/miniforge3/envs/timing.main/lib/python3.12/site-packages/pytools/persistent_dict.py", line 755, in fetch
    key, value = pickle.loads(row[0])
    stored_key, value = self._fetch(keyhash)
                 ^^^^^^^^^                        ^^^    key, value = pickle.loads(row[0])
                 ^^^^^^^^^^^^^^^^^^
  File "/p/gpfs1/mtcampbe/CEESD/AutomatedTesting/MIRGE-Timing/timing/emirge/miniforge3/envs/timing.main/lib/python3.12/site-packages/pytools/persistent_dict.py", line 747, in _fetch_uncached
^^^^^^^^^^^
AttributeError: Can't get attribute '_read_from_str_wrapper' on <module 'islpy' from '/p/gpfs1/mtcampbe/CEESD/AutomatedTesting/MIRGE-Timing/timing/emirge/miniforge3/envs/timing.main/lib/python3.12/site-packages/islpy/__init__.py'>
    key, value = pickle.loads(row[0])
^^^^^^^^^^^^^^^^^^^
AttributeError: Can't get attribute '_read_from_str_wrapper' on <module 'islpy' from '/p/gpfs1/mtcampbe/CEESD/AutomatedTesting/MIRGE-Timing/timing/emirge/miniforge3/envs/timing.main/lib/python3.12/site-packages/islpy/__init__.py'>
                 ^^^^^^^^^^^^^^^^^^^^
AttributeError: Can't get attribute '_read_from_str_wrapper' on <module 'islpy' from '/p/gpfs1/mtcampbe/CEESD/AutomatedTesting/MIRGE-Timing/timing/emirge/miniforge3/envs/timing.main/lib/python3.12/site-packages/islpy/__init__.py'>
Traceback (most recent call last):
  File "/p/gpfs1/mtcampbe/CEESD/AutomatedTesting/MIRGE-Timing/timing/emirge/arraycontext/arraycontext/impl/pytato/__init__.py", line 573, in freeze
    pt_prg = self._freeze_prg_cache[normalized_expr]
             ~~~~~~~~~~~~~~~~~~~~~~^^^^^^^^^^^^^^^^^
KeyErrorTraceback (most recent call last):
  File "/p/gpfs1/mtcampbe/CEESD/AutomatedTesting/MIRGE-Timing/timing/emirge/arraycontext/arraycontext/impl/pytato/__init__.py", line 573, in freeze
    pt_prg = self._freeze_prg_cache[normalized_expr]
             ~~~~~~~~~~~~~~~~~~~~~~^^^^^^^^^^^^^^^^^
KeyError: DictOfNamedArrays(tags=frozenset(), data={'_ary': Einsum(tags={PrefixNamed(prefix='nodes0_3d'), FirstAxisIsElementsTag()}, access_descriptors=((EinsumElementwiseAxis(dim=1), EinsumReductionAxis(dim=0)), (EinsumElementwiseAxis(dim=0), EinsumReductionAxis(dim=0))), args=(Placeholder(shape=(15, 3), dtype='float64', axes=(Axis(tags=frozenset({DiscretizationDOFAxisTag()})), Axis(tags=frozenset())), name='_actx_dw'), Placeholder(shape=(1897, 3), dtype='float64', axes=(Axis(tags=frozenset({DiscretizationElementAxisTag()})), Axis(tags=frozenset({DiscretizationDOFAxisTag()}))), name='_actx_dw_0')), redn_axis_to_redn_descr={EinsumReductionAxis(dim=0): ReductionDescriptor(tags=frozenset())})})

During handling of the above exception, another exception occurred:

Traceback (most recent call last):
  File "<frozen runpy>", line 198, in _run_module_as_main
  File "<frozen runpy>", line 88, in _run_code
  File "/p/gpfs1/mtcampbe/CEESD/AutomatedTesting/MIRGE-Timing/timing/emirge/miniforge3/envs/timing.main/lib/python3.12/site-packages/mpi4py/__main__.py", line 7, in <module>
    main()
  File "/p/gpfs1/mtcampbe/CEESD/AutomatedTesting/MIRGE-Timing/timing/emirge/miniforge3/envs/timing.main/lib/python3.12/site-packages/mpi4py/run.py", line 214, in main
    run_command_line(args)
  File "/p/gpfs1/mtcampbe/CEESD/AutomatedTesting/MIRGE-Timing/timing/emirge/miniforge3/envs/timing.main/lib/python3.12/site-packages/mpi4py/run.py", line 46, in run_command_line
    run_path(sys.argv[0], run_name='__main__')
  File "<frozen runpy>", line 287, in run_path
  File "<frozen runpy>", line 98, in _run_module_code
  File "<frozen runpy>", line 88, in _run_code
  File "driver.py", line 85, in <module>
    main(actx_class, restart_filename=restart_filename,
  File "/p/gpfs1/mtcampbe/CEESD/AutomatedTesting/MIRGE-Timing/timing/emirge/mirgecom/mirgecom/mpi.py", line 152, in wrapped_func
    func(*args, **kwargs)
: DictOfNamedArrays(tags=frozenset(), data={'_ary': Einsum(tags={FirstAxisIsElementsTag(), PrefixNamed(prefix='nodes0_3d')}, access_descriptors=((EinsumElementwiseAxis(dim=1), EinsumReductionAxis(dim=0)), (EinsumElementwiseAxis(dim=0), EinsumReductionAxis(dim=0))), args=(Placeholder(shape=(15, 3), dtype='float64', axes=(Axis(tags=frozenset({DiscretizationDOFAxisTag()})), Axis(tags=frozenset())), name='_actx_dw'), Placeholder(shape=(1123, 3), dtype='float64', axes=(Axis(tags=frozenset({DiscretizationElementAxisTag()})), Axis(tags=frozenset({DiscretizationDOFAxisTag()}))), name='_actx_dw_0')), redn_axis_to_redn_descr={EinsumReductionAxis(dim=0): ReductionDescriptor(tags=frozenset())})})

During handling of the above exception, another exception occurred:

Traceback (most recent call last):
  File "<frozen runpy>", line 198, in _run_module_as_main
  File "<frozen runpy>", line 88, in _run_code
  File "/p/gpfs1/mtcampbe/CEESD/AutomatedTesting/MIRGE-Timing/timing/emirge/miniforge3/envs/timing.main/lib/python3.12/site-packages/mpi4py/__main__.py", line 7, in <module>
  File "/p/gpfs1/mtcampbe/CEESD/AutomatedTesting/MIRGE-Timing/timing/y3-prediction-scaling-run/y3prediction/prediction.py", line 4277, in main
    main()
  File "/p/gpfs1/mtcampbe/CEESD/AutomatedTesting/MIRGE-Timing/timing/emirge/miniforge3/envs/timing.main/lib/python3.12/site-packages/mpi4py/run.py", line 214, in main
    run_command_line(args)
  File "/p/gpfs1/mtcampbe/CEESD/AutomatedTesting/MIRGE-Timing/timing/emirge/miniforge3/envs/timing.main/lib/python3.12/site-packages/mpi4py/run.py", line 46, in run_command_line
    run_path(sys.argv[0], run_name='__main__')
  File "<frozen runpy>", line 287, in run_path
  File "<frozen runpy>", line 98, in _run_module_code
  File "<frozen runpy>", line 88, in _run_code
  File "driver.py", line 85, in <module>
    main(actx_class, restart_filename=restart_filename,
  File "/p/gpfs1/mtcampbe/CEESD/AutomatedTesting/MIRGE-Timing/timing/emirge/mirgecom/mirgecom/mpi.py", line 152, in wrapped_func
    func(*args, **kwargs)
  File "/p/gpfs1/mtcampbe/CEESD/AutomatedTesting/MIRGE-Timing/timing/y3-prediction-scaling-run/y3prediction/prediction.py", line 4277, in main
    dcoll = create_discretization_collection(
            ^^^^^^^^^^^^^^^^^^^^^^^^^^^^^^^^^
  File "/p/gpfs1/mtcampbe/CEESD/AutomatedTesting/MIRGE-Timing/timing/emirge/mirgecom/mirgecom/discretization.py", line 76, in create_discretization_collection
    return make_discretization_collection(
           ^^^^^^^^^^^^^^^^^^^^^^^^^^^^^^^
  File "/p/gpfs1/mtcampbe/CEESD/AutomatedTesting/MIRGE-Timing/timing/emirge/grudge/grudge/discretization.py", line 1091, in make_discretization_collection
    dcoll = create_discretization_collection(
    inter_part_connections=_set_up_inter_part_connections(
                           ^^^^^^^^^^^            ^^^^^^^^^^^^^^^^^^^^
  File "/p/gpfs1/mtcampbe/CEESD/AutomatedTesting/MIRGE-Timing/timing/emirge/grudge/grudge/discretization.py", line 946, in _set_up_inter_part_connections
^^^^^^^^^^^^^^^^^^^^^^^^^    make_partition_connection(
  File "/p/gpfs1/mtcampbe/CEESD/AutomatedTesting/MIRGE-Timing/timing/emirge/meshmode/meshmode/discretization/connection/opposite_face.py", line 620, in make_partition_connection
^^^^^^^^
  File "/p/gpfs1/mtcampbe/CEESD/AutomatedTesting/MIRGE-Timing/timing/emirge/mirgecom/mirgecom/discretization.py", line 76, in create_discretization_collection
    grp_batches = _make_cross_face_batches(actx,
           return make_discretization_collection(
                   ^^^^^^^^^^^^^^   ^^^^^^^^^^^^^^^^^^^^^^^^^^^^^^^^^^^^^^^^^^^
  File "/p/gpfs1/mtcampbe/CEESD/AutomatedTesting/MIRGE-Timing/timing/emirge/meshmode/meshmode/discretization/connection/opposite_face.py", line 69, in _make_cross_face_batches
^^^^
  File "/p/gpfs1/mtcampbe/CEESD/AutomatedTesting/MIRGE-Timing/timing/emirge/grudge/grudge/discretization.py", line 1091, in make_discretization_collection
    for ary in tgt_bdry_discr.nodes(cached=False)
    inter_part_connections=_set_up_inter_part_connections(
                       ^^^^                   ^^^^^^^^^^^^^^^^^^^^^^^^^^^^^^^^^^^^^^^^^^^^^
^^^^^^^^^^^^^^^^
  File "/p/gpfs1/mtcampbe/CEESD/AutomatedTesting/MIRGE-Timing/timing/emirge/grudge/grudge/discretization.py", line 946, in _set_up_inter_part_connections
  File "/p/gpfs1/mtcampbe/CEESD/AutomatedTesting/MIRGE-Timing/timing/emirge/meshmode/meshmode/discretization/__init__.py", line 590, in nodes
    make_partition_connection(
  File "/p/gpfs1/mtcampbe/CEESD/AutomatedTesting/MIRGE-Timing/timing/emirge/meshmode/meshmode/discretization/connection/opposite_face.py", line 620, in make_partition_connection
    _DOFArray(None, tuple(actx.freeze(resample_mesh_nodes(grp, iaxis))
           grp_batches = _make_cross_face_batches(actx,
                   ^^^^^^^^^^^^^            ^^^^^^^^^^^^^^^^^^^^^^^^^^^^^^^^^^^^^^^^^^^^^^^^^^^^^^^^^^
  File "/p/gpfs1/mtcampbe/CEESD/AutomatedTesting/MIRGE-Timing/timing/emirge/meshmode/meshmode/discretization/connection/opposite_face.py", line 69, in _make_cross_face_batches
^^^^^^^^^
  File "/p/gpfs1/mtcampbe/CEESD/AutomatedTesting/MIRGE-Timing/timing/emirge/meshmode/meshmode/discretization/__init__.py", line 590, in <genexpr>
    for ary in tgt_bdry_discr.nodes(cached=False)
    _DOFArray(None, tuple(actx.freeze(resample_mesh_nodes(grp, iaxis))
               ^^^^^^^^^                          ^^^^^^^^^^^^^^^^^^^^^^^^^^^^^^^
^^^^^^^^^^^^^^^^^^^^^^^^^^^^^^^^  File "/p/gpfs1/mtcampbe/CEESD/AutomatedTesting/MIRGE-Timing/timing/emirge/meshmode/meshmode/discretization/__init__.py", line 590, in nodes
^^^^^^
  File "/p/gpfs1/mtcampbe/CEESD/AutomatedTesting/MIRGE-Timing/timing/emirge/arraycontext/arraycontext/impl/pytato/__init__.py", line 605, in freeze
    _DOFArray(None, tuple(actx.freeze(resample_mesh_nodes(grp, iaxis))
            pt_prg = pt_prg.with_transformed_translation_unit(
                   ^^^^^^^^^^^^^^^^^^^^^      ^^^^^^^^^^^^^^^^^^^^^^^^^^^^^^^^^^^^^^^^^^^^^^^^
^^^^^^^^^^^^^^^^^^^^^^  File "/p/gpfs1/mtcampbe/CEESD/AutomatedTesting/MIRGE-Timing/timing/emirge/meshmode/meshmode/discretization/__init__.py", line 590, in <genexpr>

  File "/p/gpfs1/mtcampbe/CEESD/AutomatedTesting/MIRGE-Timing/timing/emirge/pytato/pytato/target/loopy/__init__.py", line 300, in with_transformed_translation_unit
    _DOFArray(None, tuple(actx.freeze(resample_mesh_nodes(grp, iaxis))
    program=f(self.program.t_unit).executor(self.cl_context),
                          ^^^^^^^^^^^^^^^^^^^^^^            ^^^^^^^^^^^^^^^^^^^^^^
^^^^^^^^^^^^^^^^^^^^^^
  File "/p/gpfs1/mtcampbe/CEESD/AutomatedTesting/MIRGE-Timing/timing/emirge/arraycontext/arraycontext/impl/pytato/__init__.py", line 605, in freeze
  File "/p/gpfs1/mtcampbe/CEESD/AutomatedTesting/MIRGE-Timing/timing/emirge/meshmode/meshmode/array_context.py", line 1652, in transform_loopy_program
    pt_prg = pt_prg.with_transformed_translation_unit(
          r = self.transform_loopy_cache[t_unit]
       ^^^^^^^^^^^^^^^^^^^^^^^^^^^^^        ~~~~~~~~~~~~^^^^^^^^^^^^
  File "/p/gpfs1/mtcampbe/CEESD/AutomatedTesting/MIRGE-Timing/timing/emirge/pytato/pytato/target/loopy/__init__.py", line 300, in with_transformed_translation_unit
~~~~~~~~~~~~~~^^^^^^^^
    program=f(self.program.t_unit).executor(self.cl_context),
   File "/p/gpfs1/mtcampbe/CEESD/AutomatedTesting/MIRGE-Timing/timing/emirge/miniforge3/envs/timing.main/lib/python3.12/site-packages/pytools/persistent_dict.py", line 588, in __getitem__
           ^^^^^^^^^^^^^^^^^^^^^^
    return self.fetch(key)
    File "/p/gpfs1/mtcampbe/CEESD/AutomatedTesting/MIRGE-Timing/timing/emirge/meshmode/meshmode/array_context.py", line 1652, in transform_loopy_program
         ^^^^^^^^^^^^^^^
  File "/p/gpfs1/mtcampbe/CEESD/AutomatedTesting/MIRGE-Timing/timing/emirge/miniforge3/envs/timing.main/lib/python3.12/site-packages/pytools/persistent_dict.py", line 755, in fetch
    r = self.transform_loopy_cache[t_unit]
    stored_key, value = self._fetch(keyhash)
                        ^        ~~~~~~~~~~~~~~~~~~^^^^^^^^^^^^^^^^^^^
  File "/p/gpfs1/mtcampbe/CEESD/AutomatedTesting/MIRGE-Timing/timing/emirge/miniforge3/envs/timing.main/lib/python3.12/site-packages/pytools/persistent_dict.py", line 747, in _fetch_uncached
~~~~~~~~^^^^^^^^
  File "/p/gpfs1/mtcampbe/CEESD/AutomatedTesting/MIRGE-Timing/timing/emirge/miniforge3/envs/timing.main/lib/python3.12/site-packages/pytools/persistent_dict.py", line 588, in __getitem__
    key, value = pickle.loads(row[0])
        return self.fetch(key)
             ^^^^^^^^^^^^^^^           ^^^^^^^^^^^^^^^
  File "/p/gpfs1/mtcampbe/CEESD/AutomatedTesting/MIRGE-Timing/timing/emirge/miniforge3/envs/timing.main/lib/python3.12/site-packages/pytools/persistent_dict.py", line 755, in fetch
^^^^^
AttributeError: Can't get attribute '_read_from_str_wrapper' on <module 'islpy' from '/p/gpfs1/mtcampbe/CEESD/AutomatedTesting/MIRGE-Timing/timing/emirge/miniforge3/envs/timing.main/lib/python3.12/site-packages/islpy/__init__.py'>
    stored_key, value = self._fetch(keyhash)
                        ^^^^^^^^^^^^^^^^^^^^
  File "/p/gpfs1/mtcampbe/CEESD/AutomatedTesting/MIRGE-Timing/timing/emirge/miniforge3/envs/timing.main/lib/python3.12/site-packages/pytools/persistent_dict.py", line 747, in _fetch_uncached
    key, value = pickle.loads(row[0])
Traceback (most recent call last):
  File "/p/gpfs1/mtcampbe/CEESD/AutomatedTesting/MIRGE-Timing/timing/emirge/arraycontext/arraycontext/impl/pytato/__init__.py", line 573, in freeze
                 ^^^^^^^^^^^^^^^^^^^^
AttributeError: Can't get attribute '_read_from_str_wrapper' on <module 'islpy' from '/p/gpfs1/mtcampbe/CEESD/AutomatedTesting/MIRGE-Timing/timing/emirge/miniforge3/envs/timing.main/lib/python3.12/site-packages/islpy/__init__.py'>
    pt_prg = self._freeze_prg_cache[normalized_expr]
             ~~~~~~~~~~~~~~~~~~~~~~^^^^^^^^^^^^^^^^^
KeyError: DictOfNamedArrays(tags=frozenset(), data={'_ary': Einsum(tags={PrefixNamed(prefix='nodes0_3d'), FirstAxisIsElementsTag()}, access_descriptors=((EinsumElementwiseAxis(dim=1), EinsumReductionAxis(dim=0)), (EinsumElementwiseAxis(dim=0), EinsumReductionAxis(dim=0))), args=(Placeholder(shape=(15, 3), dtype='float64', axes=(Axis(tags=frozenset({DiscretizationDOFAxisTag()})), Axis(tags=frozenset())), name='_actx_dw'), Placeholder(shape=(1173, 3), dtype='float64', axes=(Axis(tags=frozenset({DiscretizationElementAxisTag()})), Axis(tags=frozenset({DiscretizationDOFAxisTag()}))), name='_actx_dw_0')), redn_axis_to_redn_descr={EinsumReductionAxis(dim=0): ReductionDescriptor(tags=frozenset())})})

During handling of the above exception, another exception occurred:

Traceback (most recent call last):
  File "<frozen runpy>", line 198, in _run_module_as_main
  File "<frozen runpy>", line 88, in _run_code
  File "/p/gpfs1/mtcampbe/CEESD/AutomatedTesting/MIRGE-Timing/timing/emirge/miniforge3/envs/timing.main/lib/python3.12/site-packages/mpi4py/__main__.py", line 7, in <module>
    main()
  File "/p/gpfs1/mtcampbe/CEESD/AutomatedTesting/MIRGE-Timing/timing/emirge/miniforge3/envs/timing.main/lib/python3.12/site-packages/mpi4py/run.py", line 214, in main
    run_command_line(args)
  File "/p/gpfs1/mtcampbe/CEESD/AutomatedTesting/MIRGE-Timing/timing/emirge/miniforge3/envs/timing.main/lib/python3.12/site-packages/mpi4py/run.py", line 46, in run_command_line
    run_path(sys.argv[0], run_name='__main__')
  File "<frozen runpy>", line 287, in run_path
  File "<frozen runpy>", line 98, in _run_module_code
  File "<frozen runpy>", line 88, in _run_code
  File "driver.py", line 85, in <module>
    main(actx_class, restart_filename=restart_filename,
  File "/p/gpfs1/mtcampbe/CEESD/AutomatedTesting/MIRGE-Timing/timing/emirge/mirgecom/mirgecom/mpi.py", line 152, in wrapped_func
    func(*args, **kwargs)
  File "/p/gpfs1/mtcampbe/CEESD/AutomatedTesting/MIRGE-Timing/timing/y3-prediction-scaling-run/y3prediction/prediction.py", line 4277, in main
    dcoll = create_discretization_collection(
            ^^^^^^^^^^^^^^^^^^^^^^^^^^^^^^^^^
  File "/p/gpfs1/mtcampbe/CEESD/AutomatedTesting/MIRGE-Timing/timing/emirge/mirgecom/mirgecom/discretization.py", line 76, in create_discretization_collection
    return make_discretization_collection(
           ^^^^^^^^^^^^^^^^^^^^^^^^^^^^^^^
  File "/p/gpfs1/mtcampbe/CEESD/AutomatedTesting/MIRGE-Timing/timing/emirge/grudge/grudge/discretization.py", line 1091, in make_discretization_collection
    inter_part_connections=_set_up_inter_part_connections(
                           ^^^^^^^^^^^^^^^^^^^^^^^^^^^^^^^
  File "/p/gpfs1/mtcampbe/CEESD/AutomatedTesting/MIRGE-Timing/timing/emirge/grudge/grudge/discretization.py", line 946, in _set_up_inter_part_connections
    make_partition_connection(
  File "/p/gpfs1/mtcampbe/CEESD/AutomatedTesting/MIRGE-Timing/timing/emirge/meshmode/meshmode/discretization/connection/opposite_face.py", line 620, in make_partition_connection
    grp_batches = _make_cross_face_batches(actx,
                  ^^^^^^^^^^^^^^^^^^^^^^^^^^^^^^
  File "/p/gpfs1/mtcampbe/CEESD/AutomatedTesting/MIRGE-Timing/timing/emirge/meshmode/meshmode/discretization/connection/opposite_face.py", line 69, in _make_cross_face_batches
    for ary in tgt_bdry_discr.nodes(cached=False)
               ^^^^^^^^^^^^^^^^^^^^^^^^^^^^^^^^^^
  File "/p/gpfs1/mtcampbe/CEESD/AutomatedTesting/MIRGE-Timing/timing/emirge/meshmode/meshmode/discretization/__init__.py", line 590, in nodes
    _DOFArray(None, tuple(actx.freeze(resample_mesh_nodes(grp, iaxis))
                    ^^^^^^^^^^^^^^^^^^^^^^^^^^^^^^^^^^^^^^^^^^^^^^^^^^
  File "/p/gpfs1/mtcampbe/CEESD/AutomatedTesting/MIRGE-Timing/timing/emirge/meshmode/meshmode/discretization/__init__.py", line 590, in <genexpr>
    _DOFArray(None, tuple(actx.freeze(resample_mesh_nodes(grp, iaxis))
                          ^^^^^^^^^^^^^^^^^^^^^^^^^^^^^^^^^^^^^^^^^^^^
  File "/p/gpfs1/mtcampbe/CEESD/AutomatedTesting/MIRGE-Timing/timing/emirge/arraycontext/arraycontext/impl/pytato/__init__.py", line 605, in freeze
    pt_prg = pt_prg.with_transformed_translation_unit(
             ^^^^^^^^^^^^^^^^^^^^^^^^^^^^^^^^^^^^^^^^^
  File "/p/gpfs1/mtcampbe/CEESD/AutomatedTesting/MIRGE-Timing/timing/emirge/pytato/pytato/target/loopy/__init__.py", line 300, in with_transformed_translation_unit
    program=f(self.program.t_unit).executor(self.cl_context),
            ^^^^^^^^^^^^^^^^^^^^^^
  File "/p/gpfs1/mtcampbe/CEESD/AutomatedTesting/MIRGE-Timing/timing/emirge/meshmode/meshmode/array_context.py", line 1652, in transform_loopy_program
    r = self.transform_loopy_cache[t_unit]
        ~~~~~~~~~~~~~~~~~~~~~~~~~~^^^^^^^^
  File "/p/gpfs1/mtcampbe/CEESD/AutomatedTesting/MIRGE-Timing/timing/emirge/miniforge3/envs/timing.main/lib/python3.12/site-packages/pytools/persistent_dict.py", line 588, in __getitem__
    return self.fetch(key)
           ^^^^^^^^^^^^^^^
  File "/p/gpfs1/mtcampbe/CEESD/AutomatedTesting/MIRGE-Timing/timing/emirge/miniforge3/envs/timing.main/lib/python3.12/site-packages/pytools/persistent_dict.py", line 755, in fetch
    stored_key, value = self._fetch(keyhash)
                        ^^^^^^^^^^^^^^^^^^^^
  File "/p/gpfs1/mtcampbe/CEESD/AutomatedTesting/MIRGE-Timing/timing/emirge/miniforge3/envs/timing.main/lib/python3.12/site-packages/pytools/persistent_dict.py", line 747, in _fetch_uncached
    key, value = pickle.loads(row[0])
                 ^^^^^^^^^^^^^^^^^^^^
AttributeError: Can't get attribute '_read_from_str_wrapper' on <module 'islpy' from '/p/gpfs1/mtcampbe/CEESD/AutomatedTesting/MIRGE-Timing/timing/emirge/miniforge3/envs/timing.main/lib/python3.12/site-packages/islpy/__init__.py'>
Traceback (most recent call last):
  File "/p/gpfs1/mtcampbe/CEESD/AutomatedTesting/MIRGE-Timing/timing/emirge/arraycontext/arraycontext/impl/pytato/__init__.py", line 573, in freeze
    pt_prg = self._freeze_prg_cache[normalized_expr]
             ~~~~~~~~~~~~~~~~~~~~~~^^^^^^^^^^^^^^^^^
KeyError: DictOfNamedArrays(tags=frozenset(), data={'_ary': Einsum(tags={FirstAxisIsElementsTag(), PrefixNamed(prefix='nodes0_3d')}, access_descriptors=((EinsumElementwiseAxis(dim=1), EinsumReductionAxis(dim=0)), (EinsumElementwiseAxis(dim=0), EinsumReductionAxis(dim=0))), args=(Placeholder(shape=(15, 3), dtype='float64', axes=(Axis(tags=frozenset({DiscretizationDOFAxisTag()})), Axis(tags=frozenset())), name='_actx_dw'), Placeholder(shape=(1932, 3), dtype='float64', axes=(Axis(tags=frozenset({DiscretizationElementAxisTag()})), Axis(tags=frozenset({DiscretizationDOFAxisTag()}))), name='_actx_dw_0')), redn_axis_to_redn_descr={EinsumReductionAxis(dim=0): ReductionDescriptor(tags=frozenset())})})

During handling of the above exception, another exception occurred:

Traceback (most recent call last):
  File "<frozen runpy>", line 198, in _run_module_as_main
  File "<frozen runpy>", line 88, in _run_code
  File "/p/gpfs1/mtcampbe/CEESD/AutomatedTesting/MIRGE-Timing/timing/emirge/miniforge3/envs/timing.main/lib/python3.12/site-packages/mpi4py/__main__.py", line 7, in <module>
    main()
  File "/p/gpfs1/mtcampbe/CEESD/AutomatedTesting/MIRGE-Timing/timing/emirge/miniforge3/envs/timing.main/lib/python3.12/site-packages/mpi4py/run.py", line 214, in main
    run_command_line(args)
  File "/p/gpfs1/mtcampbe/CEESD/AutomatedTesting/MIRGE-Timing/timing/emirge/miniforge3/envs/timing.main/lib/python3.12/site-packages/mpi4py/run.py", line 46, in run_command_line
    run_path(sys.argv[0], run_name='__main__')
  File "<frozen runpy>", line 287, in run_path
  File "<frozen runpy>", line 98, in _run_module_code
  File "<frozen runpy>", line 88, in _run_code
  File "driver.py", line 85, in <module>
    main(actx_class, restart_filename=restart_filename,
  File "/p/gpfs1/mtcampbe/CEESD/AutomatedTesting/MIRGE-Timing/timing/emirge/mirgecom/mirgecom/mpi.py", line 152, in wrapped_func
    func(*args, **kwargs)
  File "/p/gpfs1/mtcampbe/CEESD/AutomatedTesting/MIRGE-Timing/timing/y3-prediction-scaling-run/y3prediction/prediction.py", line 4277, in main
    dcoll = create_discretization_collection(
            ^^^^^^^^^^^^^^^^^^^^^^^^^^^^^^^^^
  File "/p/gpfs1/mtcampbe/CEESD/AutomatedTesting/MIRGE-Timing/timing/emirge/mirgecom/mirgecom/discretization.py", line 76, in create_discretization_collection
    return make_discretization_collection(
           ^^^^^^^^^^^^^^^^^^^^^^^^^^^^^^^
  File "/p/gpfs1/mtcampbe/CEESD/AutomatedTesting/MIRGE-Timing/timing/emirge/grudge/grudge/discretization.py", line 1091, in make_discretization_collection
    inter_part_connections=_set_up_inter_part_connections(
                           ^^^^^^^^^^^^^^^^^^^^^^^^^^^^^^^
  File "/p/gpfs1/mtcampbe/CEESD/AutomatedTesting/MIRGE-Timing/timing/emirge/grudge/grudge/discretization.py", line 946, in _set_up_inter_part_connections
    make_partition_connection(
  File "/p/gpfs1/mtcampbe/CEESD/AutomatedTesting/MIRGE-Timing/timing/emirge/meshmode/meshmode/discretization/connection/opposite_face.py", line 620, in make_partition_connection
    grp_batches = _make_cross_face_batches(actx,
                  ^^^^^^^^^^^^^^^^^^^^^^^^^^^^^^
  File "/p/gpfs1/mtcampbe/CEESD/AutomatedTesting/MIRGE-Timing/timing/emirge/meshmode/meshmode/discretization/connection/opposite_face.py", line 69, in _make_cross_face_batches
    for ary in tgt_bdry_discr.nodes(cached=False)
               ^^^^^^^^^^^^^^^^^^^^^^^^^^^^^^^^^^
  File "/p/gpfs1/mtcampbe/CEESD/AutomatedTesting/MIRGE-Timing/timing/emirge/meshmode/meshmode/discretization/__init__.py", line 590, in nodes
    _DOFArray(None, tuple(actx.freeze(resample_mesh_nodes(grp, iaxis))
                    ^^^^^^^^^^^^^^^^^^^^^^^^^^^^^^^^^^^^^^^^^^^^^^^^^^
  File "/p/gpfs1/mtcampbe/CEESD/AutomatedTesting/MIRGE-Timing/timing/emirge/meshmode/meshmode/discretization/__init__.py", line 590, in <genexpr>
    _DOFArray(None, tuple(actx.freeze(resample_mesh_nodes(grp, iaxis))
                          ^^^^^^^^^^^^^^^^^^^^^^^^^^^^^^^^^^^^^^^^^^^^
  File "/p/gpfs1/mtcampbe/CEESD/AutomatedTesting/MIRGE-Timing/timing/emirge/arraycontext/arraycontext/impl/pytato/__init__.py", line 605, in freeze
    pt_prg = pt_prg.with_transformed_translation_unit(
             ^^^^^^^^^^^^^^^^^^^^^^^^^^^^^^^^^^^^^^^^^
  File "/p/gpfs1/mtcampbe/CEESD/AutomatedTesting/MIRGE-Timing/timing/emirge/pytato/pytato/target/loopy/__init__.py", line 300, in with_transformed_translation_unit
    program=f(self.program.t_unit).executor(self.cl_context),
            ^^^^^^^^^^^^^^^^^^^^^^
  File "/p/gpfs1/mtcampbe/CEESD/AutomatedTesting/MIRGE-Timing/timing/emirge/meshmode/meshmode/array_context.py", line 1652, in transform_loopy_program
    r = self.transform_loopy_cache[t_unit]
        ~~~~~~~~~~~~~~~~~~~~~~~~~~^^^^^^^^
  File "/p/gpfs1/mtcampbe/CEESD/AutomatedTesting/MIRGE-Timing/timing/emirge/miniforge3/envs/timing.main/lib/python3.12/site-packages/pytools/persistent_dict.py", line 588, in __getitem__
    return self.fetch(key)
           ^^^^^^^^^^^^^^^
  File "/p/gpfs1/mtcampbe/CEESD/AutomatedTesting/MIRGE-Timing/timing/emirge/miniforge3/envs/timing.main/lib/python3.12/site-packages/pytools/persistent_dict.py", line 755, in fetch
    stored_key, value = self._fetch(keyhash)
                        ^^^^^^^^^^^^^^^^^^^^
  File "/p/gpfs1/mtcampbe/CEESD/AutomatedTesting/MIRGE-Timing/timing/emirge/miniforge3/envs/timing.main/lib/python3.12/site-packages/pytools/persistent_dict.py", line 747, in _fetch_uncached
    key, value = pickle.loads(row[0])
                 ^^^^^^^^^^^^^^^^^^^^
AttributeError: Can't get attribute '_read_from_str_wrapper' on <module 'islpy' from '/p/gpfs1/mtcampbe/CEESD/AutomatedTesting/MIRGE-Timing/timing/emirge/miniforge3/envs/timing.main/lib/python3.12/site-packages/islpy/__init__.py'>
Traceback (most recent call last):
  File "/p/gpfs1/mtcampbe/CEESD/AutomatedTesting/MIRGE-Timing/timing/emirge/arraycontext/arraycontext/impl/pytato/__init__.py", line 573, in freeze
    pt_prg = self._freeze_prg_cache[normalized_expr]
             ~~~~~~~~~~~~~~~~~~~~~~^^^^^^^^^^^^^^^^^
KeyError: DictOfNamedArrays(tags=frozenset(), data={'_ary': Einsum(tags={FirstAxisIsElementsTag(), PrefixNamed(prefix='nodes0_3d')}, access_descriptors=((EinsumElementwiseAxis(dim=1), EinsumReductionAxis(dim=0)), (EinsumElementwiseAxis(dim=0), EinsumReductionAxis(dim=0))), args=(Placeholder(shape=(15, 3), dtype='float64', axes=(Axis(tags=frozenset({DiscretizationDOFAxisTag()})), Axis(tags=frozenset())), name='_actx_dw'), Placeholder(shape=(1236, 3), dtype='float64', axes=(Axis(tags=frozenset({DiscretizationElementAxisTag()})), Axis(tags=frozenset({DiscretizationDOFAxisTag()}))), name='_actx_dw_0')), redn_axis_to_redn_descr={EinsumReductionAxis(dim=0): ReductionDescriptor(tags=frozenset())})})

During handling of the above exception, another exception occurred:

Traceback (most recent call last):
  File "<frozen runpy>", line 198, in _run_module_as_main
  File "<frozen runpy>", line 88, in _run_code
  File "/p/gpfs1/mtcampbe/CEESD/AutomatedTesting/MIRGE-Timing/timing/emirge/miniforge3/envs/timing.main/lib/python3.12/site-packages/mpi4py/__main__.py", line 7, in <module>
    main()
  File "/p/gpfs1/mtcampbe/CEESD/AutomatedTesting/MIRGE-Timing/timing/emirge/miniforge3/envs/timing.main/lib/python3.12/site-packages/mpi4py/run.py", line 214, in main
    run_command_line(args)
  File "/p/gpfs1/mtcampbe/CEESD/AutomatedTesting/MIRGE-Timing/timing/emirge/miniforge3/envs/timing.main/lib/python3.12/site-packages/mpi4py/run.py", line 46, in run_command_line
    run_path(sys.argv[0], run_name='__main__')
  File "<frozen runpy>", line 287, in run_path
  File "<frozen runpy>", line 98, in _run_module_code
  File "<frozen runpy>", line 88, in _run_code
  File "driver.py", line 85, in <module>
    main(actx_class, restart_filename=restart_filename,
  File "/p/gpfs1/mtcampbe/CEESD/AutomatedTesting/MIRGE-Timing/timing/emirge/mirgecom/mirgecom/mpi.py", line 152, in wrapped_func
    func(*args, **kwargs)
  File "/p/gpfs1/mtcampbe/CEESD/AutomatedTesting/MIRGE-Timing/timing/y3-prediction-scaling-run/y3prediction/prediction.py", line 4277, in main
    dcoll = create_discretization_collection(
            ^^^^^^^^^^^^^^^^^^^^^^^^^^^^^^^^^
  File "/p/gpfs1/mtcampbe/CEESD/AutomatedTesting/MIRGE-Timing/timing/emirge/mirgecom/mirgecom/discretization.py", line 76, in create_discretization_collection
    return make_discretization_collection(
           ^^^^^^^^^^^^^^^^^^^^^^^^^^^^^^^
  File "/p/gpfs1/mtcampbe/CEESD/AutomatedTesting/MIRGE-Timing/timing/emirge/grudge/grudge/discretization.py", line 1091, in make_discretization_collection
    inter_part_connections=_set_up_inter_part_connections(
                           ^^^^^^^^^^^^^^^^^^^^^^^^^^^^^^^
  File "/p/gpfs1/mtcampbe/CEESD/AutomatedTesting/MIRGE-Timing/timing/emirge/grudge/grudge/discretization.py", line 946, in _set_up_inter_part_connections
    make_partition_connection(
  File "/p/gpfs1/mtcampbe/CEESD/AutomatedTesting/MIRGE-Timing/timing/emirge/meshmode/meshmode/discretization/connection/opposite_face.py", line 620, in make_partition_connection
    grp_batches = _make_cross_face_batches(actx,
                  ^^^^^^^^^^^^^^^^^^^^^^^^^^^^^^
  File "/p/gpfs1/mtcampbe/CEESD/AutomatedTesting/MIRGE-Timing/timing/emirge/meshmode/meshmode/discretization/connection/opposite_face.py", line 69, in _make_cross_face_batches
    for ary in tgt_bdry_discr.nodes(cached=False)
               ^^^^^^^^^^^^^^^^^^^^^^^^^^^^^^^^^^
  File "/p/gpfs1/mtcampbe/CEESD/AutomatedTesting/MIRGE-Timing/timing/emirge/meshmode/meshmode/discretization/__init__.py", line 590, in nodes
    _DOFArray(None, tuple(actx.freeze(resample_mesh_nodes(grp, iaxis))
                    ^^^^^^^^^^^^^^^^^^^^^^^^^^^^^^^^^^^^^^^^^^^^^^^^^^
  File "/p/gpfs1/mtcampbe/CEESD/AutomatedTesting/MIRGE-Timing/timing/emirge/meshmode/meshmode/discretization/__init__.py", line 590, in <genexpr>
    _DOFArray(None, tuple(actx.freeze(resample_mesh_nodes(grp, iaxis))
                          ^^^^^^^^^^^^^^^^^^^^^^^^^^^^^^^^^^^^^^^^^^^^
  File "/p/gpfs1/mtcampbe/CEESD/AutomatedTesting/MIRGE-Timing/timing/emirge/arraycontext/arraycontext/impl/pytato/__init__.py", line 605, in freeze
    pt_prg = pt_prg.with_transformed_translation_unit(
             ^^^^^^^^^^^^^^^^^^^^^^^^^^^^^^^^^^^^^^^^^
  File "/p/gpfs1/mtcampbe/CEESD/AutomatedTesting/MIRGE-Timing/timing/emirge/pytato/pytato/target/loopy/__init__.py", line 300, in with_transformed_translation_unit
    program=f(self.program.t_unit).executor(self.cl_context),
            ^^^^^^^^^^^^^^^^^^^^^^
  File "/p/gpfs1/mtcampbe/CEESD/AutomatedTesting/MIRGE-Timing/timing/emirge/meshmode/meshmode/array_context.py", line 1652, in transform_loopy_program
    r = self.transform_loopy_cache[t_unit]
        ~~~~~~~~~~~~~~~~~~~~~~~~~~^^^^^^^^
  File "/p/gpfs1/mtcampbe/CEESD/AutomatedTesting/MIRGE-Timing/timing/emirge/miniforge3/envs/timing.main/lib/python3.12/site-packages/pytools/persistent_dict.py", line 588, in __getitem__
    return self.fetch(key)
           ^^^^^^^^^^^^^^^
  File "/p/gpfs1/mtcampbe/CEESD/AutomatedTesting/MIRGE-Timing/timing/emirge/miniforge3/envs/timing.main/lib/python3.12/site-packages/pytools/persistent_dict.py", line 755, in fetch
    stored_key, value = self._fetch(keyhash)
                        ^^^^^^^^^^^^^^^^^^^^
  File "/p/gpfs1/mtcampbe/CEESD/AutomatedTesting/MIRGE-Timing/timing/emirge/miniforge3/envs/timing.main/lib/python3.12/site-packages/pytools/persistent_dict.py", line 747, in _fetch_uncached
    key, value = pickle.loads(row[0])
                 ^^^^^^^^^^^^^^^^^^^^
AttributeError: Can't get attribute '_read_from_str_wrapper' on <module 'islpy' from '/p/gpfs1/mtcampbe/CEESD/AutomatedTesting/MIRGE-Timing/timing/emirge/miniforge3/envs/timing.main/lib/python3.12/site-packages/islpy/__init__.py'>
--------------------------------------------------------------------------
MPI_ABORT was invoked on rank 14 in communicator MPI_COMM_WORLD
with errorcode 1.

NOTE: invoking MPI_ABORT causes Open MPI to kill all MPI processes.
You may or may not see output from other processes, depending on
exactly when Open MPI kills them.
--------------------------------------------------------------------------
++ return_code=1
++ set +x
mv: cannot stat viz_data: No such file or directory
mv: cannot stat restart_data: No such file or directory
**  scalability_test/prediction-scalability_np32 failed.
Thu Jun 12 23:24:59 PDT 2025
Scaling/timing tests done.
Passing tests: 
Failing tests:  scalability_test/prediction-scalability_np32

------------------------------------------------------------
Sender: LSF System <lsfadmin@lassen710>
Subject: Job 7334488: <scale32> in cluster <lassen> Exited

Job <scale32> was submitted from host <lassen709> by user <mtcampbe> in cluster <lassen> at Thu Jun 12 23:23:29 2025
Job was executed on host(s) <1*lassen710>, in queue <pbatch>, as user <mtcampbe> in cluster <lassen> at Thu Jun 12 23:23:31 2025
                            <40*lassen263>
                            <40*lassen264>
                            <40*lassen267>
                            <40*lassen750>
                            <40*lassen422>
                            <40*lassen755>
                            <40*lassen759>
                            <40*lassen275>
</g/g17/mtcampbe> was used as the home directory.
</p/gpfs1/mtcampbe/CEESD/AutomatedTesting/MIRGE-Timing/timing/y3-prediction-scaling-run/scalability_test> was used as the working directory.
Started at Thu Jun 12 23:23:31 2025
Terminated at Thu Jun 12 23:25:37 2025
Results reported at Thu Jun 12 23:25:37 2025

Your job looked like:

------------------------------------------------------------
# LSBATCH: User input
#!/bin/bash
#BSUB -nnodes 8
#BSUB -G uiuc
#BSUB -W 120
#BSUB -J scale32
#BSUB -q pbatch
#BSUB -o scal32.txt

source ../emirge/config/activate_env.sh
source ../emirge/mirgecom/scripts/mirge-testing-env.sh
source ../scripts/multi_scalability.sh -p ../ -s 32 -n 32

------------------------------------------------------------

Exited with exit code 1.

Resource usage summary:

    CPU time :                                   2.00 sec.
    Max Memory :                                 93 MB
    Average Memory :                             65.07 MB
    Total Requested Memory :                     -
    Delta Memory :                               -
    Max Swap :                                   1765 MB
    Max Processes :                              7
    Max Threads :                                31
    Run time :                                   126 sec.
    Turnaround time :                            128 sec.

The output (if any) is above this job summary.

