Customizing shell for Lassen.

The following have been reloaded with a version change:
  1) base-gcc/8.3.1 => base-gcc/11.2.1


Lmod is automatically replacing "clang/ibm-16.0.6-cuda-11.2.0-gcc-8.3.1" with
"gcc/10.2.1".


Due to MODULEPATH changes, the following have been reloaded:
  1) spectrum-mpi/rolling-release

Activating 'timing.main' environment for '/p/gpfs1/mtcampbe/CEESD/AutomatedTesting/MIRGE-Timing/timing/emirge/miniforge3/bin/conda'.
/p/gpfs1/mtcampbe/CEESD/AutomatedTesting/MIRGE-Timing/timing/y3-prediction-scaling-run/scalability_test
/p/gpfs1/mtcampbe/CEESD/AutomatedTesting/MIRGE-Timing/timing/y3-prediction-scaling-run/scalability_test
Driver directory: /p/gpfs1/mtcampbe/CEESD/AutomatedTesting/MIRGE-Timing/timing/y3-prediction-scaling-run
Sun Jun 15 23:24:17 PDT 2025
Running parallel timing tests...
* Running prediction-scalability test in scalability_test.
** Running prediction-scalability_np32 on 32 ranks.
++ runoptions='-n 32'
++ [[ ! -z '' ]]
++ jsrun -g 1 -a 1 -n 32 bash /p/gpfs1/mtcampbe/CEESD/AutomatedTesting/MIRGE-Timing/timing/y3-prediction-scaling-run/emirge/mirgecom/scripts/lassen-parallel-spawner.sh python -u -O -m mpi4py driver.py -c prediction-scalability_np32 -g /p/gpfs1/mtcampbe/CEESD/AutomatedTesting/MIRGE-Timing/timing/y3-prediction-scaling-run/scalability_test/log_data -i run_params_np32.yaml --log --lazy
Custom casename 'prediction-scalability_np32'
Custom casename 'prediction-scalability_np32'
Custom casename 'prediction-scalability_np32'
Custom casename 'prediction-scalability_np32'
Custom casename 'prediction-scalability_np32'
Custom casename 'prediction-scalability_np32'
Custom casename 'prediction-scalability_np32'
Custom casename 'prediction-scalability_np32'
Custom casename 'prediction-scalability_np32'
Custom casename 'prediction-scalability_np32'
Custom casename 'prediction-scalability_np32'
Custom casename 'prediction-scalability_np32'
Custom casename 'prediction-scalability_np32'
Custom casename 'prediction-scalability_np32'
Custom casename 'prediction-scalability_np32'
Custom casename 'prediction-scalability_np32'
Custom casename 'prediction-scalability_np32'
Custom casename 'prediction-scalability_np32'
Custom casename 'prediction-scalability_np32'
Custom casename 'prediction-scalability_np32'
Custom casename 'prediction-scalability_np32'
Custom casename 'prediction-scalability_np32'
Custom casename 'prediction-scalability_np32'
Custom casename 'prediction-scalability_np32'
Custom casename 'prediction-scalability_np32'
Custom casename 'prediction-scalability_np32'
Custom casename 'prediction-scalability_np32'
Custom casename 'prediction-scalability_np32'
Custom casename 'prediction-scalability_np32'
Custom casename 'prediction-scalability_np32'
Custom casename 'prediction-scalability_np32'
Custom casename 'prediction-scalability_np32'
2025-06-15 23:24:23,919 - INFO - grudge.array_context - get_reasonable_array_context_class: MPIFusionContractorArrayContext lazy=True distributed=True device-parallel=True
Using user input from file: run_params_np32.yaml
Running driver.py

Using user input from file: run_params_np32.yaml
Running driver.py

2025-06-15 23:24:23,919 - INFO - grudge.array_context - get_reasonable_array_context_class: MPIFusionContractorArrayContext lazy=True distributed=True device-parallel=True
2025-06-15 23:24:23,919 - INFO - grudge.array_context - get_reasonable_array_context_class: MPIFusionContractorArrayContext lazy=True distributed=True device-parallel=True
2025-06-15 23:24:23,919 - INFO - grudge.array_context - get_reasonable_array_context_class: MPIFusionContractorArrayContext lazy=True distributed=True device-parallel=True
Using user input from file: run_params_np32.yaml
Running driver.py

Using user input from file: run_params_np32.yaml
Running driver.py

Using user input from file: run_params_np32.yaml
Running driver.py

2025-06-15 23:24:23,920 - INFO - grudge.array_context - get_reasonable_array_context_class: MPIFusionContractorArrayContext lazy=True distributed=True device-parallel=True
Using user input from file: run_params_np32.yaml
Running driver.py

Using user input from file: run_params_np32.yaml
Running driver.py

Using user input from file: run_params_np32.yaml
Running driver.py

Using user input from file: run_params_np32.yaml
Running driver.py

Using user input from file: run_params_np32.yaml
Running driver.py

Using user input from file: run_params_np32.yaml
Running driver.py

2025-06-15 23:24:23,921 - INFO - grudge.array_context - get_reasonable_array_context_class: MPIFusionContractorArrayContext lazy=True distributed=True device-parallel=True
2025-06-15 23:24:23,920 - INFO - grudge.array_context - get_reasonable_array_context_class: MPIFusionContractorArrayContext lazy=True distributed=True device-parallel=True
2025-06-15 23:24:23,921 - INFO - grudge.array_context - get_reasonable_array_context_class: MPIFusionContractorArrayContext lazy=True distributed=True device-parallel=True
2025-06-15 23:24:23,921 - INFO - grudge.array_context - get_reasonable_array_context_class: MPIFusionContractorArrayContext lazy=True distributed=True device-parallel=True
2025-06-15 23:24:23,921 - INFO - grudge.array_context - get_reasonable_array_context_class: MPIFusionContractorArrayContext lazy=True distributed=True device-parallel=True
2025-06-15 23:24:23,920 - INFO - grudge.array_context - get_reasonable_array_context_class: MPIFusionContractorArrayContext lazy=True distributed=True device-parallel=True
2025-06-15 23:24:23,920 - INFO - grudge.array_context - get_reasonable_array_context_class: MPIFusionContractorArrayContext lazy=True distributed=True device-parallel=True
2025-06-15 23:24:23,921 - INFO - grudge.array_context - get_reasonable_array_context_class: MPIFusionContractorArrayContext lazy=True distributed=True device-parallel=True
2025-06-15 23:24:23,920 - INFO - grudge.array_context - get_reasonable_array_context_class: MPIFusionContractorArrayContext lazy=True distributed=True device-parallel=True
2025-06-15 23:24:23,920 - INFO - grudge.array_context - get_reasonable_array_context_class: MPIFusionContractorArrayContext lazy=True distributed=True device-parallel=True
2025-06-15 23:24:23,920 - INFO - grudge.array_context - get_reasonable_array_context_class: MPIFusionContractorArrayContext lazy=True distributed=True device-parallel=True
Using user input from file: run_params_np32.yaml
Running driver.py

2025-06-15 23:24:23,920 - INFO - grudge.array_context - get_reasonable_array_context_class: MPIFusionContractorArrayContext lazy=True distributed=True device-parallel=True
Using user input from file: run_params_np32.yaml
Running driver.py

Using user input from file: run_params_np32.yaml
Running driver.py

2025-06-15 23:24:23,920 - INFO - grudge.array_context - get_reasonable_array_context_class: MPIFusionContractorArrayContext lazy=True distributed=True device-parallel=True
2025-06-15 23:24:23,920 - INFO - grudge.array_context - get_reasonable_array_context_class: MPIFusionContractorArrayContext lazy=True distributed=True device-parallel=True
2025-06-15 23:24:23,920 - INFO - grudge.array_context - get_reasonable_array_context_class: MPIFusionContractorArrayContext lazy=True distributed=True device-parallel=True
2025-06-15 23:24:23,920 - INFO - grudge.array_context - get_reasonable_array_context_class: MPIFusionContractorArrayContext lazy=True distributed=True device-parallel=True
2025-06-15 23:24:23,921 - INFO - grudge.array_context - get_reasonable_array_context_class: MPIFusionContractorArrayContext lazy=True distributed=True device-parallel=True
Using user input from file: run_params_np32.yaml
Running driver.py

Using user input from file: run_params_np32.yaml
Running driver.py

Using user input from file: run_params_np32.yaml
Running driver.py

Using user input from file: run_params_np32.yaml
Running driver.py

2025-06-15 23:24:23,920 - INFO - grudge.array_context - get_reasonable_array_context_class: MPIFusionContractorArrayContext lazy=True distributed=True device-parallel=True
Using user input from file: run_params_np32.yaml
Running driver.py

Using user input from file: run_params_np32.yaml
Running driver.py

2025-06-15 23:24:23,920 - INFO - grudge.array_context - get_reasonable_array_context_class: MPIFusionContractorArrayContext lazy=True distributed=True device-parallel=True
Using user input from file: run_params_np32.yaml
Running driver.py

2025-06-15 23:24:23,920 - INFO - grudge.array_context - get_reasonable_array_context_class: MPIFusionContractorArrayContext lazy=True distributed=True device-parallel=True
Using user input from file: run_params_np32.yaml
Running driver.py

2025-06-15 23:24:23,920 - INFO - grudge.array_context - get_reasonable_array_context_class: MPIFusionContractorArrayContext lazy=True distributed=True device-parallel=True
Using user input from file: run_params_np32.yaml
Running driver.py

Using user input from file: run_params_np32.yaml
Running driver.py

Using user input from file: run_params_np32.yaml
Running driver.py

Using user input from file: run_params_np32.yaml
Running driver.py

2025-06-15 23:24:23,920 - INFO - grudge.array_context - get_reasonable_array_context_class: MPIFusionContractorArrayContext lazy=True distributed=True device-parallel=True
Using user input from file: run_params_np32.yaml
Running driver.py

Using user input from file: run_params_np32.yaml
Running driver.py

2025-06-15 23:24:23,920 - INFO - grudge.array_context - get_reasonable_array_context_class: MPIFusionContractorArrayContext lazy=True distributed=True device-parallel=True
2025-06-15 23:24:23,921 - INFO - grudge.array_context - get_reasonable_array_context_class: MPIFusionContractorArrayContext lazy=True distributed=True device-parallel=True
Using user input from file: run_params_np32.yaml
Running driver.py

2025-06-15 23:24:23,921 - INFO - grudge.array_context - get_reasonable_array_context_class: MPIFusionContractorArrayContext lazy=True distributed=True device-parallel=True
Using user input from file: run_params_np32.yaml
Running driver.py

Using user input from file: run_params_np32.yaml
Running driver.py

Using user input from file: run_params_np32.yaml
Running driver.py

2025-06-15 23:24:23,921 - INFO - grudge.array_context - get_reasonable_array_context_class: MPIFusionContractorArrayContext lazy=True distributed=True device-parallel=True
2025-06-15 23:24:23,921 - INFO - grudge.array_context - get_reasonable_array_context_class: MPIFusionContractorArrayContext lazy=True distributed=True device-parallel=True
2025-06-15 23:24:24,044 - WARNING - py.warnings - /p/gpfs1/mtcampbe/CEESD/AutomatedTesting/MIRGE-Timing/timing/y3-prediction-scaling-run/y3prediction/wall.py:37: UserWarning: <class 'y3prediction.wall.WallVars'> does not have __array_ufunc__ set. This will cause numpy to attempt broadcasting, in a way that is likely undesired. To avoid this, set __array_ufunc__ = None in <class 'y3prediction.wall.WallVars'>.
  @with_container_arithmetic(bcast_obj_array=False,

2025-06-15 23:24:24,044 - WARNING - py.warnings - /p/gpfs1/mtcampbe/CEESD/AutomatedTesting/MIRGE-Timing/timing/y3-prediction-scaling-run/y3prediction/wall.py:37: UserWarning: <class 'y3prediction.wall.WallVars'> does not have __array_ufunc__ set. This will cause numpy to attempt broadcasting, in a way that is likely undesired. To avoid this, set __array_ufunc__ = None in <class 'y3prediction.wall.WallVars'>.
  @with_container_arithmetic(bcast_obj_array=False,

2025-06-15 23:24:24,044 - WARNING - py.warnings - /p/gpfs1/mtcampbe/CEESD/AutomatedTesting/MIRGE-Timing/timing/y3-prediction-scaling-run/y3prediction/wall.py:37: UserWarning: <class 'y3prediction.wall.WallVars'> does not have __array_ufunc__ set. This will cause numpy to attempt broadcasting, in a way that is likely undesired. To avoid this, set __array_ufunc__ = None in <class 'y3prediction.wall.WallVars'>.
  @with_container_arithmetic(bcast_obj_array=False,

2025-06-15 23:24:24,044 - WARNING - py.warnings - /p/gpfs1/mtcampbe/CEESD/AutomatedTesting/MIRGE-Timing/timing/y3-prediction-scaling-run/y3prediction/wall.py:37: UserWarning: <class 'y3prediction.wall.WallVars'> does not have __array_ufunc__ set. This will cause numpy to attempt broadcasting, in a way that is likely undesired. To avoid this, set __array_ufunc__ = None in <class 'y3prediction.wall.WallVars'>.
  @with_container_arithmetic(bcast_obj_array=False,

2025-06-15 23:24:24,045 - WARNING - py.warnings - /p/gpfs1/mtcampbe/CEESD/AutomatedTesting/MIRGE-Timing/timing/y3-prediction-scaling-run/y3prediction/wall.py:37: UserWarning: <class 'y3prediction.wall.WallVars'> does not have __array_ufunc__ set. This will cause numpy to attempt broadcasting, in a way that is likely undesired. To avoid this, set __array_ufunc__ = None in <class 'y3prediction.wall.WallVars'>.
  @with_container_arithmetic(bcast_obj_array=False,

2025-06-15 23:24:24,044 - WARNING - py.warnings - /p/gpfs1/mtcampbe/CEESD/AutomatedTesting/MIRGE-Timing/timing/y3-prediction-scaling-run/y3prediction/wall.py:37: UserWarning: <class 'y3prediction.wall.WallVars'> does not have __array_ufunc__ set. This will cause numpy to attempt broadcasting, in a way that is likely undesired. To avoid this, set __array_ufunc__ = None in <class 'y3prediction.wall.WallVars'>.
  @with_container_arithmetic(bcast_obj_array=False,

2025-06-15 23:24:24,045 - WARNING - py.warnings - /p/gpfs1/mtcampbe/CEESD/AutomatedTesting/MIRGE-Timing/timing/y3-prediction-scaling-run/y3prediction/wall.py:37: UserWarning: <class 'y3prediction.wall.WallVars'> does not have __array_ufunc__ set. This will cause numpy to attempt broadcasting, in a way that is likely undesired. To avoid this, set __array_ufunc__ = None in <class 'y3prediction.wall.WallVars'>.
  @with_container_arithmetic(bcast_obj_array=False,

2025-06-15 23:24:24,045 - WARNING - py.warnings - /p/gpfs1/mtcampbe/CEESD/AutomatedTesting/MIRGE-Timing/timing/y3-prediction-scaling-run/y3prediction/wall.py:37: UserWarning: <class 'y3prediction.wall.WallVars'> does not have __array_ufunc__ set. This will cause numpy to attempt broadcasting, in a way that is likely undesired. To avoid this, set __array_ufunc__ = None in <class 'y3prediction.wall.WallVars'>.
  @with_container_arithmetic(bcast_obj_array=False,

2025-06-15 23:24:24,045 - WARNING - py.warnings - /p/gpfs1/mtcampbe/CEESD/AutomatedTesting/MIRGE-Timing/timing/y3-prediction-scaling-run/y3prediction/wall.py:37: UserWarning: <class 'y3prediction.wall.WallVars'> does not have __array_ufunc__ set. This will cause numpy to attempt broadcasting, in a way that is likely undesired. To avoid this, set __array_ufunc__ = None in <class 'y3prediction.wall.WallVars'>.
  @with_container_arithmetic(bcast_obj_array=False,

2025-06-15 23:24:24,044 - WARNING - py.warnings - /p/gpfs1/mtcampbe/CEESD/AutomatedTesting/MIRGE-Timing/timing/y3-prediction-scaling-run/y3prediction/wall.py:37: UserWarning: <class 'y3prediction.wall.WallVars'> does not have __array_ufunc__ set. This will cause numpy to attempt broadcasting, in a way that is likely undesired. To avoid this, set __array_ufunc__ = None in <class 'y3prediction.wall.WallVars'>.
  @with_container_arithmetic(bcast_obj_array=False,

2025-06-15 23:24:24,044 - WARNING - py.warnings - /p/gpfs1/mtcampbe/CEESD/AutomatedTesting/MIRGE-Timing/timing/y3-prediction-scaling-run/y3prediction/wall.py:37: UserWarning: <class 'y3prediction.wall.WallVars'> does not have __array_ufunc__ set. This will cause numpy to attempt broadcasting, in a way that is likely undesired. To avoid this, set __array_ufunc__ = None in <class 'y3prediction.wall.WallVars'>.
  @with_container_arithmetic(bcast_obj_array=False,

2025-06-15 23:24:24,044 - WARNING - py.warnings - /p/gpfs1/mtcampbe/CEESD/AutomatedTesting/MIRGE-Timing/timing/y3-prediction-scaling-run/y3prediction/wall.py:37: UserWarning: <class 'y3prediction.wall.WallVars'> does not have __array_ufunc__ set. This will cause numpy to attempt broadcasting, in a way that is likely undesired. To avoid this, set __array_ufunc__ = None in <class 'y3prediction.wall.WallVars'>.
  @with_container_arithmetic(bcast_obj_array=False,

2025-06-15 23:24:24,045 - WARNING - py.warnings - /p/gpfs1/mtcampbe/CEESD/AutomatedTesting/MIRGE-Timing/timing/y3-prediction-scaling-run/y3prediction/wall.py:37: UserWarning: <class 'y3prediction.wall.WallVars'> does not have __array_ufunc__ set. This will cause numpy to attempt broadcasting, in a way that is likely undesired. To avoid this, set __array_ufunc__ = None in <class 'y3prediction.wall.WallVars'>.
  @with_container_arithmetic(bcast_obj_array=False,

2025-06-15 23:24:24,044 - WARNING - py.warnings - /p/gpfs1/mtcampbe/CEESD/AutomatedTesting/MIRGE-Timing/timing/y3-prediction-scaling-run/y3prediction/wall.py:37: UserWarning: <class 'y3prediction.wall.WallVars'> does not have __array_ufunc__ set. This will cause numpy to attempt broadcasting, in a way that is likely undesired. To avoid this, set __array_ufunc__ = None in <class 'y3prediction.wall.WallVars'>.
  @with_container_arithmetic(bcast_obj_array=False,

2025-06-15 23:24:24,045 - WARNING - py.warnings - /p/gpfs1/mtcampbe/CEESD/AutomatedTesting/MIRGE-Timing/timing/y3-prediction-scaling-run/y3prediction/wall.py:37: UserWarning: <class 'y3prediction.wall.WallVars'> does not have __array_ufunc__ set. This will cause numpy to attempt broadcasting, in a way that is likely undesired. To avoid this, set __array_ufunc__ = None in <class 'y3prediction.wall.WallVars'>.
  @with_container_arithmetic(bcast_obj_array=False,

2025-06-15 23:24:24,044 - WARNING - py.warnings - /p/gpfs1/mtcampbe/CEESD/AutomatedTesting/MIRGE-Timing/timing/y3-prediction-scaling-run/y3prediction/wall.py:37: UserWarning: <class 'y3prediction.wall.WallVars'> does not have __array_ufunc__ set. This will cause numpy to attempt broadcasting, in a way that is likely undesired. To avoid this, set __array_ufunc__ = None in <class 'y3prediction.wall.WallVars'>.
  @with_container_arithmetic(bcast_obj_array=False,

2025-06-15 23:24:24,045 - WARNING - py.warnings - /p/gpfs1/mtcampbe/CEESD/AutomatedTesting/MIRGE-Timing/timing/y3-prediction-scaling-run/y3prediction/wall.py:37: UserWarning: <class 'y3prediction.wall.WallVars'> does not have __array_ufunc__ set. This will cause numpy to attempt broadcasting, in a way that is likely undesired. To avoid this, set __array_ufunc__ = None in <class 'y3prediction.wall.WallVars'>.
  @with_container_arithmetic(bcast_obj_array=False,

2025-06-15 23:24:24,044 - WARNING - py.warnings - /p/gpfs1/mtcampbe/CEESD/AutomatedTesting/MIRGE-Timing/timing/y3-prediction-scaling-run/y3prediction/wall.py:37: UserWarning: <class 'y3prediction.wall.WallVars'> does not have __array_ufunc__ set. This will cause numpy to attempt broadcasting, in a way that is likely undesired. To avoid this, set __array_ufunc__ = None in <class 'y3prediction.wall.WallVars'>.
  @with_container_arithmetic(bcast_obj_array=False,

2025-06-15 23:24:24,045 - WARNING - py.warnings - /p/gpfs1/mtcampbe/CEESD/AutomatedTesting/MIRGE-Timing/timing/y3-prediction-scaling-run/y3prediction/wall.py:37: UserWarning: <class 'y3prediction.wall.WallVars'> does not have __array_ufunc__ set. This will cause numpy to attempt broadcasting, in a way that is likely undesired. To avoid this, set __array_ufunc__ = None in <class 'y3prediction.wall.WallVars'>.
  @with_container_arithmetic(bcast_obj_array=False,

2025-06-15 23:24:24,045 - WARNING - py.warnings - /p/gpfs1/mtcampbe/CEESD/AutomatedTesting/MIRGE-Timing/timing/y3-prediction-scaling-run/y3prediction/wall.py:37: UserWarning: <class 'y3prediction.wall.WallVars'> does not have __array_ufunc__ set. This will cause numpy to attempt broadcasting, in a way that is likely undesired. To avoid this, set __array_ufunc__ = None in <class 'y3prediction.wall.WallVars'>.
  @with_container_arithmetic(bcast_obj_array=False,

2025-06-15 23:24:24,044 - WARNING - py.warnings - /p/gpfs1/mtcampbe/CEESD/AutomatedTesting/MIRGE-Timing/timing/y3-prediction-scaling-run/y3prediction/wall.py:37: UserWarning: <class 'y3prediction.wall.WallVars'> does not have __array_ufunc__ set. This will cause numpy to attempt broadcasting, in a way that is likely undesired. To avoid this, set __array_ufunc__ = None in <class 'y3prediction.wall.WallVars'>.
  @with_container_arithmetic(bcast_obj_array=False,

2025-06-15 23:24:24,045 - WARNING - py.warnings - /p/gpfs1/mtcampbe/CEESD/AutomatedTesting/MIRGE-Timing/timing/y3-prediction-scaling-run/y3prediction/wall.py:37: UserWarning: <class 'y3prediction.wall.WallVars'> does not have __array_ufunc__ set. This will cause numpy to attempt broadcasting, in a way that is likely undesired. To avoid this, set __array_ufunc__ = None in <class 'y3prediction.wall.WallVars'>.
  @with_container_arithmetic(bcast_obj_array=False,

2025-06-15 23:24:24,045 - WARNING - py.warnings - /p/gpfs1/mtcampbe/CEESD/AutomatedTesting/MIRGE-Timing/timing/y3-prediction-scaling-run/y3prediction/wall.py:37: UserWarning: <class 'y3prediction.wall.WallVars'> does not have __array_ufunc__ set. This will cause numpy to attempt broadcasting, in a way that is likely undesired. To avoid this, set __array_ufunc__ = None in <class 'y3prediction.wall.WallVars'>.
  @with_container_arithmetic(bcast_obj_array=False,

2025-06-15 23:24:24,044 - WARNING - py.warnings - /p/gpfs1/mtcampbe/CEESD/AutomatedTesting/MIRGE-Timing/timing/y3-prediction-scaling-run/y3prediction/wall.py:37: UserWarning: <class 'y3prediction.wall.WallVars'> does not have __array_ufunc__ set. This will cause numpy to attempt broadcasting, in a way that is likely undesired. To avoid this, set __array_ufunc__ = None in <class 'y3prediction.wall.WallVars'>.
  @with_container_arithmetic(bcast_obj_array=False,

2025-06-15 23:24:24,045 - WARNING - py.warnings - /p/gpfs1/mtcampbe/CEESD/AutomatedTesting/MIRGE-Timing/timing/y3-prediction-scaling-run/y3prediction/wall.py:37: UserWarning: <class 'y3prediction.wall.WallVars'> does not have __array_ufunc__ set. This will cause numpy to attempt broadcasting, in a way that is likely undesired. To avoid this, set __array_ufunc__ = None in <class 'y3prediction.wall.WallVars'>.
  @with_container_arithmetic(bcast_obj_array=False,

2025-06-15 23:24:24,045 - WARNING - py.warnings - /p/gpfs1/mtcampbe/CEESD/AutomatedTesting/MIRGE-Timing/timing/y3-prediction-scaling-run/y3prediction/wall.py:37: UserWarning: <class 'y3prediction.wall.WallVars'> does not have __array_ufunc__ set. This will cause numpy to attempt broadcasting, in a way that is likely undesired. To avoid this, set __array_ufunc__ = None in <class 'y3prediction.wall.WallVars'>.
  @with_container_arithmetic(bcast_obj_array=False,

2025-06-15 23:24:24,045 - WARNING - py.warnings - /p/gpfs1/mtcampbe/CEESD/AutomatedTesting/MIRGE-Timing/timing/y3-prediction-scaling-run/y3prediction/wall.py:37: UserWarning: <class 'y3prediction.wall.WallVars'> does not have __array_ufunc__ set. This will cause numpy to attempt broadcasting, in a way that is likely undesired. To avoid this, set __array_ufunc__ = None in <class 'y3prediction.wall.WallVars'>.
  @with_container_arithmetic(bcast_obj_array=False,

2025-06-15 23:24:24,045 - WARNING - py.warnings - /p/gpfs1/mtcampbe/CEESD/AutomatedTesting/MIRGE-Timing/timing/y3-prediction-scaling-run/y3prediction/wall.py:37: UserWarning: <class 'y3prediction.wall.WallVars'> does not have __array_ufunc__ set. This will cause numpy to attempt broadcasting, in a way that is likely undesired. To avoid this, set __array_ufunc__ = None in <class 'y3prediction.wall.WallVars'>.
  @with_container_arithmetic(bcast_obj_array=False,

2025-06-15 23:24:24,045 - WARNING - py.warnings - /p/gpfs1/mtcampbe/CEESD/AutomatedTesting/MIRGE-Timing/timing/y3-prediction-scaling-run/y3prediction/wall.py:37: UserWarning: <class 'y3prediction.wall.WallVars'> does not have __array_ufunc__ set. This will cause numpy to attempt broadcasting, in a way that is likely undesired. To avoid this, set __array_ufunc__ = None in <class 'y3prediction.wall.WallVars'>.
  @with_container_arithmetic(bcast_obj_array=False,

2025-06-15 23:24:24,045 - WARNING - py.warnings - /p/gpfs1/mtcampbe/CEESD/AutomatedTesting/MIRGE-Timing/timing/y3-prediction-scaling-run/y3prediction/wall.py:37: UserWarning: <class 'y3prediction.wall.WallVars'> does not have __array_ufunc__ set. This will cause numpy to attempt broadcasting, in a way that is likely undesired. To avoid this, set __array_ufunc__ = None in <class 'y3prediction.wall.WallVars'>.
  @with_container_arithmetic(bcast_obj_array=False,

2025-06-15 23:24:24,045 - WARNING - py.warnings - /p/gpfs1/mtcampbe/CEESD/AutomatedTesting/MIRGE-Timing/timing/y3-prediction-scaling-run/y3prediction/wall.py:37: UserWarning: <class 'y3prediction.wall.WallVars'> does not have __array_ufunc__ set. This will cause numpy to attempt broadcasting, in a way that is likely undesired. To avoid this, set __array_ufunc__ = None in <class 'y3prediction.wall.WallVars'>.
  @with_container_arithmetic(bcast_obj_array=False,

2025-06-15 23:24:24,045 - WARNING - py.warnings - /p/gpfs1/mtcampbe/CEESD/AutomatedTesting/MIRGE-Timing/timing/y3-prediction-scaling-run/y3prediction/wall.py:37: UserWarning: <class 'y3prediction.wall.WallVars'> does not have __array_ufunc__ set. This will cause numpy to attempt broadcasting, in a way that is likely undesired. To avoid this, set __array_ufunc__ = None in <class 'y3prediction.wall.WallVars'>.
  @with_container_arithmetic(bcast_obj_array=False,

2025-06-15 23:24:24,817 - INFO - mirgecom.mpi - Using mpi4py version 4.0.3 with pkl5 scatter support.
2025-06-15 23:24:24,817 - INFO - mirgecom.mpi - mpi4py is using 'Open MPI v10.3.1.03rtm0, package: IBM Spectrum MPI, ident: IBM Spectrum MPI, repo rev: IBM_SPECTRUM_MPI_10.03.01.02_2020.08.03_XAA0, Unreleased developer copy' with MPI v3.1.
2025-06-15 23:25:13,695 - INFO - mirgecom.logging_quantities - emirge's version.sh: completed (48.59s wall 0.00x CPU)
2025-06-15 23:25:13,769 - INFO - mirgecom.logging_quantities - emirge's version.sh: completed (48.65s wall 0.00x CPU)
2025-06-15 23:25:13,769 - INFO - mirgecom.logging_quantities - emirge's version.sh: completed (48.66s wall 0.00x CPU)
2025-06-15 23:25:13,770 - INFO - mirgecom.logging_quantities - emirge's version.sh: completed (48.67s wall 0.00x CPU)
2025-06-15 23:25:13,773 - INFO - mirgecom.logging_quantities - emirge's version.sh: completed (48.66s wall 0.00x CPU)
2025-06-15 23:25:13,774 - INFO - mirgecom.logging_quantities - emirge's version.sh: completed (48.67s wall 0.00x CPU)
2025-06-15 23:25:13,778 - INFO - mirgecom.logging_quantities - emirge's version.sh: completed (48.68s wall 0.00x CPU)
2025-06-15 23:25:13,784 - INFO - mirgecom.logging_quantities - emirge's version.sh: completed (48.67s wall 0.00x CPU)
2025-06-15 23:25:13,785 - INFO - mirgecom.logging_quantities - emirge's version.sh: completed (48.68s wall 0.00x CPU)
2025-06-15 23:25:13,785 - INFO - mirgecom.logging_quantities - emirge's version.sh: completed (48.68s wall 0.00x CPU)
2025-06-15 23:25:13,785 - INFO - mirgecom.logging_quantities - emirge's version.sh: completed (48.68s wall 0.00x CPU)
2025-06-15 23:25:13,788 - INFO - mirgecom.logging_quantities - emirge's version.sh: completed (48.68s wall 0.00x CPU)
2025-06-15 23:25:13,795 - INFO - mirgecom.logging_quantities - emirge's version.sh: completed (48.69s wall 0.00x CPU)
2025-06-15 23:25:13,796 - INFO - mirgecom.logging_quantities - emirge's version.sh: completed (48.68s wall 0.00x CPU)
2025-06-15 23:25:13,796 - INFO - mirgecom.logging_quantities - emirge's version.sh: completed (48.69s wall 0.00x CPU)
2025-06-15 23:25:13,809 - INFO - mirgecom.logging_quantities - emirge's version.sh: completed (48.71s wall 0.00x CPU)
2025-06-15 23:25:13,813 - INFO - mirgecom.logging_quantities - emirge's version.sh: completed (48.71s wall 0.00x CPU)
2025-06-15 23:25:13,817 - INFO - mirgecom.logging_quantities - emirge's version.sh: completed (48.71s wall 0.00x CPU)
2025-06-15 23:25:13,818 - INFO - mirgecom.logging_quantities - emirge's version.sh: completed (48.70s wall 0.00x CPU)
2025-06-15 23:25:13,823 - INFO - mirgecom.logging_quantities - emirge's version.sh: completed (48.72s wall 0.00x CPU)
2025-06-15 23:25:13,824 - INFO - mirgecom.logging_quantities - emirge's version.sh: completed (48.72s wall 0.00x CPU)
2025-06-15 23:25:13,829 - INFO - mirgecom.logging_quantities - emirge's version.sh: completed (48.72s wall 0.00x CPU)
2025-06-15 23:25:13,829 - INFO - mirgecom.logging_quantities - emirge's version.sh: completed (48.72s wall 0.00x CPU)
2025-06-15 23:25:13,842 - INFO - mirgecom.logging_quantities - emirge's version.sh: completed (48.74s wall 0.00x CPU)
2025-06-15 23:25:13,842 - INFO - mirgecom.logging_quantities - emirge's version.sh: completed (48.73s wall 0.00x CPU)
2025-06-15 23:25:13,842 - INFO - mirgecom.logging_quantities - emirge's version.sh: completed (48.74s wall 0.00x CPU)
2025-06-15 23:25:13,844 - INFO - mirgecom.logging_quantities - emirge's version.sh: completed (48.74s wall 0.00x CPU)
2025-06-15 23:25:13,859 - INFO - mirgecom.logging_quantities - emirge's version.sh: completed (48.75s wall 0.00x CPU)
2025-06-15 23:25:13,861 - INFO - mirgecom.logging_quantities - emirge's version.sh: completed (48.76s wall 0.00x CPU)
2025-06-15 23:25:13,861 - INFO - mirgecom.logging_quantities - emirge's version.sh: completed (48.76s wall 0.00x CPU)
2025-06-15 23:25:13,862 - INFO - mirgecom.logging_quantities - emirge's version.sh: completed (48.76s wall 0.00x CPU)
2025-06-15 23:25:14,281 - INFO - mirgecom.logging_quantities - emirge's version.sh: completed (49.18s wall 0.00x CPU)
2025-06-15 23:25:14,506 - INFO - mirgecom.simutil - Using SVM-based memory pool on <pyopencl.Device 'Tesla V100-SXM2-16GB' on 'Portable Computing Language' at 0x103e57dc0>.
2025-06-15 23:25:14,541 - INFO - mirgecom.simutil - Using SVM-based memory pool on <pyopencl.Device 'Tesla V100-SXM2-16GB' on 'Portable Computing Language' at 0x103beb010>.
2025-06-15 23:25:14,548 - INFO - mirgecom.simutil - Using SVM-based memory pool on <pyopencl.Device 'Tesla V100-SXM2-16GB' on 'Portable Computing Language' at 0x103bed8b0>.
2025-06-15 23:25:14,552 - INFO - mirgecom.simutil - Using SVM-based memory pool on <pyopencl.Device 'Tesla V100-SXM2-16GB' on 'Portable Computing Language' at 0x103e9a610>.
2025-06-15 23:25:14,576 - INFO - mirgecom.simutil - Using SVM-based memory pool on <pyopencl.Device 'Tesla V100-SXM2-16GB' on 'Portable Computing Language' at 0x103ed09f0>.
2025-06-15 23:25:14,591 - INFO - mirgecom.simutil - Using SVM-based memory pool on <pyopencl.Device 'Tesla V100-SXM2-16GB' on 'Portable Computing Language' at 0x103c2eb90>.
2025-06-15 23:25:14,593 - INFO - mirgecom.simutil - Using SVM-based memory pool on <pyopencl.Device 'Tesla V100-SXM2-16GB' on 'Portable Computing Language' at 0x103bebb80>.
2025-06-15 23:25:14,595 - INFO - mirgecom.simutil - Using SVM-based memory pool on <pyopencl.Device 'Tesla V100-SXM2-16GB' on 'Portable Computing Language' at 0x103d90650>.
2025-06-15 23:25:14,598 - INFO - mirgecom.simutil - Using SVM-based memory pool on <pyopencl.Device 'Tesla V100-SXM2-16GB' on 'Portable Computing Language' at 0x103e909f0>.
2025-06-15 23:25:14,598 - INFO - mirgecom.simutil - Using SVM-based memory pool on <pyopencl.Device 'Tesla V100-SXM2-16GB' on 'Portable Computing Language' at 0x103dd09f0>.
2025-06-15 23:25:14,611 - INFO - mirgecom.simutil - Using SVM-based memory pool on <pyopencl.Device 'Tesla V100-SXM2-16GB' on 'Portable Computing Language' at 0x103d5d110>.
2025-06-15 23:25:14,621 - INFO - mirgecom.simutil - Using SVM-based memory pool on <pyopencl.Device 'Tesla V100-SXM2-16GB' on 'Portable Computing Language' at 0x103d5fa70>.
2025-06-15 23:25:14,624 - INFO - mirgecom.simutil - Using SVM-based memory pool on <pyopencl.Device 'Tesla V100-SXM2-16GB' on 'Portable Computing Language' at 0x103ba56a0>.
2025-06-15 23:25:14,628 - INFO - mirgecom.simutil - Using SVM-based memory pool on <pyopencl.Device 'Tesla V100-SXM2-16GB' on 'Portable Computing Language' at 0x103e9a610>.
2025-06-15 23:25:14,630 - INFO - mirgecom.simutil - Using SVM-based memory pool on <pyopencl.Device 'Tesla V100-SXM2-16GB' on 'Portable Computing Language' at 0x103c2b0b0>.
2025-06-15 23:25:14,637 - INFO - mirgecom.simutil - Using SVM-based memory pool on <pyopencl.Device 'Tesla V100-SXM2-16GB' on 'Portable Computing Language' at 0x103bebbd0>.
2025-06-15 23:25:14,641 - INFO - mirgecom.simutil - Using SVM-based memory pool on <pyopencl.Device 'Tesla V100-SXM2-16GB' on 'Portable Computing Language' at 0x103e16a20>.
2025-06-15 23:25:14,643 - INFO - mirgecom.simutil - Using SVM-based memory pool on <pyopencl.Device 'Tesla V100-SXM2-16GB' on 'Portable Computing Language' at 0x103c2ecc0>.
2025-06-15 23:25:14,655 - INFO - mirgecom.simutil - Using SVM-based memory pool on <pyopencl.Device 'Tesla V100-SXM2-16GB' on 'Portable Computing Language' at 0x103edf810>.
2025-06-15 23:25:14,656 - INFO - mirgecom.simutil - Using SVM-based memory pool on <pyopencl.Device 'Tesla V100-SXM2-16GB' on 'Portable Computing Language' at 0x103e56a20>.
2025-06-15 23:25:14,656 - INFO - mirgecom.simutil - Using SVM-based memory pool on <pyopencl.Device 'Tesla V100-SXM2-16GB' on 'Portable Computing Language' at 0x103beee10>.
2025-06-15 23:25:14,668 - INFO - mirgecom.simutil - Using SVM-based memory pool on <pyopencl.Device 'Tesla V100-SXM2-16GB' on 'Portable Computing Language' at 0x103bed9e0>.
2025-06-15 23:25:14,669 - INFO - mirgecom.simutil - Using SVM-based memory pool on <pyopencl.Device 'Tesla V100-SXM2-16GB' on 'Portable Computing Language' at 0x103f974c0>.
2025-06-15 23:25:14,669 - INFO - mirgecom.simutil - Using SVM-based memory pool on <pyopencl.Device 'Tesla V100-SXM2-16GB' on 'Portable Computing Language' at 0x103ed7390>.
2025-06-15 23:25:14,673 - INFO - mirgecom.simutil - Using SVM-based memory pool on <pyopencl.Device 'Tesla V100-SXM2-16GB' on 'Portable Computing Language' at 0x103e5f930>.
2025-06-15 23:25:14,688 - INFO - mirgecom.simutil - Using SVM-based memory pool on <pyopencl.Device 'Tesla V100-SXM2-16GB' on 'Portable Computing Language' at 0x103e971e0>.
2025-06-15 23:25:14,710 - INFO - mirgecom.simutil - Using SVM-based memory pool on <pyopencl.Device 'Tesla V100-SXM2-16GB' on 'Portable Computing Language' at 0x103c2b0b0>.
2025-06-15 23:25:14,723 - INFO - mirgecom.simutil - Using SVM-based memory pool on <pyopencl.Device 'Tesla V100-SXM2-16GB' on 'Portable Computing Language' at 0x103babad0>.
2025-06-15 23:25:14,859 - INFO - mirgecom.simutil - Using SVM-based memory pool on <pyopencl.Device 'Tesla V100-SXM2-16GB' on 'Portable Computing Language' at 0x10412c760>.
2025-06-15 23:25:14,912 - INFO - mirgecom.simutil - Using SVM-based memory pool on <pyopencl.Device 'Tesla V100-SXM2-16GB' on 'Portable Computing Language' at 0x103b2ba50>.
2025-06-15 23:25:14,949 - INFO - mirgecom.simutil - Using SVM-based memory pool on <pyopencl.Device 'Tesla V100-SXM2-16GB' on 'Portable Computing Language' at 0x10416f620>.
2025-06-15 23:25:14,962 - INFO - mirgecom.simutil - Using SVM-based memory pool on <pyopencl.Device 'Tesla V100-SXM2-16GB' on 'Portable Computing Language' at 0x103baecc0>.
2025-06-15 23:25:15,059 - INFO - mirgecom.array_context - Rank 9 disk cache config: loopy: True (/p/gpfs1/mtcampbe/CEESD/AutomatedTesting/MIRGE-Timing/timing/timing-run-caches/xdg-cache/rank9); pyopencl: True (/p/gpfs1/mtcampbe/CEESD/AutomatedTesting/MIRGE-Timing/timing/timing-run-caches/xdg-cache/rank9); pocl: True (/p/gpfs1/mtcampbe/CEESD/AutomatedTesting/MIRGE-Timing/timing/timing-run-caches/xdg-cache/rank9); cuda: True (/p/gpfs1/mtcampbe/CEESD/AutomatedTesting/MIRGE-Timing/timing/timing-run-caches/cuda-cache/rank9);

2025-06-15 23:25:15,059 - INFO - mirgecom.array_context - Rank 8 disk cache config: loopy: True (/p/gpfs1/mtcampbe/CEESD/AutomatedTesting/MIRGE-Timing/timing/timing-run-caches/xdg-cache/rank8); pyopencl: True (/p/gpfs1/mtcampbe/CEESD/AutomatedTesting/MIRGE-Timing/timing/timing-run-caches/xdg-cache/rank8); pocl: True (/p/gpfs1/mtcampbe/CEESD/AutomatedTesting/MIRGE-Timing/timing/timing-run-caches/xdg-cache/rank8); cuda: True (/p/gpfs1/mtcampbe/CEESD/AutomatedTesting/MIRGE-Timing/timing/timing-run-caches/cuda-cache/rank8);

2025-06-15 23:25:15,059 - INFO - mirgecom.array_context - Rank 25 disk cache config: loopy: True (/p/gpfs1/mtcampbe/CEESD/AutomatedTesting/MIRGE-Timing/timing/timing-run-caches/xdg-cache/rank25); pyopencl: True (/p/gpfs1/mtcampbe/CEESD/AutomatedTesting/MIRGE-Timing/timing/timing-run-caches/xdg-cache/rank25); pocl: True (/p/gpfs1/mtcampbe/CEESD/AutomatedTesting/MIRGE-Timing/timing/timing-run-caches/xdg-cache/rank25); cuda: True (/p/gpfs1/mtcampbe/CEESD/AutomatedTesting/MIRGE-Timing/timing/timing-run-caches/cuda-cache/rank25);

2025-06-15 23:25:15,059 - INFO - mirgecom.array_context - Rank 11 disk cache config: loopy: True (/p/gpfs1/mtcampbe/CEESD/AutomatedTesting/MIRGE-Timing/timing/timing-run-caches/xdg-cache/rank11); pyopencl: True (/p/gpfs1/mtcampbe/CEESD/AutomatedTesting/MIRGE-Timing/timing/timing-run-caches/xdg-cache/rank11); pocl: True (/p/gpfs1/mtcampbe/CEESD/AutomatedTesting/MIRGE-Timing/timing/timing-run-caches/xdg-cache/rank11); cuda: True (/p/gpfs1/mtcampbe/CEESD/AutomatedTesting/MIRGE-Timing/timing/timing-run-caches/cuda-cache/rank11);

2025-06-15 23:25:15,059 - INFO - mirgecom.array_context - Rank 10 disk cache config: loopy: True (/p/gpfs1/mtcampbe/CEESD/AutomatedTesting/MIRGE-Timing/timing/timing-run-caches/xdg-cache/rank10); pyopencl: True (/p/gpfs1/mtcampbe/CEESD/AutomatedTesting/MIRGE-Timing/timing/timing-run-caches/xdg-cache/rank10); pocl: True (/p/gpfs1/mtcampbe/CEESD/AutomatedTesting/MIRGE-Timing/timing/timing-run-caches/xdg-cache/rank10); cuda: True (/p/gpfs1/mtcampbe/CEESD/AutomatedTesting/MIRGE-Timing/timing/timing-run-caches/cuda-cache/rank10);

2025-06-15 23:25:15,059 - INFO - mirgecom.array_context - Rank 1 disk cache config: loopy: True (/p/gpfs1/mtcampbe/CEESD/AutomatedTesting/MIRGE-Timing/timing/timing-run-caches/xdg-cache/rank1); pyopencl: True (/p/gpfs1/mtcampbe/CEESD/AutomatedTesting/MIRGE-Timing/timing/timing-run-caches/xdg-cache/rank1); pocl: True (/p/gpfs1/mtcampbe/CEESD/AutomatedTesting/MIRGE-Timing/timing/timing-run-caches/xdg-cache/rank1); cuda: True (/p/gpfs1/mtcampbe/CEESD/AutomatedTesting/MIRGE-Timing/timing/timing-run-caches/cuda-cache/rank1);

2025-06-15 23:25:15,059 - INFO - mirgecom.array_context - Rank 26 disk cache config: loopy: True (/p/gpfs1/mtcampbe/CEESD/AutomatedTesting/MIRGE-Timing/timing/timing-run-caches/xdg-cache/rank26); pyopencl: True (/p/gpfs1/mtcampbe/CEESD/AutomatedTesting/MIRGE-Timing/timing/timing-run-caches/xdg-cache/rank26); pocl: True (/p/gpfs1/mtcampbe/CEESD/AutomatedTesting/MIRGE-Timing/timing/timing-run-caches/xdg-cache/rank26); cuda: True (/p/gpfs1/mtcampbe/CEESD/AutomatedTesting/MIRGE-Timing/timing/timing-run-caches/cuda-cache/rank26);

2025-06-15 23:25:15,059 - INFO - mirgecom.array_context - Rank 28 disk cache config: loopy: True (/p/gpfs1/mtcampbe/CEESD/AutomatedTesting/MIRGE-Timing/timing/timing-run-caches/xdg-cache/rank28); pyopencl: True (/p/gpfs1/mtcampbe/CEESD/AutomatedTesting/MIRGE-Timing/timing/timing-run-caches/xdg-cache/rank28); pocl: True (/p/gpfs1/mtcampbe/CEESD/AutomatedTesting/MIRGE-Timing/timing/timing-run-caches/xdg-cache/rank28); cuda: True (/p/gpfs1/mtcampbe/CEESD/AutomatedTesting/MIRGE-Timing/timing/timing-run-caches/cuda-cache/rank28);

2025-06-15 23:25:15,059 - INFO - mirgecom.array_context - Rank 24 disk cache config: loopy: True (/p/gpfs1/mtcampbe/CEESD/AutomatedTesting/MIRGE-Timing/timing/timing-run-caches/xdg-cache/rank24); pyopencl: True (/p/gpfs1/mtcampbe/CEESD/AutomatedTesting/MIRGE-Timing/timing/timing-run-caches/xdg-cache/rank24); pocl: True (/p/gpfs1/mtcampbe/CEESD/AutomatedTesting/MIRGE-Timing/timing/timing-run-caches/xdg-cache/rank24); cuda: True (/p/gpfs1/mtcampbe/CEESD/AutomatedTesting/MIRGE-Timing/timing/timing-run-caches/cuda-cache/rank24);

2025-06-15 23:25:15,059 - INFO - mirgecom.array_context - Rank 29 disk cache config: loopy: True (/p/gpfs1/mtcampbe/CEESD/AutomatedTesting/MIRGE-Timing/timing/timing-run-caches/xdg-cache/rank29); pyopencl: True (/p/gpfs1/mtcampbe/CEESD/AutomatedTesting/MIRGE-Timing/timing/timing-run-caches/xdg-cache/rank29); pocl: True (/p/gpfs1/mtcampbe/CEESD/AutomatedTesting/MIRGE-Timing/timing/timing-run-caches/xdg-cache/rank29); cuda: True (/p/gpfs1/mtcampbe/CEESD/AutomatedTesting/MIRGE-Timing/timing/timing-run-caches/cuda-cache/rank29);

2025-06-15 23:25:15,059 - INFO - mirgecom.array_context - Rank 0 disk cache config: loopy: True (/p/gpfs1/mtcampbe/CEESD/AutomatedTesting/MIRGE-Timing/timing/timing-run-caches/xdg-cache/rank0); pyopencl: True (/p/gpfs1/mtcampbe/CEESD/AutomatedTesting/MIRGE-Timing/timing/timing-run-caches/xdg-cache/rank0); pocl: True (/p/gpfs1/mtcampbe/CEESD/AutomatedTesting/MIRGE-Timing/timing/timing-run-caches/xdg-cache/rank0); cuda: True (/p/gpfs1/mtcampbe/CEESD/AutomatedTesting/MIRGE-Timing/timing/timing-run-caches/cuda-cache/rank0);

2025-06-15 23:25:15,059 - INFO - mirgecom.array_context - Rank 4 disk cache config: loopy: True (/p/gpfs1/mtcampbe/CEESD/AutomatedTesting/MIRGE-Timing/timing/timing-run-caches/xdg-cache/rank4); pyopencl: True (/p/gpfs1/mtcampbe/CEESD/AutomatedTesting/MIRGE-Timing/timing/timing-run-caches/xdg-cache/rank4); pocl: True (/p/gpfs1/mtcampbe/CEESD/AutomatedTesting/MIRGE-Timing/timing/timing-run-caches/xdg-cache/rank4); cuda: True (/p/gpfs1/mtcampbe/CEESD/AutomatedTesting/MIRGE-Timing/timing/timing-run-caches/cuda-cache/rank4);

2025-06-15 23:25:15,059 - INFO - mirgecom.array_context - Rank 27 disk cache config: loopy: True (/p/gpfs1/mtcampbe/CEESD/AutomatedTesting/MIRGE-Timing/timing/timing-run-caches/xdg-cache/rank27); pyopencl: True (/p/gpfs1/mtcampbe/CEESD/AutomatedTesting/MIRGE-Timing/timing/timing-run-caches/xdg-cache/rank27); pocl: True (/p/gpfs1/mtcampbe/CEESD/AutomatedTesting/MIRGE-Timing/timing/timing-run-caches/xdg-cache/rank27); cuda: True (/p/gpfs1/mtcampbe/CEESD/AutomatedTesting/MIRGE-Timing/timing/timing-run-caches/cuda-cache/rank27);

2025-06-15 23:25:15,059 - INFO - mirgecom.array_context - Rank 31 disk cache config: loopy: True (/p/gpfs1/mtcampbe/CEESD/AutomatedTesting/MIRGE-Timing/timing/timing-run-caches/xdg-cache/rank31); pyopencl: True (/p/gpfs1/mtcampbe/CEESD/AutomatedTesting/MIRGE-Timing/timing/timing-run-caches/xdg-cache/rank31); pocl: True (/p/gpfs1/mtcampbe/CEESD/AutomatedTesting/MIRGE-Timing/timing/timing-run-caches/xdg-cache/rank31); cuda: True (/p/gpfs1/mtcampbe/CEESD/AutomatedTesting/MIRGE-Timing/timing/timing-run-caches/cuda-cache/rank31);

2025-06-15 23:25:15,059 - INFO - mirgecom.array_context - Rank 30 disk cache config: loopy: True (/p/gpfs1/mtcampbe/CEESD/AutomatedTesting/MIRGE-Timing/timing/timing-run-caches/xdg-cache/rank30); pyopencl: True (/p/gpfs1/mtcampbe/CEESD/AutomatedTesting/MIRGE-Timing/timing/timing-run-caches/xdg-cache/rank30); pocl: True (/p/gpfs1/mtcampbe/CEESD/AutomatedTesting/MIRGE-Timing/timing/timing-run-caches/xdg-cache/rank30); cuda: True (/p/gpfs1/mtcampbe/CEESD/AutomatedTesting/MIRGE-Timing/timing/timing-run-caches/cuda-cache/rank30);

2025-06-15 23:25:15,059 - INFO - mirgecom.array_context - Rank 17 disk cache config: loopy: True (/p/gpfs1/mtcampbe/CEESD/AutomatedTesting/MIRGE-Timing/timing/timing-run-caches/xdg-cache/rank17); pyopencl: True (/p/gpfs1/mtcampbe/CEESD/AutomatedTesting/MIRGE-Timing/timing/timing-run-caches/xdg-cache/rank17); pocl: True (/p/gpfs1/mtcampbe/CEESD/AutomatedTesting/MIRGE-Timing/timing/timing-run-caches/xdg-cache/rank17); cuda: True (/p/gpfs1/mtcampbe/CEESD/AutomatedTesting/MIRGE-Timing/timing/timing-run-caches/cuda-cache/rank17);

2025-06-15 23:25:15,059 - INFO - mirgecom.array_context - Rank 2 disk cache config: loopy: True (/p/gpfs1/mtcampbe/CEESD/AutomatedTesting/MIRGE-Timing/timing/timing-run-caches/xdg-cache/rank2); pyopencl: True (/p/gpfs1/mtcampbe/CEESD/AutomatedTesting/MIRGE-Timing/timing/timing-run-caches/xdg-cache/rank2); pocl: True (/p/gpfs1/mtcampbe/CEESD/AutomatedTesting/MIRGE-Timing/timing/timing-run-caches/xdg-cache/rank2); cuda: True (/p/gpfs1/mtcampbe/CEESD/AutomatedTesting/MIRGE-Timing/timing/timing-run-caches/cuda-cache/rank2);

2025-06-15 23:25:15,059 - INFO - mirgecom.array_context - Rank 6 disk cache config: loopy: True (/p/gpfs1/mtcampbe/CEESD/AutomatedTesting/MIRGE-Timing/timing/timing-run-caches/xdg-cache/rank6); pyopencl: True (/p/gpfs1/mtcampbe/CEESD/AutomatedTesting/MIRGE-Timing/timing/timing-run-caches/xdg-cache/rank6); pocl: True (/p/gpfs1/mtcampbe/CEESD/AutomatedTesting/MIRGE-Timing/timing/timing-run-caches/xdg-cache/rank6); cuda: True (/p/gpfs1/mtcampbe/CEESD/AutomatedTesting/MIRGE-Timing/timing/timing-run-caches/cuda-cache/rank6);

2025-06-15 23:25:15,059 - INFO - mirgecom.array_context - Rank 18 disk cache config: loopy: True (/p/gpfs1/mtcampbe/CEESD/AutomatedTesting/MIRGE-Timing/timing/timing-run-caches/xdg-cache/rank18); pyopencl: True (/p/gpfs1/mtcampbe/CEESD/AutomatedTesting/MIRGE-Timing/timing/timing-run-caches/xdg-cache/rank18); pocl: True (/p/gpfs1/mtcampbe/CEESD/AutomatedTesting/MIRGE-Timing/timing/timing-run-caches/xdg-cache/rank18); cuda: True (/p/gpfs1/mtcampbe/CEESD/AutomatedTesting/MIRGE-Timing/timing/timing-run-caches/cuda-cache/rank18);

2025-06-15 23:25:15,059 - INFO - mirgecom.array_context - Rank 3 disk cache config: loopy: True (/p/gpfs1/mtcampbe/CEESD/AutomatedTesting/MIRGE-Timing/timing/timing-run-caches/xdg-cache/rank3); pyopencl: True (/p/gpfs1/mtcampbe/CEESD/AutomatedTesting/MIRGE-Timing/timing/timing-run-caches/xdg-cache/rank3); pocl: True (/p/gpfs1/mtcampbe/CEESD/AutomatedTesting/MIRGE-Timing/timing/timing-run-caches/xdg-cache/rank3); cuda: True (/p/gpfs1/mtcampbe/CEESD/AutomatedTesting/MIRGE-Timing/timing/timing-run-caches/cuda-cache/rank3);

2025-06-15 23:25:15,059 - INFO - mirgecom.array_context - Rank 12 disk cache config: loopy: True (/p/gpfs1/mtcampbe/CEESD/AutomatedTesting/MIRGE-Timing/timing/timing-run-caches/xdg-cache/rank12); pyopencl: True (/p/gpfs1/mtcampbe/CEESD/AutomatedTesting/MIRGE-Timing/timing/timing-run-caches/xdg-cache/rank12); pocl: True (/p/gpfs1/mtcampbe/CEESD/AutomatedTesting/MIRGE-Timing/timing/timing-run-caches/xdg-cache/rank12); cuda: True (/p/gpfs1/mtcampbe/CEESD/AutomatedTesting/MIRGE-Timing/timing/timing-run-caches/cuda-cache/rank12);

2025-06-15 23:25:15,059 - INFO - mirgecom.array_context - Rank 16 disk cache config: loopy: True (/p/gpfs1/mtcampbe/CEESD/AutomatedTesting/MIRGE-Timing/timing/timing-run-caches/xdg-cache/rank16); pyopencl: True (/p/gpfs1/mtcampbe/CEESD/AutomatedTesting/MIRGE-Timing/timing/timing-run-caches/xdg-cache/rank16); pocl: True (/p/gpfs1/mtcampbe/CEESD/AutomatedTesting/MIRGE-Timing/timing/timing-run-caches/xdg-cache/rank16); cuda: True (/p/gpfs1/mtcampbe/CEESD/AutomatedTesting/MIRGE-Timing/timing/timing-run-caches/cuda-cache/rank16);

Setting force_eval = False for pre-compiled time integration
2025-06-15 23:25:15,059 - INFO - mirgecom.array_context - Rank 5 disk cache config: loopy: True (/p/gpfs1/mtcampbe/CEESD/AutomatedTesting/MIRGE-Timing/timing/timing-run-caches/xdg-cache/rank5); pyopencl: True (/p/gpfs1/mtcampbe/CEESD/AutomatedTesting/MIRGE-Timing/timing/timing-run-caches/xdg-cache/rank5); pocl: True (/p/gpfs1/mtcampbe/CEESD/AutomatedTesting/MIRGE-Timing/timing/timing-run-caches/xdg-cache/rank5); cuda: True (/p/gpfs1/mtcampbe/CEESD/AutomatedTesting/MIRGE-Timing/timing/timing-run-caches/cuda-cache/rank5);

2025-06-15 23:25:15,059 - INFO - mirgecom.array_context - Rank 19 disk cache config: loopy: True (/p/gpfs1/mtcampbe/CEESD/AutomatedTesting/MIRGE-Timing/timing/timing-run-caches/xdg-cache/rank19); pyopencl: True (/p/gpfs1/mtcampbe/CEESD/AutomatedTesting/MIRGE-Timing/timing/timing-run-caches/xdg-cache/rank19); pocl: True (/p/gpfs1/mtcampbe/CEESD/AutomatedTesting/MIRGE-Timing/timing/timing-run-caches/xdg-cache/rank19); cuda: True (/p/gpfs1/mtcampbe/CEESD/AutomatedTesting/MIRGE-Timing/timing/timing-run-caches/cuda-cache/rank19);

Shock capturing parameters: alpha 0.01, s0 -6.408239965311849, kappa 0.5
Smoothing characteristic length for use in artificial viscosity
smoothing_alpha 1e-12
Artificial viscosity smoothness_alpha=1e-12
Artificial viscosity smoothness_tau=1e-12
Artificial viscosity using modified transport properties
2025-06-15 23:25:15,059 - INFO - mirgecom.array_context - Rank 13 disk cache config: loopy: True (/p/gpfs1/mtcampbe/CEESD/AutomatedTesting/MIRGE-Timing/timing/timing-run-caches/xdg-cache/rank13); pyopencl: True (/p/gpfs1/mtcampbe/CEESD/AutomatedTesting/MIRGE-Timing/timing/timing-run-caches/xdg-cache/rank13); pocl: True (/p/gpfs1/mtcampbe/CEESD/AutomatedTesting/MIRGE-Timing/timing/timing-run-caches/xdg-cache/rank13); cuda: True (/p/gpfs1/mtcampbe/CEESD/AutomatedTesting/MIRGE-Timing/timing/timing-run-caches/cuda-cache/rank13);

	 mu, beta, kappa
Shock capturing parameters:
	av_mu 0.1
	av_beta 6.0
	av_kappa 1.0
	av_prantdl 0.9
stagnation temperature 2076.43

#### Simluation control data: ####
	nrestart = 1000
	nhealth = -1
	nstatus = -1
	Constant dt mode, current_dt = 1e-13
	t_final = 2e-11
	order = 4
	dimension = 3
	Time integration compiled_lsrk542025-06-15 23:25:15,059 - INFO - mirgecom.array_context - Rank 7 disk cache config: loopy: True (/p/gpfs1/mtcampbe/CEESD/AutomatedTesting/MIRGE-Timing/timing/timing-run-caches/xdg-cache/rank7); pyopencl: True (/p/gpfs1/mtcampbe/CEESD/AutomatedTesting/MIRGE-Timing/timing/timing-run-caches/xdg-cache/rank7); pocl: True (/p/gpfs1/mtcampbe/CEESD/AutomatedTesting/MIRGE-Timing/timing/timing-run-caches/xdg-cache/rank7); cuda: True (/p/gpfs1/mtcampbe/CEESD/AutomatedTesting/MIRGE-Timing/timing/timing-run-caches/cuda-cache/rank7);


   Boundary Conditions:
	Checking for outflow boundary in mesh.
	Checking for inflow boundary in mesh.
	Checking for flow boundary in mesh.
	Checking for injection boundary in mesh.
	Checking for upstream_injection boundary in mesh.
	Checking for isothermal_wall boundary in mesh.
	Checking for wall boundary in mesh.
	Checking for slip_wall boundary in mesh.
	Checking for noslip_wall boundary in mesh.
	Checking for symmetry boundary in mesh.
	Checking for wall_interface boundary in mesh.

	Interface wall boundary conditions are noslip for velocity
#### Simluation control data: ####


#### Visualization setup: ####
	Basic visualization output enabled.
	(cv, dv, cfl)
	Extra visualization output enabled for derived quantities.
	(velocity, mass_fractions, etc.)
	Writing viz data every 1000 steps.2025-06-15 23:25:15,059 - INFO - mirgecom.array_context - Rank 14 disk cache config: loopy: True (/p/gpfs1/mtcampbe/CEESD/AutomatedTesting/MIRGE-Timing/timing/timing-run-caches/xdg-cache/rank14); pyopencl: True (/p/gpfs1/mtcampbe/CEESD/AutomatedTesting/MIRGE-Timing/timing/timing-run-caches/xdg-cache/rank14); pocl: True (/p/gpfs1/mtcampbe/CEESD/AutomatedTesting/MIRGE-Timing/timing/timing-run-caches/xdg-cache/rank14); cuda: True (/p/gpfs1/mtcampbe/CEESD/AutomatedTesting/MIRGE-Timing/timing/timing-run-caches/cuda-cache/rank14);


#### Visualization setup: ####

#### Simluation initialization data: ####
	Initializing flow to y3prediction
	Inflow stagnation pressure 274500.0
	Inflow stagnation temperature 2076.43
	Injection stagnation pressure 50400.0
	Injection stagnation temperature 300.0
	Upstream injection stagnation pressure50400.0
	Upstream injection stagnation temperature300.0
#### Simluation initialization data: ####
2025-06-15 23:25:15,059 - INFO - mirgecom.array_context - Rank 21 disk cache config: loopy: True (/p/gpfs1/mtcampbe/CEESD/AutomatedTesting/MIRGE-Timing/timing/timing-run-caches/xdg-cache/rank21); pyopencl: True (/p/gpfs1/mtcampbe/CEESD/AutomatedTesting/MIRGE-Timing/timing/timing-run-caches/xdg-cache/rank21); pocl: True (/p/gpfs1/mtcampbe/CEESD/AutomatedTesting/MIRGE-Timing/timing/timing-run-caches/xdg-cache/rank21); cuda: True (/p/gpfs1/mtcampbe/CEESD/AutomatedTesting/MIRGE-Timing/timing/timing-run-caches/cuda-cache/rank21);


#### Simluation setup data: ####
	vel_sigma = 500
	temp_sigma = 1250
	vel_sigma_injection = 5000
	temp_sigma_injection = 5000
#### Simluation setup data: ####

#### Ignition control parameters ####
spark center (0.677,-0.021)
spark FWHM 0.02
2025-06-15 23:25:15,059 - INFO - mirgecom.array_context - Rank 15 disk cache config: loopy: True (/p/gpfs1/mtcampbe/CEESD/AutomatedTesting/MIRGE-Timing/timing/timing-run-caches/xdg-cache/rank15); pyopencl: True (/p/gpfs1/mtcampbe/CEESD/AutomatedTesting/MIRGE-Timing/timing/timing-run-caches/xdg-cache/rank15); pocl: True (/p/gpfs1/mtcampbe/CEESD/AutomatedTesting/MIRGE-Timing/timing/timing-run-caches/xdg-cache/rank15); cuda: True (/p/gpfs1/mtcampbe/CEESD/AutomatedTesting/MIRGE-Timing/timing/timing-run-caches/cuda-cache/rank15);

spark strength 600.0
ignition time 5e-08
ignition duration 1e-08
heat source ignition
#### Ignition control parameters ####


Setting inviscid numerical flux to: Rusanov
Setting viscous numerical flux to: Harmonic

2025-06-15 23:25:15,059 - INFO - mirgecom.array_context - Rank 20 disk cache config: loopy: True (/p/gpfs1/mtcampbe/CEESD/AutomatedTesting/MIRGE-Timing/timing/timing-run-caches/xdg-cache/rank20); pyopencl: True (/p/gpfs1/mtcampbe/CEESD/AutomatedTesting/MIRGE-Timing/timing/timing-run-caches/xdg-cache/rank20); pocl: True (/p/gpfs1/mtcampbe/CEESD/AutomatedTesting/MIRGE-Timing/timing/timing-run-caches/xdg-cache/rank20); cuda: True (/p/gpfs1/mtcampbe/CEESD/AutomatedTesting/MIRGE-Timing/timing/timing-run-caches/cuda-cache/rank20);

2025-06-15 23:25:15,059 - INFO - mirgecom.array_context - Rank 22 disk cache config: loopy: True (/p/gpfs1/mtcampbe/CEESD/AutomatedTesting/MIRGE-Timing/timing/timing-run-caches/xdg-cache/rank22); pyopencl: True (/p/gpfs1/mtcampbe/CEESD/AutomatedTesting/MIRGE-Timing/timing/timing-run-caches/xdg-cache/rank22); pocl: True (/p/gpfs1/mtcampbe/CEESD/AutomatedTesting/MIRGE-Timing/timing/timing-run-caches/xdg-cache/rank22); cuda: True (/p/gpfs1/mtcampbe/CEESD/AutomatedTesting/MIRGE-Timing/timing/timing-run-caches/cuda-cache/rank22);

2025-06-15 23:25:15,059 - INFO - mirgecom.array_context - Rank 23 disk cache config: loopy: True (/p/gpfs1/mtcampbe/CEESD/AutomatedTesting/MIRGE-Timing/timing/timing-run-caches/xdg-cache/rank23); pyopencl: True (/p/gpfs1/mtcampbe/CEESD/AutomatedTesting/MIRGE-Timing/timing/timing-run-caches/xdg-cache/rank23); pocl: True (/p/gpfs1/mtcampbe/CEESD/AutomatedTesting/MIRGE-Timing/timing/timing-run-caches/xdg-cache/rank23); cuda: True (/p/gpfs1/mtcampbe/CEESD/AutomatedTesting/MIRGE-Timing/timing/timing-run-caches/cuda-cache/rank23);


#### Simluation material properties: ####
#### Fluid domain: ####
	mu = 4.216360056e-05
	kappa = 0.05621788139856423
	Prandtl Number  = 0.75
	nspecies = 7
	full multi-species initialization with pyrometheus eos
	combustion source terms enabled
	Pyrometheus EOS
	Pyro mechanism uiuc_sharp

Species mass fractions limited to [0:1]
#### Wall domain: ####
	Reactive wall model for porous media
	Wall oxidizer transport enabled
	 Wall mass loss enabled
	Wall density = 1625
	Wall cp = 770
	Wall O2 diff = 0.0001
	Wall surround density = 7900.0
	Wall surround cp = 470
	Wall surround kappa = 48
	Wall time scale = 100
	Wall penalty = 0
#### Simluation material properties: ####
species_names=['C2H4', 'O2', 'CO2', 'CO', 'H2O', 'H2', 'N2']
species_names=['C2H4', 'O2', 'CO2', 'CO', 'H2O', 'H2', 'N2']
{'C2H4': 0.0001, 'O2': 0.0001, 'CO2': 0.0001, 'CO': 0.0001, 'H2O': 0.0001, 'H2': 0.0001, 'N2': 0.0001}
species_names=['C2H4', 'O2', 'CO2', 'CO', 'H2O', 'H2', 'N2']
{'C2H4': 0.0001, 'O2': 0.0001, 'CO2': 0.0001, 'CO': 0.0001, 'H2O': 0.0001, 'H2': 0.0001, 'N2': 0.0001}
species_names=['C2H4', 'O2', 'CO2', 'CO', 'H2O', 'H2', 'N2']
{'C2H4': 0.0001, 'O2': 0.0001, 'CO2': 0.0001, 'CO': 0.0001, 'H2O': 0.0001, 'H2': 0.0001, 'N2': 0.0001}
{'C2H4': 0.0001, 'O2': 0.0001, 'CO2': 0.0001, 'CO': 0.0001, 'H2O': 0.0001, 'H2': 0.0001, 'N2': 0.0001}
species_names=['C2H4', 'O2', 'CO2', 'CO', 'H2O', 'H2', 'N2']
{'C2H4': 0.0001, 'O2': 0.0001, 'CO2': 0.0001, 'CO': 0.0001, 'H2O': 0.0001, 'H2': 0.0001, 'N2': 0.0001}
species_names=['C2H4', 'O2', 'CO2', 'CO', 'H2O', 'H2', 'N2']
{'C2H4': 0.0001, 'O2': 0.0001, 'CO2': 0.0001, 'CO': 0.0001, 'H2O': 0.0001, 'H2': 0.0001, 'N2': 0.0001}
species_names=['C2H4', 'O2', 'CO2', 'CO', 'H2O', 'H2', 'N2']
{'C2H4': 0.0001, 'O2': 0.0001, 'CO2': 0.0001, 'CO': 0.0001, 'H2O': 0.0001, 'H2': 0.0001, 'N2': 0.0001}
species_names=['C2H4', 'O2', 'CO2', 'CO', 'H2O', 'H2', 'N2']
{'C2H4': 0.0001, 'O2': 0.0001, 'CO2': 0.0001, 'CO': 0.0001, 'H2O': 0.0001, 'H2': 0.0001, 'N2': 0.0001}
species_names=['C2H4', 'O2', 'CO2', 'CO', 'H2O', 'H2', 'N2']
{'C2H4': 0.0001, 'O2': 0.0001, 'CO2': 0.0001, 'CO': 0.0001, 'H2O': 0.0001, 'H2': 0.0001, 'N2': 0.0001}species_names=['C2H4', 'O2', 'CO2', 'CO', 'H2O', 'H2', 'N2']
{'C2H4': 0.0001, 'O2': 0.0001, 'CO2': 0.0001, 'CO': 0.0001, 'H2O': 0.0001, 'H2': 0.0001, 'N2': 0.0001}
species_names=['C2H4', 'O2', 'CO2', 'CO', 'H2O', 'H2', 'N2']
{'C2H4': 0.0001, 'O2': 0.0001, 'CO2': 0.0001, 'CO': 0.0001, 'H2O': 0.0001, 'H2': 0.0001, 'N2': 0.0001}
species_names=['C2H4', 'O2', 'CO2', 'CO', 'H2O', 'H2', 'N2']
{'C2H4': 0.0001, 'O2': 0.0001, 'CO2': 0.0001, 'CO': 0.0001, 'H2O': 0.0001, 'H2': 0.0001, 'N2': 0.0001}
species_names=['C2H4', 'O2', 'CO2', 'CO', 'H2O', 'H2', 'N2']
{'C2H4': 0.0001, 'O2': 0.0001, 'CO2': 0.0001, 'CO': 0.0001, 'H2O': 0.0001, 'H2': 0.0001, 'N2': 0.0001}
species_names=['C2H4', 'O2', 'CO2', 'CO', 'H2O', 'H2', 'N2']
species_names=['C2H4', 'O2', 'CO2', 'CO', 'H2O', 'H2', 'N2']
{'C2H4': 0.0001, 'O2': 0.0001, 'CO2': 0.0001, 'CO': 0.0001, 'H2O': 0.0001, 'H2': 0.0001, 'N2': 0.0001}
species_names=['C2H4', 'O2', 'CO2', 'CO', 'H2O', 'H2', 'N2']
{'C2H4': 0.0001, 'O2': 0.0001, 'CO2': 0.0001, 'CO': 0.0001, 'H2O': 0.0001, 'H2': 0.0001, 'N2': 0.0001}
species_names=['C2H4', 'O2', 'CO2', 'CO', 'H2O', 'H2', 'N2']
species_names=['C2H4', 'O2', 'CO2', 'CO', 'H2O', 'H2', 'N2']
{'C2H4': 0.0001, 'O2': 0.0001, 'CO2': 0.0001, 'CO': 0.0001, 'H2O': 0.0001, 'H2': 0.0001, 'N2': 0.0001}
	 Power law transport model:
		 temperature dependent viscosity, species diffusivity
	transport_alpha = 0.6
	transport_beta = 4.093e-07
	transport_sigma = 2.0
species_names=['C2H4', 'O2', 'CO2', 'CO', 'H2O', 'H2', 'N2']
{'C2H4': 0.0001, 'O2': 0.0001, 'CO2': 0.0001, 'CO': 0.0001, 'H2O': 0.0001, 'H2': 0.0001, 'N2': 0.0001}
species_names=['C2H4', 'O2', 'CO2', 'CO', 'H2O', 'H2', 'N2']

species_names=['C2H4', 'O2', 'CO2', 'CO', 'H2O', 'H2', 'N2']
{'C2H4': 0.0001, 'O2': 0.0001, 'CO2': 0.0001, 'CO': 0.0001, 'H2O': 0.0001, 'H2': 0.0001, 'N2': 0.0001}
	transport_n = 0.666
species_names=['C2H4', 'O2', 'CO2', 'CO', 'H2O', 'H2', 'N2']
{'C2H4': 0.0001, 'O2': 0.0001, 'CO2': 0.0001, 'CO': 0.0001, 'H2O': 0.0001, 'H2': 0.0001, 'N2': 0.0001}
species_names=['C2H4', 'O2', 'CO2', 'CO', 'H2O', 'H2', 'N2']
{'C2H4': 0.0001, 'O2': 0.0001, 'CO2': 0.0001, 'CO': 0.0001, 'H2O': 0.0001, 'H2': 0.0001, 'N2': 0.0001}
species_names=['C2H4', 'O2', 'CO2', 'CO', 'H2O', 'H2', 'N2']
{'C2H4': 0.0001, 'O2': 0.0001, 'CO2': 0.0001, 'CO': 0.0001, 'H2O': 0.0001, 'H2': 0.0001, 'N2': 0.0001}
	species diffusivity = [0.0001 0.0001 0.0001 0.0001 0.0001 0.0001 0.0001]
species_names=['C2H4', 'O2', 'CO2', 'CO', 'H2O', 'H2', 'N2']
{'C2H4': 0.0001, 'O2': 0.0001, 'CO2': 0.0001, 'CO': 0.0001, 'H2O': 0.0001, 'H2': 0.0001, 'N2': 0.0001}
{'C2H4': 0.0001, 'O2': 0.0001, 'CO2': 0.0001, 'CO': 0.0001, 'H2O': 0.0001, 'H2': 0.0001, 'N2': 0.0001}
species_names=['C2H4', 'O2', 'CO2', 'CO', 'H2O', 'H2', 'N2']
{'C2H4': 0.0001, 'O2': 0.0001, 'CO2': 0.0001, 'CO': 0.0001, 'H2O': 0.0001, 'H2': 0.0001, 'N2': 0.0001}
species_names=['C2H4', 'O2', 'CO2', 'CO', 'H2O', 'H2', 'N2']
{'C2H4': 0.0001, 'O2': 0.0001, 'CO2': 0.0001, 'CO': 0.0001, 'H2O': 0.0001, 'H2': 0.0001, 'N2': 0.0001}
species_names=['C2H4', 'O2', 'CO2', 'CO', 'H2O', 'H2', 'N2']
{'C2H4': 0.0001, 'O2': 0.0001, 'CO2': 0.0001, 'CO': 0.0001, 'H2O': 0.0001, 'H2': 0.0001, 'N2': 0.0001}
species_names=['C2H4', 'O2', 'CO2', 'CO', 'H2O', 'H2', 'N2']
{'C2H4': 0.0001, 'O2': 0.0001, 'CO2': 0.0001, 'CO': 0.0001, 'H2O': 0.0001, 'H2': 0.0001, 'N2': 0.0001}
{'C2H4': 0.0001, 'O2': 0.0001, 'CO2': 0.0001, 'CO': 0.0001, 'H2O': 0.0001, 'H2': 0.0001, 'N2': 0.0001}
species_names=['C2H4', 'O2', 'CO2', 'CO', 'H2O', 'H2', 'N2']
{'C2H4': 0.0001, 'O2': 0.0001, 'CO2': 0.0001, 'CO': 0.0001, 'H2O': 0.0001, 'H2': 0.0001, 'N2': 0.0001}
species_names=['C2H4', 'O2', 'CO2', 'CO', 'H2O', 'H2', 'N2']
{'C2H4': 0.0001, 'O2': 0.0001, 'CO2': 0.0001, 'CO': 0.0001, 'H2O': 0.0001, 'H2': 0.0001, 'N2': 0.0001}
species_names=['C2H4', 'O2', 'CO2', 'CO', 'H2O', 'H2', 'N2']
{'C2H4': 0.0001, 'O2': 0.0001, 'CO2': 0.0001, 'CO': 0.0001, 'H2O': 0.0001, 'H2': 0.0001, 'N2': 0.0001}
{'C2H4': 0.0001, 'O2': 0.0001, 'CO2': 0.0001, 'CO': 0.0001, 'H2O': 0.0001, 'H2': 0.0001, 'N2': 0.0001}
#### Simluation initialization data: ####
	inlet Mach number 0.039188827430281535
	inlet gamma 1.2942272392672118
	inlet temperature 2075.9609743385954
	inlet pressure 274227.36437127565
	inlet rho 0.4607349972974453
	inlet velocity 34.39515974209585
	********
	outlet Mach number 3.793040446574542
	outlet gamma 1.3777480529683475
	outlet temperature 558.5757736845096
	outlet pressure 2284.257055974718
	outlet rho 0.014263380803459059
	outlet velocity 1796.0265011633348
	********
	injector Mach number 1.0
	injector gamma 1.3246735835852341
	injector temperature 258.1007615257789
	injector pressure 27281.922529269654
	injector rho 0.1911428114322463
	injector velocity -434.8234312418551
Reading mesh from data/actii_np32.msh
Read(rank, batch): Dist(2, 0) on lassen616.
Reading mesh on lassen616.
Read(rank, batch): Dist(6, 0) on lassen635.
Reading mesh on lassen635.
Read(rank, batch): Dist(7, 0) on lassen790.
Reading mesh on lassen790.
Read(rank, batch): Dist(0, 0) on lassen132.
Reading mesh on lassen132.
Read(rank, batch): Dist(4, 0) on lassen622.
Reading mesh on lassen622.
Read(rank, batch): Dist(1, 0) on lassen461.
Reading mesh on lassen461.
Read(rank, batch): Dist(3, 0) on lassen617.
Reading mesh on lassen617.
Read(rank, batch): Dist(5, 0) on lassen623.
Reading mesh on lassen623.
Reading gmsh mesh from disk file...
Reading gmsh mesh from disk file...
Reading gmsh mesh from disk file...
Reading gmsh mesh from disk file...
Reading gmsh mesh from disk file...
Reading gmsh mesh from disk file...
Reading gmsh mesh from disk file...
Reading gmsh mesh from disk file...
Done. Populating meshmode data structures...
Done. Populating meshmode data structures...
Done. Populating meshmode data structures...
Done. Populating meshmode data structures...
Done. Populating meshmode data structures...
Done. Populating meshmode data structures...
Done. Populating meshmode data structures...
Done. Populating meshmode data structures...
Done.
Read GMSH: 13.84795069694519
MeshData: 28.644359350204468
Done.
Read GMSH: 13.792128324508667
MeshData: 28.757344245910645
Done.
Read GMSH: 13.801539659500122
MeshData: 28.753446102142334
Done.
Read GMSH: 13.794594526290894
MeshData: 28.7722749710083
Done.
Read GMSH: 13.884514808654785
MeshData: 28.703564167022705
Done.
Read GMSH: 13.870230674743652
MeshData: 28.752013683319092
Done.
Read GMSH: 13.924317598342896
MeshData: 28.73334050178528
Done.
Read GMSH: 13.8927001953125
MeshData: 28.808488368988037
Mesh reading done on all nodes.
Making partition table on all nodes.
2025-06-15 23:25:58,416 - WARNING - py.warnings - /p/gpfs1/mtcampbe/CEESD/AutomatedTesting/MIRGE-Timing/timing/emirge/mirgecom/mirgecom/simutil.py:602: UserWarning: num_ranks is deprecated, use nranks_per_axis instead.
  warn("num_ranks is deprecated, use nranks_per_axis instead.")

2025-06-15 23:25:58,415 - WARNING - py.warnings - /p/gpfs1/mtcampbe/CEESD/AutomatedTesting/MIRGE-Timing/timing/emirge/mirgecom/mirgecom/simutil.py:602: UserWarning: num_ranks is deprecated, use nranks_per_axis instead.
  warn("num_ranks is deprecated, use nranks_per_axis instead.")

2025-06-15 23:25:58,416 - WARNING - py.warnings - /p/gpfs1/mtcampbe/CEESD/AutomatedTesting/MIRGE-Timing/timing/emirge/mirgecom/mirgecom/simutil.py:602: UserWarning: num_ranks is deprecated, use nranks_per_axis instead.
  warn("num_ranks is deprecated, use nranks_per_axis instead.")

2025-06-15 23:25:58,416 - WARNING - py.warnings - /p/gpfs1/mtcampbe/CEESD/AutomatedTesting/MIRGE-Timing/timing/emirge/mirgecom/mirgecom/simutil.py:602: UserWarning: num_ranks is deprecated, use nranks_per_axis instead.
  warn("num_ranks is deprecated, use nranks_per_axis instead.")

2025-06-15 23:25:58,416 - WARNING - py.warnings - /p/gpfs1/mtcampbe/CEESD/AutomatedTesting/MIRGE-Timing/timing/emirge/mirgecom/mirgecom/simutil.py:602: UserWarning: num_ranks is deprecated, use nranks_per_axis instead.
  warn("num_ranks is deprecated, use nranks_per_axis instead.")

2025-06-15 23:25:58,416 - WARNING - py.warnings - /p/gpfs1/mtcampbe/CEESD/AutomatedTesting/MIRGE-Timing/timing/emirge/mirgecom/mirgecom/simutil.py:602: UserWarning: num_ranks is deprecated, use nranks_per_axis instead.
  warn("num_ranks is deprecated, use nranks_per_axis instead.")

2025-06-15 23:25:58,415 - WARNING - py.warnings - /p/gpfs1/mtcampbe/CEESD/AutomatedTesting/MIRGE-Timing/timing/emirge/mirgecom/mirgecom/simutil.py:602: UserWarning: num_ranks is deprecated, use nranks_per_axis instead.
  warn("num_ranks is deprecated, use nranks_per_axis instead.")

2025-06-15 23:25:58,416 - WARNING - py.warnings - /p/gpfs1/mtcampbe/CEESD/AutomatedTesting/MIRGE-Timing/timing/emirge/mirgecom/mirgecom/simutil.py:602: UserWarning: num_ranks is deprecated, use nranks_per_axis instead.
  warn("num_ranks is deprecated, use nranks_per_axis instead.")

Partitioning mesh on all nodes.
Partitioning done, distributing to node-local ranks.
Rank(0) mesh partition
---------------------------
Number of fluid elements: 24111
Number of elements: 24111
---------------------------
Rank(1) mesh partition
---------------------------
Number of fluid elements: 24147
Number of elements: 24147
---------------------------
Rank(2) mesh partition
---------------------------
Number of fluid elements: 23937
Number of elements: 23937
---------------------------
Rank(9) mesh partition
---------------------------
Number of fluid elements: 23873
Number of elements: 23873
---------------------------
Rank(8) mesh partition
---------------------------
Number of fluid elements: 24033
Number of elements: 24033
---------------------------
Rank(3) mesh partition
---------------------------
Number of fluid elements: 23988
Number of elements: 23988
---------------------------
Rank(4) mesh partition
---------------------------
Number of fluid elements: 23879
Number of elements: 23879
---------------------------
Rank(10) mesh partition
---------------------------
Number of fluid elements: 23958
Number of elements: 23958
---------------------------
Rank(11) mesh partition
---------------------------
Number of fluid elements: 18502
Number of wall elements: 5541
Number of elements: 24043
---------------------------
Rank(5) mesh partition
---------------------------
Number of fluid elements: 24016
Number of elements: 24016
---------------------------
Rank(6) mesh partition
---------------------------
Number of fluid elements: 24009
Number of elements: 24009
---------------------------
Rank(7) mesh partition
---------------------------
Number of fluid elements: 24024
Number of elements: 24024
---------------------------
Rank(12) mesh partition
---------------------------
Number of fluid elements: 9747
Number of wall elements: 14280
Number of elements: 24027
---------------------------
Rank(14) mesh partition
---------------------------
Number of fluid elements: 23793
Number of wall elements: 238
Number of elements: 24031
---------------------------Rank(13) mesh partition
---------------------------
Number of fluid elements: 9683
Number of wall elements: 14581
Number of elements: 24264
---------------------------
Rank(16) mesh partition
---------------------------
Number of fluid elements: 23839
Number of elements: 23839
---------------------------
Rank(24) mesh partition
---------------------------
Number of fluid elements: 23995
Number of elements: 23995
---------------------------
Rank(15) mesh partition
---------------------------
Number of fluid elements: 23972
Number of elements: 23972
---------------------------
Rank(17) mesh partition
---------------------------
Number of fluid elements: 11793
Number of wall elements: 12238
Number of elements: 24031
---------------------------
Rank(25) mesh partition
---------------------------
Number of fluid elements: 23901
Number of elements: 23901
---------------------------
Rank(28) mesh partition
---------------------------
Number of fluid elements: 24040
Number of elements: 24040
---------------------------
No target file specied, using restart as target
No target file specied, using restart as target
No target file specied, using restart as target
Rank(26) mesh partition
---------------------------
Number of fluid elements: 23878
Number of elements: 23878
---------------------------
Rank(29) mesh partition
---------------------------
Number of fluid elements: 24024
Number of elements: 24024
---------------------------

No target file specied, using restart as target
Rank(18) mesh partition
---------------------------
Number of fluid elements: 6298
Number of wall elements: 17513
Number of elements: 23811
---------------------------
Rank(27) mesh partition
---------------------------
Number of fluid elements: 23890
Number of elements: 23890
---------------------------
Rank(30) mesh partition
---------------------------
Number of fluid elements: 23884
Number of elements: 23884
---------------------------
No target file specied, using restart as target
Rank(31) mesh partition
---------------------------
Number of fluid elements: 25021
Number of elements: 25021
---------------------------
Rank(19) mesh partition
---------------------------
Number of fluid elements: 6622
Number of wall elements: 17421
Number of elements: 24043
---------------------------
Rank(20) mesh partition
---------------------------
Number of fluid elements: 7014
Number of wall elements: 17138
Number of elements: 24152
---------------------------
No target file specied, using restart as target
No target file specied, using restart as target
Rank(21) mesh partition
---------------------------
Number of fluid elements: 7412
Number of wall elements: 16708
Number of elements: 24120
---------------------------
No target file specied, using restart as target
No target file specied, using restart as target
Rank(22) mesh partition
---------------------------
Number of fluid elements: 10774
Number of wall elements: 13214
Number of elements: 23988
---------------------------
No target file specied, using restart as target
No target file specied, using restart as target
Rank(23) mesh partition
---------------------------
Number of fluid elements: 23962
Number of elements: 23962
---------------------------
No target file specied, using restart as target
No target file specied, using restart as target
No target file specied, using restart as target
No target file specied, using restart as target
No target file specied, using restart as target
No target file specied, using restart as target
No target file specied, using restart as target
No target file specied, using restart as target
No target file specied, using restart as target
Making 3D order 4 discretization.
No target file specied, using restart as target
No target file specied, using restart as target
No target file specied, using restart as target
No target file specied, using restart as target
No target file specied, using restart as target
No target file specied, using restart as target
No target file specied, using restart as target
No target file specied, using restart as target
No target file specied, using restart as target
No target file specied, using restart as target
No target file specied, using restart as target
No target file specied, using restart as target
2025-06-15 23:26:02,524 - INFO - meshmode.discretization.connection.face - building face restriction: start
2025-06-15 23:26:02,524 - INFO - meshmode.discretization.connection.face - building face restriction: start
2025-06-15 23:26:02,525 - INFO - meshmode.discretization.connection.face - building face restriction: start
2025-06-15 23:26:02,525 - INFO - meshmode.discretization.connection.face - building face restriction: start
2025-06-15 23:26:02,525 - INFO - meshmode.discretization.connection.face - building face restriction: start
2025-06-15 23:26:02,525 - INFO - meshmode.discretization.connection.face - building face restriction: start
2025-06-15 23:26:02,525 - INFO - meshmode.discretization.connection.face - building face restriction: start
2025-06-15 23:26:02,525 - INFO - meshmode.discretization.connection.face - building face restriction: start
2025-06-15 23:26:02,525 - INFO - meshmode.discretization.connection.face - building face restriction: start
2025-06-15 23:26:02,525 - INFO - meshmode.discretization.connection.face - building face restriction: start
2025-06-15 23:26:02,525 - INFO - meshmode.discretization.connection.face - building face restriction: start
2025-06-15 23:26:02,525 - INFO - meshmode.discretization.connection.face - building face restriction: start
2025-06-15 23:26:02,525 - INFO - meshmode.discretization.connection.face - building face restriction: start
2025-06-15 23:26:02,525 - INFO - meshmode.discretization.connection.face - building face restriction: start
2025-06-15 23:26:02,525 - INFO - meshmode.discretization.connection.face - building face restriction: start
2025-06-15 23:26:02,525 - INFO - meshmode.discretization.connection.face - building face restriction: start
2025-06-15 23:26:02,525 - INFO - meshmode.discretization.connection.face - building face restriction: start
2025-06-15 23:26:02,525 - INFO - meshmode.discretization.connection.face - building face restriction: start
2025-06-15 23:26:02,525 - INFO - meshmode.discretization.connection.face - building face restriction: start
2025-06-15 23:26:02,525 - INFO - meshmode.discretization.connection.face - building face restriction: start
2025-06-15 23:26:02,525 - INFO - meshmode.discretization.connection.face - building face restriction: start
2025-06-15 23:26:02,525 - INFO - meshmode.discretization.connection.face - building face restriction: start
2025-06-15 23:26:02,525 - INFO - meshmode.discretization.connection.face - building face restriction: start
2025-06-15 23:26:02,525 - INFO - meshmode.discretization.connection.face - building face restriction: start
2025-06-15 23:26:02,525 - INFO - meshmode.discretization.connection.face - building face restriction: start
2025-06-15 23:26:02,525 - INFO - meshmode.discretization.connection.face - building face restriction: start
2025-06-15 23:26:02,525 - INFO - meshmode.discretization.connection.face - building face restriction: start
2025-06-15 23:26:02,525 - INFO - meshmode.discretization.connection.face - building face restriction: start
2025-06-15 23:26:02,527 - INFO - meshmode.discretization.connection.face - building face restriction: start
2025-06-15 23:26:02,527 - INFO - meshmode.discretization.connection.face - building face restriction: start
2025-06-15 23:26:02,527 - INFO - meshmode.discretization.connection.face - building face restriction: start
2025-06-15 23:26:02,527 - INFO - meshmode.discretization.connection.face - building face restriction: start
2025-06-15 23:26:02,551 - INFO - meshmode.discretization.connection.face - building face restriction: done
2025-06-15 23:26:02,551 - INFO - meshmode.discretization.connection.face - building face restriction: done
2025-06-15 23:26:02,551 - INFO - meshmode.discretization.connection.face - building face restriction: start
2025-06-15 23:26:02,551 - INFO - meshmode.discretization.connection.face - building face restriction: start
2025-06-15 23:26:02,554 - INFO - meshmode.discretization.connection.face - building face restriction: done
2025-06-15 23:26:02,554 - INFO - meshmode.discretization.connection.face - building face restriction: done
2025-06-15 23:26:02,554 - INFO - meshmode.discretization.connection.face - building face restriction: done
2025-06-15 23:26:02,555 - INFO - meshmode.discretization.connection.face - building face restriction: done
2025-06-15 23:26:02,555 - INFO - meshmode.discretization.connection.face - building face restriction: start
2025-06-15 23:26:02,555 - INFO - meshmode.discretization.connection.face - building face restriction: done
2025-06-15 23:26:02,555 - INFO - meshmode.discretization.connection.face - building face restriction: start
2025-06-15 23:26:02,555 - INFO - meshmode.discretization.connection.face - building face restriction: done
2025-06-15 23:26:02,555 - INFO - meshmode.discretization.connection.face - building face restriction: start
2025-06-15 23:26:02,555 - INFO - meshmode.discretization.connection.face - building face restriction: start
2025-06-15 23:26:02,555 - INFO - meshmode.discretization.connection.face - building face restriction: start
2025-06-15 23:26:02,555 - INFO - meshmode.discretization.connection.face - building face restriction: done
2025-06-15 23:26:02,556 - INFO - meshmode.discretization.connection.face - building face restriction: start
2025-06-15 23:26:02,559 - INFO - meshmode.discretization.connection.face - building face restriction: done
2025-06-15 23:26:02,559 - INFO - meshmode.discretization.connection.face - building face restriction: start
2025-06-15 23:26:02,559 - INFO - meshmode.discretization.connection.face - building face restriction: done
2025-06-15 23:26:02,559 - INFO - meshmode.discretization.connection.face - building face restriction: done
2025-06-15 23:26:02,559 - INFO - meshmode.discretization.connection.face - building face restriction: done
2025-06-15 23:26:02,559 - INFO - meshmode.discretization.connection.face - building face restriction: start
2025-06-15 23:26:02,559 - INFO - meshmode.discretization.connection.face - building face restriction: done
2025-06-15 23:26:02,559 - INFO - meshmode.discretization.connection.face - building face restriction: done
2025-06-15 23:26:02,559 - INFO - meshmode.discretization.connection.face - building face restriction: done
2025-06-15 23:26:02,559 - INFO - meshmode.discretization.connection.face - building face restriction: start
2025-06-15 23:26:02,559 - INFO - meshmode.discretization.connection.face - building face restriction: done
2025-06-15 23:26:02,559 - INFO - meshmode.discretization.connection.face - building face restriction: start
2025-06-15 23:26:02,559 - INFO - meshmode.discretization.connection.face - building face restriction: done
2025-06-15 23:26:02,559 - INFO - meshmode.discretization.connection.face - building face restriction: done
2025-06-15 23:26:02,560 - INFO - meshmode.discretization.connection.face - building face restriction: start
2025-06-15 23:26:02,559 - INFO - meshmode.discretization.connection.face - building face restriction: done
2025-06-15 23:26:02,559 - INFO - meshmode.discretization.connection.face - building face restriction: start
2025-06-15 23:26:02,559 - INFO - meshmode.discretization.connection.face - building face restriction: start
2025-06-15 23:26:02,560 - INFO - meshmode.discretization.connection.face - building face restriction: start
2025-06-15 23:26:02,559 - INFO - meshmode.discretization.connection.face - building face restriction: done
2025-06-15 23:26:02,560 - INFO - meshmode.discretization.connection.face - building face restriction: start
2025-06-15 23:26:02,560 - INFO - meshmode.discretization.connection.face - building face restriction: start
2025-06-15 23:26:02,560 - INFO - meshmode.discretization.connection.face - building face restriction: start
2025-06-15 23:26:02,560 - INFO - meshmode.discretization.connection.face - building face restriction: start
2025-06-15 23:26:02,561 - INFO - meshmode.discretization.connection.face - building face restriction: done
2025-06-15 23:26:02,560 - INFO - meshmode.discretization.connection.face - building face restriction: done
2025-06-15 23:26:02,561 - INFO - meshmode.discretization.connection.face - building face restriction: done
2025-06-15 23:26:02,560 - INFO - meshmode.discretization.connection.face - building face restriction: done
2025-06-15 23:26:02,561 - INFO - meshmode.discretization.connection.face - building face restriction: done
2025-06-15 23:26:02,560 - INFO - meshmode.discretization.connection.face - building face restriction: done
2025-06-15 23:26:02,561 - INFO - meshmode.discretization.connection.face - building face restriction: done
2025-06-15 23:26:02,560 - INFO - meshmode.discretization.connection.face - building face restriction: done
2025-06-15 23:26:02,561 - INFO - meshmode.discretization.connection.face - building face restriction: start
2025-06-15 23:26:02,561 - INFO - meshmode.discretization.connection.face - building face restriction: start
2025-06-15 23:26:02,561 - INFO - meshmode.discretization.connection.face - building face restriction: start
2025-06-15 23:26:02,561 - INFO - meshmode.discretization.connection.face - building face restriction: start
2025-06-15 23:26:02,562 - INFO - meshmode.discretization.connection.face - building face restriction: done
2025-06-15 23:26:02,560 - INFO - meshmode.discretization.connection.face - building face restriction: start
2025-06-15 23:26:02,563 - INFO - meshmode.discretization.connection.face - building face restriction: start
2025-06-15 23:26:02,561 - INFO - meshmode.discretization.connection.face - building face restriction: start
2025-06-15 23:26:02,560 - INFO - meshmode.discretization.connection.face - building face restriction: start
2025-06-15 23:26:02,563 - INFO - meshmode.discretization.connection.face - building face restriction: done
2025-06-15 23:26:02,564 - INFO - meshmode.discretization.connection.face - building face restriction: done
2025-06-15 23:26:02,564 - INFO - meshmode.discretization.connection.face - building face restriction: start
2025-06-15 23:26:02,564 - INFO - meshmode.discretization.connection.face - building face restriction: start
2025-06-15 23:26:02,570 - INFO - meshmode.discretization.connection.face - building face restriction: done
2025-06-15 23:26:02,574 - INFO - meshmode.discretization.connection.face - building face restriction: done
2025-06-15 23:26:02,574 - INFO - meshmode.discretization.connection.face - building face restriction: done
2025-06-15 23:26:02,574 - INFO - meshmode.discretization.connection.face - building face restriction: done
2025-06-15 23:26:02,575 - INFO - meshmode.discretization.connection.face - building face restriction: done
2025-06-15 23:26:02,578 - INFO - meshmode.discretization.connection.face - building face restriction: done
2025-06-15 23:26:02,580 - INFO - meshmode.discretization.connection.face - building face restriction: done
2025-06-15 23:26:02,584 - INFO - meshmode.discretization.connection.face - building face restriction: done
2025-06-15 23:26:02,584 - INFO - meshmode.discretization.connection.face - building face restriction: start
2025-06-15 23:26:02,584 - INFO - meshmode.discretization.connection.face - building face restriction: done
2025-06-15 23:26:02,585 - INFO - meshmode.discretization.connection.face - building face restriction: start
2025-06-15 23:26:02,585 - INFO - meshmode.discretization.connection.face - building face restriction: done
2025-06-15 23:26:02,585 - INFO - meshmode.discretization.connection.face - building face restriction: start
2025-06-15 23:26:02,586 - INFO - meshmode.discretization.connection.face - building face restriction: done
2025-06-15 23:26:02,586 - INFO - meshmode.discretization.connection.face - building face restriction: done
2025-06-15 23:26:02,587 - INFO - meshmode.discretization.connection.face - building face restriction: done
2025-06-15 23:26:02,587 - INFO - meshmode.discretization.connection.face - building face restriction: done
2025-06-15 23:26:02,587 - INFO - meshmode.discretization.connection.face - building face restriction: done
2025-06-15 23:26:02,587 - INFO - meshmode.discretization.connection.face - building face restriction: start
2025-06-15 23:26:02,587 - INFO - meshmode.discretization.connection.face - building face restriction: done
2025-06-15 23:26:02,587 - INFO - meshmode.discretization.connection.face - building face restriction: done
2025-06-15 23:26:02,587 - INFO - meshmode.discretization.connection.face - building face restriction: done
2025-06-15 23:26:02,587 - INFO - meshmode.discretization.connection.face - building face restriction: start
2025-06-15 23:26:02,587 - INFO - meshmode.discretization.connection.face - building face restriction: start
2025-06-15 23:26:02,587 - INFO - meshmode.discretization.connection.face - building face restriction: done
2025-06-15 23:26:02,588 - INFO - meshmode.discretization.connection.face - building face restriction: done
2025-06-15 23:26:02,587 - INFO - meshmode.discretization.connection.face - building face restriction: done
2025-06-15 23:26:02,588 - INFO - meshmode.discretization.connection.face - building face restriction: done
2025-06-15 23:26:02,587 - INFO - meshmode.discretization.connection.face - building face restriction: start
2025-06-15 23:26:02,587 - INFO - meshmode.discretization.connection.face - building face restriction: start
2025-06-15 23:26:02,588 - INFO - meshmode.discretization.connection.face - building face restriction: done
2025-06-15 23:26:02,588 - INFO - meshmode.discretization.connection.face - building face restriction: done
2025-06-15 23:26:02,589 - INFO - meshmode.discretization.connection.face - building face restriction: start
2025-06-15 23:26:02,588 - INFO - meshmode.discretization.connection.face - building face restriction: done
2025-06-15 23:26:02,589 - INFO - meshmode.discretization.connection.face - building face restriction: done
2025-06-15 23:26:02,588 - INFO - meshmode.discretization.connection.face - building face restriction: start
2025-06-15 23:26:02,589 - INFO - meshmode.discretization.connection.face - building face restriction: done
2025-06-15 23:26:02,589 - INFO - meshmode.discretization.connection.face - building face restriction: done
2025-06-15 23:26:02,590 - INFO - meshmode.discretization.connection.face - building face restriction: done
2025-06-15 23:26:02,591 - INFO - meshmode.discretization.connection.face - building face restriction: done
2025-06-15 23:26:02,596 - INFO - meshmode.discretization.connection.face - building face restriction: done
2025-06-15 23:26:02,596 - INFO - meshmode.discretization.connection.face - building face restriction: start
2025-06-15 23:26:02,597 - INFO - meshmode.discretization.connection.face - building face restriction: done
2025-06-15 23:26:02,597 - INFO - meshmode.discretization.connection.face - building face restriction: done
2025-06-15 23:26:02,597 - INFO - meshmode.discretization.connection.face - building face restriction: start
2025-06-15 23:26:02,597 - INFO - meshmode.discretization.connection.face - building face restriction: start
2025-06-15 23:26:02,599 - INFO - meshmode.discretization.connection.face - building face restriction: done
2025-06-15 23:26:02,599 - INFO - meshmode.discretization.connection.face - building face restriction: start
2025-06-15 23:26:02,600 - INFO - meshmode.discretization.connection.face - building face restriction: done
2025-06-15 23:26:02,600 - INFO - meshmode.discretization.connection.face - building face restriction: done
2025-06-15 23:26:02,600 - INFO - meshmode.discretization.connection.face - building face restriction: start
2025-06-15 23:26:02,600 - INFO - meshmode.discretization.connection.face - building face restriction: start
2025-06-15 23:26:02,600 - INFO - meshmode.discretization.connection.face - building face restriction: done
2025-06-15 23:26:02,600 - INFO - meshmode.discretization.connection.face - building face restriction: start
2025-06-15 23:26:02,600 - INFO - meshmode.discretization.connection.face - building face restriction: done
2025-06-15 23:26:02,600 - INFO - meshmode.discretization.connection.face - building face restriction: start
2025-06-15 23:26:02,609 - INFO - meshmode.discretization.connection.face - building face restriction: done
2025-06-15 23:26:02,609 - INFO - meshmode.discretization.connection.face - building face restriction: start
2025-06-15 23:26:02,614 - INFO - meshmode.discretization.connection.face - building face restriction: done
2025-06-15 23:26:02,614 - INFO - meshmode.discretization.connection.face - building face restriction: start
2025-06-15 23:26:02,621 - INFO - meshmode.discretization.connection.face - building face restriction: done
2025-06-15 23:26:02,633 - WARNING - py.warnings - /p/gpfs1/mtcampbe/CEESD/AutomatedTesting/MIRGE-Timing/timing/emirge/arraycontext/arraycontext/impl/pytato/__init__.py:474: UserWarning: Running on an Nvidia GPU, reducing the argument size limit from 4352 to 3896.
  warn("Running on an Nvidia GPU, reducing the argument "

2025-06-15 23:26:02,633 - INFO - arraycontext.impl.pytato - limiting argument buffer size for <pyopencl.Device 'Tesla V100-SXM2-16GB' on 'Portable Computing Language' at 0x103e16a20> to 3896 bytes
2025-06-15 23:26:02,635 - INFO - meshmode.discretization.connection.face - building face restriction: done
2025-06-15 23:26:02,635 - INFO - meshmode.discretization.connection.face - building face restriction: start
2025-06-15 23:26:02,635 - INFO - meshmode.discretization.connection.face - building face restriction: done
2025-06-15 23:26:02,635 - INFO - meshmode.discretization.connection.face - building face restriction: start
2025-06-15 23:26:02,637 - INFO - meshmode.discretization.connection.face - building face restriction: done
2025-06-15 23:26:02,637 - INFO - meshmode.discretization.connection.face - building face restriction: start
2025-06-15 23:26:02,638 - INFO - meshmode.discretization.connection.face - building face restriction: done
2025-06-15 23:26:02,638 - INFO - meshmode.discretization.connection.face - building face restriction: start
2025-06-15 23:26:02,638 - INFO - meshmode.discretization.connection.face - building face restriction: done
2025-06-15 23:26:02,639 - INFO - meshmode.discretization.connection.face - building face restriction: start
2025-06-15 23:26:02,642 - INFO - meshmode.discretization.connection.face - building face restriction: done
2025-06-15 23:26:02,642 - INFO - meshmode.discretization.connection.face - building face restriction: done
2025-06-15 23:26:02,642 - INFO - meshmode.discretization.connection.face - building face restriction: start
2025-06-15 23:26:02,648 - INFO - meshmode.discretization.connection.face - building face restriction: done
2025-06-15 23:26:02,649 - INFO - meshmode.discretization.connection.face - building face restriction: start
2025-06-15 23:26:02,650 - INFO - meshmode.discretization.connection.face - building face restriction: done
2025-06-15 23:26:02,651 - INFO - meshmode.discretization.connection.face - building face restriction: start
2025-06-15 23:26:02,654 - WARNING - py.warnings - /p/gpfs1/mtcampbe/CEESD/AutomatedTesting/MIRGE-Timing/timing/emirge/arraycontext/arraycontext/impl/pytato/__init__.py:474: UserWarning: Running on an Nvidia GPU, reducing the argument size limit from 4352 to 3896.
  warn("Running on an Nvidia GPU, reducing the argument "

2025-06-15 23:26:02,655 - INFO - arraycontext.impl.pytato - limiting argument buffer size for <pyopencl.Device 'Tesla V100-SXM2-16GB' on 'Portable Computing Language' at 0x103bebbd0> to 3896 bytes
2025-06-15 23:26:02,672 - INFO - meshmode.discretization.connection.face - building face restriction: done
2025-06-15 23:26:02,674 - INFO - meshmode.discretization.connection.face - building face restriction: done
2025-06-15 23:26:02,676 - INFO - meshmode.discretization.connection.face - building face restriction: done
2025-06-15 23:26:02,678 - INFO - meshmode.discretization.connection.face - building face restriction: done
2025-06-15 23:26:02,681 - INFO - meshmode.discretization.connection.face - building face restriction: done
2025-06-15 23:26:02,684 - INFO - meshmode.discretization.connection.face - building face restriction: done
2025-06-15 23:26:02,685 - WARNING - py.warnings - /p/gpfs1/mtcampbe/CEESD/AutomatedTesting/MIRGE-Timing/timing/emirge/arraycontext/arraycontext/impl/pytato/__init__.py:474: UserWarning: Running on an Nvidia GPU, reducing the argument size limit from 4352 to 3896.
  warn("Running on an Nvidia GPU, reducing the argument "

2025-06-15 23:26:02,685 - INFO - arraycontext.impl.pytato - limiting argument buffer size for <pyopencl.Device 'Tesla V100-SXM2-16GB' on 'Portable Computing Language' at 0x103bed8b0> to 3896 bytes
2025-06-15 23:26:02,687 - WARNING - py.warnings - /p/gpfs1/mtcampbe/CEESD/AutomatedTesting/MIRGE-Timing/timing/emirge/arraycontext/arraycontext/impl/pytato/__init__.py:474: UserWarning: Running on an Nvidia GPU, reducing the argument size limit from 4352 to 3896.
  warn("Running on an Nvidia GPU, reducing the argument "

2025-06-15 23:26:02,687 - INFO - arraycontext.impl.pytato - limiting argument buffer size for <pyopencl.Device 'Tesla V100-SXM2-16GB' on 'Portable Computing Language' at 0x103ba56a0> to 3896 bytes
2025-06-15 23:26:02,688 - WARNING - py.warnings - /p/gpfs1/mtcampbe/CEESD/AutomatedTesting/MIRGE-Timing/timing/emirge/arraycontext/arraycontext/impl/pytato/__init__.py:474: UserWarning: Running on an Nvidia GPU, reducing the argument size limit from 4352 to 3896.
  warn("Running on an Nvidia GPU, reducing the argument "

2025-06-15 23:26:02,688 - INFO - arraycontext.impl.pytato - limiting argument buffer size for <pyopencl.Device 'Tesla V100-SXM2-16GB' on 'Portable Computing Language' at 0x103c2ecc0> to 3896 bytes
2025-06-15 23:26:02,688 - WARNING - py.warnings - /p/gpfs1/mtcampbe/CEESD/AutomatedTesting/MIRGE-Timing/timing/emirge/arraycontext/arraycontext/impl/pytato/__init__.py:474: UserWarning: Running on an Nvidia GPU, reducing the argument size limit from 4352 to 3896.
  warn("Running on an Nvidia GPU, reducing the argument "

2025-06-15 23:26:02,688 - INFO - arraycontext.impl.pytato - limiting argument buffer size for <pyopencl.Device 'Tesla V100-SXM2-16GB' on 'Portable Computing Language' at 0x103beb010> to 3896 bytes
2025-06-15 23:26:02,694 - WARNING - py.warnings - /p/gpfs1/mtcampbe/CEESD/AutomatedTesting/MIRGE-Timing/timing/emirge/arraycontext/arraycontext/impl/pytato/__init__.py:474: UserWarning: Running on an Nvidia GPU, reducing the argument size limit from 4352 to 3896.
  warn("Running on an Nvidia GPU, reducing the argument "

2025-06-15 23:26:02,694 - INFO - arraycontext.impl.pytato - limiting argument buffer size for <pyopencl.Device 'Tesla V100-SXM2-16GB' on 'Portable Computing Language' at 0x103edf810> to 3896 bytes
2025-06-15 23:26:02,696 - WARNING - py.warnings - /p/gpfs1/mtcampbe/CEESD/AutomatedTesting/MIRGE-Timing/timing/emirge/arraycontext/arraycontext/impl/pytato/__init__.py:474: UserWarning: Running on an Nvidia GPU, reducing the argument size limit from 4352 to 3896.
  warn("Running on an Nvidia GPU, reducing the argument "

2025-06-15 23:26:02,696 - INFO - arraycontext.impl.pytato - limiting argument buffer size for <pyopencl.Device 'Tesla V100-SXM2-16GB' on 'Portable Computing Language' at 0x103bebb80> to 3896 bytes
2025-06-15 23:26:02,702 - INFO - meshmode.discretization.connection.face - building face restriction: done
2025-06-15 23:26:02,704 - INFO - meshmode.discretization.connection.face - building face restriction: done
2025-06-15 23:26:02,712 - WARNING - py.warnings - /p/gpfs1/mtcampbe/CEESD/AutomatedTesting/MIRGE-Timing/timing/emirge/arraycontext/arraycontext/impl/pytato/__init__.py:474: UserWarning: Running on an Nvidia GPU, reducing the argument size limit from 4352 to 3896.
  warn("Running on an Nvidia GPU, reducing the argument "

2025-06-15 23:26:02,712 - INFO - arraycontext.impl.pytato - limiting argument buffer size for <pyopencl.Device 'Tesla V100-SXM2-16GB' on 'Portable Computing Language' at 0x103e971e0> to 3896 bytes
2025-06-15 23:26:02,717 - WARNING - py.warnings - /p/gpfs1/mtcampbe/CEESD/AutomatedTesting/MIRGE-Timing/timing/emirge/arraycontext/arraycontext/impl/pytato/__init__.py:474: UserWarning: Running on an Nvidia GPU, reducing the argument size limit from 4352 to 3896.
  warn("Running on an Nvidia GPU, reducing the argument "

2025-06-15 23:26:02,717 - INFO - arraycontext.impl.pytato - limiting argument buffer size for <pyopencl.Device 'Tesla V100-SXM2-16GB' on 'Portable Computing Language' at 0x103d90650> to 3896 bytes
Traceback (most recent call last):
  File "/p/gpfs1/mtcampbe/CEESD/AutomatedTesting/MIRGE-Timing/timing/emirge/arraycontext/arraycontext/impl/pytato/__init__.py", line 573, in freeze
    pt_prg = self._freeze_prg_cache[normalized_expr]
             ~~~~~~~~~~~~~~~~~~~~~~^^^^^^^^^^^^^^^^^
KeyError: DictOfNamedArrays(tags=frozenset(), data={'_ary': Einsum(tags={FirstAxisIsElementsTag(), PrefixNamed(prefix='nodes0_3d')}, access_descriptors=((EinsumElementwiseAxis(dim=1), EinsumReductionAxis(dim=0)), (EinsumElementwiseAxis(dim=0), EinsumReductionAxis(dim=0))), args=(Placeholder(shape=(15, 3), dtype='float64', axes=(Axis(tags=frozenset({DiscretizationDOFAxisTag()})), Axis(tags=frozenset())), name='_actx_dw'), Placeholder(shape=(16, 3), dtype='float64', axes=(Axis(tags=frozenset({DiscretizationElementAxisTag()})), Axis(tags=frozenset({DiscretizationDOFAxisTag()}))), name='_actx_dw_0')), redn_axis_to_redn_descr={EinsumReductionAxis(dim=0): ReductionDescriptor(tags=frozenset())})})

During handling of the above exception, another exception occurred:

Traceback (most recent call last):
  File "<frozen runpy>", line 198, in _run_module_as_main
  File "<frozen runpy>", line 88, in _run_code
  File "/p/gpfs1/mtcampbe/CEESD/AutomatedTesting/MIRGE-Timing/timing/emirge/miniforge3/envs/timing.main/lib/python3.12/site-packages/mpi4py/__main__.py", line 7, in <module>
    main()
  File "/p/gpfs1/mtcampbe/CEESD/AutomatedTesting/MIRGE-Timing/timing/emirge/miniforge3/envs/timing.main/lib/python3.12/site-packages/mpi4py/run.py", line 214, in main
Traceback (most recent call last):
  File "/p/gpfs1/mtcampbe/CEESD/AutomatedTesting/MIRGE-Timing/timing/emirge/arraycontext/arraycontext/impl/pytato/__init__.py", line 573, in freeze
    pt_prg = self._freeze_prg_cache[normalized_expr]
             ~~~~~~~~~~~~~~~~~~~~~~^^^^^^^^^^^^    run_command_line(args)
^^^^^
KeyError  File "/p/gpfs1/mtcampbe/CEESD/AutomatedTesting/MIRGE-Timing/timing/emirge/miniforge3/envs/timing.main/lib/python3.12/site-packages/mpi4py/run.py", line 46, in run_command_line
    run_path(sys.argv[0], run_name='__main__')
  File "<frozen runpy>", line 287, in run_path
  File "<frozen runpy>", line 98, in _run_module_code
  File "<frozen runpy>", line 88, in _run_code
  File "driver.py", line 85, in <module>
    main(actx_class, restart_filename=restart_filename,
  File "/p/gpfs1/mtcampbe/CEESD/AutomatedTesting/MIRGE-Timing/timing/emirge/mirgecom/mirgecom/mpi.py", line 152, in wrapped_func
    func(*args, **kwargs)
  File "/p/gpfs1/mtcampbe/CEESD/AutomatedTesting/MIRGE-Timing/timing/y3-prediction-scaling-run/y3prediction/prediction.py", line 4277, in main
: DictOfNamedArrays(tags=frozenset(), data={'_ary': Einsum(tags={FirstAxisIsElementsTag(), PrefixNamed(prefix='nodes0_3d')}, access_descriptors=((EinsumElementwiseAxis(dim=1), EinsumReductionAxis(dim=0)), (EinsumElementwiseAxis(dim=0), EinsumReductionAxis(dim=0))), args=(Placeholder(shape=(15, 3), dtype='float64', axes=(Axis(tags=frozenset({DiscretizationDOFAxisTag()})), Axis(tags=frozenset())), name='_actx_dw'), Placeholder(shape=(719, 3), dtype='float64', axes=(Axis(tags=frozenset({DiscretizationElementAxisTag()})), Axis(tags=frozenset({DiscretizationDOFAxisTag()}))), name='_actx_dw_0')), redn_axis_to_redn_descr={EinsumReductionAxis(dim=0): ReductionDescriptor(tags=frozenset())})})

During handling of the above exception, another exception occurred:

Traceback (most recent call last):
  File "<frozen runpy>", line 198, in _run_module_as_main
  File "<frozen runpy>", line 88, in _run_code
  File "/p/gpfs1/mtcampbe/CEESD/AutomatedTesting/MIRGE-Timing/timing/emirge/miniforge3/envs/timing.main/lib/python3.12/site-packages/mpi4py/__main__.py", line 7, in <module>
    main()
  File "/p/gpfs1/mtcampbe/CEESD/AutomatedTesting/MIRGE-Timing/timing/emirge/miniforge3/envs/timing.main/lib/python3.12/site-packages/mpi4py/run.py", line 214, in main
    dcoll = create_discretization_collection(
            ^^^^^^^^^^^^^^^^^^^^^^^^^^^^^^^^^
  File "/p/gpfs1/mtcampbe/CEESD/AutomatedTesting/MIRGE-Timing/timing/emirge/mirgecom/mirgecom/discretization.py", line 76, in create_discretization_collection
    run_command_line(args)
  File "/p/gpfs1/mtcampbe/CEESD/AutomatedTesting/MIRGE-Timing/timing/emirge/miniforge3/envs/timing.main/lib/python3.12/site-packages/mpi4py/run.py", line 46, in run_command_line
    return make_discretization_collection(
        run_path(sys.argv[0], run_name='__main__')
       ^^^^^^^^^^^^^^  File "<frozen runpy>", line 287, in run_path
  File "<frozen runpy>", line 98, in _run_module_code
  File "<frozen runpy>", line 88, in _run_code
  File "driver.py", line 85, in <module>
^^^^^^^^^^^^^^^^^
  File "/p/gpfs1/mtcampbe/CEESD/AutomatedTesting/MIRGE-Timing/timing/emirge/grudge/grudge/discretization.py", line 1091, in make_discretization_collection
    main(actx_class, restart_filename=restart_filename,
  File "/p/gpfs1/mtcampbe/CEESD/AutomatedTesting/MIRGE-Timing/timing/emirge/mirgecom/mirgecom/mpi.py", line 152, in wrapped_func
    func(*args, **kwargs)
  File "/p/gpfs1/mtcampbe/CEESD/AutomatedTesting/MIRGE-Timing/timing/y3-prediction-scaling-run/y3prediction/prediction.py", line 4277, in main
    inter_part_connections=_set_up_inter_part_connections(
                           ^^^^^^^^^^^^^^^^^^^^^^^^^^^^^^^
  File "/p/gpfs1/mtcampbe/CEESD/AutomatedTesting/MIRGE-Timing/timing/emirge/grudge/grudge/discretization.py", line 946, in _set_up_inter_part_connections
    make_partition_connection(
  File "/p/gpfs1/mtcampbe/CEESD/AutomatedTesting/MIRGE-Timing/timing/emirge/meshmode/meshmode/discretization/connection/opposite_face.py", line 620, in make_partition_connection
    grp_batches = _make_cross_face_batches(actx,
            dcoll = create_discretization_collection(
          ^^^^^^^^^^^^^^^^^^         ^^^^^^^^^^^^
  File "/p/gpfs1/mtcampbe/CEESD/AutomatedTesting/MIRGE-Timing/timing/emirge/meshmode/meshmode/discretization/connection/opposite_face.py", line 69, in _make_cross_face_batches
   ^^^^^^^^^^^^^^^^^^^^^^^^^^    for ary in tgt_bdry_discr.nodes(cached=False)
^^^^^^^
  File "/p/gpfs1/mtcampbe/CEESD/AutomatedTesting/MIRGE-Timing/timing/emirge/mirgecom/mirgecom/discretization.py", line 76, in create_discretization_collection
               ^^^^^^^^^^^^^^^^^^^^^^^^^^^^^^^^^^
  File "/p/gpfs1/mtcampbe/CEESD/AutomatedTesting/MIRGE-Timing/timing/emirge/meshmode/meshmode/discretization/__init__.py", line 590, in nodes
    return make_discretization_collection(
           ^^^^^^^^^^^^^^^^^^^^^^^^^^^^^^^
  File "/p/gpfs1/mtcampbe/CEESD/AutomatedTesting/MIRGE-Timing/timing/emirge/grudge/grudge/discretization.py", line 1091, in make_discretization_collection
    _DOFArray(None, tuple(actx.freeze(resample_mesh_nodes(grp, iaxis))
                    ^^^^^^^^^^^^^^^^^^^^^^^^^^^^^^^^^^^^^^^^^^^^^^^^^^
  File "/p/gpfs1/mtcampbe/CEESD/AutomatedTesting/MIRGE-Timing/timing/emirge/meshmode/meshmode/discretization/__init__.py", line 590, in <genexpr>
    _DOFArray(None, tuple(actx.freeze(resample_mesh_nodes(grp, iaxis))
                          ^^^^^^^^^^^^^^^^^^^^^^^^^^^^^^^^^^^^^^^^^^^^
  File "/p/gpfs1/mtcampbe/CEESD/AutomatedTesting/MIRGE-Timing/timing/emirge/arraycontext/arraycontext/impl/pytato/__init__.py", line 605, in freeze
    inter_part_connections=_set_up_inter_part_connections(
       pt_prg = pt_prg.with_transformed_translation_unit(
                             ^^^^^^^^^^^^^^^^^^^^^^^^        ^^^^^^^^^^^^^^^^^^^^^^^^^^^^^^^^^^^^^^^^^^^^
  File "/p/gpfs1/mtcampbe/CEESD/AutomatedTesting/MIRGE-Timing/timing/emirge/pytato/pytato/target/loopy/__init__.py", line 300, in with_transformed_translation_unit
^^^^
  File "/p/gpfs1/mtcampbe/CEESD/AutomatedTesting/MIRGE-Timing/timing/emirge/grudge/grudge/discretization.py", line 946, in _set_up_inter_part_connections
    make_partition_connection(
  File "/p/gpfs1/mtcampbe/CEESD/AutomatedTesting/MIRGE-Timing/timing/emirge/meshmode/meshmode/discretization/connection/opposite_face.py", line 620, in make_partition_connection
    program=f(self.program.t_unit).executor(self.cl_context),
            ^^^^^^^^^^^^^^^^^^^^^^
  File "/p/gpfs1/mtcampbe/CEESD/AutomatedTesting/MIRGE-Timing/timing/emirge/meshmode/meshmode/array_context.py", line 1652, in transform_loopy_program
    grp_batches = _make_cross_face_batches(actx,
                  ^^^^^^^^^^^^^^^^^^^^^^^^^^^^^^
  File "/p/gpfs1/mtcampbe/CEESD/AutomatedTesting/MIRGE-Timing/timing/emirge/meshmode/meshmode/discretization/connection/opposite_face.py", line 69, in _make_cross_face_batches
    for ary in tgt_bdry_discr.nodes(cached=False)
               ^^^^^^^^^^^^^^^^^^^^^^^^^^^^^^^^^^
  File "/p/gpfs1/mtcampbe/CEESD/AutomatedTesting/MIRGE-Timing/timing/emirge/meshmode/meshmode/discretization/__init__.py", line 590, in nodes
    r = self.transform_loopy_cache[t_unit]
        ~~~~~~~~~~~~~~~~~~~~~~~~~~^^^^^^^^
  File "/p/gpfs1/mtcampbe/CEESD/AutomatedTesting/MIRGE-Timing/timing/emirge/miniforge3/envs/timing.main/lib/python3.12/site-packages/pytools/persistent_dict.py", line 588, in __getitem__
    _DOFArray(None, tuple(actx.freeze(resample_mesh_nodes(grp, iaxis))
                    ^^^^^^^^^^^^^^^^^^^^^^^^^^^^^^^^^^^^^^^^^^^^^^^^^^
    return self.fetch(key)
  File "/p/gpfs1/mtcampbe/CEESD/AutomatedTesting/MIRGE-Timing/timing/emirge/meshmode/meshmode/discretization/__init__.py", line 590, in <genexpr>
           ^^^^^^^^^^^^^^^
  File "/p/gpfs1/mtcampbe/CEESD/AutomatedTesting/MIRGE-Timing/timing/emirge/miniforge3/envs/timing.main/lib/python3.12/site-packages/pytools/persistent_dict.py", line 755, in fetch
    _DOFArray(None, tuple(actx.freeze(resample_mesh_nodes(grp, iaxis))
    stored_key, value = self._fetch(keyhash)
                          ^^^^^^^^^^                        ^^^^^^^^^^^^^^^^^^^^^^^^^^^^^^^^^^^
  File "/p/gpfs1/mtcampbe/CEESD/AutomatedTesting/MIRGE-Timing/timing/emirge/miniforge3/envs/timing.main/lib/python3.12/site-packages/pytools/persistent_dict.py", line 747, in _fetch_uncached
^^^^^^^^^^^^^^^^^^^
  File "/p/gpfs1/mtcampbe/CEESD/AutomatedTesting/MIRGE-Timing/timing/emirge/arraycontext/arraycontext/impl/pytato/__init__.py", line 605, in freeze
    key, value = pickle.loads(row[0])
                 ^^^^^^^^^^^^^^^    pt_prg = pt_prg.with_transformed_translation_unit(
 ^^^^^
AttributeError: Can't get attribute '_read_from_str_wrapper' on <module 'islpy' from '/p/gpfs1/mtcampbe/CEESD/AutomatedTesting/MIRGE-Timing/timing/emirge/miniforge3/envs/timing.main/lib/python3.12/site-packages/islpy/__init__.py'>
            ^^^^^^^^^^^^^^^^^^^^^^^^^^^^^^^^^^^^^^^^^
  File "/p/gpfs1/mtcampbe/CEESD/AutomatedTesting/MIRGE-Timing/timing/emirge/pytato/pytato/target/loopy/__init__.py", line 300, in with_transformed_translation_unit
    program=f(self.program.t_unit).executor(self.cl_context),
            ^^^^^^^^^^^^^^^^^^^^^^
  File "/p/gpfs1/mtcampbe/CEESD/AutomatedTesting/MIRGE-Timing/timing/emirge/meshmode/meshmode/array_context.py", line 1652, in transform_loopy_program
Traceback (most recent call last):
  File "/p/gpfs1/mtcampbe/CEESD/AutomatedTesting/MIRGE-Timing/timing/emirge/arraycontext/arraycontext/impl/pytato/__init__.py", line 573, in freeze
    pt_prg = self._freeze_prg_cache[normalized_expr]
             ~~~~~~~~~~~~~~~~~~~~~~^^^^^^^^^^^^^^^^^
KeyErrorTraceback (most recent call last):
  File "/p/gpfs1/mtcampbe/CEESD/AutomatedTesting/MIRGE-Timing/timing/emirge/arraycontext/arraycontext/impl/pytato/__init__.py", line 573, in freeze
    pt_prg = self._freeze_prg_cache[normalized_expr]
             ~~~~~~~~~~~~~~~~~~~~~~^^^^^^^^: DictOfNamedArrays(tags=frozenset(), data={'_ary': Einsum(tags={FirstAxisIsElementsTag(), PrefixNamed(prefix='nodes0_3d')}, access_descriptors=((EinsumElementwiseAxis(dim=1), EinsumReductionAxis(dim=0)), (EinsumElementwiseAxis(dim=0), EinsumReductionAxis(dim=0))), args=(Placeholder(shape=(15, 3), dtype='float64', axes=(Axis(tags=frozenset({DiscretizationDOFAxisTag()})), Axis(tags=frozenset())), name='_actx_dw'), Placeholder(shape=(1123, 3), dtype='float64', axes=(Axis(tags=frozenset({DiscretizationElementAxisTag()})), Axis(tags=frozenset({DiscretizationDOFAxisTag()}))), name='_actx_dw_0')), redn_axis_to_redn_descr={EinsumReductionAxis(dim=0): ReductionDescriptor(tags=frozenset())})})

During handling of the above exception, another exception occurred:

Traceback (most recent call last):
  File "<frozen runpy>", line 198, in _run_module_as_main
  File "<frozen runpy>", line 88, in _run_code
  File "/p/gpfs1/mtcampbe/CEESD/AutomatedTesting/MIRGE-Timing/timing/emirge/miniforge3/envs/timing.main/lib/python3.12/site-packages/mpi4py/__main__.py", line 7, in <module>
^^^^^^^^^
KeyError    r = self.transform_loopy_cache[t_unit]
    main()
  File "/p/gpfs1/mtcampbe/CEESD/AutomatedTesting/MIRGE-Timing/timing/emirge/miniforge3/envs/timing.main/lib/python3.12/site-packages/mpi4py/run.py", line 214, in main
        ~~~~~~~~~~~~~~~~~    run_command_line(args)
  File "/p/gpfs1/mtcampbe/CEESD/AutomatedTesting/MIRGE-Timing/timing/emirge/miniforge3/envs/timing.main/lib/python3.12/site-packages/mpi4py/run.py", line 46, in run_command_line
~~~~~~~~~^^^^^^^^
  File "/p/gpfs1/mtcampbe/CEESD/AutomatedTesting/MIRGE-Timing/timing/emirge/miniforge3/envs/timing.main/lib/python3.12/site-packages/pytools/persistent_dict.py", line 588, in __getitem__
    run_path(sys.argv[0], run_name='__main__')
  File "<frozen runpy>", line 287, in run_path
  File "<frozen runpy>", line 98, in _run_module_code
  File "<frozen runpy>", line 88, in _run_code
  File "driver.py", line 85, in <module>
    main(actx_class, restart_filename=restart_filename,
  File "/p/gpfs1/mtcampbe/CEESD/AutomatedTesting/MIRGE-Timing/timing/emirge/mirgecom/mirgecom/mpi.py", line 152, in wrapped_func
    func(*args, **kwargs)
  File "/p/gpfs1/mtcampbe/CEESD/AutomatedTesting/MIRGE-Timing/timing/y3-prediction-scaling-run/y3prediction/prediction.py", line 4277, in main
    dcoll = create_discretization_collection(
            ^^^^^^^^^^^^^^^^^^^^^^^^^^^^^^^^^
  File "/p/gpfs1/mtcampbe/CEESD/AutomatedTesting/MIRGE-Timing/timing/emirge/mirgecom/mirgecom/discretization.py", line 76, in create_discretization_collection
    return make_discretization_collection(
           ^^^^^^^^^^^^^^^^^^^^^^^^^^^^^^^
  File "/p/gpfs1/mtcampbe/CEESD/AutomatedTesting/MIRGE-Timing/timing/emirge/grudge/grudge/discretization.py", line 1091, in make_discretization_collection
    return self.fetch(key)
: DictOfNamedArrays(tags=frozenset(), data={'_ary': Einsum(tags={PrefixNamed(prefix='nodes0_3d'), FirstAxisIsElementsTag()}, access_descriptors=((EinsumElementwiseAxis(dim=1), EinsumReductionAxis(dim=0)), (EinsumElementwiseAxis(dim=0), EinsumReductionAxis(dim=0))), args=(Placeholder(shape=(15, 3), dtype='float64', axes=(Axis(tags=frozenset({DiscretizationDOFAxisTag()})), Axis(tags=frozenset())), name='_actx_dw'), Placeholder(shape=(1236, 3), dtype='float64', axes=(Axis(tags=frozenset({DiscretizationElementAxisTag()})), Axis(tags=frozenset({DiscretizationDOFAxisTag()}))), name='_actx_dw_0')), redn_axis_to_redn_descr={EinsumReductionAxis(dim=0): ReductionDescriptor(tags=frozenset())})})

During handling of the above exception, another exception occurred:

           ^^^^^^^^^^^Traceback (most recent call last):
  File "/p/gpfs1/mtcampbe/CEESD/AutomatedTesting/MIRGE-Timing/timing/emirge/arraycontext/arraycontext/impl/pytato/__init__.py", line 573, in freeze
^^^^
  File "/p/gpfs1/mtcampbe/CEESD/AutomatedTesting/MIRGE-Timing/timing/emirge/miniforge3/envs/timing.main/lib/python3.12/site-packages/pytools/persistent_dict.py", line 755, in fetch
Traceback (most recent call last):
  File "<frozen runpy>", line 198, in _run_module_as_main
  File "<frozen runpy>", line 88, in _run_code
  File "/p/gpfs1/mtcampbe/CEESD/AutomatedTesting/MIRGE-Timing/timing/emirge/miniforge3/envs/timing.main/lib/python3.12/site-packages/mpi4py/__main__.py", line 7, in <module>
    inter_part_connections=_set_up_inter_part_connections(
                           ^^^^^^^^^^^^^^^^^^^^^^^^^^^^^^^
    main()
  File "/p/gpfs1/mtcampbe/CEESD/AutomatedTesting/MIRGE-Timing/timing/emirge/grudge/grudge/discretization.py", line 946, in _set_up_inter_part_connections
    pt_prg = self._freeze_prg_cache[normalized_expr]
             ~~~~~~~~~~~~~~~~~~~~~~^^^^^^^^^^^^^^^^^
KeyError    stored_key, value = self._fetch(keyhash)
  File "/p/gpfs1/mtcampbe/CEESD/AutomatedTesting/MIRGE-Timing/timing/emirge/miniforge3/envs/timing.main/lib/python3.12/site-packages/mpi4py/run.py", line 214, in main
                        ^^^^^^^^^^Traceback (most recent call last):
  File "/p/gpfs1/mtcampbe/CEESD/AutomatedTesting/MIRGE-Timing/timing/emirge/arraycontext/arraycontext/impl/pytato/__init__.py", line 573, in freeze
    make_partition_connection(
  File "/p/gpfs1/mtcampbe/CEESD/AutomatedTesting/MIRGE-Timing/timing/emirge/meshmode/meshmode/discretization/connection/opposite_face.py", line 620, in make_partition_connection
^^^^^^^^^^
  File "/p/gpfs1/mtcampbe/CEESD/AutomatedTesting/MIRGE-Timing/timing/emirge/miniforge3/envs/timing.main/lib/python3.12/site-packages/pytools/persistent_dict.py", line 747, in _fetch_uncached
    pt_prg = self._freeze_prg_cache[normalized_expr]
    grp_batches = _make_cross_face_batches(actx,
                  ^^^^^^^^^^^^^^^^^^^^^^^^^^^^^^
  File "/p/gpfs1/mtcampbe/CEESD/AutomatedTesting/MIRGE-Timing/timing/emirge/meshmode/meshmode/discretization/connection/opposite_face.py", line 69, in _make_cross_face_batches
             ~~~~    for ary in tgt_bdry_discr.nodes(cached=False)
~~~~~~~~~~~~~~~~~~^^^^^^    run_command_line(args)
  File "/p/gpfs1/mtcampbe/CEESD/AutomatedTesting/MIRGE-Timing/timing/emirge/miniforge3/envs/timing.main/lib/python3.12/site-packages/mpi4py/run.py", line 46, in run_command_line
^^^^^^^^^^^
KeyError    key, value = pickle.loads(row[0])
    run_path(sys.argv[0], run_name='__main__')
               ^^^^^^^^^^^^^^^^^^^^^^^^^^^^^^^^^^
  File "<frozen runpy>", line 287, in run_path
  File "<frozen runpy>", line 98, in _run_module_code
  File "<frozen runpy>", line 88, in _run_code
  File "driver.py", line 85, in <module>
  File "/p/gpfs1/mtcampbe/CEESD/AutomatedTesting/MIRGE-Timing/timing/emirge/meshmode/meshmode/discretization/__init__.py", line 590, in nodes
Traceback (most recent call last):
  File "/p/gpfs1/mtcampbe/CEESD/AutomatedTesting/MIRGE-Timing/timing/emirge/arraycontext/arraycontext/impl/pytato/__init__.py", line 573, in freeze
                 ^^^^^^^^^^^^^^^^^^^^
AttributeError: Can't get attribute '_read_from_str_wrapper' on <module 'islpy' from '/p/gpfs1/mtcampbe/CEESD/AutomatedTesting/MIRGE-Timing/timing/emirge/miniforge3/envs/timing.main/lib/python3.12/site-packages/islpy/__init__.py'>    pt_prg = self._freeze_prg_cache[normalized_expr]

    _DOFArray(None, tuple(actx.freeze(resample_mesh_nodes(grp, iaxis))
                    ^^^^^^^^^^^^^^^^^^^^^^^^^^^^^^^^^^^^^^^^^^^^^^^^^^
: DictOfNamedArrays(tags=frozenset(), data={'_ary': Einsum(tags={PrefixNamed(prefix='nodes0_3d'), FirstAxisIsElementsTag()}, access_descriptors=((EinsumElementwiseAxis(dim=1), EinsumReductionAxis(dim=0)), (EinsumElementwiseAxis(dim=0), EinsumReductionAxis(dim=0))), args=(Placeholder(shape=(15, 3), dtype='float64', axes=(Axis(tags=frozenset({DiscretizationDOFAxisTag()})), Axis(tags=frozenset())), name='_actx_dw'), Placeholder(shape=(1634, 3), dtype='float64', axes=(Axis(tags=frozenset({DiscretizationElementAxisTag()})), Axis(tags=frozenset({DiscretizationDOFAxisTag()}))), name='_actx_dw_0')), redn_axis_to_redn_descr={EinsumReductionAxis(dim=0): ReductionDescriptor(tags=frozenset())})})

During handling of the above exception, another exception occurred:

Traceback (most recent call last):
  File "<frozen runpy>", line 198, in _run_module_as_main
  File "<frozen runpy>", line 88, in _run_code
  File "/p/gpfs1/mtcampbe/CEESD/AutomatedTesting/MIRGE-Timing/timing/emirge/miniforge3/envs/timing.main/lib/python3.12/site-packages/mpi4py/__main__.py", line 7, in <module>
  File "/p/gpfs1/mtcampbe/CEESD/AutomatedTesting/MIRGE-Timing/timing/emirge/meshmode/meshmode/discretization/__init__.py", line 590, in <genexpr>
    main(actx_class, restart_filename=restart_filename,
  File "/p/gpfs1/mtcampbe/CEESD/AutomatedTesting/MIRGE-Timing/timing/emirge/mirgecom/mirgecom/mpi.py", line 152, in wrapped_func
             ~~~~~~~~~~~~~~~~~~~~~~^^^^^^^^^^^^^^^    main()
  File "/p/gpfs1/mtcampbe/CEESD/AutomatedTesting/MIRGE-Timing/timing/emirge/miniforge3/envs/timing.main/lib/python3.12/site-packages/mpi4py/run.py", line 214, in main
^^
KeyError    _DOFArray(None, tuple(actx.freeze(resample_mesh_nodes(grp, iaxis))
    func(*args, **kwargs)
                          ^^^^^^^^^^^^^^^^^^^^^^^^^^^^^^^^^^^^^^^^^^^^
  File "/p/gpfs1/mtcampbe/CEESD/AutomatedTesting/MIRGE-Timing/timing/emirge/arraycontext/arraycontext/impl/pytato/__init__.py", line 605, in freeze
  File "/p/gpfs1/mtcampbe/CEESD/AutomatedTesting/MIRGE-Timing/timing/y3-prediction-scaling-run/y3prediction/prediction.py", line 4277, in main
    run_command_line(args)
  File "/p/gpfs1/mtcampbe/CEESD/AutomatedTesting/MIRGE-Timing/timing/emirge/miniforge3/envs/timing.main/lib/python3.12/site-packages/mpi4py/run.py", line 46, in run_command_line
: DictOfNamedArrays(tags=frozenset(), data={'_ary': Einsum(tags={PrefixNamed(prefix='nodes0_3d'), FirstAxisIsElementsTag()}, access_descriptors=((EinsumElementwiseAxis(dim=1), EinsumReductionAxis(dim=0)), (EinsumElementwiseAxis(dim=0), EinsumReductionAxis(dim=0))), args=(Placeholder(shape=(15, 3), dtype='float64', axes=(Axis(tags=frozenset({DiscretizationDOFAxisTag()})), Axis(tags=frozenset())), name='_actx_dw'), Placeholder(shape=(1320, 3), dtype='float64', axes=(Axis(tags=frozenset({DiscretizationElementAxisTag()})), Axis(tags=frozenset({DiscretizationDOFAxisTag()}))), name='_actx_dw_0')), redn_axis_to_redn_descr={EinsumReductionAxis(dim=0): ReductionDescriptor(tags=frozenset())})})

During handling of the above exception, another exception occurred:

Traceback (most recent call last):
    run_path(sys.argv[0], run_name='__main__')
  File "<frozen runpy>", line 287, in run_path
  File "<frozen runpy>", line 98, in _run_module_code
  File "<frozen runpy>", line 88, in _run_code
  File "driver.py", line 85, in <module>
    pt_prg = pt_prg.with_transformed_translation_unit(
        File "<frozen runpy>", line 198, in _run_module_as_main
  File "<frozen runpy>", line 88, in _run_code
  File "/p/gpfs1/mtcampbe/CEESD/AutomatedTesting/MIRGE-Timing/timing/emirge/miniforge3/envs/timing.main/lib/python3.12/site-packages/mpi4py/__main__.py", line 7, in <module>
       ^^^^^^^^^^^^^^^^^^^^^^^^    main()
    main(actx_class, restart_filename=restart_filename,
  File "/p/gpfs1/mtcampbe/CEESD/AutomatedTesting/MIRGE-Timing/timing/emirge/mirgecom/mirgecom/mpi.py", line 152, in wrapped_func
^^^^^^^^^^^^^^^^^
  File "/p/gpfs1/mtcampbe/CEESD/AutomatedTesting/MIRGE-Timing/timing/emirge/pytato/pytato/target/loopy/__init__.py", line 300, in with_transformed_translation_unit
  File "/p/gpfs1/mtcampbe/CEESD/AutomatedTesting/MIRGE-Timing/timing/emirge/miniforge3/envs/timing.main/lib/python3.12/site-packages/mpi4py/run.py", line 214, in main
    run_command_line(args)
    program=f(self.program.t_unit).executor(self.cl_context),
    func(*args, **kwargs)
            ^^^^^^^^^^^^^^^^^^^^^^
  File "/p/gpfs1/mtcampbe/CEESD/AutomatedTesting/MIRGE-Timing/timing/y3-prediction-scaling-run/y3prediction/prediction.py", line 4277, in main
  File "/p/gpfs1/mtcampbe/CEESD/AutomatedTesting/MIRGE-Timing/timing/emirge/miniforge3/envs/timing.main/lib/python3.12/site-packages/mpi4py/run.py", line 46, in run_command_line
    run_path(sys.argv[0], run_name='__main__')
  File "/p/gpfs1/mtcampbe/CEESD/AutomatedTesting/MIRGE-Timing/timing/emirge/meshmode/meshmode/array_context.py", line 1652, in transform_loopy_program
  File "<frozen runpy>", line 287, in run_path
  File "<frozen runpy>", line 98, in _run_module_code
  File "<frozen runpy>", line 88, in _run_code
  File "driver.py", line 85, in <module>
: DictOfNamedArrays(tags=frozenset(), data={'_ary': Einsum(tags={PrefixNamed(prefix='nodes0_3d'), FirstAxisIsElementsTag()}, access_descriptors=((EinsumElementwiseAxis(dim=1), EinsumReductionAxis(dim=0)), (EinsumElementwiseAxis(dim=0), EinsumReductionAxis(dim=0))), args=(Placeholder(shape=(15, 3), dtype='float64', axes=(Axis(tags=frozenset({DiscretizationDOFAxisTag()})), Axis(tags=frozenset())), name='_actx_dw'), Placeholder(shape=(1149, 3), dtype='float64', axes=(Axis(tags=frozenset({DiscretizationElementAxisTag()})), Axis(tags=frozenset({DiscretizationDOFAxisTag()}))), name='_actx_dw_0')), redn_axis_to_redn_descr={EinsumReductionAxis(dim=0): ReductionDescriptor(tags=frozenset())})})

During handling of the above exception, another exception occurred:

    main(actx_class, restart_filename=restart_filename,
  File "/p/gpfs1/mtcampbe/CEESD/AutomatedTesting/MIRGE-Timing/timing/emirge/mirgecom/mirgecom/mpi.py", line 152, in wrapped_func
Traceback (most recent call last):
  File "<frozen runpy>", line 198, in _run_module_as_main
  File "<frozen runpy>", line 88, in _run_code
  File "/p/gpfs1/mtcampbe/CEESD/AutomatedTesting/MIRGE-Timing/timing/emirge/miniforge3/envs/timing.main/lib/python3.12/site-packages/mpi4py/__main__.py", line 7, in <module>
    func(*args, **kwargs)
    r = self.transform_loopy_cache[t_unit]
    main()
  File "/p/gpfs1/mtcampbe/CEESD/AutomatedTesting/MIRGE-Timing/timing/emirge/miniforge3/envs/timing.main/lib/python3.12/site-packages/mpi4py/run.py", line 214, in main
        ~~~~~~~~~~~~~~~~~~~~  File "/p/gpfs1/mtcampbe/CEESD/AutomatedTesting/MIRGE-Timing/timing/y3-prediction-scaling-run/y3prediction/prediction.py", line 4277, in main
~~~~~~^^^^^^^^
  File "/p/gpfs1/mtcampbe/CEESD/AutomatedTesting/MIRGE-Timing/timing/emirge/miniforge3/envs/timing.main/lib/python3.12/site-packages/pytools/persistent_dict.py", line 588, in __getitem__
    run_command_line(args)
  File "/p/gpfs1/mtcampbe/CEESD/AutomatedTesting/MIRGE-Timing/timing/emirge/miniforge3/envs/timing.main/lib/python3.12/site-packages/mpi4py/run.py", line 46, in run_command_line
    run_path(sys.argv[0], run_name='__main__')
  File "<frozen runpy>", line 287, in run_path
  File "<frozen runpy>", line 98, in _run_module_code
  File "<frozen runpy>", line 88, in _run_code
  File "driver.py", line 85, in <module>
    return self.fetch(key)
    main(actx_class, restart_filename=restart_filename,
  File "/p/gpfs1/mtcampbe/CEESD/AutomatedTesting/MIRGE-Timing/timing/emirge/mirgecom/mirgecom/mpi.py", line 152, in wrapped_func
           ^^^^^^^^^^^^^^^
  File "/p/gpfs1/mtcampbe/CEESD/AutomatedTesting/MIRGE-Timing/timing/emirge/miniforge3/envs/timing.main/lib/python3.12/site-packages/pytools/persistent_dict.py", line 755, in fetch
    func(*args, **kwargs)
  File "/p/gpfs1/mtcampbe/CEESD/AutomatedTesting/MIRGE-Timing/timing/y3-prediction-scaling-run/y3prediction/prediction.py", line 4277, in main
    stored_key, value = self._fetch(keyhash)
                        ^^^^^^^^^^^^^^^^^^^^
  File "/p/gpfs1/mtcampbe/CEESD/AutomatedTesting/MIRGE-Timing/timing/emirge/miniforge3/envs/timing.main/lib/python3.12/site-packages/pytools/persistent_dict.py", line 747, in _fetch_uncached
    key, value = pickle.loads(row[0])
    dcoll = create_discretization_collection(
                 ^^^^^^^^^^^^^^            ^^^^^^^^^^^^^^^^^^^^^^^^^^^^^^^^^
^^^^^^
AttributeError: Can't get attribute '_read_from_str_wrapper' on <module 'islpy' from '/p/gpfs1/mtcampbe/CEESD/AutomatedTesting/MIRGE-Timing/timing/emirge/miniforge3/envs/timing.main/lib/python3.12/site-packages/islpy/__init__.py'>
    dcoll = create_discretization_collection(
  File "/p/gpfs1/mtcampbe/CEESD/AutomatedTesting/MIRGE-Timing/timing/emirge/mirgecom/mirgecom/discretization.py", line 76, in create_discretization_collection
    dcoll = create_discretization_collection(
    return make_discretization_collection(
           ^^^^^^^^^^^^^^^^^^^^^^^^^^^^^^^
    dcoll = create_discretization_collection(
  File "/p/gpfs1/mtcampbe/CEESD/AutomatedTesting/MIRGE-Timing/timing/emirge/grudge/grudge/discretization.py", line 1091, in make_discretization_collection
            ^^^^^            ^^^^^^^^^^^^^^^^^^^^^^^^^^^^^^^            ^^^^^^^^^^^^^^^^^^^^^^^^^^^^^^^^^
^^
  File "/p/gpfs1/mtcampbe/CEESD/AutomatedTesting/MIRGE-Timing/timing/emirge/mirgecom/mirgecom/discretization.py", line 76, in create_discretization_collection
^^^^^^^^^^^^^^^^^^^^^^^^^^^^
  File "/p/gpfs1/mtcampbe/CEESD/AutomatedTesting/MIRGE-Timing/timing/emirge/mirgecom/mirgecom/discretization.py", line 76, in create_discretization_collection
  File "/p/gpfs1/mtcampbe/CEESD/AutomatedTesting/MIRGE-Timing/timing/emirge/mirgecom/mirgecom/discretization.py", line 76, in create_discretization_collection
    return make_discretization_collection(
           ^^^^^^    return make_discretization_collection(
           ^^^^^^^^^^^^^^^^^^^^^^^^^^^^^^^
    return make_discretization_collection(
           ^^^^^^^^^^^^^^^^^^^^^^^^^^^^^^^
^^^^^^^^^^^^^^^^^^^^^^^^^
  File "/p/gpfs1/mtcampbe/CEESD/AutomatedTesting/MIRGE-Timing/timing/emirge/grudge/grudge/discretization.py", line 1091, in make_discretization_collection
  File "/p/gpfs1/mtcampbe/CEESD/AutomatedTesting/MIRGE-Timing/timing/emirge/grudge/grudge/discretization.py", line 1091, in make_discretization_collection
  File "/p/gpfs1/mtcampbe/CEESD/AutomatedTesting/MIRGE-Timing/timing/emirge/grudge/grudge/discretization.py", line 1091, in make_discretization_collection
    inter_part_connections=_set_up_inter_part_connections(
                           ^    inter_part_connections=_set_up_inter_part_connections(
                           ^^^^^^^^^^^^^^^^^^^^^^^^^^^^^^^
  File "/p/gpfs1/mtcampbe/CEESD/AutomatedTesting/MIRGE-Timing/timing/emirge/grudge/grudge/discretization.py", line 946, in _set_up_inter_part_connections
    inter_part_connections=_set_up_inter_part_connections(
                           ^^^^^^^^^^^^^^^^^^^^^^^^^^^^^^^
^^^^^^^^^^^^^^^^^^^^^^^^^^^^^^
  File "/p/gpfs1/mtcampbe/CEESD/AutomatedTesting/MIRGE-Timing/timing/emirge/grudge/grudge/discretization.py", line 946, in _set_up_inter_part_connections
  File "/p/gpfs1/mtcampbe/CEESD/AutomatedTesting/MIRGE-Timing/timing/emirge/grudge/grudge/discretization.py", line 946, in _set_up_inter_part_connections
    inter_part_connections=_set_up_inter_part_connections(
                           ^^^^^^^^^^^^^^^^^^^^^^^^^^^^^^^
    make_partition_connection(
  File "/p/gpfs1/mtcampbe/CEESD/AutomatedTesting/MIRGE-Timing/timing/emirge/meshmode/meshmode/discretization/connection/opposite_face.py", line 620, in make_partition_connection
  File "/p/gpfs1/mtcampbe/CEESD/AutomatedTesting/MIRGE-Timing/timing/emirge/grudge/grudge/discretization.py", line 946, in _set_up_inter_part_connections
    make_partition_connection(
  File "/p/gpfs1/mtcampbe/CEESD/AutomatedTesting/MIRGE-Timing/timing/emirge/meshmode/meshmode/discretization/connection/opposite_face.py", line 620, in make_partition_connection
    make_partition_connection(
  File "/p/gpfs1/mtcampbe/CEESD/AutomatedTesting/MIRGE-Timing/timing/emirge/meshmode/meshmode/discretization/connection/opposite_face.py", line 620, in make_partition_connection
    make_partition_connection(
  File "/p/gpfs1/mtcampbe/CEESD/AutomatedTesting/MIRGE-Timing/timing/emirge/meshmode/meshmode/discretization/connection/opposite_face.py", line 620, in make_partition_connection
    grp_batches = _make_cross_face_batches(actx,
                  ^^^^^^^^^^^^^^^^^^^^^^^^^^^^^^
    grp_batches = _make_cross_face_batches(actx,
                  ^^^^^^^^^^^^^^^^^^^^^^^^^^^^^^
    grp_batches = _make_cross_face_batches(actx,
                  ^^^^^^^^^^^^^^^^^^^^^^^^^^^^^^
  File "/p/gpfs1/mtcampbe/CEESD/AutomatedTesting/MIRGE-Timing/timing/emirge/meshmode/meshmode/discretization/connection/opposite_face.py", line 69, in _make_cross_face_batches
  File "/p/gpfs1/mtcampbe/CEESD/AutomatedTesting/MIRGE-Timing/timing/emirge/meshmode/meshmode/discretization/connection/opposite_face.py", line 69, in _make_cross_face_batches
    for ary in tgt_bdry_discr.nodes(cached=False)
               ^^^^^^^^^^^^^^    for ary in tgt_bdry_discr.nodes(cached=False)
               ^^^^^^^^^^^^^^^^^^^^^^^^^^^^^^^^^^
Traceback (most recent call last):
  File "/p/gpfs1/mtcampbe/CEESD/AutomatedTesting/MIRGE-Timing/timing/emirge/arraycontext/arraycontext/impl/pytato/__init__.py", line 573, in freeze
  File "/p/gpfs1/mtcampbe/CEESD/AutomatedTesting/MIRGE-Timing/timing/emirge/meshmode/meshmode/discretization/connection/opposite_face.py", line 69, in _make_cross_face_batches
    for ary in tgt_bdry_discr.nodes(cached=False)
               ^^^^^^^^^^^^^^^^^^^^^^^^^^^^^^^^^^
^^^^^^^^^^^^^^^^^^^^
  File "/p/gpfs1/mtcampbe/CEESD/AutomatedTesting/MIRGE-Timing/timing/emirge/meshmode/meshmode/discretization/__init__.py", line 590, in nodes
  File "/p/gpfs1/mtcampbe/CEESD/AutomatedTesting/MIRGE-Timing/timing/emirge/meshmode/meshmode/discretization/__init__.py", line 590, in nodes
  File "/p/gpfs1/mtcampbe/CEESD/AutomatedTesting/MIRGE-Timing/timing/emirge/meshmode/meshmode/discretization/__init__.py", line 590, in nodes
    pt_prg = self._freeze_prg_cache[normalized_expr]
             ~~~~~~~~~~~~~~~~~~~~~~^^^^^^^^^^^^^^^^^
KeyError    _DOFArray(None, tuple(actx.freeze(resample_mesh_nodes(grp, iaxis))
                    ^^^^^^^^^^^^^^^^^^^^^^^^^^^^^    grp_batches = _make_cross_face_batches(actx,
                  ^^^^^^^^^^^^^^^^^^^^^^^^^^^^^^
^^^^^^^^^^^^^^^^^^^^^
  File "/p/gpfs1/mtcampbe/CEESD/AutomatedTesting/MIRGE-Timing/timing/emirge/meshmode/meshmode/discretization/__init__.py", line 590, in <genexpr>
  File "/p/gpfs1/mtcampbe/CEESD/AutomatedTesting/MIRGE-Timing/timing/emirge/meshmode/meshmode/discretization/connection/opposite_face.py", line 69, in _make_cross_face_batches
    for ary in tgt_bdry_discr.nodes(cached=False)
    _DOFArray(None, tuple(actx.freeze(resample_mesh_nodes(grp, iaxis))
                    ^^^^^^^^^^^^^^^^^^^^^^^^^^^^^^^^^^^^^^^^^^^^^^^^^^
               ^^^^^^^^^^^^^^^^^^^^^^^^^^^^^^^^^^
    _DOFArray(None, tuple(actx.freeze(resample_mesh_nodes(grp, iaxis))
                    ^^^^^^^^^^^^^^^^^^^^^^^^^^^^^^^^^^^^^^^^^^^^^^^^^^
  File "/p/gpfs1/mtcampbe/CEESD/AutomatedTesting/MIRGE-Timing/timing/emirge/meshmode/meshmode/discretization/__init__.py", line 590, in nodes
  File "/p/gpfs1/mtcampbe/CEESD/AutomatedTesting/MIRGE-Timing/timing/emirge/meshmode/meshmode/discretization/__init__.py", line 590, in <genexpr>
  File "/p/gpfs1/mtcampbe/CEESD/AutomatedTesting/MIRGE-Timing/timing/emirge/meshmode/meshmode/discretization/__init__.py", line 590, in <genexpr>
    _DOFArray(None, tuple(actx.freeze(resample_mesh_nodes(grp, iaxis))
          _DOFArray(None, tuple(actx.freeze(resample_mesh_nodes(grp, iaxis))
                                      ^^^^^^^^^^^^^^^^^^^^^^^^^^^^^^^^^^^^^^^^^^^^
    _DOFArray(None, tuple(actx.freeze(resample_mesh_nodes(grp, iaxis))
                          ^^^^^^^^^^^^^^^^^^^^^^^^^^^^^^^^^^^^^^^^^^^^
        ^^^^^^^^^^^^^^^^^^^^^^^^^^^^^^^^^^^^^^^^^^^^
  File "/p/gpfs1/mtcampbe/CEESD/AutomatedTesting/MIRGE-Timing/timing/emirge/arraycontext/arraycontext/impl/pytato/__init__.py", line 605, in freeze
  File "/p/gpfs1/mtcampbe/CEESD/AutomatedTesting/MIRGE-Timing/timing/emirge/arraycontext/arraycontext/impl/pytato/__init__.py", line 605, in freeze
  File "/p/gpfs1/mtcampbe/CEESD/AutomatedTesting/MIRGE-Timing/timing/emirge/arraycontext/arraycontext/impl/pytato/__init__.py", line 605, in freeze
: DictOfNamedArrays(tags=frozenset(), data={'_ary': Einsum(tags={PrefixNamed(prefix='nodes0_3d'), FirstAxisIsElementsTag()}, access_descriptors=((EinsumElementwiseAxis(dim=1), EinsumReductionAxis(dim=0)), (EinsumElementwiseAxis(dim=0), EinsumReductionAxis(dim=0))), args=(Placeholder(shape=(15, 3), dtype='float64', axes=(Axis(tags=frozenset({DiscretizationDOFAxisTag()})), Axis(tags=frozenset())), name='_actx_dw'), Placeholder(shape=(1173, 3), dtype='float64', axes=(Axis(tags=frozenset({DiscretizationElementAxisTag()})), Axis(tags=frozenset({DiscretizationDOFAxisTag()}))), name='_actx_dw_0')), redn_axis_to_redn_descr={EinsumReductionAxis(dim=0): ReductionDescriptor(tags=frozenset())})})

During handling of the above exception, another exception occurred:

    pt_prg = pt_prg.with_transformed_translation_unit(
             ^^^^^^^^^^^^^^^^^^^^^^^^^^^^^^^^^^^^^^^^^
Traceback (most recent call last):
  File "<frozen runpy>", line 198, in _run_module_as_main
  File "<frozen runpy>", line 88, in _run_code
  File "/p/gpfs1/mtcampbe/CEESD/AutomatedTesting/MIRGE-Timing/timing/emirge/miniforge3/envs/timing.main/lib/python3.12/site-packages/mpi4py/__main__.py", line 7, in <module>
    pt_prg = pt_prg.with_transformed_translation_unit(
             ^^^^^^^^^^^^^^^^^^^^^^^^^^^^^^^^^^^^^^^^^
    main()
  File "/p/gpfs1/mtcampbe/CEESD/AutomatedTesting/MIRGE-Timing/timing/emirge/miniforge3/envs/timing.main/lib/python3.12/site-packages/mpi4py/run.py", line 214, in main
    pt_prg = pt_prg.with_transformed_translation_unit(
             ^^^^^^^^^^^^^^^^^^^^^^^^^^^^^^^^^^^^^^^^^
    _DOFArray(None, tuple(actx.freeze(resample_mesh_nodes(grp, iaxis))
                    ^^^^^^^^^^^^^^^^^^^^^^^^^^^^^^^^^^^^^^^^^^^^^^^^^^
    run_command_line(args)
  File "/p/gpfs1/mtcampbe/CEESD/AutomatedTesting/MIRGE-Timing/timing/emirge/meshmode/meshmode/discretization/__init__.py", line 590, in <genexpr>
  File "/p/gpfs1/mtcampbe/CEESD/AutomatedTesting/MIRGE-Timing/timing/emirge/pytato/pytato/target/loopy/__init__.py", line 300, in with_transformed_translation_unit
  File "/p/gpfs1/mtcampbe/CEESD/AutomatedTesting/MIRGE-Timing/timing/emirge/pytato/pytato/target/loopy/__init__.py", line 300, in with_transformed_translation_unit
  File "/p/gpfs1/mtcampbe/CEESD/AutomatedTesting/MIRGE-Timing/timing/emirge/miniforge3/envs/timing.main/lib/python3.12/site-packages/mpi4py/run.py", line 46, in run_command_line
    _DOFArray(None, tuple(actx.freeze(resample_mesh_nodes(grp, iaxis))
                          ^^^^^^^^^^^^^^^^^^^^^^^^^^^^^^^^^^^^^^^^^^^^
  File "/p/gpfs1/mtcampbe/CEESD/AutomatedTesting/MIRGE-Timing/timing/emirge/pytato/pytato/target/loopy/__init__.py", line 300, in with_transformed_translation_unit
  File "/p/gpfs1/mtcampbe/CEESD/AutomatedTesting/MIRGE-Timing/timing/emirge/arraycontext/arraycontext/impl/pytato/__init__.py", line 605, in freeze
    run_path(sys.argv[0], run_name='__main__')
  File "<frozen runpy>", line 287, in run_path
  File "<frozen runpy>", line 98, in _run_module_code
  File "<frozen runpy>", line 88, in _run_code
  File "driver.py", line 85, in <module>
    pt_prg = pt_prg.with_transformed_translation_unit(
             ^^^^^^^^^^^^^^^^^^^^^^^^^^^^^^^^^^^^^^^^^
    program=f(self.program.t_unit).executor(self.cl_context),
  File "/p/gpfs1/mtcampbe/CEESD/AutomatedTesting/MIRGE-Timing/timing/emirge/pytato/pytato/target/loopy/__init__.py", line 300, in with_transformed_translation_unit
    main(actx_class, restart_filename=restart_filename,
  File "/p/gpfs1/mtcampbe/CEESD/AutomatedTesting/MIRGE-Timing/timing/emirge/mirgecom/mirgecom/mpi.py", line 152, in wrapped_func
    program=f(self.program.t_unit).executor(self.cl_context),
       func(*args, **kwargs)
    program=f(self.program.t_unit).executor(self.cl_context),
            ^^^^^  File "/p/gpfs1/mtcampbe/CEESD/AutomatedTesting/MIRGE-Timing/timing/y3-prediction-scaling-run/y3prediction/prediction.py", line 4277, in main
            ^^^^^^^^^^^^^^^^^^^^^^
  File "/p/gpfs1/mtcampbe/CEESD/AutomatedTesting/MIRGE-Timing/timing/emirge/meshmode/meshmode/array_context.py", line 1652, in transform_loopy_program
         ^^^^^^^^^^^^^^^^^^^^^^
  File "/p/gpfs1/mtcampbe/CEESD/AutomatedTesting/MIRGE-Timing/timing/emirge/meshmode/meshmode/array_context.py", line 1652, in transform_loopy_program
^^^^^^^^^^^^^^^^^
  File "/p/gpfs1/mtcampbe/CEESD/AutomatedTesting/MIRGE-Timing/timing/emirge/meshmode/meshmode/array_context.py", line 1652, in transform_loopy_program
    r = self.transform_loopy_cache[t_unit]
    r = self.transform_loopy_cache[t_unit]
        ~        ~~~~~~~~~~~~~~~~~    r = self.transform_loopy_cache[t_unit]
       dcoll = create_discretization_collection(
~~~~~~~~~~~~~~~~~~~~~~~~~^^^^^^^^
  File "/p/gpfs1/mtcampbe/CEESD/AutomatedTesting/MIRGE-Timing/timing/emirge/miniforge3/envs/timing.main/lib/python3.12/site-packages/pytools/persistent_dict.py", line 588, in __getitem__
            ^^    program=f(self.program.t_unit).executor(self.cl_context),
            ^^^^^^^^^^^^^^^^^^^^^^
     ~~~~~~~~~~~~~~~~~~~~~~~~~~^^^^^^^^
  File "/p/gpfs1/mtcampbe/CEESD/AutomatedTesting/MIRGE-Timing/timing/emirge/miniforge3/envs/timing.main/lib/python3.12/site-packages/pytools/persistent_dict.py", line 588, in __getitem__
  File "/p/gpfs1/mtcampbe/CEESD/AutomatedTesting/MIRGE-Timing/timing/emirge/meshmode/meshmode/array_context.py", line 1652, in transform_loopy_program
~~~~~~~~~^^^^^^^^
  File "/p/gpfs1/mtcampbe/CEESD/AutomatedTesting/MIRGE-Timing/timing/emirge/miniforge3/envs/timing.main/lib/python3.12/site-packages/pytools/persistent_dict.py", line 588, in __getitem__
^^^^^^^^^^^^^^^^^^^^^^^^^^^^^^^
  File "/p/gpfs1/mtcampbe/CEESD/AutomatedTesting/MIRGE-Timing/timing/emirge/mirgecom/mirgecom/discretization.py", line 76, in create_discretization_collection
    return make_discretization_collection(
           ^^^^^^^^^^^^^^^^^^^^^^^^^^^^^^^
  File "/p/gpfs1/mtcampbe/CEESD/AutomatedTesting/MIRGE-Timing/timing/emirge/grudge/grudge/discretization.py", line 1091, in make_discretization_collection
    return self.fetch(key)
    return self.fetch(key)
           ^^^^^    inter_part_connections=_set_up_inter_part_connections(
                           ^^^^^^^^^^^^^^^^^^^^^^^^^^^^^^^
  File "/p/gpfs1/mtcampbe/CEESD/AutomatedTesting/MIRGE-Timing/timing/emirge/grudge/grudge/discretization.py", line 946, in _set_up_inter_part_connections
    return self.fetch(key)
           ^^^^^^^^^^^^^^^
  File "/p/gpfs1/mtcampbe/CEESD/AutomatedTesting/MIRGE-Timing/timing/emirge/miniforge3/envs/timing.main/lib/python3.12/site-packages/pytools/persistent_dict.py", line 755, in fetch
           ^^^^^^^^^^^^^^^
  File "/p/gpfs1/mtcampbe/CEESD/AutomatedTesting/MIRGE-Timing/timing/emirge/miniforge3/envs/timing.main/lib/python3.12/site-packages/pytools/persistent_dict.py", line 755, in fetch
^^^^^^^^^^
  File "/p/gpfs1/mtcampbe/CEESD/AutomatedTesting/MIRGE-Timing/timing/emirge/miniforge3/envs/timing.main/lib/python3.12/site-packages/pytools/persistent_dict.py", line 755, in fetch
    stored_key, value = self._fetch(keyhash)
    stored_key, value = self._fetch(keyhash)
         make_partition_connection(
  File "/p/gpfs1/mtcampbe/CEESD/AutomatedTesting/MIRGE-Timing/timing/emirge/meshmode/meshmode/discretization/connection/opposite_face.py", line 620, in make_partition_connection
    r = self.transform_loopy_cache[t_unit]
    stored_key, value = self._fetch(keyhash)
                                   ^^^^^^^^^^^^^^^^^^^^
  File "/p/gpfs1/mtcampbe/CEESD/AutomatedTesting/MIRGE-Timing/timing/emirge/miniforge3/envs/timing.main/lib/python3.12/site-packages/pytools/persistent_dict.py", line 747, in _fetch_uncached
        ~~~~~~~~~~~~~~~~~~~~~~~~~~^^^^^^^^
  File "/p/gpfs1/mtcampbe/CEESD/AutomatedTesting/MIRGE-Timing/timing/emirge/miniforge3/envs/timing.main/lib/python3.12/site-packages/pytools/persistent_dict.py", line 588, in __getitem__
                   ^^^^^^^^^^^^^^^^^             ^^^^^^^^^^^^^^^^^^^^
  File "/p/gpfs1/mtcampbe/CEESD/AutomatedTesting/MIRGE-Timing/timing/emirge/miniforge3/envs/timing.main/lib/python3.12/site-packages/pytools/persistent_dict.py", line 747, in _fetch_uncached
^^^
  File "/p/gpfs1/mtcampbe/CEESD/AutomatedTesting/MIRGE-Timing/timing/emirge/miniforge3/envs/timing.main/lib/python3.12/site-packages/pytools/persistent_dict.py", line 747, in _fetch_uncached
    grp_batches = _make_cross_face_batches(actx,
                  ^^^^^^^^^^^^^^^^^^^^^^^^^^^^^^
    key, value = pickle.loads(row[0])
                 ^^^^^^^^^^^^^^^^^^^^
  File "/p/gpfs1/mtcampbe/CEESD/AutomatedTesting/MIRGE-Timing/timing/emirge/meshmode/meshmode/discretization/connection/opposite_face.py", line 69, in _make_cross_face_batches
    key, value = pickle.loads(row[0])
                 ^^^^^^^^^^^^^^^^^^^^
    for ary in tgt_bdry_discr.nodes(cached=False)
               ^^^^^^^^^AttributeError: Can't get attribute '_read_from_str_wrapper' on <module 'islpy' from '/p/gpfs1/mtcampbe/CEESD/AutomatedTesting/MIRGE-Timing/timing/emirge/miniforge3/envs/timing.main/lib/python3.12/site-packages/islpy/__init__.py'>
^^^^^^^^^^^^^^^^^^^^^^^^^
AttributeError: Can't get attribute '_read_from_str_wrapper' on <module 'islpy' from '/p/gpfs1/mtcampbe/CEESD/AutomatedTesting/MIRGE-Timing/timing/emirge/miniforge3/envs/timing.main/lib/python3.12/site-packages/islpy/__init__.py'>
  File "/p/gpfs1/mtcampbe/CEESD/AutomatedTesting/MIRGE-Timing/timing/emirge/meshmode/meshmode/discretization/__init__.py", line 590, in nodes
    key, value = pickle.loads(row[0])
                 ^^^^^^^^^^^^^^^^^^^^
AttributeError: Can't get attribute '_read_from_str_wrapper' on <module 'islpy' from '/p/gpfs1/mtcampbe/CEESD/AutomatedTesting/MIRGE-Timing/timing/emirge/miniforge3/envs/timing.main/lib/python3.12/site-packages/islpy/__init__.py'>
    _DOFArray(None, tuple(actx.freeze(resample_mesh_nodes(grp, iaxis))
                    ^^^^^^^^^^^^^^^^^^^^^^^^^^^^^^^^^^^^^^^^^^^^^^^^^^
  File "/p/gpfs1/mtcampbe/CEESD/AutomatedTesting/MIRGE-Timing/timing/emirge/meshmode/meshmode/discretization/__init__.py", line 590, in <genexpr>
    _DOFArray(None, tuple(actx.freeze(resample_mesh_nodes(grp, iaxis))
    return self.fetch(key)
           ^^^^^^^^^^^^^^^
                          ^^^^^^^^^^^^^^^^^^^^^^^^^^^^^^^^^^^^^^^^^^^^
  File "/p/gpfs1/mtcampbe/CEESD/AutomatedTesting/MIRGE-Timing/timing/emirge/miniforge3/envs/timing.main/lib/python3.12/site-packages/pytools/persistent_dict.py", line 755, in fetch
  File "/p/gpfs1/mtcampbe/CEESD/AutomatedTesting/MIRGE-Timing/timing/emirge/arraycontext/arraycontext/impl/pytato/__init__.py", line 605, in freeze
    pt_prg = pt_prg.with_transformed_translation_unit(
             ^^^^^^^^^^^^^^^^^^^^^^^^^^^^^^^^^^^^^^^^^
    stored_key, value = self._fetch(keyhash)
                        ^^^^^^^^^^^^^^^^^^^^
  File "/p/gpfs1/mtcampbe/CEESD/AutomatedTesting/MIRGE-Timing/timing/emirge/pytato/pytato/target/loopy/__init__.py", line 300, in with_transformed_translation_unit
  File "/p/gpfs1/mtcampbe/CEESD/AutomatedTesting/MIRGE-Timing/timing/emirge/miniforge3/envs/timing.main/lib/python3.12/site-packages/pytools/persistent_dict.py", line 747, in _fetch_uncached
    program=f(self.program.t_unit).executor(self.cl_context),
            ^^^^^^^^^^^^^^^^^^^^^^
    key, value = pickle.loads(row[0])
                 ^^^^^^^^^^^^^^^^^^^^
  File "/p/gpfs1/mtcampbe/CEESD/AutomatedTesting/MIRGE-Timing/timing/emirge/meshmode/meshmode/array_context.py", line 1652, in transform_loopy_program
AttributeError: Can't get attribute '_read_from_str_wrapper' on <module 'islpy' from '/p/gpfs1/mtcampbe/CEESD/AutomatedTesting/MIRGE-Timing/timing/emirge/miniforge3/envs/timing.main/lib/python3.12/site-packages/islpy/__init__.py'>
    r = self.transform_loopy_cache[t_unit]
        ~~~~~~~~~~~~~~~~~~~~~~~~~~^^^^^Traceback (most recent call last):
  File "/p/gpfs1/mtcampbe/CEESD/AutomatedTesting/MIRGE-Timing/timing/emirge/arraycontext/arraycontext/impl/pytato/__init__.py", line 573, in freeze
^^^
  File "/p/gpfs1/mtcampbe/CEESD/AutomatedTesting/MIRGE-Timing/timing/emirge/miniforge3/envs/timing.main/lib/python3.12/site-packages/pytools/persistent_dict.py", line 588, in __getitem__
    pt_prg = self._freeze_prg_cache[normalized_expr]
             ~~~~~~~~~~~~~~~~~~~~~~^^^^^^^^^^^^^^^^^
    return self.fetch(key)
           ^^^^^^^^^^^^^^^
  File "/p/gpfs1/mtcampbe/CEESD/AutomatedTesting/MIRGE-Timing/timing/emirge/miniforge3/envs/timing.main/lib/python3.12/site-packages/pytools/persistent_dict.py", line 755, in fetch
KeyError    stored_key, value = self._fetch(keyhash)
                        ^^^^^^^^^^^^^^^^^^^^
  File "/p/gpfs1/mtcampbe/CEESD/AutomatedTesting/MIRGE-Timing/timing/emirge/miniforge3/envs/timing.main/lib/python3.12/site-packages/pytools/persistent_dict.py", line 747, in _fetch_uncached
    key, value = pickle.loads(row[0])
                 ^^^^^^^^^^^^^^^^^^^^
AttributeError: Can't get attribute '_read_from_str_wrapper' on <module 'islpy' from '/p/gpfs1/mtcampbe/CEESD/AutomatedTesting/MIRGE-Timing/timing/emirge/miniforge3/envs/timing.main/lib/python3.12/site-packages/islpy/__init__.py'>
: DictOfNamedArrays(tags=frozenset(), data={'_ary': Einsum(tags={PrefixNamed(prefix='nodes0_3d'), FirstAxisIsElementsTag()}, access_descriptors=((EinsumElementwiseAxis(dim=1), EinsumReductionAxis(dim=0)), (EinsumElementwiseAxis(dim=0), EinsumReductionAxis(dim=0))), args=(Placeholder(shape=(15, 3), dtype='float64', axes=(Axis(tags=frozenset({DiscretizationDOFAxisTag()})), Axis(tags=frozenset())), name='_actx_dw'), Placeholder(shape=(1897, 3), dtype='float64', axes=(Axis(tags=frozenset({DiscretizationElementAxisTag()})), Axis(tags=frozenset({DiscretizationDOFAxisTag()}))), name='_actx_dw_0')), redn_axis_to_redn_descr={EinsumReductionAxis(dim=0): ReductionDescriptor(tags=frozenset())})})

During handling of the above exception, another exception occurred:

Traceback (most recent call last):
  File "<frozen runpy>", line 198, in _run_module_as_main
  File "<frozen runpy>", line 88, in _run_code
  File "/p/gpfs1/mtcampbe/CEESD/AutomatedTesting/MIRGE-Timing/timing/emirge/miniforge3/envs/timing.main/lib/python3.12/site-packages/mpi4py/__main__.py", line 7, in <module>
    main()
  File "/p/gpfs1/mtcampbe/CEESD/AutomatedTesting/MIRGE-Timing/timing/emirge/miniforge3/envs/timing.main/lib/python3.12/site-packages/mpi4py/run.py", line 214, in main
    run_command_line(args)
  File "/p/gpfs1/mtcampbe/CEESD/AutomatedTesting/MIRGE-Timing/timing/emirge/miniforge3/envs/timing.main/lib/python3.12/site-packages/mpi4py/run.py", line 46, in run_command_line
    run_path(sys.argv[0], run_name='__main__')
  File "<frozen runpy>", line 287, in run_path
  File "<frozen runpy>", line 98, in _run_module_code
  File "<frozen runpy>", line 88, in _run_code
  File "driver.py", line 85, in <module>
    main(actx_class, restart_filename=restart_filename,
  File "/p/gpfs1/mtcampbe/CEESD/AutomatedTesting/MIRGE-Timing/timing/emirge/mirgecom/mirgecom/mpi.py", line 152, in wrapped_func
    func(*args, **kwargs)
  File "/p/gpfs1/mtcampbe/CEESD/AutomatedTesting/MIRGE-Timing/timing/y3-prediction-scaling-run/y3prediction/prediction.py", line 4277, in main
    dcoll = create_discretization_collection(
            ^^^^^^^^^^^^^^^^^^^^^^^^^^^^^^^^^
  File "/p/gpfs1/mtcampbe/CEESD/AutomatedTesting/MIRGE-Timing/timing/emirge/mirgecom/mirgecom/discretization.py", line 76, in create_discretization_collection
    return make_discretization_collection(
           ^^^^^^^^^^^^^^^^^^^^^^^^^^^^^^^
  File "/p/gpfs1/mtcampbe/CEESD/AutomatedTesting/MIRGE-Timing/timing/emirge/grudge/grudge/discretization.py", line 1091, in make_discretization_collection
    inter_part_connections=_set_up_inter_part_connections(
                           ^^^^^^^^^^^^^^^^^^^^^^^^^^^^^^^
  File "/p/gpfs1/mtcampbe/CEESD/AutomatedTesting/MIRGE-Timing/timing/emirge/grudge/grudge/discretization.py", line 946, in _set_up_inter_part_connections
    make_partition_connection(
  File "/p/gpfs1/mtcampbe/CEESD/AutomatedTesting/MIRGE-Timing/timing/emirge/meshmode/meshmode/discretization/connection/opposite_face.py", line 620, in make_partition_connection
    grp_batches = _make_cross_face_batches(actx,
                  ^^^^^^^^^^^^^^^^^^^^^^^^^^^^^^
  File "/p/gpfs1/mtcampbe/CEESD/AutomatedTesting/MIRGE-Timing/timing/emirge/meshmode/meshmode/discretization/connection/opposite_face.py", line 69, in _make_cross_face_batches
    for ary in tgt_bdry_discr.nodes(cached=False)
               ^^^^^^^^^^^^^^^^^^^^^^^^^^^^^^^^^^
  File "/p/gpfs1/mtcampbe/CEESD/AutomatedTesting/MIRGE-Timing/timing/emirge/meshmode/meshmode/discretization/__init__.py", line 590, in nodes
    _DOFArray(None, tuple(actx.freeze(resample_mesh_nodes(grp, iaxis))
                    ^^^^^^^^^^^^^^^^^^^^^^^^^^^^^^^^^^^^^^^^^^^^^^^^^^
  File "/p/gpfs1/mtcampbe/CEESD/AutomatedTesting/MIRGE-Timing/timing/emirge/meshmode/meshmode/discretization/__init__.py", line 590, in <genexpr>
    _DOFArray(None, tuple(actx.freeze(resample_mesh_nodes(grp, iaxis))
                          ^^^^^^^^^^^^^^^^^^^^^^^^^^^^^^^^^^^^^^^^^^^^
  File "/p/gpfs1/mtcampbe/CEESD/AutomatedTesting/MIRGE-Timing/timing/emirge/arraycontext/arraycontext/impl/pytato/__init__.py", line 605, in freeze
    pt_prg = pt_prg.with_transformed_translation_unit(
             ^^^^^^^^^^^^^^^^^^^^^^^^^^^^^^^^^^^^^^^^^
  File "/p/gpfs1/mtcampbe/CEESD/AutomatedTesting/MIRGE-Timing/timing/emirge/pytato/pytato/target/loopy/__init__.py", line 300, in with_transformed_translation_unit
    program=f(self.program.t_unit).executor(self.cl_context),
            ^^^^^^^^^^^^^^^^^^^^^^
  File "/p/gpfs1/mtcampbe/CEESD/AutomatedTesting/MIRGE-Timing/timing/emirge/meshmode/meshmode/array_context.py", line 1652, in transform_loopy_program
    r = self.transform_loopy_cache[t_unit]
        ~~~~~~~~~~~~~~~~~~~~~~~~~~^^^^^^^^
  File "/p/gpfs1/mtcampbe/CEESD/AutomatedTesting/MIRGE-Timing/timing/emirge/miniforge3/envs/timing.main/lib/python3.12/site-packages/pytools/persistent_dict.py", line 588, in __getitem__
    return self.fetch(key)
           ^^^^^^^^^^^^^^^
  File "/p/gpfs1/mtcampbe/CEESD/AutomatedTesting/MIRGE-Timing/timing/emirge/miniforge3/envs/timing.main/lib/python3.12/site-packages/pytools/persistent_dict.py", line 755, in fetch
    stored_key, value = self._fetch(keyhash)
                        ^^^^^^^^^^^^^^^^^^^^
  File "/p/gpfs1/mtcampbe/CEESD/AutomatedTesting/MIRGE-Timing/timing/emirge/miniforge3/envs/timing.main/lib/python3.12/site-packages/pytools/persistent_dict.py", line 747, in _fetch_uncached
    key, value = pickle.loads(row[0])
                 ^^^^^^^^^^^^^^^^^^^^
AttributeError: Can't get attribute '_read_from_str_wrapper' on <module 'islpy' from '/p/gpfs1/mtcampbe/CEESD/AutomatedTesting/MIRGE-Timing/timing/emirge/miniforge3/envs/timing.main/lib/python3.12/site-packages/islpy/__init__.py'>
Traceback (most recent call last):
  File "/p/gpfs1/mtcampbe/CEESD/AutomatedTesting/MIRGE-Timing/timing/emirge/arraycontext/arraycontext/impl/pytato/__init__.py", line 573, in freeze
    pt_prg = self._freeze_prg_cache[normalized_expr]
             ~~~~~~~~~~~~~~~~~~~~~~^^^^^^^^^^^^^^^^^
KeyError: DictOfNamedArrays(tags=frozenset(), data={'_ary': Einsum(tags={FirstAxisIsElementsTag(), PrefixNamed(prefix='nodes0_3d')}, access_descriptors=((EinsumElementwiseAxis(dim=1), EinsumReductionAxis(dim=0)), (EinsumElementwiseAxis(dim=0), EinsumReductionAxis(dim=0))), args=(Placeholder(shape=(15, 3), dtype='float64', axes=(Axis(tags=frozenset({DiscretizationDOFAxisTag()})), Axis(tags=frozenset())), name='_actx_dw'), Placeholder(shape=(1932, 3), dtype='float64', axes=(Axis(tags=frozenset({DiscretizationElementAxisTag()})), Axis(tags=frozenset({DiscretizationDOFAxisTag()}))), name='_actx_dw_0')), redn_axis_to_redn_descr={EinsumReductionAxis(dim=0): ReductionDescriptor(tags=frozenset())})})

During handling of the above exception, another exception occurred:

Traceback (most recent call last):
  File "<frozen runpy>", line 198, in _run_module_as_main
  File "<frozen runpy>", line 88, in _run_code
  File "/p/gpfs1/mtcampbe/CEESD/AutomatedTesting/MIRGE-Timing/timing/emirge/miniforge3/envs/timing.main/lib/python3.12/site-packages/mpi4py/__main__.py", line 7, in <module>
    main()
  File "/p/gpfs1/mtcampbe/CEESD/AutomatedTesting/MIRGE-Timing/timing/emirge/miniforge3/envs/timing.main/lib/python3.12/site-packages/mpi4py/run.py", line 214, in main
    run_command_line(args)
  File "/p/gpfs1/mtcampbe/CEESD/AutomatedTesting/MIRGE-Timing/timing/emirge/miniforge3/envs/timing.main/lib/python3.12/site-packages/mpi4py/run.py", line 46, in run_command_line
    run_path(sys.argv[0], run_name='__main__')
  File "<frozen runpy>", line 287, in run_path
  File "<frozen runpy>", line 98, in _run_module_code
  File "<frozen runpy>", line 88, in _run_code
  File "driver.py", line 85, in <module>
    main(actx_class, restart_filename=restart_filename,
  File "/p/gpfs1/mtcampbe/CEESD/AutomatedTesting/MIRGE-Timing/timing/emirge/mirgecom/mirgecom/mpi.py", line 152, in wrapped_func
    func(*args, **kwargs)
  File "/p/gpfs1/mtcampbe/CEESD/AutomatedTesting/MIRGE-Timing/timing/y3-prediction-scaling-run/y3prediction/prediction.py", line 4277, in main
    dcoll = create_discretization_collection(
            ^^^^^^^^^^^^^^^^^^^^^^^^^^^^^^^^^
  File "/p/gpfs1/mtcampbe/CEESD/AutomatedTesting/MIRGE-Timing/timing/emirge/mirgecom/mirgecom/discretization.py", line 76, in create_discretization_collection
    return make_discretization_collection(
           ^^^^^^^^^^^^^^^^^^^^^^^^^^^^^^^
  File "/p/gpfs1/mtcampbe/CEESD/AutomatedTesting/MIRGE-Timing/timing/emirge/grudge/grudge/discretization.py", line 1091, in make_discretization_collection
    inter_part_connections=_set_up_inter_part_connections(
                           ^^^^^^^^^^^^^^^^^^^^^^^^^^^^^^^
  File "/p/gpfs1/mtcampbe/CEESD/AutomatedTesting/MIRGE-Timing/timing/emirge/grudge/grudge/discretization.py", line 946, in _set_up_inter_part_connections
    make_partition_connection(
  File "/p/gpfs1/mtcampbe/CEESD/AutomatedTesting/MIRGE-Timing/timing/emirge/meshmode/meshmode/discretization/connection/opposite_face.py", line 620, in make_partition_connection
    grp_batches = _make_cross_face_batches(actx,
                  ^^^^^^^^^^^^^^^^^^^^^^^^^^^^^^
  File "/p/gpfs1/mtcampbe/CEESD/AutomatedTesting/MIRGE-Timing/timing/emirge/meshmode/meshmode/discretization/connection/opposite_face.py", line 69, in _make_cross_face_batches
    for ary in tgt_bdry_discr.nodes(cached=False)
               ^^^^^^^^^^^^^^^^^^^^^^^^^^^^^^^^^^
  File "/p/gpfs1/mtcampbe/CEESD/AutomatedTesting/MIRGE-Timing/timing/emirge/meshmode/meshmode/discretization/__init__.py", line 590, in nodes
    _DOFArray(None, tuple(actx.freeze(resample_mesh_nodes(grp, iaxis))
                    ^^^^^^^^^^^^^^^^^^^^^^^^^^^^^^^^^^^^^^^^^^^^^^^^^^
  File "/p/gpfs1/mtcampbe/CEESD/AutomatedTesting/MIRGE-Timing/timing/emirge/meshmode/meshmode/discretization/__init__.py", line 590, in <genexpr>
    _DOFArray(None, tuple(actx.freeze(resample_mesh_nodes(grp, iaxis))
                          ^^^^^^^^^^^^^^^^^^^^^^^^^^^^^^^^^^^^^^^^^^^^
  File "/p/gpfs1/mtcampbe/CEESD/AutomatedTesting/MIRGE-Timing/timing/emirge/arraycontext/arraycontext/impl/pytato/__init__.py", line 605, in freeze
    pt_prg = pt_prg.with_transformed_translation_unit(
             ^^^^^^^^^^^^^^^^^^^^^^^^^^^^^^^^^^^^^^^^^
  File "/p/gpfs1/mtcampbe/CEESD/AutomatedTesting/MIRGE-Timing/timing/emirge/pytato/pytato/target/loopy/__init__.py", line 300, in with_transformed_translation_unit
    program=f(self.program.t_unit).executor(self.cl_context),
            ^^^^^^^^^^^^^^^^^^^^^^
  File "/p/gpfs1/mtcampbe/CEESD/AutomatedTesting/MIRGE-Timing/timing/emirge/meshmode/meshmode/array_context.py", line 1652, in transform_loopy_program
    r = self.transform_loopy_cache[t_unit]
        ~~~~~~~~~~~~~~~~~~~~~~~~~~^^^^^^^^
  File "/p/gpfs1/mtcampbe/CEESD/AutomatedTesting/MIRGE-Timing/timing/emirge/miniforge3/envs/timing.main/lib/python3.12/site-packages/pytools/persistent_dict.py", line 588, in __getitem__
    return self.fetch(key)
           ^^^^^^^^^^^^^^^
  File "/p/gpfs1/mtcampbe/CEESD/AutomatedTesting/MIRGE-Timing/timing/emirge/miniforge3/envs/timing.main/lib/python3.12/site-packages/pytools/persistent_dict.py", line 755, in fetch
    stored_key, value = self._fetch(keyhash)
                        ^^^^^^^^^^^^^^^^^^^^
  File "/p/gpfs1/mtcampbe/CEESD/AutomatedTesting/MIRGE-Timing/timing/emirge/miniforge3/envs/timing.main/lib/python3.12/site-packages/pytools/persistent_dict.py", line 747, in _fetch_uncached
    key, value = pickle.loads(row[0])
                 ^^^^^^^^^^^^^^^^^^^^
AttributeError: Can't get attribute '_read_from_str_wrapper' on <module 'islpy' from '/p/gpfs1/mtcampbe/CEESD/AutomatedTesting/MIRGE-Timing/timing/emirge/miniforge3/envs/timing.main/lib/python3.12/site-packages/islpy/__init__.py'>
--------------------------------------------------------------------------
MPI_ABORT was invoked on rank 14 in communicator MPI_COMM_WORLD
with errorcode 1.

NOTE: invoking MPI_ABORT causes Open MPI to kill all MPI processes.
You may or may not see output from other processes, depending on
exactly when Open MPI kills them.
--------------------------------------------------------------------------
++ return_code=1
++ set +x
mv: cannot stat viz_data: No such file or directory
mv: cannot stat restart_data: No such file or directory
**  scalability_test/prediction-scalability_np32 failed.
Sun Jun 15 23:26:03 PDT 2025
Scaling/timing tests done.
Passing tests: 
Failing tests:  scalability_test/prediction-scalability_np32

------------------------------------------------------------
Sender: LSF System <lsfadmin@lassen710>
Subject: Job 7341825: <scale32> in cluster <lassen> Exited

Job <scale32> was submitted from host <lassen709> by user <mtcampbe> in cluster <lassen> at Sun Jun 15 23:24:06 2025
Job was executed on host(s) <1*lassen710>, in queue <pbatch>, as user <mtcampbe> in cluster <lassen> at Sun Jun 15 23:24:07 2025
                            <40*lassen616>
                            <40*lassen132>
                            <40*lassen461>
                            <40*lassen617>
                            <40*lassen790>
                            <40*lassen622>
                            <40*lassen623>
                            <40*lassen635>
</g/g17/mtcampbe> was used as the home directory.
</p/gpfs1/mtcampbe/CEESD/AutomatedTesting/MIRGE-Timing/timing/y3-prediction-scaling-run/scalability_test> was used as the working directory.
Started at Sun Jun 15 23:24:07 2025
Terminated at Sun Jun 15 23:26:34 2025
Results reported at Sun Jun 15 23:26:34 2025

Your job looked like:

------------------------------------------------------------
# LSBATCH: User input
#!/bin/bash
#BSUB -nnodes 8
#BSUB -G uiuc
#BSUB -W 120
#BSUB -J scale32
#BSUB -q pbatch
#BSUB -o scal32.txt

source ../emirge/config/activate_env.sh
source ../emirge/mirgecom/scripts/mirge-testing-env.sh
source ../scripts/multi_scalability.sh -p ../ -s 32 -n 32

------------------------------------------------------------

Exited with exit code 1.

Resource usage summary:

    CPU time :                                   2.00 sec.
    Max Memory :                                 60 MB
    Average Memory :                             57.86 MB
    Total Requested Memory :                     -
    Delta Memory :                               -
    Max Swap :                                   1634 MB
    Max Processes :                              4
    Max Threads :                                27
    Run time :                                   146 sec.
    Turnaround time :                            148 sec.

The output (if any) is above this job summary.

