Customizing shell for Lassen.

The following have been reloaded with a version change:
  1) base-gcc/8.3.1 => base-gcc/11.2.1


Lmod is automatically replacing "clang/ibm-16.0.6-cuda-11.2.0-gcc-8.3.1" with
"gcc/10.2.1".


Due to MODULEPATH changes, the following have been reloaded:
  1) spectrum-mpi/rolling-release

Activating 'timing.pilot' environment for '/p/gpfs1/mtcampbe/CEESD/AutomatedTesting/RepoMonitoring/pilot-timing/emirge/miniforge3/bin/conda'.
/p/gpfs1/mtcampbe/CEESD/AutomatedTesting/RepoMonitoring/pilot-timing/y3-prediction-scaling-run/scalability_test
/p/gpfs1/mtcampbe/CEESD/AutomatedTesting/RepoMonitoring/pilot-timing/y3-prediction-scaling-run/scalability_test
Driver directory: /p/gpfs1/mtcampbe/CEESD/AutomatedTesting/RepoMonitoring/pilot-timing/y3-prediction-scaling-run
Sun Jun 15 15:34:14 PDT 2025
Running parallel timing tests...
* Running prediction-scalability test in scalability_test.
** Running prediction-scalability_np16 on 16 ranks.
++ runoptions='-n 16'
++ [[ ! -z '' ]]
++ jsrun -g 1 -a 1 -n 16 bash /p/gpfs1/mtcampbe/CEESD/AutomatedTesting/RepoMonitoring/pilot-timing/y3-prediction-scaling-run/emirge/mirgecom/scripts/lassen-parallel-spawner.sh python -u -O -m mpi4py driver.py -c prediction-scalability_np16 -g /p/gpfs1/mtcampbe/CEESD/AutomatedTesting/RepoMonitoring/pilot-timing/y3-prediction-scaling-run/scalability_test/log_data -i run_params_np16.yaml --log --lazy
Custom casename 'prediction-scalability_np16'
Custom casename 'prediction-scalability_np16'
Custom casename 'prediction-scalability_np16'
Custom casename 'prediction-scalability_np16'
Custom casename 'prediction-scalability_np16'
Custom casename 'prediction-scalability_np16'
Custom casename 'prediction-scalability_np16'
Custom casename 'prediction-scalability_np16'
Custom casename 'prediction-scalability_np16'
Custom casename 'prediction-scalability_np16'
Custom casename 'prediction-scalability_np16'
Custom casename 'prediction-scalability_np16'
Custom casename 'prediction-scalability_np16'
Custom casename 'prediction-scalability_np16'
Custom casename 'prediction-scalability_np16'
Custom casename 'prediction-scalability_np16'
2025-06-15 15:34:17,984 - INFO - grudge.array_context - get_reasonable_array_context_class: MPIFusionContractorArrayContext lazy=True distributed=True device-parallel=True
Using user input from file: run_params_np16.yaml
Running driver.py

2025-06-15 15:34:17,984 - INFO - grudge.array_context - get_reasonable_array_context_class: MPIFusionContractorArrayContext lazy=True distributed=True device-parallel=True
Using user input from file: run_params_np16.yaml
Running driver.py

2025-06-15 15:34:17,984 - INFO - grudge.array_context - get_reasonable_array_context_class: MPIFusionContractorArrayContext lazy=True distributed=True device-parallel=True
2025-06-15 15:34:17,984 - INFO - grudge.array_context - get_reasonable_array_context_class: MPIFusionContractorArrayContext lazy=True distributed=True device-parallel=True
Using user input from file: run_params_np16.yaml
Running driver.py

Using user input from file: run_params_np16.yaml
Running driver.py

2025-06-15 15:34:17,986 - INFO - grudge.array_context - get_reasonable_array_context_class: MPIFusionContractorArrayContext lazy=True distributed=True device-parallel=True
Using user input from file: run_params_np16.yaml
Running driver.py

Using user input from file: run_params_np16.yaml
Running driver.py

2025-06-15 15:34:17,986 - INFO - grudge.array_context - get_reasonable_array_context_class: MPIFusionContractorArrayContext lazy=True distributed=True device-parallel=True
Using user input from file: run_params_np16.yaml
Running driver.py

2025-06-15 15:34:17,986 - INFO - grudge.array_context - get_reasonable_array_context_class: MPIFusionContractorArrayContext lazy=True distributed=True device-parallel=True
2025-06-15 15:34:17,986 - INFO - grudge.array_context - get_reasonable_array_context_class: MPIFusionContractorArrayContext lazy=True distributed=True device-parallel=True
Using user input from file: run_params_np16.yaml
Running driver.py

2025-06-15 15:34:18,081 - WARNING - py.warnings - /p/gpfs1/mtcampbe/CEESD/AutomatedTesting/RepoMonitoring/pilot-timing/y3-prediction-scaling-run/y3prediction/wall.py:37: UserWarning: <class 'y3prediction.wall.WallVars'> does not have __array_ufunc__ set. This will cause numpy to attempt broadcasting, in a way that is likely undesired. To avoid this, set __array_ufunc__ = None in <class 'y3prediction.wall.WallVars'>.
  @with_container_arithmetic(bcast_obj_array=False,

2025-06-15 15:34:18,081 - WARNING - py.warnings - /p/gpfs1/mtcampbe/CEESD/AutomatedTesting/RepoMonitoring/pilot-timing/y3-prediction-scaling-run/y3prediction/wall.py:37: UserWarning: <class 'y3prediction.wall.WallVars'> does not have __array_ufunc__ set. This will cause numpy to attempt broadcasting, in a way that is likely undesired. To avoid this, set __array_ufunc__ = None in <class 'y3prediction.wall.WallVars'>.
  @with_container_arithmetic(bcast_obj_array=False,

2025-06-15 15:34:18,081 - WARNING - py.warnings - /p/gpfs1/mtcampbe/CEESD/AutomatedTesting/RepoMonitoring/pilot-timing/y3-prediction-scaling-run/y3prediction/wall.py:37: UserWarning: <class 'y3prediction.wall.WallVars'> does not have __array_ufunc__ set. This will cause numpy to attempt broadcasting, in a way that is likely undesired. To avoid this, set __array_ufunc__ = None in <class 'y3prediction.wall.WallVars'>.
  @with_container_arithmetic(bcast_obj_array=False,

2025-06-15 15:34:18,081 - WARNING - py.warnings - /p/gpfs1/mtcampbe/CEESD/AutomatedTesting/RepoMonitoring/pilot-timing/y3-prediction-scaling-run/y3prediction/wall.py:37: UserWarning: <class 'y3prediction.wall.WallVars'> does not have __array_ufunc__ set. This will cause numpy to attempt broadcasting, in a way that is likely undesired. To avoid this, set __array_ufunc__ = None in <class 'y3prediction.wall.WallVars'>.
  @with_container_arithmetic(bcast_obj_array=False,

2025-06-15 15:34:18,082 - WARNING - py.warnings - /p/gpfs1/mtcampbe/CEESD/AutomatedTesting/RepoMonitoring/pilot-timing/y3-prediction-scaling-run/y3prediction/wall.py:37: UserWarning: <class 'y3prediction.wall.WallVars'> does not have __array_ufunc__ set. This will cause numpy to attempt broadcasting, in a way that is likely undesired. To avoid this, set __array_ufunc__ = None in <class 'y3prediction.wall.WallVars'>.
  @with_container_arithmetic(bcast_obj_array=False,

2025-06-15 15:34:18,082 - WARNING - py.warnings - /p/gpfs1/mtcampbe/CEESD/AutomatedTesting/RepoMonitoring/pilot-timing/y3-prediction-scaling-run/y3prediction/wall.py:37: UserWarning: <class 'y3prediction.wall.WallVars'> does not have __array_ufunc__ set. This will cause numpy to attempt broadcasting, in a way that is likely undesired. To avoid this, set __array_ufunc__ = None in <class 'y3prediction.wall.WallVars'>.
  @with_container_arithmetic(bcast_obj_array=False,

2025-06-15 15:34:18,082 - WARNING - py.warnings - /p/gpfs1/mtcampbe/CEESD/AutomatedTesting/RepoMonitoring/pilot-timing/y3-prediction-scaling-run/y3prediction/wall.py:37: UserWarning: <class 'y3prediction.wall.WallVars'> does not have __array_ufunc__ set. This will cause numpy to attempt broadcasting, in a way that is likely undesired. To avoid this, set __array_ufunc__ = None in <class 'y3prediction.wall.WallVars'>.
  @with_container_arithmetic(bcast_obj_array=False,

2025-06-15 15:34:18,082 - WARNING - py.warnings - /p/gpfs1/mtcampbe/CEESD/AutomatedTesting/RepoMonitoring/pilot-timing/y3-prediction-scaling-run/y3prediction/wall.py:37: UserWarning: <class 'y3prediction.wall.WallVars'> does not have __array_ufunc__ set. This will cause numpy to attempt broadcasting, in a way that is likely undesired. To avoid this, set __array_ufunc__ = None in <class 'y3prediction.wall.WallVars'>.
  @with_container_arithmetic(bcast_obj_array=False,

2025-06-15 15:34:18,098 - WARNING - py.warnings - /p/gpfs1/mtcampbe/CEESD/AutomatedTesting/RepoMonitoring/pilot-timing/y3-prediction-scaling-run/y3prediction/prediction.py:154: UserWarning: <class 'y3prediction.prediction.StepperState'> does not have __array_ufunc__ set. This will cause numpy to attempt broadcasting, in a way that is likely undesired. To avoid this, set __array_ufunc__ = None in <class 'y3prediction.prediction.StepperState'>.
  @with_container_arithmetic(bcast_obj_array=False,

2025-06-15 15:34:18,098 - WARNING - py.warnings - /p/gpfs1/mtcampbe/CEESD/AutomatedTesting/RepoMonitoring/pilot-timing/y3-prediction-scaling-run/y3prediction/prediction.py:154: UserWarning: <class 'y3prediction.prediction.StepperState'> does not have __array_ufunc__ set. This will cause numpy to attempt broadcasting, in a way that is likely undesired. To avoid this, set __array_ufunc__ = None in <class 'y3prediction.prediction.StepperState'>.
  @with_container_arithmetic(bcast_obj_array=False,

2025-06-15 15:34:18,098 - WARNING - py.warnings - /p/gpfs1/mtcampbe/CEESD/AutomatedTesting/RepoMonitoring/pilot-timing/y3-prediction-scaling-run/y3prediction/prediction.py:154: UserWarning: <class 'y3prediction.prediction.StepperState'> does not have __array_ufunc__ set. This will cause numpy to attempt broadcasting, in a way that is likely undesired. To avoid this, set __array_ufunc__ = None in <class 'y3prediction.prediction.StepperState'>.
  @with_container_arithmetic(bcast_obj_array=False,

2025-06-15 15:34:18,098 - WARNING - py.warnings - /p/gpfs1/mtcampbe/CEESD/AutomatedTesting/RepoMonitoring/pilot-timing/y3-prediction-scaling-run/y3prediction/prediction.py:154: UserWarning: <class 'y3prediction.prediction.StepperState'> does not have __array_ufunc__ set. This will cause numpy to attempt broadcasting, in a way that is likely undesired. To avoid this, set __array_ufunc__ = None in <class 'y3prediction.prediction.StepperState'>.
  @with_container_arithmetic(bcast_obj_array=False,

2025-06-15 15:34:18,100 - WARNING - py.warnings - /p/gpfs1/mtcampbe/CEESD/AutomatedTesting/RepoMonitoring/pilot-timing/y3-prediction-scaling-run/y3prediction/prediction.py:154: UserWarning: <class 'y3prediction.prediction.StepperState'> does not have __array_ufunc__ set. This will cause numpy to attempt broadcasting, in a way that is likely undesired. To avoid this, set __array_ufunc__ = None in <class 'y3prediction.prediction.StepperState'>.
  @with_container_arithmetic(bcast_obj_array=False,

2025-06-15 15:34:18,100 - WARNING - py.warnings - /p/gpfs1/mtcampbe/CEESD/AutomatedTesting/RepoMonitoring/pilot-timing/y3-prediction-scaling-run/y3prediction/prediction.py:154: UserWarning: <class 'y3prediction.prediction.StepperState'> does not have __array_ufunc__ set. This will cause numpy to attempt broadcasting, in a way that is likely undesired. To avoid this, set __array_ufunc__ = None in <class 'y3prediction.prediction.StepperState'>.
  @with_container_arithmetic(bcast_obj_array=False,

2025-06-15 15:34:18,100 - WARNING - py.warnings - /p/gpfs1/mtcampbe/CEESD/AutomatedTesting/RepoMonitoring/pilot-timing/y3-prediction-scaling-run/y3prediction/prediction.py:154: UserWarning: <class 'y3prediction.prediction.StepperState'> does not have __array_ufunc__ set. This will cause numpy to attempt broadcasting, in a way that is likely undesired. To avoid this, set __array_ufunc__ = None in <class 'y3prediction.prediction.StepperState'>.
  @with_container_arithmetic(bcast_obj_array=False,

2025-06-15 15:34:18,100 - WARNING - py.warnings - /p/gpfs1/mtcampbe/CEESD/AutomatedTesting/RepoMonitoring/pilot-timing/y3-prediction-scaling-run/y3prediction/prediction.py:154: UserWarning: <class 'y3prediction.prediction.StepperState'> does not have __array_ufunc__ set. This will cause numpy to attempt broadcasting, in a way that is likely undesired. To avoid this, set __array_ufunc__ = None in <class 'y3prediction.prediction.StepperState'>.
  @with_container_arithmetic(bcast_obj_array=False,

2025-06-15 15:34:18,111 - WARNING - py.warnings - /p/gpfs1/mtcampbe/CEESD/AutomatedTesting/RepoMonitoring/pilot-timing/y3-prediction-scaling-run/y3prediction/prediction.py:183: UserWarning: <class 'y3prediction.prediction.WallStepperState'> does not have __array_ufunc__ set. This will cause numpy to attempt broadcasting, in a way that is likely undesired. To avoid this, set __array_ufunc__ = None in <class 'y3prediction.prediction.WallStepperState'>.
  @with_container_arithmetic(bcast_obj_array=False,

2025-06-15 15:34:18,111 - WARNING - py.warnings - /p/gpfs1/mtcampbe/CEESD/AutomatedTesting/RepoMonitoring/pilot-timing/y3-prediction-scaling-run/y3prediction/prediction.py:183: UserWarning: <class 'y3prediction.prediction.WallStepperState'> does not have __array_ufunc__ set. This will cause numpy to attempt broadcasting, in a way that is likely undesired. To avoid this, set __array_ufunc__ = None in <class 'y3prediction.prediction.WallStepperState'>.
  @with_container_arithmetic(bcast_obj_array=False,

2025-06-15 15:34:18,111 - WARNING - py.warnings - /p/gpfs1/mtcampbe/CEESD/AutomatedTesting/RepoMonitoring/pilot-timing/y3-prediction-scaling-run/y3prediction/prediction.py:183: UserWarning: <class 'y3prediction.prediction.WallStepperState'> does not have __array_ufunc__ set. This will cause numpy to attempt broadcasting, in a way that is likely undesired. To avoid this, set __array_ufunc__ = None in <class 'y3prediction.prediction.WallStepperState'>.
  @with_container_arithmetic(bcast_obj_array=False,

2025-06-15 15:34:18,111 - WARNING - py.warnings - /p/gpfs1/mtcampbe/CEESD/AutomatedTesting/RepoMonitoring/pilot-timing/y3-prediction-scaling-run/y3prediction/prediction.py:183: UserWarning: <class 'y3prediction.prediction.WallStepperState'> does not have __array_ufunc__ set. This will cause numpy to attempt broadcasting, in a way that is likely undesired. To avoid this, set __array_ufunc__ = None in <class 'y3prediction.prediction.WallStepperState'>.
  @with_container_arithmetic(bcast_obj_array=False,

2025-06-15 15:34:18,113 - WARNING - py.warnings - /p/gpfs1/mtcampbe/CEESD/AutomatedTesting/RepoMonitoring/pilot-timing/y3-prediction-scaling-run/y3prediction/prediction.py:183: UserWarning: <class 'y3prediction.prediction.WallStepperState'> does not have __array_ufunc__ set. This will cause numpy to attempt broadcasting, in a way that is likely undesired. To avoid this, set __array_ufunc__ = None in <class 'y3prediction.prediction.WallStepperState'>.
  @with_container_arithmetic(bcast_obj_array=False,

2025-06-15 15:34:18,113 - WARNING - py.warnings - /p/gpfs1/mtcampbe/CEESD/AutomatedTesting/RepoMonitoring/pilot-timing/y3-prediction-scaling-run/y3prediction/prediction.py:183: UserWarning: <class 'y3prediction.prediction.WallStepperState'> does not have __array_ufunc__ set. This will cause numpy to attempt broadcasting, in a way that is likely undesired. To avoid this, set __array_ufunc__ = None in <class 'y3prediction.prediction.WallStepperState'>.
  @with_container_arithmetic(bcast_obj_array=False,

2025-06-15 15:34:18,113 - WARNING - py.warnings - /p/gpfs1/mtcampbe/CEESD/AutomatedTesting/RepoMonitoring/pilot-timing/y3-prediction-scaling-run/y3prediction/prediction.py:183: UserWarning: <class 'y3prediction.prediction.WallStepperState'> does not have __array_ufunc__ set. This will cause numpy to attempt broadcasting, in a way that is likely undesired. To avoid this, set __array_ufunc__ = None in <class 'y3prediction.prediction.WallStepperState'>.
  @with_container_arithmetic(bcast_obj_array=False,

2025-06-15 15:34:18,113 - WARNING - py.warnings - /p/gpfs1/mtcampbe/CEESD/AutomatedTesting/RepoMonitoring/pilot-timing/y3-prediction-scaling-run/y3prediction/prediction.py:183: UserWarning: <class 'y3prediction.prediction.WallStepperState'> does not have __array_ufunc__ set. This will cause numpy to attempt broadcasting, in a way that is likely undesired. To avoid this, set __array_ufunc__ = None in <class 'y3prediction.prediction.WallStepperState'>.
  @with_container_arithmetic(bcast_obj_array=False,

2025-06-15 15:34:18,486 - INFO - grudge.array_context - get_reasonable_array_context_class: MPIFusionContractorArrayContext lazy=True distributed=True device-parallel=True
Using user input from file: run_params_np16.yaml
Running driver.py

Using user input from file: run_params_np16.yaml
Running driver.py

2025-06-15 15:34:18,486 - INFO - grudge.array_context - get_reasonable_array_context_class: MPIFusionContractorArrayContext lazy=True distributed=True device-parallel=True
2025-06-15 15:34:18,486 - INFO - grudge.array_context - get_reasonable_array_context_class: MPIFusionContractorArrayContext lazy=True distributed=True device-parallel=True
2025-06-15 15:34:18,486 - INFO - grudge.array_context - get_reasonable_array_context_class: MPIFusionContractorArrayContext lazy=True distributed=True device-parallel=True
Using user input from file: run_params_np16.yaml
Running driver.py

Using user input from file: run_params_np16.yaml
Running driver.py

2025-06-15 15:34:18,578 - INFO - grudge.array_context - get_reasonable_array_context_class: MPIFusionContractorArrayContext lazy=True distributed=True device-parallel=True
Using user input from file: run_params_np16.yaml
Running driver.py

Using user input from file: run_params_np16.yaml
Running driver.py

Using user input from file: run_params_np16.yaml
Running driver.py

Using user input from file: run_params_np16.yaml
Running driver.py

2025-06-15 15:34:18,578 - INFO - grudge.array_context - get_reasonable_array_context_class: MPIFusionContractorArrayContext lazy=True distributed=True device-parallel=True
2025-06-15 15:34:18,578 - INFO - grudge.array_context - get_reasonable_array_context_class: MPIFusionContractorArrayContext lazy=True distributed=True device-parallel=True
2025-06-15 15:34:18,578 - INFO - grudge.array_context - get_reasonable_array_context_class: MPIFusionContractorArrayContext lazy=True distributed=True device-parallel=True
2025-06-15 15:34:18,581 - WARNING - py.warnings - /p/gpfs1/mtcampbe/CEESD/AutomatedTesting/RepoMonitoring/pilot-timing/y3-prediction-scaling-run/y3prediction/wall.py:37: UserWarning: <class 'y3prediction.wall.WallVars'> does not have __array_ufunc__ set. This will cause numpy to attempt broadcasting, in a way that is likely undesired. To avoid this, set __array_ufunc__ = None in <class 'y3prediction.wall.WallVars'>.
  @with_container_arithmetic(bcast_obj_array=False,

2025-06-15 15:34:18,581 - WARNING - py.warnings - /p/gpfs1/mtcampbe/CEESD/AutomatedTesting/RepoMonitoring/pilot-timing/y3-prediction-scaling-run/y3prediction/wall.py:37: UserWarning: <class 'y3prediction.wall.WallVars'> does not have __array_ufunc__ set. This will cause numpy to attempt broadcasting, in a way that is likely undesired. To avoid this, set __array_ufunc__ = None in <class 'y3prediction.wall.WallVars'>.
  @with_container_arithmetic(bcast_obj_array=False,

2025-06-15 15:34:18,581 - WARNING - py.warnings - /p/gpfs1/mtcampbe/CEESD/AutomatedTesting/RepoMonitoring/pilot-timing/y3-prediction-scaling-run/y3prediction/wall.py:37: UserWarning: <class 'y3prediction.wall.WallVars'> does not have __array_ufunc__ set. This will cause numpy to attempt broadcasting, in a way that is likely undesired. To avoid this, set __array_ufunc__ = None in <class 'y3prediction.wall.WallVars'>.
  @with_container_arithmetic(bcast_obj_array=False,

2025-06-15 15:34:18,581 - WARNING - py.warnings - /p/gpfs1/mtcampbe/CEESD/AutomatedTesting/RepoMonitoring/pilot-timing/y3-prediction-scaling-run/y3prediction/wall.py:37: UserWarning: <class 'y3prediction.wall.WallVars'> does not have __array_ufunc__ set. This will cause numpy to attempt broadcasting, in a way that is likely undesired. To avoid this, set __array_ufunc__ = None in <class 'y3prediction.wall.WallVars'>.
  @with_container_arithmetic(bcast_obj_array=False,

2025-06-15 15:34:18,598 - WARNING - py.warnings - /p/gpfs1/mtcampbe/CEESD/AutomatedTesting/RepoMonitoring/pilot-timing/y3-prediction-scaling-run/y3prediction/prediction.py:154: UserWarning: <class 'y3prediction.prediction.StepperState'> does not have __array_ufunc__ set. This will cause numpy to attempt broadcasting, in a way that is likely undesired. To avoid this, set __array_ufunc__ = None in <class 'y3prediction.prediction.StepperState'>.
  @with_container_arithmetic(bcast_obj_array=False,

2025-06-15 15:34:18,598 - WARNING - py.warnings - /p/gpfs1/mtcampbe/CEESD/AutomatedTesting/RepoMonitoring/pilot-timing/y3-prediction-scaling-run/y3prediction/prediction.py:154: UserWarning: <class 'y3prediction.prediction.StepperState'> does not have __array_ufunc__ set. This will cause numpy to attempt broadcasting, in a way that is likely undesired. To avoid this, set __array_ufunc__ = None in <class 'y3prediction.prediction.StepperState'>.
  @with_container_arithmetic(bcast_obj_array=False,

2025-06-15 15:34:18,598 - WARNING - py.warnings - /p/gpfs1/mtcampbe/CEESD/AutomatedTesting/RepoMonitoring/pilot-timing/y3-prediction-scaling-run/y3prediction/prediction.py:154: UserWarning: <class 'y3prediction.prediction.StepperState'> does not have __array_ufunc__ set. This will cause numpy to attempt broadcasting, in a way that is likely undesired. To avoid this, set __array_ufunc__ = None in <class 'y3prediction.prediction.StepperState'>.
  @with_container_arithmetic(bcast_obj_array=False,

2025-06-15 15:34:18,598 - WARNING - py.warnings - /p/gpfs1/mtcampbe/CEESD/AutomatedTesting/RepoMonitoring/pilot-timing/y3-prediction-scaling-run/y3prediction/prediction.py:154: UserWarning: <class 'y3prediction.prediction.StepperState'> does not have __array_ufunc__ set. This will cause numpy to attempt broadcasting, in a way that is likely undesired. To avoid this, set __array_ufunc__ = None in <class 'y3prediction.prediction.StepperState'>.
  @with_container_arithmetic(bcast_obj_array=False,

2025-06-15 15:34:18,611 - WARNING - py.warnings - /p/gpfs1/mtcampbe/CEESD/AutomatedTesting/RepoMonitoring/pilot-timing/y3-prediction-scaling-run/y3prediction/prediction.py:183: UserWarning: <class 'y3prediction.prediction.WallStepperState'> does not have __array_ufunc__ set. This will cause numpy to attempt broadcasting, in a way that is likely undesired. To avoid this, set __array_ufunc__ = None in <class 'y3prediction.prediction.WallStepperState'>.
  @with_container_arithmetic(bcast_obj_array=False,

2025-06-15 15:34:18,611 - WARNING - py.warnings - /p/gpfs1/mtcampbe/CEESD/AutomatedTesting/RepoMonitoring/pilot-timing/y3-prediction-scaling-run/y3prediction/prediction.py:183: UserWarning: <class 'y3prediction.prediction.WallStepperState'> does not have __array_ufunc__ set. This will cause numpy to attempt broadcasting, in a way that is likely undesired. To avoid this, set __array_ufunc__ = None in <class 'y3prediction.prediction.WallStepperState'>.
  @with_container_arithmetic(bcast_obj_array=False,

2025-06-15 15:34:18,611 - WARNING - py.warnings - /p/gpfs1/mtcampbe/CEESD/AutomatedTesting/RepoMonitoring/pilot-timing/y3-prediction-scaling-run/y3prediction/prediction.py:183: UserWarning: <class 'y3prediction.prediction.WallStepperState'> does not have __array_ufunc__ set. This will cause numpy to attempt broadcasting, in a way that is likely undesired. To avoid this, set __array_ufunc__ = None in <class 'y3prediction.prediction.WallStepperState'>.
  @with_container_arithmetic(bcast_obj_array=False,

2025-06-15 15:34:18,611 - WARNING - py.warnings - /p/gpfs1/mtcampbe/CEESD/AutomatedTesting/RepoMonitoring/pilot-timing/y3-prediction-scaling-run/y3prediction/prediction.py:183: UserWarning: <class 'y3prediction.prediction.WallStepperState'> does not have __array_ufunc__ set. This will cause numpy to attempt broadcasting, in a way that is likely undesired. To avoid this, set __array_ufunc__ = None in <class 'y3prediction.prediction.WallStepperState'>.
  @with_container_arithmetic(bcast_obj_array=False,

2025-06-15 15:34:18,674 - WARNING - py.warnings - /p/gpfs1/mtcampbe/CEESD/AutomatedTesting/RepoMonitoring/pilot-timing/y3-prediction-scaling-run/y3prediction/wall.py:37: UserWarning: <class 'y3prediction.wall.WallVars'> does not have __array_ufunc__ set. This will cause numpy to attempt broadcasting, in a way that is likely undesired. To avoid this, set __array_ufunc__ = None in <class 'y3prediction.wall.WallVars'>.
  @with_container_arithmetic(bcast_obj_array=False,

2025-06-15 15:34:18,674 - WARNING - py.warnings - /p/gpfs1/mtcampbe/CEESD/AutomatedTesting/RepoMonitoring/pilot-timing/y3-prediction-scaling-run/y3prediction/wall.py:37: UserWarning: <class 'y3prediction.wall.WallVars'> does not have __array_ufunc__ set. This will cause numpy to attempt broadcasting, in a way that is likely undesired. To avoid this, set __array_ufunc__ = None in <class 'y3prediction.wall.WallVars'>.
  @with_container_arithmetic(bcast_obj_array=False,

2025-06-15 15:34:18,674 - WARNING - py.warnings - /p/gpfs1/mtcampbe/CEESD/AutomatedTesting/RepoMonitoring/pilot-timing/y3-prediction-scaling-run/y3prediction/wall.py:37: UserWarning: <class 'y3prediction.wall.WallVars'> does not have __array_ufunc__ set. This will cause numpy to attempt broadcasting, in a way that is likely undesired. To avoid this, set __array_ufunc__ = None in <class 'y3prediction.wall.WallVars'>.
  @with_container_arithmetic(bcast_obj_array=False,

2025-06-15 15:34:18,674 - WARNING - py.warnings - /p/gpfs1/mtcampbe/CEESD/AutomatedTesting/RepoMonitoring/pilot-timing/y3-prediction-scaling-run/y3prediction/wall.py:37: UserWarning: <class 'y3prediction.wall.WallVars'> does not have __array_ufunc__ set. This will cause numpy to attempt broadcasting, in a way that is likely undesired. To avoid this, set __array_ufunc__ = None in <class 'y3prediction.wall.WallVars'>.
  @with_container_arithmetic(bcast_obj_array=False,

2025-06-15 15:34:18,695 - WARNING - py.warnings - /p/gpfs1/mtcampbe/CEESD/AutomatedTesting/RepoMonitoring/pilot-timing/y3-prediction-scaling-run/y3prediction/prediction.py:154: UserWarning: <class 'y3prediction.prediction.StepperState'> does not have __array_ufunc__ set. This will cause numpy to attempt broadcasting, in a way that is likely undesired. To avoid this, set __array_ufunc__ = None in <class 'y3prediction.prediction.StepperState'>.
  @with_container_arithmetic(bcast_obj_array=False,

2025-06-15 15:34:18,695 - WARNING - py.warnings - /p/gpfs1/mtcampbe/CEESD/AutomatedTesting/RepoMonitoring/pilot-timing/y3-prediction-scaling-run/y3prediction/prediction.py:154: UserWarning: <class 'y3prediction.prediction.StepperState'> does not have __array_ufunc__ set. This will cause numpy to attempt broadcasting, in a way that is likely undesired. To avoid this, set __array_ufunc__ = None in <class 'y3prediction.prediction.StepperState'>.
  @with_container_arithmetic(bcast_obj_array=False,

2025-06-15 15:34:18,695 - WARNING - py.warnings - /p/gpfs1/mtcampbe/CEESD/AutomatedTesting/RepoMonitoring/pilot-timing/y3-prediction-scaling-run/y3prediction/prediction.py:154: UserWarning: <class 'y3prediction.prediction.StepperState'> does not have __array_ufunc__ set. This will cause numpy to attempt broadcasting, in a way that is likely undesired. To avoid this, set __array_ufunc__ = None in <class 'y3prediction.prediction.StepperState'>.
  @with_container_arithmetic(bcast_obj_array=False,

2025-06-15 15:34:18,695 - WARNING - py.warnings - /p/gpfs1/mtcampbe/CEESD/AutomatedTesting/RepoMonitoring/pilot-timing/y3-prediction-scaling-run/y3prediction/prediction.py:154: UserWarning: <class 'y3prediction.prediction.StepperState'> does not have __array_ufunc__ set. This will cause numpy to attempt broadcasting, in a way that is likely undesired. To avoid this, set __array_ufunc__ = None in <class 'y3prediction.prediction.StepperState'>.
  @with_container_arithmetic(bcast_obj_array=False,

2025-06-15 15:34:18,708 - WARNING - py.warnings - /p/gpfs1/mtcampbe/CEESD/AutomatedTesting/RepoMonitoring/pilot-timing/y3-prediction-scaling-run/y3prediction/prediction.py:183: UserWarning: <class 'y3prediction.prediction.WallStepperState'> does not have __array_ufunc__ set. This will cause numpy to attempt broadcasting, in a way that is likely undesired. To avoid this, set __array_ufunc__ = None in <class 'y3prediction.prediction.WallStepperState'>.
  @with_container_arithmetic(bcast_obj_array=False,

2025-06-15 15:34:18,709 - WARNING - py.warnings - /p/gpfs1/mtcampbe/CEESD/AutomatedTesting/RepoMonitoring/pilot-timing/y3-prediction-scaling-run/y3prediction/prediction.py:183: UserWarning: <class 'y3prediction.prediction.WallStepperState'> does not have __array_ufunc__ set. This will cause numpy to attempt broadcasting, in a way that is likely undesired. To avoid this, set __array_ufunc__ = None in <class 'y3prediction.prediction.WallStepperState'>.
  @with_container_arithmetic(bcast_obj_array=False,

2025-06-15 15:34:18,709 - WARNING - py.warnings - /p/gpfs1/mtcampbe/CEESD/AutomatedTesting/RepoMonitoring/pilot-timing/y3-prediction-scaling-run/y3prediction/prediction.py:183: UserWarning: <class 'y3prediction.prediction.WallStepperState'> does not have __array_ufunc__ set. This will cause numpy to attempt broadcasting, in a way that is likely undesired. To avoid this, set __array_ufunc__ = None in <class 'y3prediction.prediction.WallStepperState'>.
  @with_container_arithmetic(bcast_obj_array=False,

2025-06-15 15:34:18,709 - WARNING - py.warnings - /p/gpfs1/mtcampbe/CEESD/AutomatedTesting/RepoMonitoring/pilot-timing/y3-prediction-scaling-run/y3prediction/prediction.py:183: UserWarning: <class 'y3prediction.prediction.WallStepperState'> does not have __array_ufunc__ set. This will cause numpy to attempt broadcasting, in a way that is likely undesired. To avoid this, set __array_ufunc__ = None in <class 'y3prediction.prediction.WallStepperState'>.
  @with_container_arithmetic(bcast_obj_array=False,

2025-06-15 15:34:19,486 - INFO - mirgecom.mpi - Using mpi4py version 4.0.3 with pkl5 scatter support.
2025-06-15 15:34:19,486 - INFO - mirgecom.mpi - mpi4py is using 'Open MPI v10.3.1.03rtm0, package: IBM Spectrum MPI, ident: IBM Spectrum MPI, repo rev: IBM_SPECTRUM_MPI_10.03.01.02_2020.08.03_XAA0, Unreleased developer copy' with MPI v3.1.
2025-06-15 15:34:43,176 - INFO - mirgecom.logging_quantities - emirge's version.sh: completed (23.38s wall 0.00x CPU)
2025-06-15 15:34:43,177 - INFO - mirgecom.logging_quantities - emirge's version.sh: completed (23.38s wall 0.00x CPU)
2025-06-15 15:34:43,438 - INFO - mirgecom.logging_quantities - emirge's version.sh: completed (23.64s wall 0.00x CPU)
2025-06-15 15:34:43,443 - INFO - mirgecom.logging_quantities - emirge's version.sh: completed (23.65s wall 0.00x CPU)
2025-06-15 15:34:44,997 - INFO - mirgecom.logging_quantities - emirge's version.sh: completed (25.20s wall 0.00x CPU)
2025-06-15 15:34:45,006 - INFO - mirgecom.logging_quantities - emirge's version.sh: completed (25.21s wall 0.00x CPU)
2025-06-15 15:34:45,259 - INFO - mirgecom.logging_quantities - emirge's version.sh: completed (25.45s wall 0.00x CPU)
2025-06-15 15:34:45,259 - INFO - mirgecom.logging_quantities - emirge's version.sh: completed (25.47s wall 0.00x CPU)
2025-06-15 15:34:48,781 - INFO - mirgecom.logging_quantities - emirge's version.sh: completed (29.01s wall 0.00x CPU)
2025-06-15 15:34:48,788 - INFO - mirgecom.logging_quantities - emirge's version.sh: completed (29.02s wall 0.00x CPU)
2025-06-15 15:34:48,789 - INFO - mirgecom.logging_quantities - emirge's version.sh: completed (29.02s wall 0.00x CPU)
2025-06-15 15:34:48,792 - INFO - mirgecom.logging_quantities - emirge's version.sh: completed (29.02s wall 0.00x CPU)
2025-06-15 15:34:48,826 - INFO - mirgecom.logging_quantities - emirge's version.sh: completed (29.04s wall 0.00x CPU)
2025-06-15 15:34:48,831 - INFO - mirgecom.logging_quantities - emirge's version.sh: completed (29.04s wall 0.00x CPU)
2025-06-15 15:34:48,841 - INFO - mirgecom.logging_quantities - emirge's version.sh: completed (29.06s wall 0.00x CPU)
2025-06-15 15:34:48,844 - INFO - mirgecom.logging_quantities - emirge's version.sh: completed (29.06s wall 0.00x CPU)
2025-06-15 15:34:49,363 - INFO - mirgecom.simutil - Using SVM-based memory pool on <pyopencl.Device 'Tesla V100-SXM2-16GB' on 'Portable Computing Language' at 0x103298580>.
2025-06-15 15:34:49,371 - INFO - mirgecom.simutil - Using SVM-based memory pool on <pyopencl.Device 'Tesla V100-SXM2-16GB' on 'Portable Computing Language' at 0x103d4b720>.
2025-06-15 15:34:49,380 - INFO - mirgecom.simutil - Using SVM-based memory pool on <pyopencl.Device 'Tesla V100-SXM2-16GB' on 'Portable Computing Language' at 0x103e44e30>.
2025-06-15 15:34:49,406 - INFO - mirgecom.simutil - Using SVM-based memory pool on <pyopencl.Device 'Tesla V100-SXM2-16GB' on 'Portable Computing Language' at 0x1032920e0>.
2025-06-15 15:34:49,410 - INFO - mirgecom.simutil - Using SVM-based memory pool on <pyopencl.Device 'Tesla V100-SXM2-16GB' on 'Portable Computing Language' at 0x103e44dc0>.
2025-06-15 15:34:49,437 - INFO - mirgecom.simutil - Using SVM-based memory pool on <pyopencl.Device 'Tesla V100-SXM2-16GB' on 'Portable Computing Language' at 0x103dcee10>.
2025-06-15 15:34:49,452 - INFO - mirgecom.simutil - Using SVM-based memory pool on <pyopencl.Device 'Tesla V100-SXM2-16GB' on 'Portable Computing Language' at 0x103e4ab40>.
2025-06-15 15:34:49,461 - INFO - mirgecom.simutil - Using SVM-based memory pool on <pyopencl.Device 'Tesla V100-SXM2-16GB' on 'Portable Computing Language' at 0x103dcde20>.
2025-06-15 15:34:49,464 - INFO - mirgecom.simutil - Using SVM-based memory pool on <pyopencl.Device 'Tesla V100-SXM2-16GB' on 'Portable Computing Language' at 0x10319ee80>.
2025-06-15 15:34:49,465 - INFO - mirgecom.simutil - Using SVM-based memory pool on <pyopencl.Device 'Tesla V100-SXM2-16GB' on 'Portable Computing Language' at 0x103e0de20>.
2025-06-15 15:34:49,467 - INFO - mirgecom.simutil - Using SVM-based memory pool on <pyopencl.Device 'Tesla V100-SXM2-16GB' on 'Portable Computing Language' at 0x1030d22f0>.
2025-06-15 15:34:49,473 - INFO - mirgecom.simutil - Using SVM-based memory pool on <pyopencl.Device 'Tesla V100-SXM2-16GB' on 'Portable Computing Language' at 0x10329ea30>.
2025-06-15 15:34:49,475 - INFO - mirgecom.simutil - Using SVM-based memory pool on <pyopencl.Device 'Tesla V100-SXM2-16GB' on 'Portable Computing Language' at 0x103d8a610>.
2025-06-15 15:34:49,559 - INFO - mirgecom.simutil - Using SVM-based memory pool on <pyopencl.Device 'Tesla V100-SXM2-16GB' on 'Portable Computing Language' at 0x1032588e0>.
2025-06-15 15:34:49,575 - INFO - mirgecom.simutil - Using SVM-based memory pool on <pyopencl.Device 'Tesla V100-SXM2-16GB' on 'Portable Computing Language' at 0x1031dee00>.
2025-06-15 15:34:49,596 - INFO - mirgecom.simutil - Using SVM-based memory pool on <pyopencl.Device 'Tesla V100-SXM2-16GB' on 'Portable Computing Language' at 0x103317f50>.
2025-06-15 15:34:49,694 - INFO - mirgecom.array_context - Rank 13 disk cache config: loopy: True (/p/gpfs1/mtcampbe/CEESD/AutomatedTesting/RepoMonitoring/pilot-timing/timing-run-caches/xdg-cache/rank13); pyopencl: True (/p/gpfs1/mtcampbe/CEESD/AutomatedTesting/RepoMonitoring/pilot-timing/timing-run-caches/xdg-cache/rank13); pocl: True (/p/gpfs1/mtcampbe/CEESD/AutomatedTesting/RepoMonitoring/pilot-timing/timing-run-caches/xdg-cache/rank13); cuda: True (/p/gpfs1/mtcampbe/CEESD/AutomatedTesting/RepoMonitoring/pilot-timing/timing-run-caches/cuda-cache/rank13);

2025-06-15 15:34:49,694 - INFO - mirgecom.array_context - Rank 12 disk cache config: loopy: True (/p/gpfs1/mtcampbe/CEESD/AutomatedTesting/RepoMonitoring/pilot-timing/timing-run-caches/xdg-cache/rank12); pyopencl: True (/p/gpfs1/mtcampbe/CEESD/AutomatedTesting/RepoMonitoring/pilot-timing/timing-run-caches/xdg-cache/rank12); pocl: True (/p/gpfs1/mtcampbe/CEESD/AutomatedTesting/RepoMonitoring/pilot-timing/timing-run-caches/xdg-cache/rank12); cuda: True (/p/gpfs1/mtcampbe/CEESD/AutomatedTesting/RepoMonitoring/pilot-timing/timing-run-caches/cuda-cache/rank12);

2025-06-15 15:34:49,694 - INFO - mirgecom.array_context - Rank 14 disk cache config: loopy: True (/p/gpfs1/mtcampbe/CEESD/AutomatedTesting/RepoMonitoring/pilot-timing/timing-run-caches/xdg-cache/rank14); pyopencl: True (/p/gpfs1/mtcampbe/CEESD/AutomatedTesting/RepoMonitoring/pilot-timing/timing-run-caches/xdg-cache/rank14); pocl: True (/p/gpfs1/mtcampbe/CEESD/AutomatedTesting/RepoMonitoring/pilot-timing/timing-run-caches/xdg-cache/rank14); cuda: True (/p/gpfs1/mtcampbe/CEESD/AutomatedTesting/RepoMonitoring/pilot-timing/timing-run-caches/cuda-cache/rank14);

2025-06-15 15:34:49,694 - INFO - mirgecom.array_context - Rank 15 disk cache config: loopy: True (/p/gpfs1/mtcampbe/CEESD/AutomatedTesting/RepoMonitoring/pilot-timing/timing-run-caches/xdg-cache/rank15); pyopencl: True (/p/gpfs1/mtcampbe/CEESD/AutomatedTesting/RepoMonitoring/pilot-timing/timing-run-caches/xdg-cache/rank15); pocl: True (/p/gpfs1/mtcampbe/CEESD/AutomatedTesting/RepoMonitoring/pilot-timing/timing-run-caches/xdg-cache/rank15); cuda: True (/p/gpfs1/mtcampbe/CEESD/AutomatedTesting/RepoMonitoring/pilot-timing/timing-run-caches/cuda-cache/rank15);

2025-06-15 15:34:49,694 - INFO - mirgecom.array_context - Rank 5 disk cache config: loopy: True (/p/gpfs1/mtcampbe/CEESD/AutomatedTesting/RepoMonitoring/pilot-timing/timing-run-caches/xdg-cache/rank5); pyopencl: True (/p/gpfs1/mtcampbe/CEESD/AutomatedTesting/RepoMonitoring/pilot-timing/timing-run-caches/xdg-cache/rank5); pocl: True (/p/gpfs1/mtcampbe/CEESD/AutomatedTesting/RepoMonitoring/pilot-timing/timing-run-caches/xdg-cache/rank5); cuda: True (/p/gpfs1/mtcampbe/CEESD/AutomatedTesting/RepoMonitoring/pilot-timing/timing-run-caches/cuda-cache/rank5);

2025-06-15 15:34:49,694 - INFO - mirgecom.array_context - Rank 7 disk cache config: loopy: True (/p/gpfs1/mtcampbe/CEESD/AutomatedTesting/RepoMonitoring/pilot-timing/timing-run-caches/xdg-cache/rank7); pyopencl: True (/p/gpfs1/mtcampbe/CEESD/AutomatedTesting/RepoMonitoring/pilot-timing/timing-run-caches/xdg-cache/rank7); pocl: True (/p/gpfs1/mtcampbe/CEESD/AutomatedTesting/RepoMonitoring/pilot-timing/timing-run-caches/xdg-cache/rank7); cuda: True (/p/gpfs1/mtcampbe/CEESD/AutomatedTesting/RepoMonitoring/pilot-timing/timing-run-caches/cuda-cache/rank7);

2025-06-15 15:34:49,694 - INFO - mirgecom.array_context - Rank 6 disk cache config: loopy: True (/p/gpfs1/mtcampbe/CEESD/AutomatedTesting/RepoMonitoring/pilot-timing/timing-run-caches/xdg-cache/rank6); pyopencl: True (/p/gpfs1/mtcampbe/CEESD/AutomatedTesting/RepoMonitoring/pilot-timing/timing-run-caches/xdg-cache/rank6); pocl: True (/p/gpfs1/mtcampbe/CEESD/AutomatedTesting/RepoMonitoring/pilot-timing/timing-run-caches/xdg-cache/rank6); cuda: True (/p/gpfs1/mtcampbe/CEESD/AutomatedTesting/RepoMonitoring/pilot-timing/timing-run-caches/cuda-cache/rank6);

2025-06-15 15:34:49,694 - INFO - mirgecom.array_context - Rank 0 disk cache config: loopy: True (/p/gpfs1/mtcampbe/CEESD/AutomatedTesting/RepoMonitoring/pilot-timing/timing-run-caches/xdg-cache/rank0); pyopencl: True (/p/gpfs1/mtcampbe/CEESD/AutomatedTesting/RepoMonitoring/pilot-timing/timing-run-caches/xdg-cache/rank0); pocl: True (/p/gpfs1/mtcampbe/CEESD/AutomatedTesting/RepoMonitoring/pilot-timing/timing-run-caches/xdg-cache/rank0); cuda: True (/p/gpfs1/mtcampbe/CEESD/AutomatedTesting/RepoMonitoring/pilot-timing/timing-run-caches/cuda-cache/rank0);

2025-06-15 15:34:49,694 - INFO - mirgecom.array_context - Rank 10 disk cache config: loopy: True (/p/gpfs1/mtcampbe/CEESD/AutomatedTesting/RepoMonitoring/pilot-timing/timing-run-caches/xdg-cache/rank10); pyopencl: True (/p/gpfs1/mtcampbe/CEESD/AutomatedTesting/RepoMonitoring/pilot-timing/timing-run-caches/xdg-cache/rank10); pocl: True (/p/gpfs1/mtcampbe/CEESD/AutomatedTesting/RepoMonitoring/pilot-timing/timing-run-caches/xdg-cache/rank10); cuda: True (/p/gpfs1/mtcampbe/CEESD/AutomatedTesting/RepoMonitoring/pilot-timing/timing-run-caches/cuda-cache/rank10);

2025-06-15 15:34:49,694 - INFO - mirgecom.array_context - Rank 4 disk cache config: loopy: True (/p/gpfs1/mtcampbe/CEESD/AutomatedTesting/RepoMonitoring/pilot-timing/timing-run-caches/xdg-cache/rank4); pyopencl: True (/p/gpfs1/mtcampbe/CEESD/AutomatedTesting/RepoMonitoring/pilot-timing/timing-run-caches/xdg-cache/rank4); pocl: True (/p/gpfs1/mtcampbe/CEESD/AutomatedTesting/RepoMonitoring/pilot-timing/timing-run-caches/xdg-cache/rank4); cuda: True (/p/gpfs1/mtcampbe/CEESD/AutomatedTesting/RepoMonitoring/pilot-timing/timing-run-caches/cuda-cache/rank4);

2025-06-15 15:34:49,694 - INFO - mirgecom.array_context - Rank 1 disk cache config: loopy: True (/p/gpfs1/mtcampbe/CEESD/AutomatedTesting/RepoMonitoring/pilot-timing/timing-run-caches/xdg-cache/rank1); pyopencl: True (/p/gpfs1/mtcampbe/CEESD/AutomatedTesting/RepoMonitoring/pilot-timing/timing-run-caches/xdg-cache/rank1); pocl: True (/p/gpfs1/mtcampbe/CEESD/AutomatedTesting/RepoMonitoring/pilot-timing/timing-run-caches/xdg-cache/rank1); cuda: True (/p/gpfs1/mtcampbe/CEESD/AutomatedTesting/RepoMonitoring/pilot-timing/timing-run-caches/cuda-cache/rank1);

2025-06-15 15:34:49,694 - INFO - mirgecom.array_context - Rank 11 disk cache config: loopy: True (/p/gpfs1/mtcampbe/CEESD/AutomatedTesting/RepoMonitoring/pilot-timing/timing-run-caches/xdg-cache/rank11); pyopencl: True (/p/gpfs1/mtcampbe/CEESD/AutomatedTesting/RepoMonitoring/pilot-timing/timing-run-caches/xdg-cache/rank11); pocl: True (/p/gpfs1/mtcampbe/CEESD/AutomatedTesting/RepoMonitoring/pilot-timing/timing-run-caches/xdg-cache/rank11); cuda: True (/p/gpfs1/mtcampbe/CEESD/AutomatedTesting/RepoMonitoring/pilot-timing/timing-run-caches/cuda-cache/rank11);

2025-06-15 15:34:49,694 - INFO - mirgecom.array_context - Rank 2 disk cache config: loopy: True (/p/gpfs1/mtcampbe/CEESD/AutomatedTesting/RepoMonitoring/pilot-timing/timing-run-caches/xdg-cache/rank2); pyopencl: True (/p/gpfs1/mtcampbe/CEESD/AutomatedTesting/RepoMonitoring/pilot-timing/timing-run-caches/xdg-cache/rank2); pocl: True (/p/gpfs1/mtcampbe/CEESD/AutomatedTesting/RepoMonitoring/pilot-timing/timing-run-caches/xdg-cache/rank2); cuda: True (/p/gpfs1/mtcampbe/CEESD/AutomatedTesting/RepoMonitoring/pilot-timing/timing-run-caches/cuda-cache/rank2);

2025-06-15 15:34:49,694 - INFO - mirgecom.array_context - Rank 9 disk cache config: loopy: True (/p/gpfs1/mtcampbe/CEESD/AutomatedTesting/RepoMonitoring/pilot-timing/timing-run-caches/xdg-cache/rank9); pyopencl: True (/p/gpfs1/mtcampbe/CEESD/AutomatedTesting/RepoMonitoring/pilot-timing/timing-run-caches/xdg-cache/rank9); pocl: True (/p/gpfs1/mtcampbe/CEESD/AutomatedTesting/RepoMonitoring/pilot-timing/timing-run-caches/xdg-cache/rank9); cuda: True (/p/gpfs1/mtcampbe/CEESD/AutomatedTesting/RepoMonitoring/pilot-timing/timing-run-caches/cuda-cache/rank9);

2025-06-15 15:34:49,694 - INFO - mirgecom.array_context - Rank 3 disk cache config: loopy: True (/p/gpfs1/mtcampbe/CEESD/AutomatedTesting/RepoMonitoring/pilot-timing/timing-run-caches/xdg-cache/rank3); pyopencl: True (/p/gpfs1/mtcampbe/CEESD/AutomatedTesting/RepoMonitoring/pilot-timing/timing-run-caches/xdg-cache/rank3); pocl: True (/p/gpfs1/mtcampbe/CEESD/AutomatedTesting/RepoMonitoring/pilot-timing/timing-run-caches/xdg-cache/rank3); cuda: True (/p/gpfs1/mtcampbe/CEESD/AutomatedTesting/RepoMonitoring/pilot-timing/timing-run-caches/cuda-cache/rank3);

2025-06-15 15:34:49,694 - INFO - mirgecom.array_context - Rank 8 disk cache config: loopy: True (/p/gpfs1/mtcampbe/CEESD/AutomatedTesting/RepoMonitoring/pilot-timing/timing-run-caches/xdg-cache/rank8); pyopencl: True (/p/gpfs1/mtcampbe/CEESD/AutomatedTesting/RepoMonitoring/pilot-timing/timing-run-caches/xdg-cache/rank8); pocl: True (/p/gpfs1/mtcampbe/CEESD/AutomatedTesting/RepoMonitoring/pilot-timing/timing-run-caches/xdg-cache/rank8); cuda: True (/p/gpfs1/mtcampbe/CEESD/AutomatedTesting/RepoMonitoring/pilot-timing/timing-run-caches/cuda-cache/rank8);

Setting force_eval = False for pre-compiled time integration
Shock capturing parameters: alpha 0.01, s0 -6.408239965311849, kappa 0.5
Smoothing characteristic length for use in artificial viscosity
smoothing_alpha 1e-12
Artificial viscosity smoothness_alpha=1e-12
Artificial viscosity smoothness_tau=1e-12
Artificial viscosity using modified transport properties
	 mu, beta, kappa
Shock capturing parameters:
	av_mu 0.1
	av_beta 6.0
	av_kappa 1.0
	av_prantdl 0.9
stagnation temperature 2076.43

#### Simluation control data: ####
	nrestart = 1000
	nhealth = -1
	nstatus = -1
	Constant dt mode, current_dt = 1e-13
	t_final = 2e-11
	order = 4
	dimension = 3
	Time integration compiled_lsrk54
   Boundary Conditions:
	Checking for outflow boundary in mesh.
	Checking for inflow boundary in mesh.
	Checking for flow boundary in mesh.
	Checking for injection boundary in mesh.
	Checking for upstream_injection boundary in mesh.
	Checking for isothermal_wall boundary in mesh.
	Checking for wall boundary in mesh.
	Checking for slip_wall boundary in mesh.
	Checking for noslip_wall boundary in mesh.
	Checking for symmetry boundary in mesh.
	Checking for wall_interface boundary in mesh.

	Interface wall boundary conditions are noslip for velocity
#### Simluation control data: ####


#### Visualization setup: ####
	Basic visualization output enabled.
	(cv, dv, cfl)
	Extra visualization output enabled for derived quantities.
	(velocity, mass_fractions, etc.)
	Writing viz data every 1000 steps.
#### Visualization setup: ####

#### Simluation initialization data: ####
	Initializing flow to y3prediction
	Inflow stagnation pressure 274500.0
	Inflow stagnation temperature 2076.43
	Injection stagnation pressure 50400.0
	Injection stagnation temperature 300.0
	Upstream injection stagnation pressure50400.0
	Upstream injection stagnation temperature300.0
#### Simluation initialization data: ####

#### Simluation setup data: ####
	vel_sigma = 500
	temp_sigma = 1250
	vel_sigma_injection = 5000
	temp_sigma_injection = 5000
#### Simluation setup data: ####

#### Ignition control parameters ####
spark center (0.677,-0.021)
spark FWHM 0.02
spark strength 600.0
ignition time 5e-08
ignition duration 1e-08
heat source ignition
#### Ignition control parameters ####


#### Injection source control parameters ####
injection source center (0.677,-0.021,0.0)
injection source FWHM 0.0025
injection source mass 2.0
injection source energy 1000.0
injection source mom (3.0 3.0 0.0
injection source start time 999999999.0
#### Injection source control parameters ####


Setting inviscid numerical flux to: Rusanov
Setting viscous numerical flux to: Harmonic


#### Simluation material properties: ####
#### Fluid domain: ####
	mu = 4.216360056e-05
	kappa = 0.05621788139856423
	Prandtl Number  = 0.75
	nspecies = 7
	full multi-species initialization with pyrometheus eos
	combustion source terms enabled
	Pyrometheus EOS
	Pyro mechanism uiuc_sharp

Species mass fractions limited to [0:1]
#### Wall domain: ####
	Reactive wall model for porous media
	Wall oxidizer transport enabled
	 Wall mass loss enabled
	Wall density = 1625
	Wall cp = 770
	Wall O2 diff = 0.0001
	Wall surround density = 7900.0
	Wall surround cp = 470
	Wall surround kappa = 48
	Wall time scale = 100
	Wall penalty = 0
#### Simluation material properties: ####
species_names=['C2H4', 'O2', 'CO2', 'CO', 'H2O', 'H2', 'N2']
{'C2H4': 0.0001, 'O2': 0.0001, 'CO2': 0.0001, 'CO': 0.0001, 'H2O': 0.0001, 'H2': 0.0001, 'N2': 0.0001}
species_names=['C2H4', 'O2', 'CO2', 'CO', 'H2O', 'H2', 'N2']
{'C2H4': 0.0001, 'O2': 0.0001, 'CO2': 0.0001, 'CO': 0.0001, 'H2O': 0.0001, 'H2': 0.0001, 'N2': 0.0001}
species_names=['C2H4', 'O2', 'CO2', 'CO', 'H2O', 'H2', 'N2']
{'C2H4': 0.0001, 'O2': 0.0001, 'CO2': 0.0001, 'CO': 0.0001, 'H2O': 0.0001, 'H2': 0.0001, 'N2': 0.0001}
species_names=['C2H4', 'O2', 'CO2', 'CO', 'H2O', 'H2', 'N2']
{'C2H4': 0.0001, 'O2': 0.0001, 'CO2': 0.0001, 'CO': 0.0001, 'H2O': 0.0001, 'H2': 0.0001, 'N2': 0.0001}
species_names=['C2H4', 'O2', 'CO2', 'CO', 'H2O', 'H2', 'N2']
{'C2H4': 0.0001, 'O2': 0.0001, 'CO2': 0.0001, 'CO': 0.0001, 'H2O': 0.0001, 'H2': 0.0001, 'N2': 0.0001}
species_names=['C2H4', 'O2', 'CO2', 'CO', 'H2O', 'H2', 'N2']
{'C2H4': 0.0001, 'O2': 0.0001, 'CO2': 0.0001, 'CO': 0.0001, 'H2O': 0.0001, 'H2': 0.0001, 'N2': 0.0001}
species_names=['C2H4', 'O2', 'CO2', 'CO', 'H2O', 'H2', 'N2']
species_names=['C2H4', 'O2', 'CO2', 'CO', 'H2O', 'H2', 'N2']
{'C2H4': 0.0001, 'O2': 0.0001, 'CO2': 0.0001, 'CO': 0.0001, 'H2O': 0.0001, 'H2': 0.0001, 'N2': 0.0001}
species_names=['C2H4', 'O2', 'CO2', 'CO', 'H2O', 'H2', 'N2']
{'C2H4': 0.0001, 'O2': 0.0001, 'CO2': 0.0001, 'CO': 0.0001, 'H2O': 0.0001, 'H2': 0.0001, 'N2': 0.0001}
species_names=['C2H4', 'O2', 'CO2', 'CO', 'H2O', 'H2', 'N2']
{'C2H4': 0.0001, 'O2': 0.0001, 'CO2': 0.0001, 'CO': 0.0001, 'H2O': 0.0001, 'H2': 0.0001, 'N2': 0.0001}
{'C2H4': 0.0001, 'O2': 0.0001, 'CO2': 0.0001, 'CO': 0.0001, 'H2O': 0.0001, 'H2': 0.0001, 'N2': 0.0001}
species_names=['C2H4', 'O2', 'CO2', 'CO', 'H2O', 'H2', 'N2']
{'C2H4': 0.0001, 'O2': 0.0001, 'CO2': 0.0001, 'CO': 0.0001, 'H2O': 0.0001, 'H2': 0.0001, 'N2': 0.0001}
species_names=['C2H4', 'O2', 'CO2', 'CO', 'H2O', 'H2', 'N2']
{'C2H4': 0.0001, 'O2': 0.0001, 'CO2': 0.0001, 'CO': 0.0001, 'H2O': 0.0001, 'H2': 0.0001, 'N2': 0.0001}
species_names=['C2H4', 'O2', 'CO2', 'CO', 'H2O', 'H2', 'N2']
{'C2H4': 0.0001, 'O2': 0.0001, 'CO2': 0.0001, 'CO': 0.0001, 'H2O': 0.0001, 'H2': 0.0001, 'N2': 0.0001}
	 Power law transport model:
		 temperature dependent viscosity, species diffusivity
	transport_alpha = 0.6
	transport_beta = 4.093e-07
	transport_sigma = 2.0
	transport_n = 0.666
species_names=['C2H4', 'O2', 'CO2', 'CO', 'H2O', 'H2', 'N2']
{'C2H4': 0.0001, 'O2': 0.0001, 'CO2': 0.0001, 'CO': 0.0001, 'H2O': 0.0001, 'H2': 0.0001, 'N2': 0.0001}
species_names=['C2H4', 'O2', 'CO2', 'CO', 'H2O', 'H2', 'N2']
{'C2H4': 0.0001, 'O2': 0.0001, 'CO2': 0.0001, 'CO': 0.0001, 'H2O': 0.0001, 'H2': 0.0001, 'N2': 0.0001}
species_names=['C2H4', 'O2', 'CO2', 'CO', 'H2O', 'H2', 'N2']
{'C2H4': 0.0001, 'O2': 0.0001, 'CO2': 0.0001, 'CO': 0.0001, 'H2O': 0.0001, 'H2': 0.0001, 'N2': 0.0001}
	species diffusivity = [0.0001 0.0001 0.0001 0.0001 0.0001 0.0001 0.0001]
#### Simluation initialization data: ####
	inlet Mach number 0.039188827430281535
	inlet gamma 1.2942272392672118
	inlet temperature 2075.9609743385954
	inlet pressure 274227.36437127565
	inlet rho 0.4607349972974453
	inlet velocity 34.39515974209585
	********
	outlet Mach number 3.793040446574542
	outlet gamma 1.3777480529683475
	outlet temperature 558.5757736845096
	outlet pressure 2284.257055974718
	outlet rho 0.014263380803459059
	outlet velocity 1796.0265011633348
	********
	injector Mach number 1.0
	injector gamma 1.3246735835852341
	injector temperature 258.1007615257789
	injector pressure 27281.922529269654
	injector rho 0.1911428114322463
	injector velocity -434.8234312418551
Reading mesh from data/actii_np16.msh
Read(rank, batch): Dist(3, 0) on lassen33.
Reading mesh on lassen33.
Read(rank, batch): Dist(1, 0) on lassen31.
Reading mesh on lassen31.
Read(rank, batch): Dist(0, 0) on lassen29.
Reading mesh on lassen29.
Read(rank, batch): Dist(2, 0) on lassen32.
Reading mesh on lassen32.
Reading gmsh mesh from disk file...
Reading gmsh mesh from disk file...
Reading gmsh mesh from disk file...
Reading gmsh mesh from disk file...
Done. Populating meshmode data structures...
Done. Populating meshmode data structures...
Done. Populating meshmode data structures...
Done. Populating meshmode data structures...
Done.
Read GMSH: 7.061018228530884
MeshData: 14.999637126922607
Done.
Read GMSH: 7.0704851150512695
MeshData: 15.051099300384521
Done.
Read GMSH: 7.215527057647705
MeshData: 15.33132529258728
Done.
Read GMSH: 7.250582695007324
MeshData: 15.398880004882812
Mesh reading done on all nodes.
Making partition table on all nodes.
2025-06-15 15:35:12,729 - WARNING - py.warnings - /p/gpfs1/mtcampbe/CEESD/AutomatedTesting/RepoMonitoring/pilot-timing/emirge/mirgecom/mirgecom/simutil.py:602: UserWarning: num_ranks is deprecated, use nranks_per_axis instead.
  warn("num_ranks is deprecated, use nranks_per_axis instead.")

2025-06-15 15:35:12,729 - WARNING - py.warnings - /p/gpfs1/mtcampbe/CEESD/AutomatedTesting/RepoMonitoring/pilot-timing/emirge/mirgecom/mirgecom/simutil.py:602: UserWarning: num_ranks is deprecated, use nranks_per_axis instead.
  warn("num_ranks is deprecated, use nranks_per_axis instead.")

2025-06-15 15:35:12,729 - WARNING - py.warnings - /p/gpfs1/mtcampbe/CEESD/AutomatedTesting/RepoMonitoring/pilot-timing/emirge/mirgecom/mirgecom/simutil.py:602: UserWarning: num_ranks is deprecated, use nranks_per_axis instead.
  warn("num_ranks is deprecated, use nranks_per_axis instead.")

2025-06-15 15:35:12,729 - WARNING - py.warnings - /p/gpfs1/mtcampbe/CEESD/AutomatedTesting/RepoMonitoring/pilot-timing/emirge/mirgecom/mirgecom/simutil.py:602: UserWarning: num_ranks is deprecated, use nranks_per_axis instead.
  warn("num_ranks is deprecated, use nranks_per_axis instead.")

Partitioning mesh on all nodes.
Partitioning done, distributing to node-local ranks.
Rank(0) mesh partition
---------------------------
Number of fluid elements: 23752
Number of elements: 23752
---------------------------
Rank(1) mesh partition
---------------------------
Number of fluid elements: 23860
Number of elements: 23860
---------------------------
Rank(2) mesh partition
---------------------------
Number of fluid elements: 23913
Number of elements: 23913
---------------------------
Rank(3) mesh partition
---------------------------
Number of fluid elements: 24027
Number of elements: 24027
---------------------------
Rank(4) mesh partition
---------------------------
Number of fluid elements: 23722
Number of elements: 23722
---------------------------
Rank(5) mesh partition
---------------------------
Number of fluid elements: 23188
Number of wall elements: 781
Number of elements: 23969
---------------------------Rank(13) mesh partition
---------------------------
Number of fluid elements: 23908
Number of elements: 23908
---------------------------
Rank(12) mesh partition
---------------------------
Number of fluid elements: 23920
Number of elements: 23920
---------------------------
Rank(6) mesh partition
---------------------------
Number of fluid elements: 10579
Number of wall elements: 13313
Number of elements: 23892
---------------------------

Rank(14) mesh partition
---------------------------
Number of fluid elements: 23925
Number of elements: 23925
---------------------------
Rank(15) mesh partition
---------------------------
Number of fluid elements: 24416
Number of elements: 24416
---------------------------
No target file specied, using restart as target
Rank(7) mesh partition
---------------------------
Number of fluid elements: 20399
Number of wall elements: 3551
Number of elements: 23950
---------------------------
Rank(8) mesh partition
---------------------------
Number of fluid elements: 21494
Number of wall elements: 2401
Number of elements: 23895
---------------------------
No target file specied, using restart as target
No target file specied, using restart as target
No target file specied, using restart as target
Rank(9) mesh partition
---------------------------
Number of fluid elements: 6383
Number of wall elements: 17610
Number of elements: 23993
---------------------------
Rank(11) mesh partition
---------------------------
Number of fluid elements: 14489
Number of wall elements: 9349
Number of elements: 23838Rank(10) mesh partition
---------------------------
Number of fluid elements: 7190
Number of wall elements: 16844
Number of elements: 24034
---------------------------

---------------------------
No target file specied, using restart as target
No target file specied, using restart as target
No target file specied, using restart as target
No target file specied, using restart as target
No target file specied, using restart as target
No target file specied, using restart as target
No target file specied, using restart as target
No target file specied, using restart as target
No target file specied, using restart as target
No target file specied, using restart as target
No target file specied, using restart as target
No target file specied, using restart as target
Making 3D order 4 discretization.
2025-06-15 15:35:14,850 - INFO - meshmode.discretization.connection.face - building face restriction: start
2025-06-15 15:35:14,850 - INFO - meshmode.discretization.connection.face - building face restriction: start
2025-06-15 15:35:14,850 - INFO - meshmode.discretization.connection.face - building face restriction: start
2025-06-15 15:35:14,850 - INFO - meshmode.discretization.connection.face - building face restriction: start
2025-06-15 15:35:14,850 - INFO - meshmode.discretization.connection.face - building face restriction: start
2025-06-15 15:35:14,850 - INFO - meshmode.discretization.connection.face - building face restriction: start
2025-06-15 15:35:14,850 - INFO - meshmode.discretization.connection.face - building face restriction: start
2025-06-15 15:35:14,850 - INFO - meshmode.discretization.connection.face - building face restriction: start
2025-06-15 15:35:14,850 - INFO - meshmode.discretization.connection.face - building face restriction: start
2025-06-15 15:35:14,851 - INFO - meshmode.discretization.connection.face - building face restriction: start
2025-06-15 15:35:14,850 - INFO - meshmode.discretization.connection.face - building face restriction: start
2025-06-15 15:35:14,851 - INFO - meshmode.discretization.connection.face - building face restriction: start
2025-06-15 15:35:14,850 - INFO - meshmode.discretization.connection.face - building face restriction: start
2025-06-15 15:35:14,850 - INFO - meshmode.discretization.connection.face - building face restriction: start
2025-06-15 15:35:14,850 - INFO - meshmode.discretization.connection.face - building face restriction: start
2025-06-15 15:35:14,850 - INFO - meshmode.discretization.connection.face - building face restriction: start
2025-06-15 15:35:14,874 - INFO - meshmode.discretization.connection.face - building face restriction: done
2025-06-15 15:35:14,874 - INFO - meshmode.discretization.connection.face - building face restriction: done
2025-06-15 15:35:14,874 - INFO - meshmode.discretization.connection.face - building face restriction: done
2025-06-15 15:35:14,874 - INFO - meshmode.discretization.connection.face - building face restriction: start
2025-06-15 15:35:14,874 - INFO - meshmode.discretization.connection.face - building face restriction: start
2025-06-15 15:35:14,874 - INFO - meshmode.discretization.connection.face - building face restriction: start
2025-06-15 15:35:14,876 - INFO - meshmode.discretization.connection.face - building face restriction: done
2025-06-15 15:35:14,876 - INFO - meshmode.discretization.connection.face - building face restriction: start
2025-06-15 15:35:14,877 - INFO - meshmode.discretization.connection.face - building face restriction: done
2025-06-15 15:35:14,877 - INFO - meshmode.discretization.connection.face - building face restriction: done
2025-06-15 15:35:14,877 - INFO - meshmode.discretization.connection.face - building face restriction: done
2025-06-15 15:35:14,877 - INFO - meshmode.discretization.connection.face - building face restriction: start
2025-06-15 15:35:14,877 - INFO - meshmode.discretization.connection.face - building face restriction: start
2025-06-15 15:35:14,877 - INFO - meshmode.discretization.connection.face - building face restriction: start
2025-06-15 15:35:14,877 - INFO - meshmode.discretization.connection.face - building face restriction: done
2025-06-15 15:35:14,878 - INFO - meshmode.discretization.connection.face - building face restriction: start
2025-06-15 15:35:14,877 - INFO - meshmode.discretization.connection.face - building face restriction: done
2025-06-15 15:35:14,878 - INFO - meshmode.discretization.connection.face - building face restriction: done
2025-06-15 15:35:14,878 - INFO - meshmode.discretization.connection.face - building face restriction: start
2025-06-15 15:35:14,879 - INFO - meshmode.discretization.connection.face - building face restriction: done
2025-06-15 15:35:14,879 - INFO - meshmode.discretization.connection.face - building face restriction: done
2025-06-15 15:35:14,879 - INFO - meshmode.discretization.connection.face - building face restriction: done
2025-06-15 15:35:14,879 - INFO - meshmode.discretization.connection.face - building face restriction: done
2025-06-15 15:35:14,879 - INFO - meshmode.discretization.connection.face - building face restriction: start
2025-06-15 15:35:14,879 - INFO - meshmode.discretization.connection.face - building face restriction: start
2025-06-15 15:35:14,879 - INFO - meshmode.discretization.connection.face - building face restriction: start
2025-06-15 15:35:14,879 - INFO - meshmode.discretization.connection.face - building face restriction: start
2025-06-15 15:35:14,881 - INFO - meshmode.discretization.connection.face - building face restriction: done
2025-06-15 15:35:14,881 - INFO - meshmode.discretization.connection.face - building face restriction: done
2025-06-15 15:35:14,881 - INFO - meshmode.discretization.connection.face - building face restriction: start
2025-06-15 15:35:14,890 - INFO - meshmode.discretization.connection.face - building face restriction: done
2025-06-15 15:35:14,890 - INFO - meshmode.discretization.connection.face - building face restriction: done
2025-06-15 15:35:14,895 - INFO - meshmode.discretization.connection.face - building face restriction: done
2025-06-15 15:35:14,897 - INFO - meshmode.discretization.connection.face - building face restriction: done
2025-06-15 15:35:14,897 - INFO - meshmode.discretization.connection.face - building face restriction: done
2025-06-15 15:35:14,897 - INFO - meshmode.discretization.connection.face - building face restriction: done
2025-06-15 15:35:14,898 - INFO - meshmode.discretization.connection.face - building face restriction: done
2025-06-15 15:35:14,897 - INFO - meshmode.discretization.connection.face - building face restriction: start
2025-06-15 15:35:14,898 - INFO - meshmode.discretization.connection.face - building face restriction: done
2025-06-15 15:35:14,898 - INFO - meshmode.discretization.connection.face - building face restriction: start
2025-06-15 15:35:14,899 - INFO - meshmode.discretization.connection.face - building face restriction: done
2025-06-15 15:35:14,899 - INFO - meshmode.discretization.connection.face - building face restriction: done
2025-06-15 15:35:14,899 - INFO - meshmode.discretization.connection.face - building face restriction: start
2025-06-15 15:35:14,900 - INFO - meshmode.discretization.connection.face - building face restriction: done
2025-06-15 15:35:14,900 - INFO - meshmode.discretization.connection.face - building face restriction: done
2025-06-15 15:35:14,900 - INFO - meshmode.discretization.connection.face - building face restriction: done
2025-06-15 15:35:14,900 - INFO - meshmode.discretization.connection.face - building face restriction: start
2025-06-15 15:35:14,900 - INFO - meshmode.discretization.connection.face - building face restriction: start
2025-06-15 15:35:14,901 - INFO - meshmode.discretization.connection.face - building face restriction: start
2025-06-15 15:35:14,901 - INFO - meshmode.discretization.connection.face - building face restriction: done
2025-06-15 15:35:14,902 - INFO - meshmode.discretization.connection.face - building face restriction: start
2025-06-15 15:35:14,910 - INFO - meshmode.discretization.connection.face - building face restriction: done
2025-06-15 15:35:14,910 - INFO - meshmode.discretization.connection.face - building face restriction: start
2025-06-15 15:35:14,911 - INFO - meshmode.discretization.connection.face - building face restriction: done
2025-06-15 15:35:14,911 - INFO - meshmode.discretization.connection.face - building face restriction: start
2025-06-15 15:35:14,913 - INFO - meshmode.discretization.connection.face - building face restriction: done
2025-06-15 15:35:14,913 - INFO - meshmode.discretization.connection.face - building face restriction: start
2025-06-15 15:35:14,913 - INFO - meshmode.discretization.connection.face - building face restriction: done
2025-06-15 15:35:14,913 - INFO - meshmode.discretization.connection.face - building face restriction: start
2025-06-15 15:35:14,914 - INFO - meshmode.discretization.connection.face - building face restriction: done
2025-06-15 15:35:14,914 - INFO - meshmode.discretization.connection.face - building face restriction: start
2025-06-15 15:35:14,916 - INFO - meshmode.discretization.connection.face - building face restriction: done
2025-06-15 15:35:14,916 - INFO - meshmode.discretization.connection.face - building face restriction: start
2025-06-15 15:35:14,916 - INFO - meshmode.discretization.connection.face - building face restriction: done
2025-06-15 15:35:14,916 - INFO - meshmode.discretization.connection.face - building face restriction: start
2025-06-15 15:35:14,932 - INFO - meshmode.discretization.connection.face - building face restriction: done
2025-06-15 15:35:14,935 - INFO - meshmode.discretization.connection.face - building face restriction: done
2025-06-15 15:35:14,935 - INFO - meshmode.discretization.connection.face - building face restriction: done
2025-06-15 15:35:14,935 - INFO - meshmode.discretization.connection.face - building face restriction: start
2025-06-15 15:35:14,943 - WARNING - py.warnings - /p/gpfs1/mtcampbe/CEESD/AutomatedTesting/RepoMonitoring/pilot-timing/emirge/arraycontext/arraycontext/impl/pytato/__init__.py:474: UserWarning: Running on an Nvidia GPU, reducing the argument size limit from 4352 to 3896.
  warn("Running on an Nvidia GPU, reducing the argument "

2025-06-15 15:35:14,943 - INFO - arraycontext.impl.pytato - limiting argument buffer size for <pyopencl.Device 'Tesla V100-SXM2-16GB' on 'Portable Computing Language' at 0x1032588e0> to 3896 bytes
2025-06-15 15:35:14,946 - WARNING - py.warnings - /p/gpfs1/mtcampbe/CEESD/AutomatedTesting/RepoMonitoring/pilot-timing/emirge/arraycontext/arraycontext/impl/pytato/__init__.py:474: UserWarning: Running on an Nvidia GPU, reducing the argument size limit from 4352 to 3896.
  warn("Running on an Nvidia GPU, reducing the argument "

2025-06-15 15:35:14,946 - INFO - arraycontext.impl.pytato - limiting argument buffer size for <pyopencl.Device 'Tesla V100-SXM2-16GB' on 'Portable Computing Language' at 0x103e44dc0> to 3896 bytes
2025-06-15 15:35:14,946 - INFO - meshmode.discretization.connection.face - building face restriction: done
2025-06-15 15:35:14,947 - INFO - meshmode.discretization.connection.face - building face restriction: start
2025-06-15 15:35:14,955 - INFO - meshmode.discretization.connection.face - building face restriction: done
2025-06-15 15:35:14,956 - INFO - meshmode.discretization.connection.face - building face restriction: start
2025-06-15 15:35:14,959 - INFO - meshmode.discretization.connection.face - building face restriction: done
2025-06-15 15:35:14,961 - INFO - meshmode.discretization.connection.face - building face restriction: done
2025-06-15 15:35:14,961 - INFO - meshmode.discretization.connection.face - building face restriction: start
2025-06-15 15:35:14,972 - WARNING - py.warnings - /p/gpfs1/mtcampbe/CEESD/AutomatedTesting/RepoMonitoring/pilot-timing/emirge/arraycontext/arraycontext/impl/pytato/__init__.py:474: UserWarning: Running on an Nvidia GPU, reducing the argument size limit from 4352 to 3896.
  warn("Running on an Nvidia GPU, reducing the argument "

2025-06-15 15:35:14,972 - INFO - arraycontext.impl.pytato - limiting argument buffer size for <pyopencl.Device 'Tesla V100-SXM2-16GB' on 'Portable Computing Language' at 0x103dcde20> to 3896 bytes
Traceback (most recent call last):
  File "/p/gpfs1/mtcampbe/CEESD/AutomatedTesting/RepoMonitoring/pilot-timing/emirge/arraycontext/arraycontext/impl/pytato/__init__.py", line 573, in freeze
    pt_prg = self._freeze_prg_cache[normalized_expr]
             ~~~~~~~~~~~~~~~~~~~~~~^^^^^^^^^^^^^^^^^
KeyError: DictOfNamedArrays(tags=frozenset(), data={'_ary': Einsum(tags={PrefixNamed(prefix='nodes0_3d'), FirstAxisIsElementsTag()}, access_descriptors=((EinsumElementwiseAxis(dim=1), EinsumReductionAxis(dim=0)), (EinsumElementwiseAxis(dim=0), EinsumReductionAxis(dim=0))), args=(Placeholder(shape=(15, 3), dtype='float64', axes=(Axis(tags=frozenset({DiscretizationDOFAxisTag()})), Axis(tags=frozenset())), name='_actx_dw'), Placeholder(shape=(328, 3), dtype='float64', axes=(Axis(tags=frozenset({DiscretizationElementAxisTag()})), Axis(tags=frozenset({DiscretizationDOFAxisTag()}))), name='_actx_dw_0')), redn_axis_to_redn_descr={EinsumReductionAxis(dim=0): ReductionDescriptor(tags=frozenset())})})

During handling of the above exception, another exception occurred:

Traceback (most recent call last):
  File "<frozen runpy>", line 198, in _run_module_as_main
  File "<frozen runpy>", line 88, in _run_code
  File "/p/gpfs1/mtcampbe/CEESD/AutomatedTesting/RepoMonitoring/pilot-timing/emirge/miniforge3/envs/timing.pilot/lib/python3.12/site-packages/mpi4py/__main__.py", line 7, in <module>
    main()
  File "/p/gpfs1/mtcampbe/CEESD/AutomatedTesting/RepoMonitoring/pilot-timing/emirge/miniforge3/envs/timing.pilot/lib/python3.12/site-packages/mpi4py/run.py", line 214, in main
    run_command_line(args)
  File "/p/gpfs1/mtcampbe/CEESD/AutomatedTesting/RepoMonitoring/pilot-timing/emirge/miniforge3/envs/timing.pilot/lib/python3.12/site-packages/mpi4py/run.py", line 46, in run_command_line
    run_path(sys.argv[0], run_name='__main__')
  File "<frozen runpy>", line 287, in run_path
  File "<frozen runpy>", line 98, in _run_module_code
  File "<frozen runpy>", line 88, in _run_code
  File "driver.py", line 83, in <module>
    main(actx_class, restart_filename=restart_filename,
  File "/p/gpfs1/mtcampbe/CEESD/AutomatedTesting/RepoMonitoring/pilot-timing/emirge/mirgecom/mirgecom/mpi.py", line 152, in wrapped_func
    func(*args, **kwargs)
  File "/p/gpfs1/mtcampbe/CEESD/AutomatedTesting/RepoMonitoring/pilot-timing/y3-prediction-scaling-run/y3prediction/prediction.py", line 3975, in main
2025-06-15 15:35:14,979 - INFO - meshmode.discretization.connection.face - building face restriction: done
2025-06-15 15:35:14,979 - INFO - meshmode.discretization.connection.face - building face restriction: start
    dcoll = create_discretization_collection(
            ^^^^^^^^^^^^^^^^^^^^^^^^^^^^^^^^^
  File "/p/gpfs1/mtcampbe/CEESD/AutomatedTesting/RepoMonitoring/pilot-timing/emirge/mirgecom/mirgecom/discretization.py", line 76, in create_discretization_collection
    return make_discretization_collection(
           ^^^^^^^^^^^^^^^^^^^^^^^^^^^^^^^
  File "/p/gpfs1/mtcampbe/CEESD/AutomatedTesting/RepoMonitoring/pilot-timing/emirge/grudge/grudge/discretization.py", line 1091, in make_discretization_collection
2025-06-15 15:35:14,980 - INFO - meshmode.discretization.connection.face - building face restriction: done
    inter_part_connections=_set_up_inter_part_connections(
                           ^^^^^^^^^^^^^^^^^^^^^^^^^^^^^^^
  File "/p/gpfs1/mtcampbe/CEESD/AutomatedTesting/RepoMonitoring/pilot-timing/emirge/grudge/grudge/discretization.py", line 946, in _set_up_inter_part_connections
    make_partition_connection(
  File "/p/gpfs1/mtcampbe/CEESD/AutomatedTesting/RepoMonitoring/pilot-timing/emirge/meshmode/meshmode/discretization/connection/opposite_face.py", line 620, in make_partition_connection
    grp_batches = _make_cross_face_batches(actx,
                  ^^^^^^^^^^^^^^^^^^^^^^^^^^^^^^
  File "/p/gpfs1/mtcampbe/CEESD/AutomatedTesting/RepoMonitoring/pilot-timing/emirge/meshmode/meshmode/discretization/connection/opposite_face.py", line 69, in _make_cross_face_batches
    for ary in tgt_bdry_discr.nodes(cached=False)
               ^^^^^^^^^^^^^^^^^^^^^^^^^^^^^^^^^^
  File "/p/gpfs1/mtcampbe/CEESD/AutomatedTesting/RepoMonitoring/pilot-timing/emirge/meshmode/meshmode/discretization/__init__.py", line 590, in nodes
    _DOFArray(None, tuple(actx.freeze(resample_mesh_nodes(grp, iaxis))
                    ^^^^^^^^^^^^^^^^^^^^^^^^^^^^^^^^^^^^^^^^^^^^^^^^^^
  File "/p/gpfs1/mtcampbe/CEESD/AutomatedTesting/RepoMonitoring/pilot-timing/emirge/meshmode/meshmode/discretization/__init__.py", line 590, in <genexpr>
    _DOFArray(None, tuple(actx.freeze(resample_mesh_nodes(grp, iaxis))
                          ^^^^^^^^^^^^^^^^^^^^^^^^^^^^^^^^^^^^^^^^^^^^
  File "/p/gpfs1/mtcampbe/CEESD/AutomatedTesting/RepoMonitoring/pilot-timing/emirge/arraycontext/arraycontext/impl/pytato/__init__.py", line 605, in freeze
    pt_prg = pt_prg.with_transformed_translation_unit(
             ^^^^^^^^^^^^^^^^^^^^^^^^^^^^^^^^^^^^^^^^^
  File "/p/gpfs1/mtcampbe/CEESD/AutomatedTesting/RepoMonitoring/pilot-timing/emirge/pytato/pytato/target/loopy/__init__.py", line 300, in with_transformed_translation_unit
    program=f(self.program.t_unit).executor(self.cl_context),
            ^^^^^^^^^^^^^^^^^^^^^^
  File "/p/gpfs1/mtcampbe/CEESD/AutomatedTesting/RepoMonitoring/pilot-timing/emirge/meshmode/meshmode/array_context.py", line 1652, in transform_loopy_program
2025-06-15 15:35:14,992 - WARNING - py.warnings - /p/gpfs1/mtcampbe/CEESD/AutomatedTesting/RepoMonitoring/pilot-timing/emirge/arraycontext/arraycontext/impl/pytato/__init__.py:474: UserWarning: Running on an Nvidia GPU, reducing the argument size limit from 4352 to 3896.
  warn("Running on an Nvidia GPU, reducing the argument "

2025-06-15 15:35:14,993 - INFO - arraycontext.impl.pytato - limiting argument buffer size for <pyopencl.Device 'Tesla V100-SXM2-16GB' on 'Portable Computing Language' at 0x1031dee00> to 3896 bytes
    r = self.transform_loopy_cache[t_unit]
        ~~~~~~~~~~~~~~~~~~~~~~~~~~^^^^^^^^
  File "/p/gpfs1/mtcampbe/CEESD/AutomatedTesting/RepoMonitoring/pilot-timing/emirge/pytools/pytools/persistent_dict.py", line 588, in __getitem__
    return self.fetch(key)
           ^^^^^^^^^^^^^^^
  File "/p/gpfs1/mtcampbe/CEESD/AutomatedTesting/RepoMonitoring/pilot-timing/emirge/pytools/pytools/persistent_dict.py", line 755, in fetch
    stored_key, value = self._fetch(keyhash)
                        ^^^^^^^^^^^^^^^^^^^^
  File "/p/gpfs1/mtcampbe/CEESD/AutomatedTesting/RepoMonitoring/pilot-timing/emirge/pytools/pytools/persistent_dict.py", line 747, in _fetch_uncached
    key, value = pickle.loads(row[0])
2025-06-15 15:35:14,996 - INFO - meshmode.discretization.connection.face - building face restriction: done
                 ^^^^^^^^^^^^^^^^^^^^
AttributeError: Can't get attribute '_read_from_str_wrapper' on <module 'islpy' from '/p/gpfs1/mtcampbe/CEESD/AutomatedTesting/RepoMonitoring/pilot-timing/emirge/miniforge3/envs/timing.pilot/lib/python3.12/site-packages/islpy/__init__.py'>
2025-06-15 15:35:15,008 - WARNING - py.warnings - /p/gpfs1/mtcampbe/CEESD/AutomatedTesting/RepoMonitoring/pilot-timing/emirge/arraycontext/arraycontext/impl/pytato/__init__.py:474: UserWarning: Running on an Nvidia GPU, reducing the argument size limit from 4352 to 3896.
  warn("Running on an Nvidia GPU, reducing the argument "

2025-06-15 15:35:15,008 - INFO - arraycontext.impl.pytato - limiting argument buffer size for <pyopencl.Device 'Tesla V100-SXM2-16GB' on 'Portable Computing Language' at 0x1030d22f0> to 3896 bytes
2025-06-15 15:35:15,009 - INFO - meshmode.discretization.connection.face - building face restriction: done
2025-06-15 15:35:15,021 - WARNING - py.warnings - /p/gpfs1/mtcampbe/CEESD/AutomatedTesting/RepoMonitoring/pilot-timing/emirge/arraycontext/arraycontext/impl/pytato/__init__.py:474: UserWarning: Running on an Nvidia GPU, reducing the argument size limit from 4352 to 3896.
  warn("Running on an Nvidia GPU, reducing the argument "

2025-06-15 15:35:15,021 - INFO - arraycontext.impl.pytato - limiting argument buffer size for <pyopencl.Device 'Tesla V100-SXM2-16GB' on 'Portable Computing Language' at 0x103317f50> to 3896 bytes
Traceback (most recent call last):
  File "/p/gpfs1/mtcampbe/CEESD/AutomatedTesting/RepoMonitoring/pilot-timing/emirge/arraycontext/arraycontext/impl/pytato/__init__.py", line 573, in freeze
    pt_prg = self._freeze_prg_cache[normalized_expr]
             ~~~~~~~~~~~~~~~~~~~~~~^^^^^^^^^^^^^^^^^
KeyErrorTraceback (most recent call last):
  File "/p/gpfs1/mtcampbe/CEESD/AutomatedTesting/RepoMonitoring/pilot-timing/emirge/arraycontext/arraycontext/impl/pytato/__init__.py", line 573, in freeze
    pt_prg = self._freeze_prg_cache[normalized_expr]
             ~~~~~~~~~~~~~~~~~~~~~~^^^^^^^^^^^^^^^^^
KeyError2025-06-15 15:35:15,044 - INFO - meshmode.discretization.connection.face - building face restriction: done
: DictOfNamedArrays(tags=frozenset(), data={'_ary': Einsum(tags={FirstAxisIsElementsTag(), PrefixNamed(prefix='nodes0_3d')}, access_descriptors=((EinsumElementwiseAxis(dim=1), EinsumReductionAxis(dim=0)), (EinsumElementwiseAxis(dim=0), EinsumReductionAxis(dim=0))), args=(Placeholder(shape=(15, 3), dtype='float64', axes=(Axis(tags=frozenset({DiscretizationDOFAxisTag()})), Axis(tags=frozenset())), name='_actx_dw'), Placeholder(shape=(599, 3), dtype='float64', axes=(Axis(tags=frozenset({DiscretizationElementAxisTag()})), Axis(tags=frozenset({DiscretizationDOFAxisTag()}))), name='_actx_dw_0')), redn_axis_to_redn_descr={EinsumReductionAxis(dim=0): ReductionDescriptor(tags=frozenset())})})

During handling of the above exception, another exception occurred:

Traceback (most recent call last):
  File "<frozen runpy>", line 198, in _run_module_as_main
  File "<frozen runpy>", line 88, in _run_code
  File "/p/gpfs1/mtcampbe/CEESD/AutomatedTesting/RepoMonitoring/pilot-timing/emirge/miniforge3/envs/timing.pilot/lib/python3.12/site-packages/mpi4py/__main__.py", line 7, in <module>
    main()
  File "/p/gpfs1/mtcampbe/CEESD/AutomatedTesting/RepoMonitoring/pilot-timing/emirge/miniforge3/envs/timing.pilot/lib/python3.12/site-packages/mpi4py/run.py", line 214, in main
    run_command_line(args)
  File "/p/gpfs1/mtcampbe/CEESD/AutomatedTesting/RepoMonitoring/pilot-timing/emirge/miniforge3/envs/timing.pilot/lib/python3.12/site-packages/mpi4py/run.py", line 46, in run_command_line
    run_path(sys.argv[0], run_name='__main__')
  File "<frozen runpy>", line 287, in run_path
  File "<frozen runpy>", line 98, in _run_module_code
  File "<frozen runpy>", line 88, in _run_code
  File "driver.py", line 83, in <module>
    main(actx_class, restart_filename=restart_filename,
  File "/p/gpfs1/mtcampbe/CEESD/AutomatedTesting/RepoMonitoring/pilot-timing/emirge/mirgecom/mirgecom/mpi.py", line 152, in wrapped_func
    func(*args, **kwargs)
  File "/p/gpfs1/mtcampbe/CEESD/AutomatedTesting/RepoMonitoring/pilot-timing/y3-prediction-scaling-run/y3prediction/prediction.py", line 3975, in main
: DictOfNamedArrays(tags=frozenset(), data={'_ary': Einsum(tags={FirstAxisIsElementsTag(), PrefixNamed(prefix='nodes0_3d')}, access_descriptors=((EinsumElementwiseAxis(dim=1), EinsumReductionAxis(dim=0)), (EinsumElementwiseAxis(dim=0), EinsumReductionAxis(dim=0))), args=(Placeholder(shape=(15, 3), dtype='float64', axes=(Axis(tags=frozenset({DiscretizationDOFAxisTag()})), Axis(tags=frozenset())), name='_actx_dw'), Placeholder(shape=(175, 3), dtype='float64', axes=(Axis(tags=frozenset({DiscretizationElementAxisTag()})), Axis(tags=frozenset({DiscretizationDOFAxisTag()}))), name='_actx_dw_0')), redn_axis_to_redn_descr={EinsumReductionAxis(dim=0): ReductionDescriptor(tags=frozenset())})})

During handling of the above exception, another exception occurred:

Traceback (most recent call last):
  File "<frozen runpy>", line 198, in _run_module_as_main
  File "<frozen runpy>", line 88, in _run_code
  File "/p/gpfs1/mtcampbe/CEESD/AutomatedTesting/RepoMonitoring/pilot-timing/emirge/miniforge3/envs/timing.pilot/lib/python3.12/site-packages/mpi4py/__main__.py", line 7, in <module>
    main()
  File "/p/gpfs1/mtcampbe/CEESD/AutomatedTesting/RepoMonitoring/pilot-timing/emirge/miniforge3/envs/timing.pilot/lib/python3.12/site-packages/mpi4py/run.py", line 214, in main
    dcoll = create_discretization_collection(
    run_command_line(args)
            ^^^^^^^^^^^^^^^^^^^^^^^^  File "/p/gpfs1/mtcampbe/CEESD/AutomatedTesting/RepoMonitoring/pilot-timing/emirge/miniforge3/envs/timing.pilot/lib/python3.12/site-packages/mpi4py/run.py", line 46, in run_command_line
^^^^^^^^^
  File "/p/gpfs1/mtcampbe/CEESD/AutomatedTesting/RepoMonitoring/pilot-timing/emirge/mirgecom/mirgecom/discretization.py", line 76, in create_discretization_collection
    run_path(sys.argv[0], run_name='__main__')
    return make_discretization_collection(
          File "<frozen runpy>", line 287, in run_path
  File "<frozen runpy>", line 98, in _run_module_code
  File "<frozen runpy>", line 88, in _run_code
  File "driver.py", line 83, in <module>
   ^^^^^^^^^^^^^^^^^^^^^^^^^^^^^^^
  File "/p/gpfs1/mtcampbe/CEESD/AutomatedTesting/RepoMonitoring/pilot-timing/emirge/grudge/grudge/discretization.py", line 1091, in make_discretization_collection
    main(actx_class, restart_filename=restart_filename,
  File "/p/gpfs1/mtcampbe/CEESD/AutomatedTesting/RepoMonitoring/pilot-timing/emirge/mirgecom/mirgecom/mpi.py", line 152, in wrapped_func
    inter_part_connections=_set_up_inter_part_connections(
                           ^^^^^^^^^^^^^^^^^^^^^^^^^^^^^^    func(*args, **kwargs)
^
  File "/p/gpfs1/mtcampbe/CEESD/AutomatedTesting/RepoMonitoring/pilot-timing/emirge/grudge/grudge/discretization.py", line 946, in _set_up_inter_part_connections
  File "/p/gpfs1/mtcampbe/CEESD/AutomatedTesting/RepoMonitoring/pilot-timing/y3-prediction-scaling-run/y3prediction/prediction.py", line 3975, in main
    make_partition_connection(
  File "/p/gpfs1/mtcampbe/CEESD/AutomatedTesting/RepoMonitoring/pilot-timing/emirge/meshmode/meshmode/discretization/connection/opposite_face.py", line 620, in make_partition_connection
    grp_batches = _make_cross_face_batches(actx,
                  ^^^^^^^^^^^^^^^^^^^^^^^^^^^^^^
  File "/p/gpfs1/mtcampbe/CEESD/AutomatedTesting/RepoMonitoring/pilot-timing/emirge/meshmode/meshmode/discretization/connection/opposite_face.py", line 69, in _make_cross_face_batches
    for ary in tgt_bdry_discr.nodes(cached=False)
               ^^^^^^^^^^^^^^^^^^^^^^^^^^^^^^^^^^
  File "/p/gpfs1/mtcampbe/CEESD/AutomatedTesting/RepoMonitoring/pilot-timing/emirge/meshmode/meshmode/discretization/__init__.py", line 590, in nodes
    dcoll = create_discretization_collection(
                _DOFArray(None, tuple(actx.freeze(resample_mesh_nodes(grp, iaxis))
     ^^^^^^^^^^^^^^^^^^^^^^^^^               ^^^^^^^^^^^^^^^
  File "/p/gpfs1/mtcampbe/CEESD/AutomatedTesting/RepoMonitoring/pilot-timing/emirge/mirgecom/mirgecom/discretization.py", line 76, in create_discretization_collection
^^^^^^^^^^^^^^^^^^^^^^    return make_discretization_collection(
        ^^^^^^^^^^^^^^^^^^^^^
  File "/p/gpfs1/mtcampbe/CEESD/AutomatedTesting/RepoMonitoring/pilot-timing/emirge/meshmode/meshmode/discretization/__init__.py", line 590, in <genexpr>
   ^^^^^^^^^^^^^^^^^^^^^^^^^^^    _DOFArray(None, tuple(actx.freeze(resample_mesh_nodes(grp, iaxis))
^^^^
  File "/p/gpfs1/mtcampbe/CEESD/AutomatedTesting/RepoMonitoring/pilot-timing/emirge/grudge/grudge/discretization.py", line 1091, in make_discretization_collection
                          ^^^^^^^^^^^^^^^^^^^^^^^^^^^^^^^^^^^^^^^^^^^^
  File "/p/gpfs1/mtcampbe/CEESD/AutomatedTesting/RepoMonitoring/pilot-timing/emirge/arraycontext/arraycontext/impl/pytato/__init__.py", line 605, in freeze
    pt_prg = pt_prg.with_transformed_translation_unit(
             ^^^^^^^^^^^^^^^^^^^^^^^^^^^^^^^^^^^^^^^^^
  File "/p/gpfs1/mtcampbe/CEESD/AutomatedTesting/RepoMonitoring/pilot-timing/emirge/pytato/pytato/target/loopy/__init__.py", line 300, in with_transformed_translation_unit
    program=f(self.program.t_unit).executor(self.cl_context),
            ^^^^^^^^^^^^^^^^^^^^^^
  File "/p/gpfs1/mtcampbe/CEESD/AutomatedTesting/RepoMonitoring/pilot-timing/emirge/meshmode/meshmode/array_context.py", line 1652, in transform_loopy_program
    inter_part_connections=_set_up_inter_part_connections(
           r = self.transform_loopy_cache[t_unit]
                    ^^^^^^^        ~~~~~~~~~~~~~^^^^^^^^^^^^^^^^^^^^^^^^
~~~~~~~~~~~~~^^^^^^^^
  File "/p/gpfs1/mtcampbe/CEESD/AutomatedTesting/RepoMonitoring/pilot-timing/emirge/pytools/pytools/persistent_dict.py", line 588, in __getitem__
  File "/p/gpfs1/mtcampbe/CEESD/AutomatedTesting/RepoMonitoring/pilot-timing/emirge/grudge/grudge/discretization.py", line 946, in _set_up_inter_part_connections
    make_partition_connection(
  File "/p/gpfs1/mtcampbe/CEESD/AutomatedTesting/RepoMonitoring/pilot-timing/emirge/meshmode/meshmode/discretization/connection/opposite_face.py", line 620, in make_partition_connection
    return self.fetch(key)
           ^^^^^^^^^^^^^^^
  File "/p/gpfs1/mtcampbe/CEESD/AutomatedTesting/RepoMonitoring/pilot-timing/emirge/pytools/pytools/persistent_dict.py", line 755, in fetch
    stored_key, value = self._fetch(keyhash)
                        ^^^^^^^^^^^^^^^^^^^^
  File "/p/gpfs1/mtcampbe/CEESD/AutomatedTesting/RepoMonitoring/pilot-timing/emirge/pytools/pytools/persistent_dict.py", line 747, in _fetch_uncached
    key, value = pickle.loads(row[0])
                 ^^^^^^^^^^^^^^^^^^^^
AttributeError: Can't get attribute '_read_from_str_wrapper' on <module 'islpy' from '/p/gpfs1/mtcampbe/CEESD/AutomatedTesting/RepoMonitoring/pilot-timing/emirge/miniforge3/envs/timing.pilot/lib/python3.12/site-packages/islpy/__init__.py'>
    grp_batches = _make_cross_face_batches(actx,
                  ^^^^^^^^^^^^^^^^^^^^^^^^^^^^^^
  File "/p/gpfs1/mtcampbe/CEESD/AutomatedTesting/RepoMonitoring/pilot-timing/emirge/meshmode/meshmode/discretization/connection/opposite_face.py", line 69, in _make_cross_face_batches
    for ary in tgt_bdry_discr.nodes(cached=False)
               ^^^^^^^^^^^^^^^^^^^^^^^^^^^^^^^^^^
  File "/p/gpfs1/mtcampbe/CEESD/AutomatedTesting/RepoMonitoring/pilot-timing/emirge/meshmode/meshmode/discretization/__init__.py", line 590, in nodes
2025-06-15 15:35:15,057 - WARNING - py.warnings - /p/gpfs1/mtcampbe/CEESD/AutomatedTesting/RepoMonitoring/pilot-timing/emirge/arraycontext/arraycontext/impl/pytato/__init__.py:474: UserWarning: Running on an Nvidia GPU, reducing the argument size limit from 4352 to 3896.
  warn("Running on an Nvidia GPU, reducing the argument "

2025-06-15 15:35:15,057 - INFO - arraycontext.impl.pytato - limiting argument buffer size for <pyopencl.Device 'Tesla V100-SXM2-16GB' on 'Portable Computing Language' at 0x103e4ab40> to 3896 bytes
    _DOFArray(None, tuple(actx.freeze(resample_mesh_nodes(grp, iaxis))
                    ^^^^^^^^^^^^^^^^^^^^^^^^^^^^^^^^^^^^^^^^^^^^^^^^^^
  File "/p/gpfs1/mtcampbe/CEESD/AutomatedTesting/RepoMonitoring/pilot-timing/emirge/meshmode/meshmode/discretization/__init__.py", line 590, in <genexpr>
    _DOFArray(None, tuple(actx.freeze(resample_mesh_nodes(grp, iaxis))
                          ^^^^^^^^^^^^^^^^^^^^^^^^^^^^^^^^^^^^^^^^^^^^
  File "/p/gpfs1/mtcampbe/CEESD/AutomatedTesting/RepoMonitoring/pilot-timing/emirge/arraycontext/arraycontext/impl/pytato/__init__.py", line 605, in freeze
    pt_prg = pt_prg.with_transformed_translation_unit(
             ^^^^^^^^^^^^^^^^^^^^^^^^^^^^^^^^^^^^^^^^^
  File "/p/gpfs1/mtcampbe/CEESD/AutomatedTesting/RepoMonitoring/pilot-timing/emirge/pytato/pytato/target/loopy/__init__.py", line 300, in with_transformed_translation_unit
    program=f(self.program.t_unit).executor(self.cl_context),
            ^^^^^^^^^^^^^^^^^^^^^^
  File "/p/gpfs1/mtcampbe/CEESD/AutomatedTesting/RepoMonitoring/pilot-timing/emirge/meshmode/meshmode/array_context.py", line 1652, in transform_loopy_program
    r = self.transform_loopy_cache[t_unit]
        ~~~~~~~~~~~~~~~~~~~~~~~~~~^^^^^^^^
  File "/p/gpfs1/mtcampbe/CEESD/AutomatedTesting/RepoMonitoring/pilot-timing/emirge/pytools/pytools/persistent_dict.py", line 588, in __getitem__
    return self.fetch(key)
           ^^^^^^^^^^^^^^^
  File "/p/gpfs1/mtcampbe/CEESD/AutomatedTesting/RepoMonitoring/pilot-timing/emirge/pytools/pytools/persistent_dict.py", line 755, in fetch
    stored_key, value = self._fetch(keyhash)
                        ^^^^^^^^^^^^^^^^^^^^
  File "/p/gpfs1/mtcampbe/CEESD/AutomatedTesting/RepoMonitoring/pilot-timing/emirge/pytools/pytools/persistent_dict.py", line 747, in _fetch_uncached
    key, value = pickle.loads(row[0])
                 ^^^^^^^^^^^^^^^^^^^^
AttributeError: Can't get attribute '_read_from_str_wrapper' on <module 'islpy' from '/p/gpfs1/mtcampbe/CEESD/AutomatedTesting/RepoMonitoring/pilot-timing/emirge/miniforge3/envs/timing.pilot/lib/python3.12/site-packages/islpy/__init__.py'>
Traceback (most recent call last):
  File "/p/gpfs1/mtcampbe/CEESD/AutomatedTesting/RepoMonitoring/pilot-timing/emirge/arraycontext/arraycontext/impl/pytato/__init__.py", line 573, in freeze
    pt_prg = self._freeze_prg_cache[normalized_expr]
             ~~~~~~~~~~~~~~~~~~~~~~^^^^^^^^^^^^^^^^^
KeyError: DictOfNamedArrays(tags=frozenset(), data={'_ary': Einsum(tags={PrefixNamed(prefix='nodes0_3d'), FirstAxisIsElementsTag()}, access_descriptors=((EinsumElementwiseAxis(dim=1), EinsumReductionAxis(dim=0)), (EinsumElementwiseAxis(dim=0), EinsumReductionAxis(dim=0))), args=(Placeholder(shape=(15, 3), dtype='float64', axes=(Axis(tags=frozenset({DiscretizationDOFAxisTag()})), Axis(tags=frozenset())), name='_actx_dw'), Placeholder(shape=(984, 3), dtype='float64', axes=(Axis(tags=frozenset({DiscretizationElementAxisTag()})), Axis(tags=frozenset({DiscretizationDOFAxisTag()}))), name='_actx_dw_0')), redn_axis_to_redn_descr={EinsumReductionAxis(dim=0): ReductionDescriptor(tags=frozenset())})})

During handling of the above exception, another exception occurred:

Traceback (most recent call last):
  File "<frozen runpy>", line 198, in _run_module_as_main
  File "<frozen runpy>", line 88, in _run_code
  File "/p/gpfs1/mtcampbe/CEESD/AutomatedTesting/RepoMonitoring/pilot-timing/emirge/miniforge3/envs/timing.pilot/lib/python3.12/site-packages/mpi4py/__main__.py", line 7, in <module>
    main()
  File "/p/gpfs1/mtcampbe/CEESD/AutomatedTesting/RepoMonitoring/pilot-timing/emirge/miniforge3/envs/timing.pilot/lib/python3.12/site-packages/mpi4py/run.py", line 214, in main
    run_command_line(args)
  File "/p/gpfs1/mtcampbe/CEESD/AutomatedTesting/RepoMonitoring/pilot-timing/emirge/miniforge3/envs/timing.pilot/lib/python3.12/site-packages/mpi4py/run.py", line 46, in run_command_line
    run_path(sys.argv[0], run_name='__main__')
  File "<frozen runpy>", line 287, in run_path
  File "<frozen runpy>", line 98, in _run_module_code
  File "<frozen runpy>", line 88, in _run_code
  File "driver.py", line 83, in <module>
    main(actx_class, restart_filename=restart_filename,
  File "/p/gpfs1/mtcampbe/CEESD/AutomatedTesting/RepoMonitoring/pilot-timing/emirge/mirgecom/mirgecom/mpi.py", line 152, in wrapped_func
    func(*args, **kwargs)
  File "/p/gpfs1/mtcampbe/CEESD/AutomatedTesting/RepoMonitoring/pilot-timing/y3-prediction-scaling-run/y3prediction/prediction.py", line 3975, in main
    dcoll = create_discretization_collection(
            ^^^^^^^^^^^^^^^^^^^^^^^^^^^^^^^^^
  File "/p/gpfs1/mtcampbe/CEESD/AutomatedTesting/RepoMonitoring/pilot-timing/emirge/mirgecom/mirgecom/discretization.py", line 76, in create_discretization_collection
    return make_discretization_collection(
           ^^^^^^^^^^^^^^^^^^^^^^^^^^^^^^^
  File "/p/gpfs1/mtcampbe/CEESD/AutomatedTesting/RepoMonitoring/pilot-timing/emirge/grudge/grudge/discretization.py", line 1091, in make_discretization_collection
    inter_part_connections=_set_up_inter_part_connections(
                           ^^^^^^^^^^^^^^^^^^^^^^^^^^^^^^^
  File "/p/gpfs1/mtcampbe/CEESD/AutomatedTesting/RepoMonitoring/pilot-timing/emirge/grudge/grudge/discretization.py", line 946, in _set_up_inter_part_connections
    make_partition_connection(
  File "/p/gpfs1/mtcampbe/CEESD/AutomatedTesting/RepoMonitoring/pilot-timing/emirge/meshmode/meshmode/discretization/connection/opposite_face.py", line 620, in make_partition_connection
Traceback (most recent call last):
  File "/p/gpfs1/mtcampbe/CEESD/AutomatedTesting/RepoMonitoring/pilot-timing/emirge/arraycontext/arraycontext/impl/pytato/__init__.py", line 573, in freeze
    grp_batches = _make_cross_face_batches(actx,
        pt_prg = self._freeze_prg_cache[normalized_expr]
              ^^^^^^^^^^             ~~~~~~~~~~~~~~~~~~~~~~^^^^^^^^^^^^^^^^^
KeyError^^^^^^^^^^^^^^^^^^^^
  File "/p/gpfs1/mtcampbe/CEESD/AutomatedTesting/RepoMonitoring/pilot-timing/emirge/meshmode/meshmode/discretization/connection/opposite_face.py", line 69, in _make_cross_face_batches
    for ary in tgt_bdry_discr.nodes(cached=False)
               ^^^^^^^^^^^^^^^^^^^^^^^^^^^^^^^^^^
  File "/p/gpfs1/mtcampbe/CEESD/AutomatedTesting/RepoMonitoring/pilot-timing/emirge/meshmode/meshmode/discretization/__init__.py", line 590, in nodes
    _DOFArray(None, tuple(actx.freeze(resample_mesh_nodes(grp, iaxis))
                    ^^^^^^^^^^^^^^^^^^^^^^^^^^^^^^^^^^^^^^^^^^^^^^^^^^
  File "/p/gpfs1/mtcampbe/CEESD/AutomatedTesting/RepoMonitoring/pilot-timing/emirge/meshmode/meshmode/discretization/__init__.py", line 590, in <genexpr>
: DictOfNamedArrays(tags=frozenset(), data={'_ary': Einsum(tags={PrefixNamed(prefix='nodes0_3d'), FirstAxisIsElementsTag()}, access_descriptors=((EinsumElementwiseAxis(dim=1), EinsumReductionAxis(dim=0)), (EinsumElementwiseAxis(dim=0), EinsumReductionAxis(dim=0))), args=(Placeholder(shape=(15, 3), dtype='float64', axes=(Axis(tags=frozenset({DiscretizationDOFAxisTag()})), Axis(tags=frozenset())), name='_actx_dw'), Placeholder(shape=(1382, 3), dtype='float64', axes=(Axis(tags=frozenset({DiscretizationElementAxisTag()})), Axis(tags=frozenset({DiscretizationDOFAxisTag()}))), name='_actx_dw_0')), redn_axis_to_redn_descr={EinsumReductionAxis(dim=0): ReductionDescriptor(tags=frozenset())})})

During handling of the above exception, another exception occurred:

Traceback (most recent call last):
  File "<frozen runpy>", line 198, in _run_module_as_main
  File "<frozen runpy>", line 88, in _run_code
  File "/p/gpfs1/mtcampbe/CEESD/AutomatedTesting/RepoMonitoring/pilot-timing/emirge/miniforge3/envs/timing.pilot/lib/python3.12/site-packages/mpi4py/__main__.py", line 7, in <module>
    _DOFArray(None, tuple(actx.freeze(resample_mesh_nodes(grp, iaxis))
    main()
  File "/p/gpfs1/mtcampbe/CEESD/AutomatedTesting/RepoMonitoring/pilot-timing/emirge/miniforge3/envs/timing.pilot/lib/python3.12/site-packages/mpi4py/run.py", line 214, in main
                          ^^^^^^^^^^^^^^    run_command_line(args)
  File "/p/gpfs1/mtcampbe/CEESD/AutomatedTesting/RepoMonitoring/pilot-timing/emirge/miniforge3/envs/timing.pilot/lib/python3.12/site-packages/mpi4py/run.py", line 46, in run_command_line
^^^^^^^^^^^^^^^^^^^^^^^^^^^^^^
    run_path(sys.argv[0], run_name='__main__')
  File "<frozen runpy>", line 287, in run_path
  File "<frozen runpy>", line 98, in _run_module_code
  File "<frozen runpy>", line 88, in _run_code
  File "/p/gpfs1/mtcampbe/CEESD/AutomatedTesting/RepoMonitoring/pilot-timing/emirge/arraycontext/arraycontext/impl/pytato/__init__.py", line 605, in freeze
  File "driver.py", line 83, in <module>
    main(actx_class, restart_filename=restart_filename,
  File "/p/gpfs1/mtcampbe/CEESD/AutomatedTesting/RepoMonitoring/pilot-timing/emirge/mirgecom/mirgecom/mpi.py", line 152, in wrapped_func
    func(*args, **kwargs)
    pt_prg = pt_prg.with_transformed_translation_unit(
             ^^^^^^^^^^^^^^^^^^  File "/p/gpfs1/mtcampbe/CEESD/AutomatedTesting/RepoMonitoring/pilot-timing/y3-prediction-scaling-run/y3prediction/prediction.py", line 3975, in main
^^^^^^^^^^^^^^^^^^^^^^^
  File "/p/gpfs1/mtcampbe/CEESD/AutomatedTesting/RepoMonitoring/pilot-timing/emirge/pytato/pytato/target/loopy/__init__.py", line 300, in with_transformed_translation_unit
    program=f(self.program.t_unit).executor(self.cl_context),
            ^^^^^^^^^^^^^^^^^^^^^^
  File "/p/gpfs1/mtcampbe/CEESD/AutomatedTesting/RepoMonitoring/pilot-timing/emirge/meshmode/meshmode/array_context.py", line 1652, in transform_loopy_program
    r = self.transform_loopy_cache[t_unit]
        ~~~~~~~~    dcoll = create_discretization_collection(
~~~~~~~~~~~~~~~~~~^^^^^^^^
  File "/p/gpfs1/mtcampbe/CEESD/AutomatedTesting/RepoMonitoring/pilot-timing/emirge/pytools/pytools/persistent_dict.py", line 588, in __getitem__
            ^^^^^^^^^^^^^^^^^^^^^^^^^^^^^^^^^
  File "/p/gpfs1/mtcampbe/CEESD/AutomatedTesting/RepoMonitoring/pilot-timing/emirge/mirgecom/mirgecom/discretization.py", line 76, in create_discretization_collection
    return make_discretization_collection(
           ^^^^^^^^^^^^^^^^^^^^^^^^^^^^^^^
  File "/p/gpfs1/mtcampbe/CEESD/AutomatedTesting/RepoMonitoring/pilot-timing/emirge/grudge/grudge/discretization.py", line 1091, in make_discretization_collection
    return self.fetch(key)
           ^^^^^^^^^^^^^^^
  File "/p/gpfs1/mtcampbe/CEESD/AutomatedTesting/RepoMonitoring/pilot-timing/emirge/pytools/pytools/persistent_dict.py", line 755, in fetch
    inter_part_connections=_set_up_inter_part_connections(
                           ^^^^^^^^^^^^^^^^^^^^^^^^^^^^^^^
    stored_key, value = self._fetch(keyhash)
                         File "/p/gpfs1/mtcampbe/CEESD/AutomatedTesting/RepoMonitoring/pilot-timing/emirge/grudge/grudge/discretization.py", line 946, in _set_up_inter_part_connections
 ^^^^^^^^^^^^^^^^^^^^
  File "/p/gpfs1/mtcampbe/CEESD/AutomatedTesting/RepoMonitoring/pilot-timing/emirge/pytools/pytools/persistent_dict.py", line 747, in _fetch_uncached
    make_partition_connection(
  File "/p/gpfs1/mtcampbe/CEESD/AutomatedTesting/RepoMonitoring/pilot-timing/emirge/meshmode/meshmode/discretization/connection/opposite_face.py", line 620, in make_partition_connection
    key, value = pickle.loads(row[0])
            grp_batches = _make_cross_face_batches(actx,
                  ^^^^^^^^^^^^^^^^^^^^^^^^^^^^^^
         ^^^^^^^^^^^^^^^^^^^^
  File "/p/gpfs1/mtcampbe/CEESD/AutomatedTesting/RepoMonitoring/pilot-timing/emirge/meshmode/meshmode/discretization/connection/opposite_face.py", line 69, in _make_cross_face_batches
    for ary in tgt_bdry_discr.nodes(cached=False)
AttributeError: Can't get attribute '_read_from_str_wrapper' on <module 'islpy' from '/p/gpfs1/mtcampbe/CEESD/AutomatedTesting/RepoMonitoring/pilot-timing/emirge/miniforge3/envs/timing.pilot/lib/python3.12/site-packages/islpy/__init__.py'>
               ^^^^^^^^^^^^^^^^^^^^^^^^^^^^^^^^^^
  File "/p/gpfs1/mtcampbe/CEESD/AutomatedTesting/RepoMonitoring/pilot-timing/emirge/meshmode/meshmode/discretization/__init__.py", line 590, in nodes
    _DOFArray(None, tuple(actx.freeze(resample_mesh_nodes(grp, iaxis))
                    ^^^^^^^^^^^^^^^^^^^^^^^^^^^^^^^^^^^^^^^^^^^^^^^^^^
  File "/p/gpfs1/mtcampbe/CEESD/AutomatedTesting/RepoMonitoring/pilot-timing/emirge/meshmode/meshmode/discretization/__init__.py", line 590, in <genexpr>
    _DOFArray(None, tuple(actx.freeze(resample_mesh_nodes(grp, iaxis))
                          ^^^^^^^^^^^^^^^^^^^^^^^^^^^^^^^^^^^^^^^^^^^^
  File "/p/gpfs1/mtcampbe/CEESD/AutomatedTesting/RepoMonitoring/pilot-timing/emirge/arraycontext/arraycontext/impl/pytato/__init__.py", line 605, in freeze
    pt_prg = pt_prg.with_transformed_translation_unit(
             ^^^^^^^^^^^^^^^^^^^^^^^^^^^^^^^^^^^^^^^^^
  File "/p/gpfs1/mtcampbe/CEESD/AutomatedTesting/RepoMonitoring/pilot-timing/emirge/pytato/pytato/target/loopy/__init__.py", line 300, in with_transformed_translation_unit
    program=f(self.program.t_unit).executor(self.cl_context),
            ^^^^^^^^^^^^^^^^^^^^^^
  File "/p/gpfs1/mtcampbe/CEESD/AutomatedTesting/RepoMonitoring/pilot-timing/emirge/meshmode/meshmode/array_context.py", line 1652, in transform_loopy_program
    r = self.transform_loopy_cache[t_unit]
        ~~~~~~~~~~~~~~~~~~~~~~~~~~^^^^^^^^
  File "/p/gpfs1/mtcampbe/CEESD/AutomatedTesting/RepoMonitoring/pilot-timing/emirge/pytools/pytools/persistent_dict.py", line 588, in __getitem__
    return self.fetch(key)
           ^^^^^^^^^^^^^^^
  File "/p/gpfs1/mtcampbe/CEESD/AutomatedTesting/RepoMonitoring/pilot-timing/emirge/pytools/pytools/persistent_dict.py", line 755, in fetch
    stored_key, value = self._fetch(keyhash)
                        ^^^^^^^^^^^^^^^^^^^^
  File "/p/gpfs1/mtcampbe/CEESD/AutomatedTesting/RepoMonitoring/pilot-timing/emirge/pytools/pytools/persistent_dict.py", line 747, in _fetch_uncached
    key, value = pickle.loads(row[0])
                 ^^^^^^^^^^^^^^^^^^^^
AttributeError: Can't get attribute '_read_from_str_wrapper' on <module 'islpy' from '/p/gpfs1/mtcampbe/CEESD/AutomatedTesting/RepoMonitoring/pilot-timing/emirge/miniforge3/envs/timing.pilot/lib/python3.12/site-packages/islpy/__init__.py'>
Traceback (most recent call last):
  File "/p/gpfs1/mtcampbe/CEESD/AutomatedTesting/RepoMonitoring/pilot-timing/emirge/arraycontext/arraycontext/impl/pytato/__init__.py", line 573, in freeze
    pt_prg = self._freeze_prg_cache[normalized_expr]
             ~~~~~~~~~~~~~~~~~~~~~~^^^^^^^^^^^^^^^^^
KeyError: DictOfNamedArrays(tags=frozenset(), data={'_ary': Einsum(tags={PrefixNamed(prefix='nodes0_3d'), FirstAxisIsElementsTag()}, access_descriptors=((EinsumElementwiseAxis(dim=1), EinsumReductionAxis(dim=0)), (EinsumElementwiseAxis(dim=0), EinsumReductionAxis(dim=0))), args=(Placeholder(shape=(15, 3), dtype='float64', axes=(Axis(tags=frozenset({DiscretizationDOFAxisTag()})), Axis(tags=frozenset())), name='_actx_dw'), Placeholder(shape=(1562, 3), dtype='float64', axes=(Axis(tags=frozenset({DiscretizationElementAxisTag()})), Axis(tags=frozenset({DiscretizationDOFAxisTag()}))), name='_actx_dw_0')), redn_axis_to_redn_descr={EinsumReductionAxis(dim=0): ReductionDescriptor(tags=frozenset())})})

During handling of the above exception, another exception occurred:

Traceback (most recent call last):
  File "<frozen runpy>", line 198, in _run_module_as_main
  File "<frozen runpy>", line 88, in _run_code
  File "/p/gpfs1/mtcampbe/CEESD/AutomatedTesting/RepoMonitoring/pilot-timing/emirge/miniforge3/envs/timing.pilot/lib/python3.12/site-packages/mpi4py/__main__.py", line 7, in <module>
    main()
  File "/p/gpfs1/mtcampbe/CEESD/AutomatedTesting/RepoMonitoring/pilot-timing/emirge/miniforge3/envs/timing.pilot/lib/python3.12/site-packages/mpi4py/run.py", line 214, in main
    run_command_line(args)
  File "/p/gpfs1/mtcampbe/CEESD/AutomatedTesting/RepoMonitoring/pilot-timing/emirge/miniforge3/envs/timing.pilot/lib/python3.12/site-packages/mpi4py/run.py", line 46, in run_command_line
    run_path(sys.argv[0], run_name='__main__')
  File "<frozen runpy>", line 287, in run_path
  File "<frozen runpy>", line 98, in _run_module_code
  File "<frozen runpy>", line 88, in _run_code
  File "driver.py", line 83, in <module>
    main(actx_class, restart_filename=restart_filename,
  File "/p/gpfs1/mtcampbe/CEESD/AutomatedTesting/RepoMonitoring/pilot-timing/emirge/mirgecom/mirgecom/mpi.py", line 152, in wrapped_func
    func(*args, **kwargs)
  File "/p/gpfs1/mtcampbe/CEESD/AutomatedTesting/RepoMonitoring/pilot-timing/y3-prediction-scaling-run/y3prediction/prediction.py", line 3975, in main
    dcoll = create_discretization_collection(
            ^^^^^^^^^^^^^^^^^^^^^^^^^^^^^^^^^
  File "/p/gpfs1/mtcampbe/CEESD/AutomatedTesting/RepoMonitoring/pilot-timing/emirge/mirgecom/mirgecom/discretization.py", line 76, in create_discretization_collection
    return make_discretization_collection(
           ^^^^^^^^^^^^^^^^^^^^^^^^^^^^^^^
  File "/p/gpfs1/mtcampbe/CEESD/AutomatedTesting/RepoMonitoring/pilot-timing/emirge/grudge/grudge/discretization.py", line 1091, in make_discretization_collection
    inter_part_connections=_set_up_inter_part_connections(
                           ^^^^^^^^^^^^^^^^^^^^^^^^^^^^^^^
  File "/p/gpfs1/mtcampbe/CEESD/AutomatedTesting/RepoMonitoring/pilot-timing/emirge/grudge/grudge/discretization.py", line 946, in _set_up_inter_part_connections
    make_partition_connection(
  File "/p/gpfs1/mtcampbe/CEESD/AutomatedTesting/RepoMonitoring/pilot-timing/emirge/meshmode/meshmode/discretization/connection/opposite_face.py", line 620, in make_partition_connection
    grp_batches = _make_cross_face_batches(actx,
                  ^^^^^^^^^^^^^^^^^^^^^^^^^^^^^^
  File "/p/gpfs1/mtcampbe/CEESD/AutomatedTesting/RepoMonitoring/pilot-timing/emirge/meshmode/meshmode/discretization/connection/opposite_face.py", line 69, in _make_cross_face_batches
    for ary in tgt_bdry_discr.nodes(cached=False)
               ^^^^^^^^^^^^^^^^^^^^^^^^^^^^^^^^^^
  File "/p/gpfs1/mtcampbe/CEESD/AutomatedTesting/RepoMonitoring/pilot-timing/emirge/meshmode/meshmode/discretization/__init__.py", line 590, in nodes
    _DOFArray(None, tuple(actx.freeze(resample_mesh_nodes(grp, iaxis))
                    ^^^^^^^^^^^^^^^^^^^^^^^^^^^^^^^^^^^^^^^^^^^^^^^^^^
  File "/p/gpfs1/mtcampbe/CEESD/AutomatedTesting/RepoMonitoring/pilot-timing/emirge/meshmode/meshmode/discretization/__init__.py", line 590, in <genexpr>
    _DOFArray(None, tuple(actx.freeze(resample_mesh_nodes(grp, iaxis))
                          ^^^^^^^^^^^^^^^^^^^^^^^^^^^^^^^^^^^^^^^^^^^^
  File "/p/gpfs1/mtcampbe/CEESD/AutomatedTesting/RepoMonitoring/pilot-timing/emirge/arraycontext/arraycontext/impl/pytato/__init__.py", line 605, in freeze
    pt_prg = pt_prg.with_transformed_translation_unit(
             ^^^^^^^^^^^^^^^^^^^^^^^^^^^^^^^^^^^^^^^^^
  File "/p/gpfs1/mtcampbe/CEESD/AutomatedTesting/RepoMonitoring/pilot-timing/emirge/pytato/pytato/target/loopy/__init__.py", line 300, in with_transformed_translation_unit
    program=f(self.program.t_unit).executor(self.cl_context),
            ^^^^^^^^^^^^^^^^^^^^^^
  File "/p/gpfs1/mtcampbe/CEESD/AutomatedTesting/RepoMonitoring/pilot-timing/emirge/meshmode/meshmode/array_context.py", line 1652, in transform_loopy_program
    r = self.transform_loopy_cache[t_unit]
        ~~~~~~~~~~~~~~~~~~~~~~~~~~^^^^^^^^
  File "/p/gpfs1/mtcampbe/CEESD/AutomatedTesting/RepoMonitoring/pilot-timing/emirge/pytools/pytools/persistent_dict.py", line 588, in __getitem__
    return self.fetch(key)
           ^^^^^^^^^^^^^^^
  File "/p/gpfs1/mtcampbe/CEESD/AutomatedTesting/RepoMonitoring/pilot-timing/emirge/pytools/pytools/persistent_dict.py", line 755, in fetch
    stored_key, value = self._fetch(keyhash)
                        ^^^^^^^^^^^^^^^^^^^^
  File "/p/gpfs1/mtcampbe/CEESD/AutomatedTesting/RepoMonitoring/pilot-timing/emirge/pytools/pytools/persistent_dict.py", line 747, in _fetch_uncached
    key, value = pickle.loads(row[0])
                 ^^^^^^^^^^^^^^^^^^^^
AttributeError: Can't get attribute '_read_from_str_wrapper' on <module 'islpy' from '/p/gpfs1/mtcampbe/CEESD/AutomatedTesting/RepoMonitoring/pilot-timing/emirge/miniforge3/envs/timing.pilot/lib/python3.12/site-packages/islpy/__init__.py'>
--------------------------------------------------------------------------
MPI_ABORT was invoked on rank 5 in communicator MPI_COMM_WORLD
with errorcode 1.

NOTE: invoking MPI_ABORT causes Open MPI to kill all MPI processes.
You may or may not see output from other processes, depending on
exactly when Open MPI kills them.
--------------------------------------------------------------------------
++ return_code=1
++ set +x
mv: cannot stat ‘viz_data’: No such file or directory
mv: cannot stat ‘restart_data’: No such file or directory
**  scalability_test/prediction-scalability_np16 failed.
Sun Jun 15 15:35:15 PDT 2025
Scaling/timing tests done.
Passing tests: 
Failing tests:  scalability_test/prediction-scalability_np16

------------------------------------------------------------
Sender: LSF System <lsfadmin@lassen710>
Subject: Job 7341107: <scale16> in cluster <lassen> Exited

Job <scale16> was submitted from host <lassen709> by user <mtcampbe> in cluster <lassen> at Sun Jun 15 15:34:04 2025
Job was executed on host(s) <1*lassen710>, in queue <pdebug>, as user <mtcampbe> in cluster <lassen> at Sun Jun 15 15:34:05 2025
                            <40*lassen33>
                            <40*lassen32>
                            <40*lassen31>
                            <40*lassen29>
</g/g17/mtcampbe> was used as the home directory.
</p/gpfs1/mtcampbe/CEESD/AutomatedTesting/RepoMonitoring/pilot-timing/y3-prediction-scaling-run/scalability_test> was used as the working directory.
Started at Sun Jun 15 15:34:05 2025
Terminated at Sun Jun 15 15:35:33 2025
Results reported at Sun Jun 15 15:35:33 2025

Your job looked like:

------------------------------------------------------------
# LSBATCH: User input
#!/bin/bash
#BSUB -nnodes 4
#BSUB -G uiuc
#BSUB -W 120
#BSUB -J scale16
#BSUB -q pdebug
#BSUB -o scal16.txt

source ../emirge/config/activate_env.sh
source ../emirge/mirgecom/scripts/mirge-testing-env.sh
source ../scripts/multi_scalability.sh -p ../ -s 16 -n 16

------------------------------------------------------------

Exited with exit code 1.

Resource usage summary:

    CPU time :                                   0.23 sec.
    Max Memory :                                 59 MB
    Average Memory :                             54.00 MB
    Total Requested Memory :                     -
    Delta Memory :                               -
    Max Swap :                                   1634 MB
    Max Processes :                              4
    Max Threads :                                27
    Run time :                                   88 sec.
    Turnaround time :                            89 sec.

The output (if any) is above this job summary.

